ARM GAS  C:\Users\Ali\AppData\Local\Temp\ccXf3bW5.s 			page 1


   1              		.syntax unified
   2              		.cpu cortex-m3
   3              		.fpu softvfp
   4              		.eabi_attribute 20, 1
   5              		.eabi_attribute 21, 1
   6              		.eabi_attribute 23, 3
   7              		.eabi_attribute 24, 1
   8              		.eabi_attribute 25, 1
   9              		.eabi_attribute 26, 1
  10              		.eabi_attribute 30, 1
  11              		.eabi_attribute 34, 1
  12              		.eabi_attribute 18, 4
  13              		.thumb
  14              		.syntax unified
  15              		.file	"cymetadata.c"
  16              		.text
  17              	.Ltext0:
  18              		.cfi_sections	.debug_frame
  19              		.global	cy_metadata
  20              		.global	cy_meta_flashprotect
  21              		.global	cy_meta_wonvl
  22              		.global	cy_meta_custnvl
  23              		.global	cy_meta_configecc
  24              		.section	.cyconfigecc,"a",%progbits
  25              		.align	2
  26              		.type	cy_meta_configecc, %object
  27              		.size	cy_meta_configecc, 1072
  28              	cy_meta_configecc:
  29 0000 04       		.byte	4
  30 0001 52       		.byte	82
  31 0002 00       		.byte	0
  32 0003 40       		.byte	64
  33 0004 01       		.byte	1
  34 0005 64       		.byte	100
  35 0006 00       		.byte	0
  36 0007 40       		.byte	64
  37 0008 03       		.byte	3
  38 0009 65       		.byte	101
  39 000a 00       		.byte	0
  40 000b 40       		.byte	64
  41 000c 5F       		.byte	95
  42 000d 08       		.byte	8
  43 000e 01       		.byte	1
  44 000f 40       		.byte	64
  45 0010 32       		.byte	50
  46 0011 09       		.byte	9
  47 0012 01       		.byte	1
  48 0013 40       		.byte	64
  49 0014 01       		.byte	1
  50 0015 15       		.byte	21
  51 0016 01       		.byte	1
  52 0017 40       		.byte	64
  53 0018 4D       		.byte	77
  54 0019 18       		.byte	24
  55 001a 01       		.byte	1
  56 001b 40       		.byte	64
  57 001c 3C       		.byte	60
ARM GAS  C:\Users\Ali\AppData\Local\Temp\ccXf3bW5.s 			page 2


  58 001d 19       		.byte	25
  59 001e 01       		.byte	1
  60 001f 40       		.byte	64
  61 0020 4D       		.byte	77
  62 0021 1A       		.byte	26
  63 0022 01       		.byte	1
  64 0023 40       		.byte	64
  65 0024 49       		.byte	73
  66 0025 1B       		.byte	27
  67 0026 01       		.byte	1
  68 0027 40       		.byte	64
  69 0028 02       		.byte	2
  70 0029 40       		.byte	64
  71 002a 01       		.byte	1
  72 002b 40       		.byte	64
  73 002c 01       		.byte	1
  74 002d 41       		.byte	65
  75 002e 01       		.byte	1
  76 002f 40       		.byte	64
  77 0030 01       		.byte	1
  78 0031 42       		.byte	66
  79 0032 01       		.byte	1
  80 0033 40       		.byte	64
  81 0034 01       		.byte	1
  82 0035 43       		.byte	67
  83 0036 01       		.byte	1
  84 0037 40       		.byte	64
  85 0038 02       		.byte	2
  86 0039 45       		.byte	69
  87 003a 01       		.byte	1
  88 003b 40       		.byte	64
  89 003c 01       		.byte	1
  90 003d 46       		.byte	70
  91 003e 01       		.byte	1
  92 003f 40       		.byte	64
  93 0040 03       		.byte	3
  94 0041 47       		.byte	71
  95 0042 01       		.byte	1
  96 0043 40       		.byte	64
  97 0044 01       		.byte	1
  98 0045 48       		.byte	72
  99 0046 01       		.byte	1
 100 0047 40       		.byte	64
 101 0048 03       		.byte	3
 102 0049 49       		.byte	73
 103 004a 01       		.byte	1
 104 004b 40       		.byte	64
 105 004c 02       		.byte	2
 106 004d 4C       		.byte	76
 107 004e 01       		.byte	1
 108 004f 40       		.byte	64
 109 0050 09       		.byte	9
 110 0051 4D       		.byte	77
 111 0052 01       		.byte	1
 112 0053 40       		.byte	64
 113 0054 04       		.byte	4
 114 0055 50       		.byte	80
ARM GAS  C:\Users\Ali\AppData\Local\Temp\ccXf3bW5.s 			page 3


 115 0056 01       		.byte	1
 116 0057 40       		.byte	64
 117 0058 01       		.byte	1
 118 0059 51       		.byte	81
 119 005a 01       		.byte	1
 120 005b 40       		.byte	64
 121 005c 10       		.byte	16
 122 005d 02       		.byte	2
 123 005e 11       		.byte	17
 124 005f 02       		.byte	2
 125 0060 61       		.byte	97
 126 0061 80       		.byte	-128
 127 0062 64       		.byte	100
 128 0063 40       		.byte	64
 129 0064 88       		.byte	-120
 130 0065 0D       		.byte	13
 131 0066 88       		.byte	-120
 132 0067 72       		.byte	114
 133 0068 8A       		.byte	-118
 134 0069 0F       		.byte	15
 135 006a 8B       		.byte	-117
 136 006b 38       		.byte	56
 137 006c 02       		.byte	2
 138 006d 04       		.byte	4
 139 006e 07       		.byte	7
 140 006f 0E       		.byte	14
 141 0070 09       		.byte	9
 142 0071 08       		.byte	8
 143 0072 0A       		.byte	10
 144 0073 08       		.byte	8
 145 0074 12       		.byte	18
 146 0075 02       		.byte	2
 147 0076 13       		.byte	19
 148 0077 01       		.byte	1
 149 0078 16       		.byte	22
 150 0079 01       		.byte	1
 151 007a 17       		.byte	23
 152 007b 02       		.byte	2
 153 007c 18       		.byte	24
 154 007d 01       		.byte	1
 155 007e 1E       		.byte	30
 156 007f 01       		.byte	1
 157 0080 22       		.byte	34
 158 0081 08       		.byte	8
 159 0082 24       		.byte	36
 160 0083 01       		.byte	1
 161 0084 2A       		.byte	42
 162 0085 04       		.byte	4
 163 0086 2E       		.byte	46
 164 0087 02       		.byte	2
 165 0088 30       		.byte	48
 166 0089 01       		.byte	1
 167 008a 31       		.byte	49
 168 008b 08       		.byte	8
 169 008c 32       		.byte	50
 170 008d 02       		.byte	2
 171 008e 33       		.byte	51
ARM GAS  C:\Users\Ali\AppData\Local\Temp\ccXf3bW5.s 			page 4


 172 008f 04       		.byte	4
 173 0090 34       		.byte	52
 174 0091 08       		.byte	8
 175 0092 35       		.byte	53
 176 0093 01       		.byte	1
 177 0094 36       		.byte	54
 178 0095 04       		.byte	4
 179 0096 37       		.byte	55
 180 0097 02       		.byte	2
 181 0098 38       		.byte	56
 182 0099 02       		.byte	2
 183 009a 3E       		.byte	62
 184 009b 54       		.byte	84
 185 009c 40       		.byte	64
 186 009d 35       		.byte	53
 187 009e 41       		.byte	65
 188 009f 02       		.byte	2
 189 00a0 42       		.byte	66
 190 00a1 06       		.byte	6
 191 00a2 44       		.byte	68
 192 00a3 01       		.byte	1
 193 00a4 46       		.byte	70
 194 00a5 0C       		.byte	12
 195 00a6 47       		.byte	71
 196 00a7 E0       		.byte	-32
 197 00a8 48       		.byte	72
 198 00a9 24       		.byte	36
 199 00aa 49       		.byte	73
 200 00ab FF       		.byte	-1
 201 00ac 4A       		.byte	74
 202 00ad FF       		.byte	-1
 203 00ae 4B       		.byte	75
 204 00af FF       		.byte	-1
 205 00b0 4C       		.byte	76
 206 00b1 62       		.byte	98
 207 00b2 4D       		.byte	77
 208 00b3 A0       		.byte	-96
 209 00b4 4E       		.byte	78
 210 00b5 F0       		.byte	-16
 211 00b6 4F       		.byte	79
 212 00b7 41       		.byte	65
 213 00b8 50       		.byte	80
 214 00b9 0C       		.byte	12
 215 00ba 52       		.byte	82
 216 00bb 80       		.byte	-128
 217 00bc 54       		.byte	84
 218 00bd 05       		.byte	5
 219 00be 58       		.byte	88
 220 00bf 04       		.byte	4
 221 00c0 59       		.byte	89
 222 00c1 04       		.byte	4
 223 00c2 5A       		.byte	90
 224 00c3 04       		.byte	4
 225 00c4 5B       		.byte	91
 226 00c5 04       		.byte	4
 227 00c6 5C       		.byte	92
 228 00c7 10       		.byte	16
ARM GAS  C:\Users\Ali\AppData\Local\Temp\ccXf3bW5.s 			page 5


 229 00c8 5D       		.byte	93
 230 00c9 10       		.byte	16
 231 00ca 5F       		.byte	95
 232 00cb 01       		.byte	1
 233 00cc 66       		.byte	102
 234 00cd 40       		.byte	64
 235 00ce 67       		.byte	103
 236 00cf 02       		.byte	2
 237 00d0 69       		.byte	105
 238 00d1 10       		.byte	16
 239 00d2 6A       		.byte	106
 240 00d3 30       		.byte	48
 241 00d4 6B       		.byte	107
 242 00d5 10       		.byte	16
 243 00d6 6D       		.byte	109
 244 00d7 10       		.byte	16
 245 00d8 6E       		.byte	110
 246 00d9 10       		.byte	16
 247 00da 6F       		.byte	111
 248 00db 12       		.byte	18
 249 00dc 86       		.byte	-122
 250 00dd 03       		.byte	3
 251 00de 92       		.byte	-110
 252 00df 05       		.byte	5
 253 00e0 93       		.byte	-109
 254 00e1 01       		.byte	1
 255 00e2 96       		.byte	-106
 256 00e3 06       		.byte	6
 257 00e4 97       		.byte	-105
 258 00e5 02       		.byte	2
 259 00e6 98       		.byte	-104
 260 00e7 06       		.byte	6
 261 00e8 9A       		.byte	-102
 262 00e9 01       		.byte	1
 263 00ea A2       		.byte	-94
 264 00eb 02       		.byte	2
 265 00ec A7       		.byte	-89
 266 00ed 02       		.byte	2
 267 00ee AA       		.byte	-86
 268 00ef 01       		.byte	1
 269 00f0 B4       		.byte	-76
 270 00f1 07       		.byte	7
 271 00f2 B7       		.byte	-73
 272 00f3 03       		.byte	3
 273 00f4 BA       		.byte	-70
 274 00f5 20       		.byte	32
 275 00f6 BF       		.byte	-65
 276 00f7 40       		.byte	64
 277 00f8 C0       		.byte	-64
 278 00f9 30       		.byte	48
 279 00fa C1       		.byte	-63
 280 00fb 05       		.byte	5
 281 00fc C5       		.byte	-59
 282 00fd D1       		.byte	-47
 283 00fe C7       		.byte	-57
 284 00ff 20       		.byte	32
 285 0100 C8       		.byte	-56
ARM GAS  C:\Users\Ali\AppData\Local\Temp\ccXf3bW5.s 			page 6


 286 0101 23       		.byte	35
 287 0102 C9       		.byte	-55
 288 0103 FF       		.byte	-1
 289 0104 CA       		.byte	-54
 290 0105 FF       		.byte	-1
 291 0106 CB       		.byte	-53
 292 0107 FF       		.byte	-1
 293 0108 CD       		.byte	-51
 294 0109 A0       		.byte	-96
 295 010a CF       		.byte	-49
 296 010b 04       		.byte	4
 297 010c D0       		.byte	-48
 298 010d 18       		.byte	24
 299 010e D8       		.byte	-40
 300 010f 04       		.byte	4
 301 0110 D9       		.byte	-39
 302 0111 04       		.byte	4
 303 0112 DA       		.byte	-38
 304 0113 04       		.byte	4
 305 0114 DD       		.byte	-35
 306 0115 01       		.byte	1
 307 0116 DF       		.byte	-33
 308 0117 01       		.byte	1
 309 0118 E0       		.byte	-32
 310 0119 40       		.byte	64
 311 011a E2       		.byte	-30
 312 011b C0       		.byte	-64
 313 011c E4       		.byte	-28
 314 011d 40       		.byte	64
 315 011e E5       		.byte	-27
 316 011f 40       		.byte	64
 317 0120 E6       		.byte	-26
 318 0121 C0       		.byte	-64
 319 0122 E8       		.byte	-24
 320 0123 C0       		.byte	-64
 321 0124 EA       		.byte	-22
 322 0125 C0       		.byte	-64
 323 0126 EC       		.byte	-20
 324 0127 C0       		.byte	-64
 325 0128 EE       		.byte	-18
 326 0129 C0       		.byte	-64
 327 012a 00       		.byte	0
 328 012b 04       		.byte	4
 329 012c 06       		.byte	6
 330 012d 40       		.byte	64
 331 012e 07       		.byte	7
 332 012f 08       		.byte	8
 333 0130 08       		.byte	8
 334 0131 02       		.byte	2
 335 0132 0A       		.byte	10
 336 0133 18       		.byte	24
 337 0134 0D       		.byte	13
 338 0135 20       		.byte	32
 339 0136 0E       		.byte	14
 340 0137 61       		.byte	97
 341 0138 10       		.byte	16
 342 0139 88       		.byte	-120
ARM GAS  C:\Users\Ali\AppData\Local\Temp\ccXf3bW5.s 			page 7


 343 013a 15       		.byte	21
 344 013b 12       		.byte	18
 345 013c 16       		.byte	22
 346 013d 11       		.byte	17
 347 013e 17       		.byte	23
 348 013f 10       		.byte	16
 349 0140 18       		.byte	24
 350 0141 04       		.byte	4
 351 0142 1D       		.byte	29
 352 0143 40       		.byte	64
 353 0144 1E       		.byte	30
 354 0145 48       		.byte	72
 355 0146 1F       		.byte	31
 356 0147 04       		.byte	4
 357 0148 21       		.byte	33
 358 0149 80       		.byte	-128
 359 014a 24       		.byte	36
 360 014b 50       		.byte	80
 361 014c 27       		.byte	39
 362 014d 0D       		.byte	13
 363 014e 28       		.byte	40
 364 014f 20       		.byte	32
 365 0150 31       		.byte	49
 366 0151 08       		.byte	8
 367 0152 32       		.byte	50
 368 0153 01       		.byte	1
 369 0154 35       		.byte	53
 370 0155 01       		.byte	1
 371 0156 37       		.byte	55
 372 0157 08       		.byte	8
 373 0158 3C       		.byte	60
 374 0159 10       		.byte	16
 375 015a 3F       		.byte	63
 376 015b 04       		.byte	4
 377 015c 43       		.byte	67
 378 015d 04       		.byte	4
 379 015e 45       		.byte	69
 380 015f A0       		.byte	-96
 381 0160 46       		.byte	70
 382 0161 10       		.byte	16
 383 0162 48       		.byte	72
 384 0163 02       		.byte	2
 385 0164 49       		.byte	73
 386 0165 02       		.byte	2
 387 0166 4B       		.byte	75
 388 0167 04       		.byte	4
 389 0168 4D       		.byte	77
 390 0169 10       		.byte	16
 391 016a 4E       		.byte	78
 392 016b 02       		.byte	2
 393 016c 50       		.byte	80
 394 016d 02       		.byte	2
 395 016e 51       		.byte	81
 396 016f 01       		.byte	1
 397 0170 56       		.byte	86
 398 0171 41       		.byte	65
 399 0172 5C       		.byte	92
ARM GAS  C:\Users\Ali\AppData\Local\Temp\ccXf3bW5.s 			page 8


 400 0173 40       		.byte	64
 401 0174 5D       		.byte	93
 402 0175 02       		.byte	2
 403 0176 5E       		.byte	94
 404 0177 08       		.byte	8
 405 0178 75       		.byte	117
 406 0179 01       		.byte	1
 407 017a 8B       		.byte	-117
 408 017b 01       		.byte	1
 409 017c C0       		.byte	-64
 410 017d 54       		.byte	84
 411 017e C2       		.byte	-62
 412 017f FE       		.byte	-2
 413 0180 C4       		.byte	-60
 414 0181 FA       		.byte	-6
 415 0182 CA       		.byte	-54
 416 0183 02       		.byte	2
 417 0184 CC       		.byte	-52
 418 0185 C3       		.byte	-61
 419 0186 CE       		.byte	-50
 420 0187 60       		.byte	96
 421 0188 D0       		.byte	-48
 422 0189 72       		.byte	114
 423 018a D2       		.byte	-46
 424 018b 38       		.byte	56
 425 018c D6       		.byte	-42
 426 018d D0       		.byte	-48
 427 018e E6       		.byte	-26
 428 018f 02       		.byte	2
 429 0190 00       		.byte	0
 430 0191 03       		.byte	3
 431 0192 01       		.byte	1
 432 0193 1C       		.byte	28
 433 0194 03       		.byte	3
 434 0195 E1       		.byte	-31
 435 0196 04       		.byte	4
 436 0197 33       		.byte	51
 437 0198 05       		.byte	5
 438 0199 FF       		.byte	-1
 439 019a 06       		.byte	6
 440 019b 0C       		.byte	12
 441 019c 08       		.byte	8
 442 019d 04       		.byte	4
 443 019e 09       		.byte	9
 444 019f 18       		.byte	24
 445 01a0 0C       		.byte	12
 446 01a1 01       		.byte	1
 447 01a2 0D       		.byte	13
 448 01a3 C0       		.byte	-64
 449 01a4 13       		.byte	19
 450 01a5 E3       		.byte	-29
 451 01a6 14       		.byte	20
 452 01a7 1C       		.byte	28
 453 01a8 15       		.byte	21
 454 01a9 08       		.byte	8
 455 01aa 16       		.byte	22
 456 01ab 23       		.byte	35
ARM GAS  C:\Users\Ali\AppData\Local\Temp\ccXf3bW5.s 			page 9


 457 01ac 18       		.byte	24
 458 01ad 3F       		.byte	63
 459 01ae 19       		.byte	25
 460 01af 3C       		.byte	60
 461 01b0 1B       		.byte	27
 462 01b1 C2       		.byte	-62
 463 01b2 1C       		.byte	28
 464 01b3 1F       		.byte	31
 465 01b4 1D       		.byte	29
 466 01b5 44       		.byte	68
 467 01b6 1E       		.byte	30
 468 01b7 20       		.byte	32
 469 01b8 22       		.byte	34
 470 01b9 23       		.byte	35
 471 01ba 23       		.byte	35
 472 01bb 04       		.byte	4
 473 01bc 24       		.byte	36
 474 01bd 02       		.byte	2
 475 01be 25       		.byte	37
 476 01bf 80       		.byte	-128
 477 01c0 28       		.byte	40
 478 01c1 0C       		.byte	12
 479 01c2 29       		.byte	41
 480 01c3 E7       		.byte	-25
 481 01c4 2B       		.byte	43
 482 01c5 18       		.byte	24
 483 01c6 2C       		.byte	44
 484 01c7 08       		.byte	8
 485 01c8 2D       		.byte	45
 486 01c9 10       		.byte	16
 487 01ca 30       		.byte	48
 488 01cb 10       		.byte	16
 489 01cc 31       		.byte	49
 490 01cd C0       		.byte	-64
 491 01ce 32       		.byte	50
 492 01cf 0F       		.byte	15
 493 01d0 33       		.byte	51
 494 01d1 38       		.byte	56
 495 01d2 35       		.byte	53
 496 01d3 1F       		.byte	31
 497 01d4 36       		.byte	54
 498 01d5 2C       		.byte	44
 499 01d6 3A       		.byte	58
 500 01d7 A8       		.byte	-88
 501 01d8 3B       		.byte	59
 502 01d9 20       		.byte	32
 503 01da 3E       		.byte	62
 504 01db 01       		.byte	1
 505 01dc 56       		.byte	86
 506 01dd 02       		.byte	2
 507 01de 57       		.byte	87
 508 01df 10       		.byte	16
 509 01e0 58       		.byte	88
 510 01e1 04       		.byte	4
 511 01e2 59       		.byte	89
 512 01e3 04       		.byte	4
 513 01e4 5B       		.byte	91
ARM GAS  C:\Users\Ali\AppData\Local\Temp\ccXf3bW5.s 			page 10


 514 01e5 04       		.byte	4
 515 01e6 5F       		.byte	95
 516 01e7 01       		.byte	1
 517 01e8 84       		.byte	-124
 518 01e9 71       		.byte	113
 519 01ea 86       		.byte	-122
 520 01eb 0E       		.byte	14
 521 01ec 96       		.byte	-106
 522 01ed 0C       		.byte	12
 523 01ee 98       		.byte	-104
 524 01ef 2C       		.byte	44
 525 01f0 9A       		.byte	-102
 526 01f1 43       		.byte	67
 527 01f2 A2       		.byte	-94
 528 01f3 08       		.byte	8
 529 01f4 A4       		.byte	-92
 530 01f5 71       		.byte	113
 531 01f6 A6       		.byte	-90
 532 01f7 06       		.byte	6
 533 01f8 A8       		.byte	-88
 534 01f9 80       		.byte	-128
 535 01fa AA       		.byte	-86
 536 01fb 13       		.byte	19
 537 01fc B0       		.byte	-80
 538 01fd 30       		.byte	48
 539 01fe B2       		.byte	-78
 540 01ff C0       		.byte	-64
 541 0200 B4       		.byte	-76
 542 0201 0F       		.byte	15
 543 0202 B8       		.byte	-72
 544 0203 0A       		.byte	10
 545 0204 BA       		.byte	-70
 546 0205 20       		.byte	32
 547 0206 BE       		.byte	-66
 548 0207 01       		.byte	1
 549 0208 C0       		.byte	-64
 550 0209 04       		.byte	4
 551 020a C6       		.byte	-58
 552 020b 04       		.byte	4
 553 020c C9       		.byte	-55
 554 020d FF       		.byte	-1
 555 020e CA       		.byte	-54
 556 020f 07       		.byte	7
 557 0210 CB       		.byte	-53
 558 0211 FF       		.byte	-1
 559 0212 CC       		.byte	-52
 560 0213 40       		.byte	64
 561 0214 CD       		.byte	-51
 562 0215 20       		.byte	32
 563 0216 CE       		.byte	-50
 564 0217 F0       		.byte	-16
 565 0218 CF       		.byte	-49
 566 0219 05       		.byte	5
 567 021a D0       		.byte	-48
 568 021b 08       		.byte	8
 569 021c D8       		.byte	-40
 570 021d 04       		.byte	4
ARM GAS  C:\Users\Ali\AppData\Local\Temp\ccXf3bW5.s 			page 11


 571 021e DA       		.byte	-38
 572 021f 04       		.byte	4
 573 0220 DF       		.byte	-33
 574 0221 01       		.byte	1
 575 0222 E0       		.byte	-32
 576 0223 40       		.byte	64
 577 0224 E1       		.byte	-31
 578 0225 A8       		.byte	-88
 579 0226 E2       		.byte	-30
 580 0227 40       		.byte	64
 581 0228 E3       		.byte	-29
 582 0229 20       		.byte	32
 583 022a 00       		.byte	0
 584 022b 04       		.byte	4
 585 022c 05       		.byte	5
 586 022d 04       		.byte	4
 587 022e 06       		.byte	6
 588 022f 92       		.byte	-110
 589 0230 07       		.byte	7
 590 0231 04       		.byte	4
 591 0232 0A       		.byte	10
 592 0233 18       		.byte	24
 593 0234 0E       		.byte	14
 594 0235 25       		.byte	37
 595 0236 10       		.byte	16
 596 0237 88       		.byte	-120
 597 0238 12       		.byte	18
 598 0239 20       		.byte	32
 599 023a 13       		.byte	19
 600 023b 10       		.byte	16
 601 023c 14       		.byte	20
 602 023d 90       		.byte	-112
 603 023e 16       		.byte	22
 604 023f 01       		.byte	1
 605 0240 17       		.byte	23
 606 0241 20       		.byte	32
 607 0242 18       		.byte	24
 608 0243 40       		.byte	64
 609 0244 1A       		.byte	26
 610 0245 18       		.byte	24
 611 0246 1B       		.byte	27
 612 0247 04       		.byte	4
 613 0248 1D       		.byte	29
 614 0249 24       		.byte	36
 615 024a 1E       		.byte	30
 616 024b 45       		.byte	69
 617 024c 1F       		.byte	31
 618 024d 08       		.byte	8
 619 024e 26       		.byte	38
 620 024f 11       		.byte	17
 621 0250 27       		.byte	39
 622 0251 10       		.byte	16
 623 0252 2C       		.byte	44
 624 0253 10       		.byte	16
 625 0254 2D       		.byte	45
 626 0255 80       		.byte	-128
 627 0256 2F       		.byte	47
ARM GAS  C:\Users\Ali\AppData\Local\Temp\ccXf3bW5.s 			page 12


 628 0257 48       		.byte	72
 629 0258 36       		.byte	54
 630 0259 12       		.byte	18
 631 025a 37       		.byte	55
 632 025b 44       		.byte	68
 633 025c 3C       		.byte	60
 634 025d 80       		.byte	-128
 635 025e 3E       		.byte	62
 636 025f A5       		.byte	-91
 637 0260 40       		.byte	64
 638 0261 40       		.byte	64
 639 0262 44       		.byte	68
 640 0263 10       		.byte	16
 641 0264 45       		.byte	69
 642 0265 08       		.byte	8
 643 0266 50       		.byte	80
 644 0267 88       		.byte	-120
 645 0268 5E       		.byte	94
 646 0269 40       		.byte	64
 647 026a 60       		.byte	96
 648 026b 80       		.byte	-128
 649 026c 62       		.byte	98
 650 026d 02       		.byte	2
 651 026e 6D       		.byte	109
 652 026f 54       		.byte	84
 653 0270 75       		.byte	117
 654 0271 80       		.byte	-128
 655 0272 76       		.byte	118
 656 0273 21       		.byte	33
 657 0274 77       		.byte	119
 658 0275 24       		.byte	36
 659 0276 88       		.byte	-120
 660 0277 40       		.byte	64
 661 0278 89       		.byte	-119
 662 0279 10       		.byte	16
 663 027a 8C       		.byte	-116
 664 027b 04       		.byte	4
 665 027c 8F       		.byte	-113
 666 027d 42       		.byte	66
 667 027e 90       		.byte	-112
 668 027f 04       		.byte	4
 669 0280 93       		.byte	-109
 670 0281 08       		.byte	8
 671 0282 96       		.byte	-106
 672 0283 1B       		.byte	27
 673 0284 99       		.byte	-103
 674 0285 40       		.byte	64
 675 0286 9C       		.byte	-100
 676 0287 22       		.byte	34
 677 0288 9E       		.byte	-98
 678 0289 10       		.byte	16
 679 028a 9F       		.byte	-97
 680 028b 10       		.byte	16
 681 028c A4       		.byte	-92
 682 028d 88       		.byte	-120
 683 028e A5       		.byte	-91
 684 028f 28       		.byte	40
ARM GAS  C:\Users\Ali\AppData\Local\Temp\ccXf3bW5.s 			page 13


 685 0290 A6       		.byte	-90
 686 0291 12       		.byte	18
 687 0292 C0       		.byte	-64
 688 0293 F4       		.byte	-12
 689 0294 C2       		.byte	-62
 690 0295 E6       		.byte	-26
 691 0296 C4       		.byte	-60
 692 0297 FE       		.byte	-2
 693 0298 CA       		.byte	-54
 694 0299 F0       		.byte	-16
 695 029a CC       		.byte	-52
 696 029b F0       		.byte	-16
 697 029c CE       		.byte	-50
 698 029d F0       		.byte	-16
 699 029e D0       		.byte	-48
 700 029f 01       		.byte	1
 701 02a0 D6       		.byte	-42
 702 02a1 10       		.byte	16
 703 02a2 04       		.byte	4
 704 02a3 30       		.byte	48
 705 02a4 05       		.byte	5
 706 02a5 E0       		.byte	-32
 707 02a6 06       		.byte	6
 708 02a7 44       		.byte	68
 709 02a8 0B       		.byte	11
 710 02a9 15       		.byte	21
 711 02aa 0C       		.byte	12
 712 02ab 02       		.byte	2
 713 02ac 0D       		.byte	13
 714 02ad 03       		.byte	3
 715 02ae 0E       		.byte	14
 716 02af 0C       		.byte	12
 717 02b0 0F       		.byte	15
 718 02b1 14       		.byte	20
 719 02b2 10       		.byte	16
 720 02b3 40       		.byte	64
 721 02b4 11       		.byte	17
 722 02b5 20       		.byte	32
 723 02b6 12       		.byte	18
 724 02b7 30       		.byte	48
 725 02b8 13       		.byte	19
 726 02b9 C0       		.byte	-64
 727 02ba 14       		.byte	20
 728 02bb 24       		.byte	36
 729 02bc 15       		.byte	21
 730 02bd 0A       		.byte	10
 731 02be 16       		.byte	22
 732 02bf 40       		.byte	64
 733 02c0 17       		.byte	23
 734 02c1 14       		.byte	20
 735 02c2 18       		.byte	24
 736 02c3 70       		.byte	112
 737 02c4 19       		.byte	25
 738 02c5 80       		.byte	-128
 739 02c6 1A       		.byte	26
 740 02c7 08       		.byte	8
 741 02c8 1B       		.byte	27
ARM GAS  C:\Users\Ali\AppData\Local\Temp\ccXf3bW5.s 			page 14


 742 02c9 20       		.byte	32
 743 02ca 1C       		.byte	28
 744 02cb 01       		.byte	1
 745 02cc 1D       		.byte	29
 746 02cd 13       		.byte	19
 747 02ce 1F       		.byte	31
 748 02cf 0C       		.byte	12
 749 02d0 20       		.byte	32
 750 02d1 40       		.byte	64
 751 02d2 21       		.byte	33
 752 02d3 E0       		.byte	-32
 753 02d4 24       		.byte	36
 754 02d5 50       		.byte	80
 755 02d6 25       		.byte	37
 756 02d7 40       		.byte	64
 757 02d8 27       		.byte	39
 758 02d9 20       		.byte	32
 759 02da 2B       		.byte	43
 760 02db 08       		.byte	8
 761 02dc 2D       		.byte	45
 762 02dd 13       		.byte	19
 763 02de 2F       		.byte	47
 764 02df 04       		.byte	4
 765 02e0 30       		.byte	48
 766 02e1 7C       		.byte	124
 767 02e2 31       		.byte	49
 768 02e3 E0       		.byte	-32
 769 02e4 32       		.byte	50
 770 02e5 01       		.byte	1
 771 02e6 34       		.byte	52
 772 02e7 02       		.byte	2
 773 02e8 35       		.byte	53
 774 02e9 0F       		.byte	15
 775 02ea 37       		.byte	55
 776 02eb 10       		.byte	16
 777 02ec 3B       		.byte	59
 778 02ed 20       		.byte	32
 779 02ee 3E       		.byte	62
 780 02ef 14       		.byte	20
 781 02f0 3F       		.byte	63
 782 02f1 40       		.byte	64
 783 02f2 40       		.byte	64
 784 02f3 13       		.byte	19
 785 02f4 41       		.byte	65
 786 02f5 04       		.byte	4
 787 02f6 45       		.byte	69
 788 02f7 EB       		.byte	-21
 789 02f8 46       		.byte	70
 790 02f9 0C       		.byte	12
 791 02fa 48       		.byte	72
 792 02fb 07       		.byte	7
 793 02fc 49       		.byte	73
 794 02fd FF       		.byte	-1
 795 02fe 4A       		.byte	74
 796 02ff FF       		.byte	-1
 797 0300 4B       		.byte	75
 798 0301 FF       		.byte	-1
ARM GAS  C:\Users\Ali\AppData\Local\Temp\ccXf3bW5.s 			page 15


 799 0302 4E       		.byte	78
 800 0303 F0       		.byte	-16
 801 0304 4F       		.byte	79
 802 0305 44       		.byte	68
 803 0306 50       		.byte	80
 804 0307 0C       		.byte	12
 805 0308 54       		.byte	84
 806 0309 01       		.byte	1
 807 030a 58       		.byte	88
 808 030b 04       		.byte	4
 809 030c 59       		.byte	89
 810 030d 04       		.byte	4
 811 030e 5A       		.byte	90
 812 030f 04       		.byte	4
 813 0310 5B       		.byte	91
 814 0311 04       		.byte	4
 815 0312 5F       		.byte	95
 816 0313 01       		.byte	1
 817 0314 66       		.byte	102
 818 0315 C0       		.byte	-64
 819 0316 6A       		.byte	106
 820 0317 40       		.byte	64
 821 0318 6B       		.byte	107
 822 0319 02       		.byte	2
 823 031a 81       		.byte	-127
 824 031b 01       		.byte	1
 825 031c 83       		.byte	-125
 826 031d 02       		.byte	2
 827 031e 85       		.byte	-123
 828 031f 07       		.byte	7
 829 0320 8D       		.byte	-115
 830 0321 04       		.byte	4
 831 0322 99       		.byte	-103
 832 0323 02       		.byte	2
 833 0324 9B       		.byte	-101
 834 0325 01       		.byte	1
 835 0326 A1       		.byte	-95
 836 0327 07       		.byte	7
 837 0328 AE       		.byte	-82
 838 0329 01       		.byte	1
 839 032a B1       		.byte	-79
 840 032b 04       		.byte	4
 841 032c B3       		.byte	-77
 842 032d 03       		.byte	3
 843 032e B6       		.byte	-74
 844 032f 01       		.byte	1
 845 0330 D4       		.byte	-44
 846 0331 18       		.byte	24
 847 0332 D6       		.byte	-42
 848 0333 04       		.byte	4
 849 0334 D8       		.byte	-40
 850 0335 04       		.byte	4
 851 0336 D9       		.byte	-39
 852 0337 04       		.byte	4
 853 0338 DB       		.byte	-37
 854 0339 04       		.byte	4
 855 033a DF       		.byte	-33
ARM GAS  C:\Users\Ali\AppData\Local\Temp\ccXf3bW5.s 			page 16


 856 033b 01       		.byte	1
 857 033c 00       		.byte	0
 858 033d 44       		.byte	68
 859 033e 08       		.byte	8
 860 033f 0A       		.byte	10
 861 0340 0A       		.byte	10
 862 0341 08       		.byte	8
 863 0342 0B       		.byte	11
 864 0343 01       		.byte	1
 865 0344 10       		.byte	16
 866 0345 A0       		.byte	-96
 867 0346 16       		.byte	22
 868 0347 02       		.byte	2
 869 0348 18       		.byte	24
 870 0349 40       		.byte	64
 871 034a 19       		.byte	25
 872 034b 14       		.byte	20
 873 034c 1F       		.byte	31
 874 034d 40       		.byte	64
 875 034e 20       		.byte	32
 876 034f 80       		.byte	-128
 877 0350 22       		.byte	34
 878 0351 61       		.byte	97
 879 0352 25       		.byte	37
 880 0353 08       		.byte	8
 881 0354 26       		.byte	38
 882 0355 02       		.byte	2
 883 0356 27       		.byte	39
 884 0357 10       		.byte	16
 885 0358 28       		.byte	40
 886 0359 68       		.byte	104
 887 035a 2B       		.byte	43
 888 035b 06       		.byte	6
 889 035c 2C       		.byte	44
 890 035d 40       		.byte	64
 891 035e 31       		.byte	49
 892 035f 80       		.byte	-128
 893 0360 32       		.byte	50
 894 0361 05       		.byte	5
 895 0362 33       		.byte	51
 896 0363 10       		.byte	16
 897 0364 37       		.byte	55
 898 0365 10       		.byte	16
 899 0366 38       		.byte	56
 900 0367 80       		.byte	-128
 901 0368 39       		.byte	57
 902 0369 04       		.byte	4
 903 036a 3A       		.byte	58
 904 036b 20       		.byte	32
 905 036c 3B       		.byte	59
 906 036d 10       		.byte	16
 907 036e 3D       		.byte	61
 908 036f 44       		.byte	68
 909 0370 3E       		.byte	62
 910 0371 02       		.byte	2
 911 0372 41       		.byte	65
 912 0373 80       		.byte	-128
ARM GAS  C:\Users\Ali\AppData\Local\Temp\ccXf3bW5.s 			page 17


 913 0374 42       		.byte	66
 914 0375 20       		.byte	32
 915 0376 43       		.byte	67
 916 0377 02       		.byte	2
 917 0378 48       		.byte	72
 918 0379 20       		.byte	32
 919 037a 49       		.byte	73
 920 037b 01       		.byte	1
 921 037c 4B       		.byte	75
 922 037d 01       		.byte	1
 923 037e 50       		.byte	80
 924 037f 40       		.byte	64
 925 0380 59       		.byte	89
 926 0381 05       		.byte	5
 927 0382 5A       		.byte	90
 928 0383 80       		.byte	-128
 929 0384 5B       		.byte	91
 930 0385 20       		.byte	32
 931 0386 5E       		.byte	94
 932 0387 02       		.byte	2
 933 0388 65       		.byte	101
 934 0389 40       		.byte	64
 935 038a 67       		.byte	103
 936 038b 48       		.byte	72
 937 038c 80       		.byte	-128
 938 038d 02       		.byte	2
 939 038e 81       		.byte	-127
 940 038f 90       		.byte	-112
 941 0390 82       		.byte	-126
 942 0391 20       		.byte	32
 943 0392 87       		.byte	-121
 944 0393 40       		.byte	64
 945 0394 8C       		.byte	-116
 946 0395 60       		.byte	96
 947 0396 8E       		.byte	-114
 948 0397 02       		.byte	2
 949 0398 8F       		.byte	-113
 950 0399 20       		.byte	32
 951 039a 90       		.byte	-112
 952 039b 04       		.byte	4
 953 039c 91       		.byte	-111
 954 039d 44       		.byte	68
 955 039e 92       		.byte	-110
 956 039f 08       		.byte	8
 957 03a0 93       		.byte	-109
 958 03a1 18       		.byte	24
 959 03a2 96       		.byte	-106
 960 03a3 02       		.byte	2
 961 03a4 97       		.byte	-105
 962 03a5 80       		.byte	-128
 963 03a6 98       		.byte	-104
 964 03a7 40       		.byte	64
 965 03a8 99       		.byte	-103
 966 03a9 40       		.byte	64
 967 03aa 9C       		.byte	-100
 968 03ab 22       		.byte	34
 969 03ac 9E       		.byte	-98
ARM GAS  C:\Users\Ali\AppData\Local\Temp\ccXf3bW5.s 			page 18


 970 03ad 02       		.byte	2
 971 03ae A0       		.byte	-96
 972 03af 80       		.byte	-128
 973 03b0 A2       		.byte	-94
 974 03b1 01       		.byte	1
 975 03b2 A3       		.byte	-93
 976 03b3 06       		.byte	6
 977 03b4 A4       		.byte	-92
 978 03b5 40       		.byte	64
 979 03b6 A5       		.byte	-91
 980 03b7 08       		.byte	8
 981 03b8 A6       		.byte	-90
 982 03b9 22       		.byte	34
 983 03ba C0       		.byte	-64
 984 03bb 05       		.byte	5
 985 03bc C2       		.byte	-62
 986 03bd 0F       		.byte	15
 987 03be C4       		.byte	-60
 988 03bf 8C       		.byte	-116
 989 03c0 CA       		.byte	-54
 990 03c1 8F       		.byte	-113
 991 03c2 CC       		.byte	-52
 992 03c3 2F       		.byte	47
 993 03c4 CE       		.byte	-50
 994 03c5 DE       		.byte	-34
 995 03c6 D0       		.byte	-48
 996 03c7 0B       		.byte	11
 997 03c8 D6       		.byte	-42
 998 03c9 8F       		.byte	-113
 999 03ca D8       		.byte	-40
 1000 03cb B0       		.byte	-80
 1001 03cc E4       		.byte	-28
 1002 03cd 04       		.byte	4
 1003 03ce 32       		.byte	50
 1004 03cf 20       		.byte	32
 1005 03d0 CC       		.byte	-52
 1006 03d1 10       		.byte	16
 1007 03d2 A6       		.byte	-90
 1008 03d3 20       		.byte	32
 1009 03d4 A6       		.byte	-90
 1010 03d5 20       		.byte	32
 1011 03d6 A6       		.byte	-90
 1012 03d7 20       		.byte	32
 1013 03d8 5F       		.byte	95
 1014 03d9 80       		.byte	-128
 1015 03da D6       		.byte	-42
 1016 03db 04       		.byte	4
 1017 03dc 9F       		.byte	-97
 1018 03dd 80       		.byte	-128
 1019 03de 8B       		.byte	-117
 1020 03df 80       		.byte	-128
 1021 03e0 9F       		.byte	-97
 1022 03e1 80       		.byte	-128
 1023 03e2 E4       		.byte	-28
 1024 03e3 04       		.byte	4
 1025 03e4 A6       		.byte	-90
 1026 03e5 20       		.byte	32
ARM GAS  C:\Users\Ali\AppData\Local\Temp\ccXf3bW5.s 			page 19


 1027 03e6 86       		.byte	-122
 1028 03e7 20       		.byte	32
 1029 03e8 A6       		.byte	-90
 1030 03e9 20       		.byte	32
 1031 03ea E6       		.byte	-26
 1032 03eb 40       		.byte	64
 1033 03ec 8D       		.byte	-115
 1034 03ed 01       		.byte	1
 1035 03ee E2       		.byte	-30
 1036 03ef 08       		.byte	8
 1037 03f0 11       		.byte	17
 1038 03f1 02       		.byte	2
 1039 03f2 12       		.byte	18
 1040 03f3 80       		.byte	-128
 1041 03f4 70       		.byte	112
 1042 03f5 01       		.byte	1
 1043 03f6 80       		.byte	-128
 1044 03f7 01       		.byte	1
 1045 03f8 8E       		.byte	-114
 1046 03f9 80       		.byte	-128
 1047 03fa A5       		.byte	-91
 1048 03fb 01       		.byte	1
 1049 03fc C4       		.byte	-60
 1050 03fd 08       		.byte	8
 1051 03fe DC       		.byte	-36
 1052 03ff 01       		.byte	1
 1053 0400 E2       		.byte	-30
 1054 0401 02       		.byte	2
 1055 0402 00       		.byte	0
 1056 0403 03       		.byte	3
 1057 0404 0C       		.byte	12
 1058 0405 03       		.byte	3
 1059 0406 10       		.byte	16
 1060 0407 01       		.byte	1
 1061 0408 1C       		.byte	28
 1062 0409 01       		.byte	1
 1063 040a 00       		.byte	0
 1064 040b 03       		.byte	3
 1065 040c 00       		.byte	0
 1066 040d 03       		.byte	3
 1067 040e 03       		.byte	3
 1068 040f 00       		.byte	0
 1069 0410 00       		.byte	0
 1070 0411 00       		.byte	0
 1071 0412 00       		.byte	0
 1072 0413 00       		.byte	0
 1073 0414 80       		.byte	-128
 1074 0415 00       		.byte	0
 1075 0416 40       		.byte	64
 1076 0417 80       		.byte	-128
 1077 0418 80       		.byte	-128
 1078 0419 00       		.byte	0
 1079 041a 80       		.byte	-128
 1080 041b 00       		.byte	0
 1081 041c 00       		.byte	0
 1082 041d 00       		.byte	0
 1083 041e 00       		.byte	0
ARM GAS  C:\Users\Ali\AppData\Local\Temp\ccXf3bW5.s 			page 20


 1084 041f 00       		.byte	0
 1085 0420 00       		.byte	0
 1086 0421 0B       		.byte	11
 1087 0422 0B       		.byte	11
 1088 0423 00       		.byte	0
 1089 0424 00       		.byte	0
 1090 0425 00       		.byte	0
 1091 0426 00       		.byte	0
 1092 0427 00       		.byte	0
 1093 0428 00       		.byte	0
 1094 0429 02       		.byte	2
 1095 042a 02       		.byte	2
 1096 042b 00       		.byte	0
 1097 042c 02       		.byte	2
 1098 042d 00       		.byte	0
 1099 042e 00       		.byte	0
 1100 042f 00       		.byte	0
 1101              		.section	.cywolatch,"a",%progbits
 1102              		.align	2
 1103              		.type	cy_meta_wonvl, %object
 1104              		.size	cy_meta_wonvl, 4
 1105              	cy_meta_wonvl:
 1106 0000 BC       		.byte	-68
 1107 0001 90       		.byte	-112
 1108 0002 AC       		.byte	-84
 1109 0003 AF       		.byte	-81
 1110              		.section	.cycustnvl,"a",%progbits
 1111              		.align	2
 1112              		.type	cy_meta_custnvl, %object
 1113              		.size	cy_meta_custnvl, 4
 1114              	cy_meta_custnvl:
 1115 0000 00       		.byte	0
 1116 0001 00       		.byte	0
 1117 0002 40       		.byte	64
 1118 0003 05       		.byte	5
 1119              		.section	.cymeta,"a",%progbits
 1120              		.align	2
 1121              		.type	cy_metadata, %object
 1122              		.size	cy_metadata, 12
 1123              	cy_metadata:
 1124 0000 00       		.byte	0
 1125 0001 01       		.byte	1
 1126 0002 2E       		.byte	46
 1127 0003 16       		.byte	22
 1128 0004 10       		.byte	16
 1129 0005 69       		.byte	105
 1130 0006 00       		.byte	0
 1131 0007 01       		.byte	1
 1132 0008 00       		.byte	0
 1133 0009 00       		.byte	0
 1134 000a 00       		.byte	0
 1135 000b 00       		.byte	0
 1136              		.section	.cyflashprotect,"a",%progbits
 1137              		.align	2
 1138              		.type	cy_meta_flashprotect, %object
 1139              		.size	cy_meta_flashprotect, 256
 1140              	cy_meta_flashprotect:
ARM GAS  C:\Users\Ali\AppData\Local\Temp\ccXf3bW5.s 			page 21


 1141 0000 00000000 		.space	256
 1141      00000000 
 1141      00000000 
 1141      00000000 
 1141      00000000 
 1142              		.text
 1143              	.Letext0:
 1144              		.file 1 "c:\\program files (x86)\\cypress\\psoc creator\\4.2\\psoc creator\\import\\gnu\\arm\\5.4.
 1145              		.file 2 "c:\\program files (x86)\\cypress\\psoc creator\\4.2\\psoc creator\\import\\gnu\\arm\\5.4.
 1146              		.file 3 "Generated_Source\\PSoC5\\cymetadata.c"
 1147              		.section	.debug_info,"",%progbits
 1148              	.Ldebug_info0:
 1149 0000 31010000 		.4byte	0x131
 1150 0004 0400     		.2byte	0x4
 1151 0006 00000000 		.4byte	.Ldebug_abbrev0
 1152 000a 04       		.byte	0x4
 1153 000b 01       		.uleb128 0x1
 1154 000c 24000000 		.4byte	.LASF17
 1155 0010 0C       		.byte	0xc
 1156 0011 DB010000 		.4byte	.LASF18
 1157 0015 25010000 		.4byte	.LASF19
 1158 0019 00000000 		.4byte	.Ldebug_line0
 1159 001d 02       		.uleb128 0x2
 1160 001e 01       		.byte	0x1
 1161 001f 06       		.byte	0x6
 1162 0020 CF010000 		.4byte	.LASF0
 1163 0024 03       		.uleb128 0x3
 1164 0025 00000000 		.4byte	.LASF9
 1165 0029 01       		.byte	0x1
 1166 002a 1D       		.byte	0x1d
 1167 002b 2F000000 		.4byte	0x2f
 1168 002f 02       		.uleb128 0x2
 1169 0030 01       		.byte	0x1
 1170 0031 08       		.byte	0x8
 1171 0032 16000000 		.4byte	.LASF1
 1172 0036 02       		.uleb128 0x2
 1173 0037 02       		.byte	0x2
 1174 0038 05       		.byte	0x5
 1175 0039 BC010000 		.4byte	.LASF2
 1176 003d 02       		.uleb128 0x2
 1177 003e 02       		.byte	0x2
 1178 003f 07       		.byte	0x7
 1179 0040 C4000000 		.4byte	.LASF3
 1180 0044 02       		.uleb128 0x2
 1181 0045 04       		.byte	0x4
 1182 0046 05       		.byte	0x5
 1183 0047 C6010000 		.4byte	.LASF4
 1184 004b 02       		.uleb128 0x2
 1185 004c 04       		.byte	0x4
 1186 004d 07       		.byte	0x7
 1187 004e B2000000 		.4byte	.LASF5
 1188 0052 02       		.uleb128 0x2
 1189 0053 08       		.byte	0x8
 1190 0054 05       		.byte	0x5
 1191 0055 AE010000 		.4byte	.LASF6
 1192 0059 02       		.uleb128 0x2
 1193 005a 08       		.byte	0x8
ARM GAS  C:\Users\Ali\AppData\Local\Temp\ccXf3bW5.s 			page 22


 1194 005b 07       		.byte	0x7
 1195 005c 06010000 		.4byte	.LASF7
 1196 0060 04       		.uleb128 0x4
 1197 0061 04       		.byte	0x4
 1198 0062 05       		.byte	0x5
 1199 0063 696E7400 		.ascii	"int\000"
 1200 0067 02       		.uleb128 0x2
 1201 0068 04       		.byte	0x4
 1202 0069 07       		.byte	0x7
 1203 006a F9000000 		.4byte	.LASF8
 1204 006e 03       		.uleb128 0x3
 1205 006f 1D010000 		.4byte	.LASF10
 1206 0073 02       		.byte	0x2
 1207 0074 18       		.byte	0x18
 1208 0075 24000000 		.4byte	0x24
 1209 0079 05       		.uleb128 0x5
 1210 007a 91000000 		.4byte	0x91
 1211 007e 8A000000 		.4byte	0x8a
 1212 0082 06       		.uleb128 0x6
 1213 0083 8A000000 		.4byte	0x8a
 1214 0087 2F04     		.2byte	0x42f
 1215 0089 00       		.byte	0
 1216 008a 02       		.uleb128 0x2
 1217 008b 04       		.byte	0x4
 1218 008c 07       		.byte	0x7
 1219 008d A5010000 		.4byte	.LASF11
 1220 0091 07       		.uleb128 0x7
 1221 0092 6E000000 		.4byte	0x6e
 1222 0096 08       		.uleb128 0x8
 1223 0097 E7000000 		.4byte	.LASF12
 1224 009b 03       		.byte	0x3
 1225 009c 1F       		.byte	0x1f
 1226 009d A7000000 		.4byte	0xa7
 1227 00a1 05       		.uleb128 0x5
 1228 00a2 03       		.byte	0x3
 1229 00a3 00000000 		.4byte	cy_meta_configecc
 1230 00a7 07       		.uleb128 0x7
 1231 00a8 79000000 		.4byte	0x79
 1232 00ac 05       		.uleb128 0x5
 1233 00ad 91000000 		.4byte	0x91
 1234 00b1 BC000000 		.4byte	0xbc
 1235 00b5 09       		.uleb128 0x9
 1236 00b6 8A000000 		.4byte	0x8a
 1237 00ba 03       		.byte	0x3
 1238 00bb 00       		.byte	0
 1239 00bc 08       		.uleb128 0x8
 1240 00bd D7000000 		.4byte	.LASF13
 1241 00c1 03       		.byte	0x3
 1242 00c2 B2       		.byte	0xb2
 1243 00c3 CD000000 		.4byte	0xcd
 1244 00c7 05       		.uleb128 0x5
 1245 00c8 03       		.byte	0x3
 1246 00c9 00000000 		.4byte	cy_meta_custnvl
 1247 00cd 07       		.uleb128 0x7
 1248 00ce AC000000 		.4byte	0xac
 1249 00d2 08       		.uleb128 0x8
 1250 00d3 97010000 		.4byte	.LASF14
ARM GAS  C:\Users\Ali\AppData\Local\Temp\ccXf3bW5.s 			page 23


 1251 00d7 03       		.byte	0x3
 1252 00d8 C0       		.byte	0xc0
 1253 00d9 E3000000 		.4byte	0xe3
 1254 00dd 05       		.uleb128 0x5
 1255 00de 03       		.byte	0x3
 1256 00df 00000000 		.4byte	cy_meta_wonvl
 1257 00e3 07       		.uleb128 0x7
 1258 00e4 AC000000 		.4byte	0xac
 1259 00e8 05       		.uleb128 0x5
 1260 00e9 91000000 		.4byte	0x91
 1261 00ed F8000000 		.4byte	0xf8
 1262 00f1 09       		.uleb128 0x9
 1263 00f2 8A000000 		.4byte	0x8a
 1264 00f6 FF       		.byte	0xff
 1265 00f7 00       		.byte	0
 1266 00f8 08       		.uleb128 0x8
 1267 00f9 82010000 		.4byte	.LASF15
 1268 00fd 03       		.byte	0x3
 1269 00fe CE       		.byte	0xce
 1270 00ff 09010000 		.4byte	0x109
 1271 0103 05       		.uleb128 0x5
 1272 0104 03       		.byte	0x3
 1273 0105 00000000 		.4byte	cy_meta_flashprotect
 1274 0109 07       		.uleb128 0x7
 1275 010a E8000000 		.4byte	0xe8
 1276 010e 05       		.uleb128 0x5
 1277 010f 91000000 		.4byte	0x91
 1278 0113 1E010000 		.4byte	0x11e
 1279 0117 09       		.uleb128 0x9
 1280 0118 8A000000 		.4byte	0x8a
 1281 011c 0B       		.byte	0xb
 1282 011d 00       		.byte	0
 1283 011e 08       		.uleb128 0x8
 1284 011f 0A000000 		.4byte	.LASF16
 1285 0123 03       		.byte	0x3
 1286 0124 FB       		.byte	0xfb
 1287 0125 2F010000 		.4byte	0x12f
 1288 0129 05       		.uleb128 0x5
 1289 012a 03       		.byte	0x3
 1290 012b 00000000 		.4byte	cy_metadata
 1291 012f 07       		.uleb128 0x7
 1292 0130 0E010000 		.4byte	0x10e
 1293 0134 00       		.byte	0
 1294              		.section	.debug_abbrev,"",%progbits
 1295              	.Ldebug_abbrev0:
 1296 0000 01       		.uleb128 0x1
 1297 0001 11       		.uleb128 0x11
 1298 0002 01       		.byte	0x1
 1299 0003 25       		.uleb128 0x25
 1300 0004 0E       		.uleb128 0xe
 1301 0005 13       		.uleb128 0x13
 1302 0006 0B       		.uleb128 0xb
 1303 0007 03       		.uleb128 0x3
 1304 0008 0E       		.uleb128 0xe
 1305 0009 1B       		.uleb128 0x1b
 1306 000a 0E       		.uleb128 0xe
 1307 000b 10       		.uleb128 0x10
ARM GAS  C:\Users\Ali\AppData\Local\Temp\ccXf3bW5.s 			page 24


 1308 000c 17       		.uleb128 0x17
 1309 000d 00       		.byte	0
 1310 000e 00       		.byte	0
 1311 000f 02       		.uleb128 0x2
 1312 0010 24       		.uleb128 0x24
 1313 0011 00       		.byte	0
 1314 0012 0B       		.uleb128 0xb
 1315 0013 0B       		.uleb128 0xb
 1316 0014 3E       		.uleb128 0x3e
 1317 0015 0B       		.uleb128 0xb
 1318 0016 03       		.uleb128 0x3
 1319 0017 0E       		.uleb128 0xe
 1320 0018 00       		.byte	0
 1321 0019 00       		.byte	0
 1322 001a 03       		.uleb128 0x3
 1323 001b 16       		.uleb128 0x16
 1324 001c 00       		.byte	0
 1325 001d 03       		.uleb128 0x3
 1326 001e 0E       		.uleb128 0xe
 1327 001f 3A       		.uleb128 0x3a
 1328 0020 0B       		.uleb128 0xb
 1329 0021 3B       		.uleb128 0x3b
 1330 0022 0B       		.uleb128 0xb
 1331 0023 49       		.uleb128 0x49
 1332 0024 13       		.uleb128 0x13
 1333 0025 00       		.byte	0
 1334 0026 00       		.byte	0
 1335 0027 04       		.uleb128 0x4
 1336 0028 24       		.uleb128 0x24
 1337 0029 00       		.byte	0
 1338 002a 0B       		.uleb128 0xb
 1339 002b 0B       		.uleb128 0xb
 1340 002c 3E       		.uleb128 0x3e
 1341 002d 0B       		.uleb128 0xb
 1342 002e 03       		.uleb128 0x3
 1343 002f 08       		.uleb128 0x8
 1344 0030 00       		.byte	0
 1345 0031 00       		.byte	0
 1346 0032 05       		.uleb128 0x5
 1347 0033 01       		.uleb128 0x1
 1348 0034 01       		.byte	0x1
 1349 0035 49       		.uleb128 0x49
 1350 0036 13       		.uleb128 0x13
 1351 0037 01       		.uleb128 0x1
 1352 0038 13       		.uleb128 0x13
 1353 0039 00       		.byte	0
 1354 003a 00       		.byte	0
 1355 003b 06       		.uleb128 0x6
 1356 003c 21       		.uleb128 0x21
 1357 003d 00       		.byte	0
 1358 003e 49       		.uleb128 0x49
 1359 003f 13       		.uleb128 0x13
 1360 0040 2F       		.uleb128 0x2f
 1361 0041 05       		.uleb128 0x5
 1362 0042 00       		.byte	0
 1363 0043 00       		.byte	0
 1364 0044 07       		.uleb128 0x7
ARM GAS  C:\Users\Ali\AppData\Local\Temp\ccXf3bW5.s 			page 25


 1365 0045 26       		.uleb128 0x26
 1366 0046 00       		.byte	0
 1367 0047 49       		.uleb128 0x49
 1368 0048 13       		.uleb128 0x13
 1369 0049 00       		.byte	0
 1370 004a 00       		.byte	0
 1371 004b 08       		.uleb128 0x8
 1372 004c 34       		.uleb128 0x34
 1373 004d 00       		.byte	0
 1374 004e 03       		.uleb128 0x3
 1375 004f 0E       		.uleb128 0xe
 1376 0050 3A       		.uleb128 0x3a
 1377 0051 0B       		.uleb128 0xb
 1378 0052 3B       		.uleb128 0x3b
 1379 0053 0B       		.uleb128 0xb
 1380 0054 49       		.uleb128 0x49
 1381 0055 13       		.uleb128 0x13
 1382 0056 3F       		.uleb128 0x3f
 1383 0057 19       		.uleb128 0x19
 1384 0058 02       		.uleb128 0x2
 1385 0059 18       		.uleb128 0x18
 1386 005a 00       		.byte	0
 1387 005b 00       		.byte	0
 1388 005c 09       		.uleb128 0x9
 1389 005d 21       		.uleb128 0x21
 1390 005e 00       		.byte	0
 1391 005f 49       		.uleb128 0x49
 1392 0060 13       		.uleb128 0x13
 1393 0061 2F       		.uleb128 0x2f
 1394 0062 0B       		.uleb128 0xb
 1395 0063 00       		.byte	0
 1396 0064 00       		.byte	0
 1397 0065 00       		.byte	0
 1398              		.section	.debug_aranges,"",%progbits
 1399 0000 14000000 		.4byte	0x14
 1400 0004 0200     		.2byte	0x2
 1401 0006 00000000 		.4byte	.Ldebug_info0
 1402 000a 04       		.byte	0x4
 1403 000b 00       		.byte	0
 1404 000c 0000     		.2byte	0
 1405 000e 0000     		.2byte	0
 1406 0010 00000000 		.4byte	0
 1407 0014 00000000 		.4byte	0
 1408              		.section	.debug_line,"",%progbits
 1409              	.Ldebug_line0:
 1410 0000 3D010000 		.section	.debug_str,"MS",%progbits,1
 1410      02003701 
 1410      00000201 
 1410      FB0E0D00 
 1410      01010101 
 1411              	.LASF9:
 1412 0000 5F5F7569 		.ascii	"__uint8_t\000"
 1412      6E74385F 
 1412      7400
 1413              	.LASF16:
 1414 000a 63795F6D 		.ascii	"cy_metadata\000"
 1414      65746164 
ARM GAS  C:\Users\Ali\AppData\Local\Temp\ccXf3bW5.s 			page 26


 1414      61746100 
 1415              	.LASF1:
 1416 0016 756E7369 		.ascii	"unsigned char\000"
 1416      676E6564 
 1416      20636861 
 1416      7200
 1417              	.LASF17:
 1418 0024 474E5520 		.ascii	"GNU C11 5.4.1 20160609 (release) [ARM/embedded-5-br"
 1418      43313120 
 1418      352E342E 
 1418      31203230 
 1418      31363036 
 1419 0057 616E6368 		.ascii	"anch revision 237715] -mcpu=cortex-m3 -mthumb -g -O"
 1419      20726576 
 1419      6973696F 
 1419      6E203233 
 1419      37373135 
 1420 008a 67202D66 		.ascii	"g -ffunction-sections -ffat-lto-objects\000"
 1420      66756E63 
 1420      74696F6E 
 1420      2D736563 
 1420      74696F6E 
 1421              	.LASF5:
 1422 00b2 6C6F6E67 		.ascii	"long unsigned int\000"
 1422      20756E73 
 1422      69676E65 
 1422      6420696E 
 1422      7400
 1423              	.LASF3:
 1424 00c4 73686F72 		.ascii	"short unsigned int\000"
 1424      7420756E 
 1424      7369676E 
 1424      65642069 
 1424      6E7400
 1425              	.LASF13:
 1426 00d7 63795F6D 		.ascii	"cy_meta_custnvl\000"
 1426      6574615F 
 1426      63757374 
 1426      6E766C00 
 1427              	.LASF12:
 1428 00e7 63795F6D 		.ascii	"cy_meta_configecc\000"
 1428      6574615F 
 1428      636F6E66 
 1428      69676563 
 1428      6300
 1429              	.LASF8:
 1430 00f9 756E7369 		.ascii	"unsigned int\000"
 1430      676E6564 
 1430      20696E74 
 1430      00
 1431              	.LASF7:
 1432 0106 6C6F6E67 		.ascii	"long long unsigned int\000"
 1432      206C6F6E 
 1432      6720756E 
 1432      7369676E 
 1432      65642069 
 1433              	.LASF10:
ARM GAS  C:\Users\Ali\AppData\Local\Temp\ccXf3bW5.s 			page 27


 1434 011d 75696E74 		.ascii	"uint8_t\000"
 1434      385F7400 
 1435              	.LASF19:
 1436 0125 433A5C55 		.ascii	"C:\\Users\\Ali\\Documents\\developmentFolders\\GitH"
 1436      73657273 
 1436      5C416C69 
 1436      5C446F63 
 1436      756D656E 
 1437 0153 75625C49 		.ascii	"ub\\I3GFV_AlestoMare\\Opgave1\\DC-Motor-PWM.cydsn\000"
 1437      33474656 
 1437      5F416C65 
 1437      73746F4D 
 1437      6172655C 
 1438              	.LASF15:
 1439 0182 63795F6D 		.ascii	"cy_meta_flashprotect\000"
 1439      6574615F 
 1439      666C6173 
 1439      6870726F 
 1439      74656374 
 1440              	.LASF14:
 1441 0197 63795F6D 		.ascii	"cy_meta_wonvl\000"
 1441      6574615F 
 1441      776F6E76 
 1441      6C00
 1442              	.LASF11:
 1443 01a5 73697A65 		.ascii	"sizetype\000"
 1443      74797065 
 1443      00
 1444              	.LASF6:
 1445 01ae 6C6F6E67 		.ascii	"long long int\000"
 1445      206C6F6E 
 1445      6720696E 
 1445      7400
 1446              	.LASF2:
 1447 01bc 73686F72 		.ascii	"short int\000"
 1447      7420696E 
 1447      7400
 1448              	.LASF4:
 1449 01c6 6C6F6E67 		.ascii	"long int\000"
 1449      20696E74 
 1449      00
 1450              	.LASF0:
 1451 01cf 7369676E 		.ascii	"signed char\000"
 1451      65642063 
 1451      68617200 
 1452              	.LASF18:
 1453 01db 47656E65 		.ascii	"Generated_Source\\PSoC5\\cymetadata.c\000"
 1453      72617465 
 1453      645F536F 
 1453      75726365 
 1453      5C50536F 
 1454              		.ident	"GCC: (GNU Tools for ARM Embedded Processors) 5.4.1 20160609 (release) [ARM/embedded-5-bran
