--------------- Rebuild Started: 04/29/2019 14:54:47 Project: Scale, Configuration: ARM GCC 5.4-2016-q2-update Debug ---------------
Deleting file ".\CortexM3\ARM_GCC_541\Debug\main.o"
Deleting file ".\CortexM3\ARM_GCC_541\Debug\measure.o"
Deleting file ".\CortexM3\ARM_GCC_541\Debug\cyfitter_cfg.o"
Deleting file ".\CortexM3\ARM_GCC_541\Debug\cymetadata.o"
Deleting file ".\CortexM3\ARM_GCC_541\Debug\UART_1.o"
Deleting file ".\CortexM3\ARM_GCC_541\Debug\UART_1_PM.o"
Deleting file ".\CortexM3\ARM_GCC_541\Debug\UART_1_INT.o"
Deleting file ".\CortexM3\ARM_GCC_541\Debug\UART_1_BOOT.o"
Deleting file ".\CortexM3\ARM_GCC_541\Debug\isr_uart_rx.o"
Deleting file ".\CortexM3\ARM_GCC_541\Debug\ADC_SAR_1.o"
Deleting file ".\CortexM3\ARM_GCC_541\Debug\ADC_SAR_1_INT.o"
Deleting file ".\CortexM3\ARM_GCC_541\Debug\ADC_SAR_1_PM.o"
Deleting file ".\CortexM3\ARM_GCC_541\Debug\Pin_ADC_in.o"
Deleting file ".\CortexM3\ARM_GCC_541\Debug\UART_1_IntClock.o"
Deleting file ".\CortexM3\ARM_GCC_541\Debug\ADC_SAR_1_IRQ.o"
Deleting file ".\CortexM3\ARM_GCC_541\Debug\ADC_SAR_1_theACLK.o"
Deleting file ".\CortexM3\ARM_GCC_541\Debug\ADC_SAR_1_ExtVref.o"
Deleting file ".\CortexM3\ARM_GCC_541\Debug\Cm3Start.o"
Deleting file ".\CortexM3\ARM_GCC_541\Debug\CyBootAsmGnu.o"
Deleting file ".\CortexM3\ARM_GCC_541\Debug\CyDmac.o"
Deleting file ".\CortexM3\ARM_GCC_541\Debug\CyFlash.o"
Deleting file ".\CortexM3\ARM_GCC_541\Debug\CyLib.o"
Deleting file ".\CortexM3\ARM_GCC_541\Debug\cyPm.o"
Deleting file ".\CortexM3\ARM_GCC_541\Debug\CySpc.o"
Deleting file ".\CortexM3\ARM_GCC_541\Debug\cyutils.o"
Deleting file ".\CortexM3\ARM_GCC_541\Debug\cy_em_eeprom.o"
Deleting file ".\CortexM3\ARM_GCC_541\Debug\Scale.hex"
Deleting file ".\CortexM3\ARM_GCC_541\Debug\Scale.elf"
Deleting file ".\CortexM3\ARM_GCC_541\Debug\Scale.map"
Deleting file ".\Scale.cycdx"
Deleting file ".\Scale.svd"
Deleting file ".\Scale.rpt"
Deleting file ".\Scale_timing.html"
Deleting file ".\CortexM3\ARM_GCC_541\Debug\.deps\SOURCE_C__ARM_GCC_GENERIC.P"
Deleting file ".\CortexM3\ARM_GCC_541\Debug\.deps\SOURCE_ASM__ARM_GCC_GENERIC.P"
cydsfit.exe -.appdatapath "C:\Users\Ali\AppData\Local\Cypress Semiconductor\PSoC Creator\4.2" -.fdsnotice -.fdswarpdepfile=warp_dependencies.txt -.fdselabdepfile=elab_dependencies.txt -.fdsbldfile=generated_files.txt -.fdsreffile=referenced_files.txt -p "C:\Users\Ali\Documents\developmentFolders\GitHub\I3GFV_AlestoMare\Aflevering 4\Scale.cydsn\Scale.cyprj" -d CY8C5888LTI-LP097 -s "C:\Users\Ali\Documents\developmentFolders\GitHub\I3GFV_AlestoMare\Aflevering 4\Scale.cydsn\Generated_Source\PSoC5" -- -yv2 -q10 -ygs -o2 -v3 -.fftcfgtype=LE
Elaborating Design...
--------------- Rebuild Canceled: 04/29/2019 14:54:52 ---------------
