ARM GAS  C:\Users\Ali\AppData\Local\Temp\ccKSSQv0.s 			page 1


   1              		.syntax unified
   2              		.cpu cortex-m3
   3              		.fpu softvfp
   4              		.eabi_attribute 20, 1
   5              		.eabi_attribute 21, 1
   6              		.eabi_attribute 23, 3
   7              		.eabi_attribute 24, 1
   8              		.eabi_attribute 25, 1
   9              		.eabi_attribute 26, 1
  10              		.eabi_attribute 30, 1
  11              		.eabi_attribute 34, 1
  12              		.eabi_attribute 18, 4
  13              		.thumb
  14              		.syntax unified
  15              		.file	"main.c"
  16              		.text
  17              	.Ltext0:
  18              		.cfi_sections	.debug_frame
  19              		.section	.text.main,"ax",%progbits
  20              		.align	2
  21              		.global	main
  22              		.thumb
  23              		.thumb_func
  24              		.type	main, %function
  25              	main:
  26              	.LFB63:
  27              		.file 1 "main.c"
   1:main.c        **** /* ========================================
   2:main.c        ****  *
   3:main.c        ****  * Copyright YOUR COMPANY, THE YEAR
   4:main.c        ****  * All Rights Reserved
   5:main.c        ****  * UNPUBLISHED, LICENSED SOFTWARE.
   6:main.c        ****  *
   7:main.c        ****  * CONFIDENTIAL AND PROPRIETARY INFORMATION
   8:main.c        ****  * WHICH IS THE PROPERTY OF your company.
   9:main.c        ****  *
  10:main.c        ****  * ========================================
  11:main.c        **** */
  12:main.c        **** #include "project.h"
  13:main.c        **** 
  14:main.c        **** CY_ISR_PROTO(ISR_UART_rx_handler);
  15:main.c        **** void handleByteReceived(uint8_t byteReceived);
  16:main.c        **** void decreaseSpeed(void);
  17:main.c        **** void increaseSpeed(void);
  18:main.c        **** void driveForwards(void);
  19:main.c        **** void driveBackwards(void);
  20:main.c        **** void stop(void);
  21:main.c        **** 
  22:main.c        **** int main(void)
  23:main.c        **** {
  28              		.loc 1 23 0
  29              		.cfi_startproc
  30              		@ Volatile: function does not return.
  31              		@ args = 0, pretend = 0, frame = 0
  32              		@ frame_needed = 0, uses_anonymous_args = 0
  33 0000 08B5     		push	{r3, lr}
  34              		.cfi_def_cfa_offset 8
ARM GAS  C:\Users\Ali\AppData\Local\Temp\ccKSSQv0.s 			page 2


  35              		.cfi_offset 3, -8
  36              		.cfi_offset 14, -4
  24:main.c        ****     CyGlobalIntEnable; /* Enable global interrupts. */
  37              		.loc 1 24 0
  38              		.syntax unified
  39              	@ 24 "main.c" 1
  40 0002 62B6     		CPSIE   i
  41              	@ 0 "" 2
  25:main.c        **** 
  26:main.c        ****     /* Place your initialization/startup code here (e.g. MyInst_Start()) */
  27:main.c        ****     isr_uart_rx_StartEx(ISR_UART_rx_handler);
  42              		.loc 1 27 0
  43              		.thumb
  44              		.syntax unified
  45 0004 0F48     		ldr	r0, .L4
  46 0006 FFF7FEFF 		bl	isr_uart_rx_StartEx
  47              	.LVL0:
  28:main.c        ****     UART_1_Start();
  48              		.loc 1 28 0
  49 000a FFF7FEFF 		bl	UART_1_Start
  50              	.LVL1:
  29:main.c        ****     PWM_1_Start();
  51              		.loc 1 29 0
  52 000e FFF7FEFF 		bl	PWM_1_Start
  53              	.LVL2:
  30:main.c        ****     
  31:main.c        ****     UART_1_PutString("DC-Motor-PWM application started\r\n");
  54              		.loc 1 31 0
  55 0012 0D48     		ldr	r0, .L4+4
  56 0014 FFF7FEFF 		bl	UART_1_PutString
  57              	.LVL3:
  32:main.c        ****     UART_1_PutString("0: Stop\r\n");
  58              		.loc 1 32 0
  59 0018 0C48     		ldr	r0, .L4+8
  60 001a FFF7FEFF 		bl	UART_1_PutString
  61              	.LVL4:
  33:main.c        ****     UART_1_PutString("1: Drive forwards\r\n");
  62              		.loc 1 33 0
  63 001e 0C48     		ldr	r0, .L4+12
  64 0020 FFF7FEFF 		bl	UART_1_PutString
  65              	.LVL5:
  34:main.c        ****     UART_1_PutString("2: Drive backwards\r\n");
  66              		.loc 1 34 0
  67 0024 0B48     		ldr	r0, .L4+16
  68 0026 FFF7FEFF 		bl	UART_1_PutString
  69              	.LVL6:
  35:main.c        ****     UART_1_PutString("q: Decrease speed\r\n");
  70              		.loc 1 35 0
  71 002a 0B48     		ldr	r0, .L4+20
  72 002c FFF7FEFF 		bl	UART_1_PutString
  73              	.LVL7:
  36:main.c        ****     UART_1_PutString("w: Increase speed\r\n");
  74              		.loc 1 36 0
  75 0030 0A48     		ldr	r0, .L4+24
  76 0032 FFF7FEFF 		bl	UART_1_PutString
  77              	.LVL8:
  37:main.c        ****     
ARM GAS  C:\Users\Ali\AppData\Local\Temp\ccKSSQv0.s 			page 3


  38:main.c        ****     Pin_Out1_Write(0xFF);
  78              		.loc 1 38 0
  79 0036 FF20     		movs	r0, #255
  80 0038 FFF7FEFF 		bl	Pin_Out1_Write
  81              	.LVL9:
  39:main.c        ****     Pin_Out2_Write(0);
  82              		.loc 1 39 0
  83 003c 0020     		movs	r0, #0
  84 003e FFF7FEFF 		bl	Pin_Out2_Write
  85              	.LVL10:
  86              	.L2:
  87 0042 FEE7     		b	.L2
  88              	.L5:
  89              		.align	2
  90              	.L4:
  91 0044 00000000 		.word	ISR_UART_rx_handler
  92 0048 00000000 		.word	.LC0
  93 004c 24000000 		.word	.LC1
  94 0050 30000000 		.word	.LC2
  95 0054 44000000 		.word	.LC3
  96 0058 5C000000 		.word	.LC4
  97 005c 70000000 		.word	.LC5
  98              		.cfi_endproc
  99              	.LFE63:
 100              		.size	main, .-main
 101              		.section	.text.decreaseSpeed,"ax",%progbits
 102              		.align	2
 103              		.global	decreaseSpeed
 104              		.thumb
 105              		.thumb_func
 106              		.type	decreaseSpeed, %function
 107              	decreaseSpeed:
 108              	.LFB66:
  40:main.c        ****        
  41:main.c        **** 
  42:main.c        ****     for(;;)
  43:main.c        ****     {
  44:main.c        ****         /* Place your application code here. */
  45:main.c        ****     }
  46:main.c        **** }
  47:main.c        **** 
  48:main.c        **** CY_ISR(ISR_UART_rx_handler)
  49:main.c        **** {
  50:main.c        ****     uint8_t bytesToRead = UART_1_GetRxBufferSize();
  51:main.c        ****     while (bytesToRead > 0)
  52:main.c        ****     {
  53:main.c        ****         uint8_t byteReceived = UART_1_ReadRxData();
  54:main.c        ****         UART_1_WriteTxData(byteReceived); // echo back
  55:main.c        ****         
  56:main.c        ****         handleByteReceived(byteReceived);
  57:main.c        ****         
  58:main.c        ****         bytesToRead--;
  59:main.c        ****     }
  60:main.c        **** }
  61:main.c        **** 
  62:main.c        **** void handleByteReceived(uint8_t byteReceived)
  63:main.c        **** {
ARM GAS  C:\Users\Ali\AppData\Local\Temp\ccKSSQv0.s 			page 4


  64:main.c        ****     switch(byteReceived)
  65:main.c        ****     {
  66:main.c        ****         case 'q' :
  67:main.c        ****         {
  68:main.c        ****             decreaseSpeed();
  69:main.c        ****         }
  70:main.c        ****         break;
  71:main.c        ****         case 'w' :
  72:main.c        ****         {
  73:main.c        ****             increaseSpeed();
  74:main.c        ****         }
  75:main.c        ****         break;
  76:main.c        ****         case '1' :
  77:main.c        ****         {
  78:main.c        ****             driveForwards();
  79:main.c        ****         }
  80:main.c        ****         break;
  81:main.c        ****         case '2' :
  82:main.c        ****         {
  83:main.c        ****             driveBackwards();
  84:main.c        ****         }
  85:main.c        ****         break;
  86:main.c        ****         case '0' :
  87:main.c        ****         {
  88:main.c        ****             stop();
  89:main.c        ****             
  90:main.c        ****         }
  91:main.c        ****         break;
  92:main.c        ****         default :
  93:main.c        ****         {
  94:main.c        ****             // nothing
  95:main.c        ****         }
  96:main.c        ****         break;
  97:main.c        ****     }
  98:main.c        **** }
  99:main.c        **** 
 100:main.c        **** void decreaseSpeed()
 101:main.c        **** {
 109              		.loc 1 101 0
 110              		.cfi_startproc
 111              		@ args = 0, pretend = 0, frame = 0
 112              		@ frame_needed = 0, uses_anonymous_args = 0
 113 0000 08B5     		push	{r3, lr}
 114              		.cfi_def_cfa_offset 8
 115              		.cfi_offset 3, -8
 116              		.cfi_offset 14, -4
 102:main.c        ****     UART_1_PutString("Decreasing speed\r\n");
 117              		.loc 1 102 0
 118 0002 0548     		ldr	r0, .L8
 119 0004 FFF7FEFF 		bl	UART_1_PutString
 120              	.LVL11:
 103:main.c        ****     
 104:main.c        ****     PWM_1_WriteCompare(PWM_1_ReadCompare() - 5);
 121              		.loc 1 104 0
 122 0008 FFF7FEFF 		bl	PWM_1_ReadCompare
 123              	.LVL12:
 124 000c 0538     		subs	r0, r0, #5
ARM GAS  C:\Users\Ali\AppData\Local\Temp\ccKSSQv0.s 			page 5


 125 000e C0B2     		uxtb	r0, r0
 126 0010 FFF7FEFF 		bl	PWM_1_WriteCompare
 127              	.LVL13:
 128 0014 08BD     		pop	{r3, pc}
 129              	.L9:
 130 0016 00BF     		.align	2
 131              	.L8:
 132 0018 84000000 		.word	.LC6
 133              		.cfi_endproc
 134              	.LFE66:
 135              		.size	decreaseSpeed, .-decreaseSpeed
 136              		.section	.text.increaseSpeed,"ax",%progbits
 137              		.align	2
 138              		.global	increaseSpeed
 139              		.thumb
 140              		.thumb_func
 141              		.type	increaseSpeed, %function
 142              	increaseSpeed:
 143              	.LFB67:
 105:main.c        **** }
 106:main.c        **** 
 107:main.c        **** void increaseSpeed()
 108:main.c        **** {
 144              		.loc 1 108 0
 145              		.cfi_startproc
 146              		@ args = 0, pretend = 0, frame = 0
 147              		@ frame_needed = 0, uses_anonymous_args = 0
 148 0000 08B5     		push	{r3, lr}
 149              		.cfi_def_cfa_offset 8
 150              		.cfi_offset 3, -8
 151              		.cfi_offset 14, -4
 109:main.c        ****     UART_1_PutString("Increasing speed\r\n");
 152              		.loc 1 109 0
 153 0002 0548     		ldr	r0, .L12
 154 0004 FFF7FEFF 		bl	UART_1_PutString
 155              	.LVL14:
 110:main.c        ****     
 111:main.c        ****     PWM_1_WriteCompare(PWM_1_ReadCompare() + 5);
 156              		.loc 1 111 0
 157 0008 FFF7FEFF 		bl	PWM_1_ReadCompare
 158              	.LVL15:
 159 000c 0530     		adds	r0, r0, #5
 160 000e C0B2     		uxtb	r0, r0
 161 0010 FFF7FEFF 		bl	PWM_1_WriteCompare
 162              	.LVL16:
 163 0014 08BD     		pop	{r3, pc}
 164              	.L13:
 165 0016 00BF     		.align	2
 166              	.L12:
 167 0018 98000000 		.word	.LC7
 168              		.cfi_endproc
 169              	.LFE67:
 170              		.size	increaseSpeed, .-increaseSpeed
 171              		.section	.text.driveForwards,"ax",%progbits
 172              		.align	2
 173              		.global	driveForwards
 174              		.thumb
ARM GAS  C:\Users\Ali\AppData\Local\Temp\ccKSSQv0.s 			page 6


 175              		.thumb_func
 176              		.type	driveForwards, %function
 177              	driveForwards:
 178              	.LFB68:
 112:main.c        **** }
 113:main.c        **** 
 114:main.c        **** void driveForwards()
 115:main.c        **** {
 179              		.loc 1 115 0
 180              		.cfi_startproc
 181              		@ args = 0, pretend = 0, frame = 0
 182              		@ frame_needed = 0, uses_anonymous_args = 0
 183 0000 08B5     		push	{r3, lr}
 184              		.cfi_def_cfa_offset 8
 185              		.cfi_offset 3, -8
 186              		.cfi_offset 14, -4
 116:main.c        ****     UART_1_PutString("Set direction: forwards\r\n");   
 187              		.loc 1 116 0
 188 0002 0548     		ldr	r0, .L16
 189 0004 FFF7FEFF 		bl	UART_1_PutString
 190              	.LVL17:
 117:main.c        ****     
 118:main.c        ****     Pin_Out1_Write(0xFF);
 191              		.loc 1 118 0
 192 0008 FF20     		movs	r0, #255
 193 000a FFF7FEFF 		bl	Pin_Out1_Write
 194              	.LVL18:
 119:main.c        ****     Pin_Out2_Write(0);
 195              		.loc 1 119 0
 196 000e 0020     		movs	r0, #0
 197 0010 FFF7FEFF 		bl	Pin_Out2_Write
 198              	.LVL19:
 199 0014 08BD     		pop	{r3, pc}
 200              	.L17:
 201 0016 00BF     		.align	2
 202              	.L16:
 203 0018 AC000000 		.word	.LC8
 204              		.cfi_endproc
 205              	.LFE68:
 206              		.size	driveForwards, .-driveForwards
 207              		.section	.text.driveBackwards,"ax",%progbits
 208              		.align	2
 209              		.global	driveBackwards
 210              		.thumb
 211              		.thumb_func
 212              		.type	driveBackwards, %function
 213              	driveBackwards:
 214              	.LFB69:
 120:main.c        **** }
 121:main.c        **** 
 122:main.c        **** void driveBackwards()
 123:main.c        **** {
 215              		.loc 1 123 0
 216              		.cfi_startproc
 217              		@ args = 0, pretend = 0, frame = 0
 218              		@ frame_needed = 0, uses_anonymous_args = 0
 219 0000 08B5     		push	{r3, lr}
ARM GAS  C:\Users\Ali\AppData\Local\Temp\ccKSSQv0.s 			page 7


 220              		.cfi_def_cfa_offset 8
 221              		.cfi_offset 3, -8
 222              		.cfi_offset 14, -4
 124:main.c        ****     UART_1_PutString("Set direction: backwards\r\n");
 223              		.loc 1 124 0
 224 0002 0548     		ldr	r0, .L20
 225 0004 FFF7FEFF 		bl	UART_1_PutString
 226              	.LVL20:
 125:main.c        ****     
 126:main.c        ****     Pin_Out1_Write(0);
 227              		.loc 1 126 0
 228 0008 0020     		movs	r0, #0
 229 000a FFF7FEFF 		bl	Pin_Out1_Write
 230              	.LVL21:
 127:main.c        ****     Pin_Out2_Write(0xFF);
 231              		.loc 1 127 0
 232 000e FF20     		movs	r0, #255
 233 0010 FFF7FEFF 		bl	Pin_Out2_Write
 234              	.LVL22:
 235 0014 08BD     		pop	{r3, pc}
 236              	.L21:
 237 0016 00BF     		.align	2
 238              	.L20:
 239 0018 C8000000 		.word	.LC9
 240              		.cfi_endproc
 241              	.LFE69:
 242              		.size	driveBackwards, .-driveBackwards
 243              		.section	.text.stop,"ax",%progbits
 244              		.align	2
 245              		.global	stop
 246              		.thumb
 247              		.thumb_func
 248              		.type	stop, %function
 249              	stop:
 250              	.LFB70:
 128:main.c        **** }
 129:main.c        **** 
 130:main.c        **** void stop()
 131:main.c        **** {
 251              		.loc 1 131 0
 252              		.cfi_startproc
 253              		@ args = 0, pretend = 0, frame = 0
 254              		@ frame_needed = 0, uses_anonymous_args = 0
 255 0000 08B5     		push	{r3, lr}
 256              		.cfi_def_cfa_offset 8
 257              		.cfi_offset 3, -8
 258              		.cfi_offset 14, -4
 132:main.c        ****     UART_1_PutString("Stop\r\n");
 259              		.loc 1 132 0
 260 0002 0348     		ldr	r0, .L24
 261 0004 FFF7FEFF 		bl	UART_1_PutString
 262              	.LVL23:
 133:main.c        ****     
 134:main.c        ****     PWM_1_WriteCompare(0);
 263              		.loc 1 134 0
 264 0008 0020     		movs	r0, #0
 265 000a FFF7FEFF 		bl	PWM_1_WriteCompare
ARM GAS  C:\Users\Ali\AppData\Local\Temp\ccKSSQv0.s 			page 8


 266              	.LVL24:
 267 000e 08BD     		pop	{r3, pc}
 268              	.L25:
 269              		.align	2
 270              	.L24:
 271 0010 E4000000 		.word	.LC10
 272              		.cfi_endproc
 273              	.LFE70:
 274              		.size	stop, .-stop
 275              		.section	.text.handleByteReceived,"ax",%progbits
 276              		.align	2
 277              		.global	handleByteReceived
 278              		.thumb
 279              		.thumb_func
 280              		.type	handleByteReceived, %function
 281              	handleByteReceived:
 282              	.LFB65:
  63:main.c        ****     switch(byteReceived)
 283              		.loc 1 63 0
 284              		.cfi_startproc
 285              		@ args = 0, pretend = 0, frame = 0
 286              		@ frame_needed = 0, uses_anonymous_args = 0
 287              	.LVL25:
 288 0000 08B5     		push	{r3, lr}
 289              		.cfi_def_cfa_offset 8
 290              		.cfi_offset 3, -8
 291              		.cfi_offset 14, -4
  64:main.c        ****     {
 292              		.loc 1 64 0
 293 0002 3228     		cmp	r0, #50
 294 0004 13D0     		beq	.L28
 295 0006 04D8     		bhi	.L29
 296 0008 3028     		cmp	r0, #48
 297 000a 13D0     		beq	.L30
 298 000c 3128     		cmp	r0, #49
 299 000e 0BD0     		beq	.L31
 300 0010 08BD     		pop	{r3, pc}
 301              	.L29:
 302 0012 7128     		cmp	r0, #113
 303 0014 02D0     		beq	.L32
 304 0016 7728     		cmp	r0, #119
 305 0018 03D0     		beq	.L33
 306 001a 08BD     		pop	{r3, pc}
 307              	.L32:
  68:main.c        ****         }
 308              		.loc 1 68 0
 309 001c FFF7FEFF 		bl	decreaseSpeed
 310              	.LVL26:
  70:main.c        ****         case 'w' :
 311              		.loc 1 70 0
 312 0020 08BD     		pop	{r3, pc}
 313              	.LVL27:
 314              	.L33:
  73:main.c        ****         }
 315              		.loc 1 73 0
 316 0022 FFF7FEFF 		bl	increaseSpeed
 317              	.LVL28:
ARM GAS  C:\Users\Ali\AppData\Local\Temp\ccKSSQv0.s 			page 9


  75:main.c        ****         case '1' :
 318              		.loc 1 75 0
 319 0026 08BD     		pop	{r3, pc}
 320              	.LVL29:
 321              	.L31:
  78:main.c        ****         }
 322              		.loc 1 78 0
 323 0028 FFF7FEFF 		bl	driveForwards
 324              	.LVL30:
  80:main.c        ****         case '2' :
 325              		.loc 1 80 0
 326 002c 08BD     		pop	{r3, pc}
 327              	.LVL31:
 328              	.L28:
  83:main.c        ****         }
 329              		.loc 1 83 0
 330 002e FFF7FEFF 		bl	driveBackwards
 331              	.LVL32:
  85:main.c        ****         case '0' :
 332              		.loc 1 85 0
 333 0032 08BD     		pop	{r3, pc}
 334              	.LVL33:
 335              	.L30:
  88:main.c        ****             
 336              		.loc 1 88 0
 337 0034 FFF7FEFF 		bl	stop
 338              	.LVL34:
 339 0038 08BD     		pop	{r3, pc}
 340              		.cfi_endproc
 341              	.LFE65:
 342              		.size	handleByteReceived, .-handleByteReceived
 343 003a 00BF     		.section	.text.ISR_UART_rx_handler,"ax",%progbits
 344              		.align	2
 345              		.global	ISR_UART_rx_handler
 346              		.thumb
 347              		.thumb_func
 348              		.type	ISR_UART_rx_handler, %function
 349              	ISR_UART_rx_handler:
 350              	.LFB64:
  49:main.c        ****     uint8_t bytesToRead = UART_1_GetRxBufferSize();
 351              		.loc 1 49 0
 352              		.cfi_startproc
 353              		@ args = 0, pretend = 0, frame = 0
 354              		@ frame_needed = 0, uses_anonymous_args = 0
 355 0000 38B5     		push	{r3, r4, r5, lr}
 356              		.cfi_def_cfa_offset 16
 357              		.cfi_offset 3, -16
 358              		.cfi_offset 4, -12
 359              		.cfi_offset 5, -8
 360              		.cfi_offset 14, -4
  50:main.c        ****     while (bytesToRead > 0)
 361              		.loc 1 50 0
 362 0002 FFF7FEFF 		bl	UART_1_GetRxBufferSize
 363              	.LVL35:
 364 0006 0446     		mov	r4, r0
 365              	.LVL36:
  51:main.c        ****     {
ARM GAS  C:\Users\Ali\AppData\Local\Temp\ccKSSQv0.s 			page 10


 366              		.loc 1 51 0
 367 0008 09E0     		b	.L36
 368              	.L37:
 369              	.LBB2:
  53:main.c        ****         UART_1_WriteTxData(byteReceived); // echo back
 370              		.loc 1 53 0
 371 000a FFF7FEFF 		bl	UART_1_ReadRxData
 372              	.LVL37:
 373 000e 0546     		mov	r5, r0
 374              	.LVL38:
  54:main.c        ****         
 375              		.loc 1 54 0
 376 0010 FFF7FEFF 		bl	UART_1_WriteTxData
 377              	.LVL39:
  56:main.c        ****         
 378              		.loc 1 56 0
 379 0014 2846     		mov	r0, r5
 380 0016 FFF7FEFF 		bl	handleByteReceived
 381              	.LVL40:
  58:main.c        ****     }
 382              		.loc 1 58 0
 383 001a 013C     		subs	r4, r4, #1
 384              	.LVL41:
 385 001c E4B2     		uxtb	r4, r4
 386              	.LVL42:
 387              	.L36:
 388              	.LBE2:
  51:main.c        ****     {
 389              		.loc 1 51 0
 390 001e 002C     		cmp	r4, #0
 391 0020 F3D1     		bne	.L37
  60:main.c        **** 
 392              		.loc 1 60 0
 393 0022 38BD     		pop	{r3, r4, r5, pc}
 394              		.cfi_endproc
 395              	.LFE64:
 396              		.size	ISR_UART_rx_handler, .-ISR_UART_rx_handler
 397              		.section	.rodata.str1.4,"aMS",%progbits,1
 398              		.align	2
 399              	.LC0:
 400 0000 44432D4D 		.ascii	"DC-Motor-PWM application started\015\012\000"
 400      6F746F72 
 400      2D50574D 
 400      20617070 
 400      6C696361 
 401 0023 00       		.space	1
 402              	.LC1:
 403 0024 303A2053 		.ascii	"0: Stop\015\012\000"
 403      746F700D 
 403      0A00
 404 002e 0000     		.space	2
 405              	.LC2:
 406 0030 313A2044 		.ascii	"1: Drive forwards\015\012\000"
 406      72697665 
 406      20666F72 
 406      77617264 
 406      730D0A00 
ARM GAS  C:\Users\Ali\AppData\Local\Temp\ccKSSQv0.s 			page 11


 407              	.LC3:
 408 0044 323A2044 		.ascii	"2: Drive backwards\015\012\000"
 408      72697665 
 408      20626163 
 408      6B776172 
 408      64730D0A 
 409 0059 000000   		.space	3
 410              	.LC4:
 411 005c 713A2044 		.ascii	"q: Decrease speed\015\012\000"
 411      65637265 
 411      61736520 
 411      73706565 
 411      640D0A00 
 412              	.LC5:
 413 0070 773A2049 		.ascii	"w: Increase speed\015\012\000"
 413      6E637265 
 413      61736520 
 413      73706565 
 413      640D0A00 
 414              	.LC6:
 415 0084 44656372 		.ascii	"Decreasing speed\015\012\000"
 415      65617369 
 415      6E672073 
 415      70656564 
 415      0D0A00
 416 0097 00       		.space	1
 417              	.LC7:
 418 0098 496E6372 		.ascii	"Increasing speed\015\012\000"
 418      65617369 
 418      6E672073 
 418      70656564 
 418      0D0A00
 419 00ab 00       		.space	1
 420              	.LC8:
 421 00ac 53657420 		.ascii	"Set direction: forwards\015\012\000"
 421      64697265 
 421      6374696F 
 421      6E3A2066 
 421      6F727761 
 422 00c6 0000     		.space	2
 423              	.LC9:
 424 00c8 53657420 		.ascii	"Set direction: backwards\015\012\000"
 424      64697265 
 424      6374696F 
 424      6E3A2062 
 424      61636B77 
 425 00e3 00       		.space	1
 426              	.LC10:
 427 00e4 53746F70 		.ascii	"Stop\015\012\000"
 427      0D0A00
 428              		.text
 429              	.Letext0:
 430              		.file 2 "c:\\program files (x86)\\cypress\\psoc creator\\4.2\\psoc creator\\import\\gnu\\arm\\5.4.
 431              		.file 3 "c:\\program files (x86)\\cypress\\psoc creator\\4.2\\psoc creator\\import\\gnu\\arm\\5.4.
 432              		.file 4 "Generated_Source\\PSoC5/isr_uart_rx.h"
 433              		.file 5 "Generated_Source\\PSoC5/UART_1.h"
 434              		.file 6 "Generated_Source\\PSoC5/PWM_1.h"
ARM GAS  C:\Users\Ali\AppData\Local\Temp\ccKSSQv0.s 			page 12


 435              		.file 7 "Generated_Source\\PSoC5/Pin_Out1.h"
 436              		.file 8 "Generated_Source\\PSoC5/Pin_Out2.h"
 437              		.file 9 "Generated_Source\\PSoC5/core_cm3.h"
 438              		.section	.debug_info,"",%progbits
 439              	.Ldebug_info0:
 440 0000 55040000 		.4byte	0x455
 441 0004 0400     		.2byte	0x4
 442 0006 00000000 		.4byte	.Ldebug_abbrev0
 443 000a 04       		.byte	0x4
 444 000b 01       		.uleb128 0x1
 445 000c A6000000 		.4byte	.LASF38
 446 0010 0C       		.byte	0xc
 447 0011 AB020000 		.4byte	.LASF39
 448 0015 0D020000 		.4byte	.LASF40
 449 0019 00000000 		.4byte	.Ldebug_ranges0+0
 450 001d 00000000 		.4byte	0
 451 0021 00000000 		.4byte	.Ldebug_line0
 452 0025 02       		.uleb128 0x2
 453 0026 01       		.byte	0x1
 454 0027 06       		.byte	0x6
 455 0028 E4020000 		.4byte	.LASF0
 456 002c 03       		.uleb128 0x3
 457 002d 21000000 		.4byte	.LASF4
 458 0031 02       		.byte	0x2
 459 0032 1D       		.byte	0x1d
 460 0033 37000000 		.4byte	0x37
 461 0037 02       		.uleb128 0x2
 462 0038 01       		.byte	0x1
 463 0039 08       		.byte	0x8
 464 003a 98000000 		.4byte	.LASF1
 465 003e 02       		.uleb128 0x2
 466 003f 02       		.byte	0x2
 467 0040 05       		.byte	0x5
 468 0041 C5020000 		.4byte	.LASF2
 469 0045 02       		.uleb128 0x2
 470 0046 02       		.byte	0x2
 471 0047 07       		.byte	0x7
 472 0048 43000000 		.4byte	.LASF3
 473 004c 03       		.uleb128 0x3
 474 004d 2B000000 		.4byte	.LASF5
 475 0051 02       		.byte	0x2
 476 0052 3F       		.byte	0x3f
 477 0053 57000000 		.4byte	0x57
 478 0057 02       		.uleb128 0x2
 479 0058 04       		.byte	0x4
 480 0059 05       		.byte	0x5
 481 005a CF020000 		.4byte	.LASF6
 482 005e 02       		.uleb128 0x2
 483 005f 04       		.byte	0x4
 484 0060 07       		.byte	0x7
 485 0061 48010000 		.4byte	.LASF7
 486 0065 02       		.uleb128 0x2
 487 0066 08       		.byte	0x8
 488 0067 05       		.byte	0x5
 489 0068 94020000 		.4byte	.LASF8
 490 006c 02       		.uleb128 0x2
 491 006d 08       		.byte	0x8
ARM GAS  C:\Users\Ali\AppData\Local\Temp\ccKSSQv0.s 			page 13


 492 006e 07       		.byte	0x7
 493 006f D7010000 		.4byte	.LASF9
 494 0073 04       		.uleb128 0x4
 495 0074 04       		.byte	0x4
 496 0075 05       		.byte	0x5
 497 0076 696E7400 		.ascii	"int\000"
 498 007a 02       		.uleb128 0x2
 499 007b 04       		.byte	0x4
 500 007c 07       		.byte	0x7
 501 007d BC010000 		.4byte	.LASF10
 502 0081 03       		.uleb128 0x3
 503 0082 EE010000 		.4byte	.LASF11
 504 0086 03       		.byte	0x3
 505 0087 18       		.byte	0x18
 506 0088 2C000000 		.4byte	0x2c
 507 008c 03       		.uleb128 0x3
 508 008d 6A020000 		.4byte	.LASF12
 509 0091 03       		.byte	0x3
 510 0092 2C       		.byte	0x2c
 511 0093 4C000000 		.4byte	0x4c
 512 0097 02       		.uleb128 0x2
 513 0098 04       		.byte	0x4
 514 0099 04       		.byte	0x4
 515 009a 92000000 		.4byte	.LASF13
 516 009e 02       		.uleb128 0x2
 517 009f 08       		.byte	0x8
 518 00a0 04       		.byte	0x4
 519 00a1 9D010000 		.4byte	.LASF14
 520 00a5 02       		.uleb128 0x2
 521 00a6 01       		.byte	0x1
 522 00a7 08       		.byte	0x8
 523 00a8 B2020000 		.4byte	.LASF15
 524 00ac 02       		.uleb128 0x2
 525 00ad 08       		.byte	0x8
 526 00ae 04       		.byte	0x4
 527 00af D8020000 		.4byte	.LASF16
 528 00b3 02       		.uleb128 0x2
 529 00b4 04       		.byte	0x4
 530 00b5 07       		.byte	0x7
 531 00b6 A2020000 		.4byte	.LASF17
 532 00ba 05       		.uleb128 0x5
 533 00bb A4010000 		.4byte	.LASF41
 534 00bf 01       		.byte	0x1
 535 00c0 16       		.byte	0x16
 536 00c1 73000000 		.4byte	0x73
 537 00c5 00000000 		.4byte	.LFB63
 538 00c9 60000000 		.4byte	.LFE63-.LFB63
 539 00cd 01       		.uleb128 0x1
 540 00ce 9C       		.byte	0x9c
 541 00cf AA010000 		.4byte	0x1aa
 542 00d3 06       		.uleb128 0x6
 543 00d4 0A000000 		.4byte	.LVL0
 544 00d8 DF030000 		.4byte	0x3df
 545 00dc EA000000 		.4byte	0xea
 546 00e0 07       		.uleb128 0x7
 547 00e1 01       		.uleb128 0x1
 548 00e2 50       		.byte	0x50
ARM GAS  C:\Users\Ali\AppData\Local\Temp\ccKSSQv0.s 			page 14


 549 00e3 05       		.uleb128 0x5
 550 00e4 03       		.byte	0x3
 551 00e5 00000000 		.4byte	ISR_UART_rx_handler
 552 00e9 00       		.byte	0
 553 00ea 08       		.uleb128 0x8
 554 00eb 0E000000 		.4byte	.LVL1
 555 00ef EA030000 		.4byte	0x3ea
 556 00f3 08       		.uleb128 0x8
 557 00f4 12000000 		.4byte	.LVL2
 558 00f8 F5030000 		.4byte	0x3f5
 559 00fc 06       		.uleb128 0x6
 560 00fd 18000000 		.4byte	.LVL3
 561 0101 00040000 		.4byte	0x400
 562 0105 13010000 		.4byte	0x113
 563 0109 07       		.uleb128 0x7
 564 010a 01       		.uleb128 0x1
 565 010b 50       		.byte	0x50
 566 010c 05       		.uleb128 0x5
 567 010d 03       		.byte	0x3
 568 010e 00000000 		.4byte	.LC0
 569 0112 00       		.byte	0
 570 0113 06       		.uleb128 0x6
 571 0114 1E000000 		.4byte	.LVL4
 572 0118 00040000 		.4byte	0x400
 573 011c 2A010000 		.4byte	0x12a
 574 0120 07       		.uleb128 0x7
 575 0121 01       		.uleb128 0x1
 576 0122 50       		.byte	0x50
 577 0123 05       		.uleb128 0x5
 578 0124 03       		.byte	0x3
 579 0125 24000000 		.4byte	.LC1
 580 0129 00       		.byte	0
 581 012a 06       		.uleb128 0x6
 582 012b 24000000 		.4byte	.LVL5
 583 012f 00040000 		.4byte	0x400
 584 0133 41010000 		.4byte	0x141
 585 0137 07       		.uleb128 0x7
 586 0138 01       		.uleb128 0x1
 587 0139 50       		.byte	0x50
 588 013a 05       		.uleb128 0x5
 589 013b 03       		.byte	0x3
 590 013c 30000000 		.4byte	.LC2
 591 0140 00       		.byte	0
 592 0141 06       		.uleb128 0x6
 593 0142 2A000000 		.4byte	.LVL6
 594 0146 00040000 		.4byte	0x400
 595 014a 58010000 		.4byte	0x158
 596 014e 07       		.uleb128 0x7
 597 014f 01       		.uleb128 0x1
 598 0150 50       		.byte	0x50
 599 0151 05       		.uleb128 0x5
 600 0152 03       		.byte	0x3
 601 0153 44000000 		.4byte	.LC3
 602 0157 00       		.byte	0
 603 0158 06       		.uleb128 0x6
 604 0159 30000000 		.4byte	.LVL7
 605 015d 00040000 		.4byte	0x400
ARM GAS  C:\Users\Ali\AppData\Local\Temp\ccKSSQv0.s 			page 15


 606 0161 6F010000 		.4byte	0x16f
 607 0165 07       		.uleb128 0x7
 608 0166 01       		.uleb128 0x1
 609 0167 50       		.byte	0x50
 610 0168 05       		.uleb128 0x5
 611 0169 03       		.byte	0x3
 612 016a 5C000000 		.4byte	.LC4
 613 016e 00       		.byte	0
 614 016f 06       		.uleb128 0x6
 615 0170 36000000 		.4byte	.LVL8
 616 0174 00040000 		.4byte	0x400
 617 0178 86010000 		.4byte	0x186
 618 017c 07       		.uleb128 0x7
 619 017d 01       		.uleb128 0x1
 620 017e 50       		.byte	0x50
 621 017f 05       		.uleb128 0x5
 622 0180 03       		.byte	0x3
 623 0181 70000000 		.4byte	.LC5
 624 0185 00       		.byte	0
 625 0186 06       		.uleb128 0x6
 626 0187 3C000000 		.4byte	.LVL9
 627 018b 0B040000 		.4byte	0x40b
 628 018f 9A010000 		.4byte	0x19a
 629 0193 07       		.uleb128 0x7
 630 0194 01       		.uleb128 0x1
 631 0195 50       		.byte	0x50
 632 0196 02       		.uleb128 0x2
 633 0197 09       		.byte	0x9
 634 0198 FF       		.byte	0xff
 635 0199 00       		.byte	0
 636 019a 09       		.uleb128 0x9
 637 019b 42000000 		.4byte	.LVL10
 638 019f 16040000 		.4byte	0x416
 639 01a3 07       		.uleb128 0x7
 640 01a4 01       		.uleb128 0x1
 641 01a5 50       		.byte	0x50
 642 01a6 01       		.uleb128 0x1
 643 01a7 30       		.byte	0x30
 644 01a8 00       		.byte	0
 645 01a9 00       		.byte	0
 646 01aa 0A       		.uleb128 0xa
 647 01ab B7020000 		.4byte	.LASF18
 648 01af 01       		.byte	0x1
 649 01b0 64       		.byte	0x64
 650 01b1 00000000 		.4byte	.LFB66
 651 01b5 1C000000 		.4byte	.LFE66-.LFB66
 652 01b9 01       		.uleb128 0x1
 653 01ba 9C       		.byte	0x9c
 654 01bb E9010000 		.4byte	0x1e9
 655 01bf 06       		.uleb128 0x6
 656 01c0 08000000 		.4byte	.LVL11
 657 01c4 00040000 		.4byte	0x400
 658 01c8 D6010000 		.4byte	0x1d6
 659 01cc 07       		.uleb128 0x7
 660 01cd 01       		.uleb128 0x1
 661 01ce 50       		.byte	0x50
 662 01cf 05       		.uleb128 0x5
ARM GAS  C:\Users\Ali\AppData\Local\Temp\ccKSSQv0.s 			page 16


 663 01d0 03       		.byte	0x3
 664 01d1 84000000 		.4byte	.LC6
 665 01d5 00       		.byte	0
 666 01d6 08       		.uleb128 0x8
 667 01d7 0C000000 		.4byte	.LVL12
 668 01db 21040000 		.4byte	0x421
 669 01df 08       		.uleb128 0x8
 670 01e0 14000000 		.4byte	.LVL13
 671 01e4 2C040000 		.4byte	0x42c
 672 01e8 00       		.byte	0
 673 01e9 0A       		.uleb128 0xa
 674 01ea 35000000 		.4byte	.LASF19
 675 01ee 01       		.byte	0x1
 676 01ef 6B       		.byte	0x6b
 677 01f0 00000000 		.4byte	.LFB67
 678 01f4 1C000000 		.4byte	.LFE67-.LFB67
 679 01f8 01       		.uleb128 0x1
 680 01f9 9C       		.byte	0x9c
 681 01fa 28020000 		.4byte	0x228
 682 01fe 06       		.uleb128 0x6
 683 01ff 08000000 		.4byte	.LVL14
 684 0203 00040000 		.4byte	0x400
 685 0207 15020000 		.4byte	0x215
 686 020b 07       		.uleb128 0x7
 687 020c 01       		.uleb128 0x1
 688 020d 50       		.byte	0x50
 689 020e 05       		.uleb128 0x5
 690 020f 03       		.byte	0x3
 691 0210 98000000 		.4byte	.LC7
 692 0214 00       		.byte	0
 693 0215 08       		.uleb128 0x8
 694 0216 0C000000 		.4byte	.LVL15
 695 021a 21040000 		.4byte	0x421
 696 021e 08       		.uleb128 0x8
 697 021f 14000000 		.4byte	.LVL16
 698 0223 2C040000 		.4byte	0x42c
 699 0227 00       		.byte	0
 700 0228 0A       		.uleb128 0xa
 701 0229 C9010000 		.4byte	.LASF20
 702 022d 01       		.byte	0x1
 703 022e 72       		.byte	0x72
 704 022f 00000000 		.4byte	.LFB68
 705 0233 1C000000 		.4byte	.LFE68-.LFB68
 706 0237 01       		.uleb128 0x1
 707 0238 9C       		.byte	0x9c
 708 0239 78020000 		.4byte	0x278
 709 023d 06       		.uleb128 0x6
 710 023e 08000000 		.4byte	.LVL17
 711 0242 00040000 		.4byte	0x400
 712 0246 54020000 		.4byte	0x254
 713 024a 07       		.uleb128 0x7
 714 024b 01       		.uleb128 0x1
 715 024c 50       		.byte	0x50
 716 024d 05       		.uleb128 0x5
 717 024e 03       		.byte	0x3
 718 024f AC000000 		.4byte	.LC8
 719 0253 00       		.byte	0
ARM GAS  C:\Users\Ali\AppData\Local\Temp\ccKSSQv0.s 			page 17


 720 0254 06       		.uleb128 0x6
 721 0255 0E000000 		.4byte	.LVL18
 722 0259 0B040000 		.4byte	0x40b
 723 025d 68020000 		.4byte	0x268
 724 0261 07       		.uleb128 0x7
 725 0262 01       		.uleb128 0x1
 726 0263 50       		.byte	0x50
 727 0264 02       		.uleb128 0x2
 728 0265 09       		.byte	0x9
 729 0266 FF       		.byte	0xff
 730 0267 00       		.byte	0
 731 0268 09       		.uleb128 0x9
 732 0269 14000000 		.4byte	.LVL19
 733 026d 16040000 		.4byte	0x416
 734 0271 07       		.uleb128 0x7
 735 0272 01       		.uleb128 0x1
 736 0273 50       		.byte	0x50
 737 0274 01       		.uleb128 0x1
 738 0275 30       		.byte	0x30
 739 0276 00       		.byte	0
 740 0277 00       		.byte	0
 741 0278 0A       		.uleb128 0xa
 742 0279 72020000 		.4byte	.LASF21
 743 027d 01       		.byte	0x1
 744 027e 7A       		.byte	0x7a
 745 027f 00000000 		.4byte	.LFB69
 746 0283 1C000000 		.4byte	.LFE69-.LFB69
 747 0287 01       		.uleb128 0x1
 748 0288 9C       		.byte	0x9c
 749 0289 C8020000 		.4byte	0x2c8
 750 028d 06       		.uleb128 0x6
 751 028e 08000000 		.4byte	.LVL20
 752 0292 00040000 		.4byte	0x400
 753 0296 A4020000 		.4byte	0x2a4
 754 029a 07       		.uleb128 0x7
 755 029b 01       		.uleb128 0x1
 756 029c 50       		.byte	0x50
 757 029d 05       		.uleb128 0x5
 758 029e 03       		.byte	0x3
 759 029f C8000000 		.4byte	.LC9
 760 02a3 00       		.byte	0
 761 02a4 06       		.uleb128 0x6
 762 02a5 0E000000 		.4byte	.LVL21
 763 02a9 0B040000 		.4byte	0x40b
 764 02ad B7020000 		.4byte	0x2b7
 765 02b1 07       		.uleb128 0x7
 766 02b2 01       		.uleb128 0x1
 767 02b3 50       		.byte	0x50
 768 02b4 01       		.uleb128 0x1
 769 02b5 30       		.byte	0x30
 770 02b6 00       		.byte	0
 771 02b7 09       		.uleb128 0x9
 772 02b8 14000000 		.4byte	.LVL22
 773 02bc 16040000 		.4byte	0x416
 774 02c0 07       		.uleb128 0x7
 775 02c1 01       		.uleb128 0x1
 776 02c2 50       		.byte	0x50
ARM GAS  C:\Users\Ali\AppData\Local\Temp\ccKSSQv0.s 			page 18


 777 02c3 02       		.uleb128 0x2
 778 02c4 09       		.byte	0x9
 779 02c5 FF       		.byte	0xff
 780 02c6 00       		.byte	0
 781 02c7 00       		.byte	0
 782 02c8 0A       		.uleb128 0xa
 783 02c9 78010000 		.4byte	.LASF22
 784 02cd 01       		.byte	0x1
 785 02ce 82       		.byte	0x82
 786 02cf 00000000 		.4byte	.LFB70
 787 02d3 14000000 		.4byte	.LFE70-.LFB70
 788 02d7 01       		.uleb128 0x1
 789 02d8 9C       		.byte	0x9c
 790 02d9 04030000 		.4byte	0x304
 791 02dd 06       		.uleb128 0x6
 792 02de 08000000 		.4byte	.LVL23
 793 02e2 00040000 		.4byte	0x400
 794 02e6 F4020000 		.4byte	0x2f4
 795 02ea 07       		.uleb128 0x7
 796 02eb 01       		.uleb128 0x1
 797 02ec 50       		.byte	0x50
 798 02ed 05       		.uleb128 0x5
 799 02ee 03       		.byte	0x3
 800 02ef E4000000 		.4byte	.LC10
 801 02f3 00       		.byte	0
 802 02f4 09       		.uleb128 0x9
 803 02f5 0E000000 		.4byte	.LVL24
 804 02f9 2C040000 		.4byte	0x42c
 805 02fd 07       		.uleb128 0x7
 806 02fe 01       		.uleb128 0x1
 807 02ff 50       		.byte	0x50
 808 0300 01       		.uleb128 0x1
 809 0301 30       		.byte	0x30
 810 0302 00       		.byte	0
 811 0303 00       		.byte	0
 812 0304 0A       		.uleb128 0xa
 813 0305 A9010000 		.4byte	.LASF23
 814 0309 01       		.byte	0x1
 815 030a 3E       		.byte	0x3e
 816 030b 00000000 		.4byte	.LFB65
 817 030f 3A000000 		.4byte	.LFE65-.LFB65
 818 0313 01       		.uleb128 0x1
 819 0314 9C       		.byte	0x9c
 820 0315 56030000 		.4byte	0x356
 821 0319 0B       		.uleb128 0xb
 822 031a 01030000 		.4byte	.LASF26
 823 031e 01       		.byte	0x1
 824 031f 3E       		.byte	0x3e
 825 0320 81000000 		.4byte	0x81
 826 0324 00000000 		.4byte	.LLST0
 827 0328 08       		.uleb128 0x8
 828 0329 20000000 		.4byte	.LVL26
 829 032d AA010000 		.4byte	0x1aa
 830 0331 08       		.uleb128 0x8
 831 0332 26000000 		.4byte	.LVL28
 832 0336 E9010000 		.4byte	0x1e9
 833 033a 08       		.uleb128 0x8
ARM GAS  C:\Users\Ali\AppData\Local\Temp\ccKSSQv0.s 			page 19


 834 033b 2C000000 		.4byte	.LVL30
 835 033f 28020000 		.4byte	0x228
 836 0343 08       		.uleb128 0x8
 837 0344 32000000 		.4byte	.LVL32
 838 0348 78020000 		.4byte	0x278
 839 034c 08       		.uleb128 0x8
 840 034d 38000000 		.4byte	.LVL34
 841 0351 C8020000 		.4byte	0x2c8
 842 0355 00       		.byte	0
 843 0356 0A       		.uleb128 0xa
 844 0357 34010000 		.4byte	.LASF24
 845 035b 01       		.byte	0x1
 846 035c 30       		.byte	0x30
 847 035d 00000000 		.4byte	.LFB64
 848 0361 24000000 		.4byte	.LFE64-.LFB64
 849 0365 01       		.uleb128 0x1
 850 0366 9C       		.byte	0x9c
 851 0367 CE030000 		.4byte	0x3ce
 852 036b 0C       		.uleb128 0xc
 853 036c 65000000 		.4byte	.LASF25
 854 0370 01       		.byte	0x1
 855 0371 32       		.byte	0x32
 856 0372 81000000 		.4byte	0x81
 857 0376 85000000 		.4byte	.LLST1
 858 037a 0D       		.uleb128 0xd
 859 037b 0A000000 		.4byte	.LBB2
 860 037f 14000000 		.4byte	.LBE2-.LBB2
 861 0383 C4030000 		.4byte	0x3c4
 862 0387 0C       		.uleb128 0xc
 863 0388 01030000 		.4byte	.LASF26
 864 038c 01       		.byte	0x1
 865 038d 35       		.byte	0x35
 866 038e 81000000 		.4byte	0x81
 867 0392 A3000000 		.4byte	.LLST2
 868 0396 08       		.uleb128 0x8
 869 0397 0E000000 		.4byte	.LVL37
 870 039b 37040000 		.4byte	0x437
 871 039f 06       		.uleb128 0x6
 872 03a0 14000000 		.4byte	.LVL39
 873 03a4 42040000 		.4byte	0x442
 874 03a8 B3030000 		.4byte	0x3b3
 875 03ac 07       		.uleb128 0x7
 876 03ad 01       		.uleb128 0x1
 877 03ae 50       		.byte	0x50
 878 03af 02       		.uleb128 0x2
 879 03b0 75       		.byte	0x75
 880 03b1 00       		.sleb128 0
 881 03b2 00       		.byte	0
 882 03b3 09       		.uleb128 0x9
 883 03b4 1A000000 		.4byte	.LVL40
 884 03b8 04030000 		.4byte	0x304
 885 03bc 07       		.uleb128 0x7
 886 03bd 01       		.uleb128 0x1
 887 03be 50       		.byte	0x50
 888 03bf 02       		.uleb128 0x2
 889 03c0 75       		.byte	0x75
 890 03c1 00       		.sleb128 0
ARM GAS  C:\Users\Ali\AppData\Local\Temp\ccKSSQv0.s 			page 20


 891 03c2 00       		.byte	0
 892 03c3 00       		.byte	0
 893 03c4 08       		.uleb128 0x8
 894 03c5 06000000 		.4byte	.LVL35
 895 03c9 4D040000 		.4byte	0x44d
 896 03cd 00       		.byte	0
 897 03ce 0E       		.uleb128 0xe
 898 03cf 7D010000 		.4byte	.LASF42
 899 03d3 09       		.byte	0x9
 900 03d4 9606     		.2byte	0x696
 901 03d6 DA030000 		.4byte	0x3da
 902 03da 0F       		.uleb128 0xf
 903 03db 8C000000 		.4byte	0x8c
 904 03df 10       		.uleb128 0x10
 905 03e0 00000000 		.4byte	.LASF27
 906 03e4 00000000 		.4byte	.LASF27
 907 03e8 04       		.byte	0x4
 908 03e9 18       		.byte	0x18
 909 03ea 10       		.uleb128 0x10
 910 03eb 14000000 		.4byte	.LASF28
 911 03ef 14000000 		.4byte	.LASF28
 912 03f3 05       		.byte	0x5
 913 03f4 54       		.byte	0x54
 914 03f5 10       		.uleb128 0x10
 915 03f6 6C010000 		.4byte	.LASF29
 916 03fa 6C010000 		.4byte	.LASF29
 917 03fe 06       		.byte	0x6
 918 03ff 92       		.byte	0x92
 919 0400 10       		.uleb128 0x10
 920 0401 F0020000 		.4byte	.LASF30
 921 0405 F0020000 		.4byte	.LASF30
 922 0409 05       		.byte	0x5
 923 040a 8B       		.byte	0x8b
 924 040b 10       		.uleb128 0x10
 925 040c 56000000 		.4byte	.LASF31
 926 0410 56000000 		.4byte	.LASF31
 927 0414 07       		.byte	0x7
 928 0415 26       		.byte	0x26
 929 0416 10       		.uleb128 0x10
 930 0417 83000000 		.4byte	.LASF32
 931 041b 83000000 		.4byte	.LASF32
 932 041f 08       		.byte	0x8
 933 0420 26       		.byte	0x26
 934 0421 10       		.uleb128 0x10
 935 0422 71000000 		.4byte	.LASF33
 936 0426 71000000 		.4byte	.LASF33
 937 042a 06       		.byte	0x6
 938 042b C5       		.byte	0xc5
 939 042c 10       		.uleb128 0x10
 940 042d 81020000 		.4byte	.LASF34
 941 0431 81020000 		.4byte	.LASF34
 942 0435 06       		.byte	0x6
 943 0436 C3       		.byte	0xc3
 944 0437 10       		.uleb128 0x10
 945 0438 5A010000 		.4byte	.LASF35
 946 043c 5A010000 		.4byte	.LASF35
 947 0440 05       		.byte	0x5
ARM GAS  C:\Users\Ali\AppData\Local\Temp\ccKSSQv0.s 			page 21


 948 0441 6F       		.byte	0x6f
 949 0442 10       		.uleb128 0x10
 950 0443 8A010000 		.4byte	.LASF36
 951 0447 8A010000 		.4byte	.LASF36
 952 044b 05       		.byte	0x5
 953 044c 88       		.byte	0x88
 954 044d 10       		.uleb128 0x10
 955 044e F6010000 		.4byte	.LASF37
 956 0452 F6010000 		.4byte	.LASF37
 957 0456 05       		.byte	0x5
 958 0457 73       		.byte	0x73
 959 0458 00       		.byte	0
 960              		.section	.debug_abbrev,"",%progbits
 961              	.Ldebug_abbrev0:
 962 0000 01       		.uleb128 0x1
 963 0001 11       		.uleb128 0x11
 964 0002 01       		.byte	0x1
 965 0003 25       		.uleb128 0x25
 966 0004 0E       		.uleb128 0xe
 967 0005 13       		.uleb128 0x13
 968 0006 0B       		.uleb128 0xb
 969 0007 03       		.uleb128 0x3
 970 0008 0E       		.uleb128 0xe
 971 0009 1B       		.uleb128 0x1b
 972 000a 0E       		.uleb128 0xe
 973 000b 55       		.uleb128 0x55
 974 000c 17       		.uleb128 0x17
 975 000d 11       		.uleb128 0x11
 976 000e 01       		.uleb128 0x1
 977 000f 10       		.uleb128 0x10
 978 0010 17       		.uleb128 0x17
 979 0011 00       		.byte	0
 980 0012 00       		.byte	0
 981 0013 02       		.uleb128 0x2
 982 0014 24       		.uleb128 0x24
 983 0015 00       		.byte	0
 984 0016 0B       		.uleb128 0xb
 985 0017 0B       		.uleb128 0xb
 986 0018 3E       		.uleb128 0x3e
 987 0019 0B       		.uleb128 0xb
 988 001a 03       		.uleb128 0x3
 989 001b 0E       		.uleb128 0xe
 990 001c 00       		.byte	0
 991 001d 00       		.byte	0
 992 001e 03       		.uleb128 0x3
 993 001f 16       		.uleb128 0x16
 994 0020 00       		.byte	0
 995 0021 03       		.uleb128 0x3
 996 0022 0E       		.uleb128 0xe
 997 0023 3A       		.uleb128 0x3a
 998 0024 0B       		.uleb128 0xb
 999 0025 3B       		.uleb128 0x3b
 1000 0026 0B       		.uleb128 0xb
 1001 0027 49       		.uleb128 0x49
 1002 0028 13       		.uleb128 0x13
 1003 0029 00       		.byte	0
 1004 002a 00       		.byte	0
ARM GAS  C:\Users\Ali\AppData\Local\Temp\ccKSSQv0.s 			page 22


 1005 002b 04       		.uleb128 0x4
 1006 002c 24       		.uleb128 0x24
 1007 002d 00       		.byte	0
 1008 002e 0B       		.uleb128 0xb
 1009 002f 0B       		.uleb128 0xb
 1010 0030 3E       		.uleb128 0x3e
 1011 0031 0B       		.uleb128 0xb
 1012 0032 03       		.uleb128 0x3
 1013 0033 08       		.uleb128 0x8
 1014 0034 00       		.byte	0
 1015 0035 00       		.byte	0
 1016 0036 05       		.uleb128 0x5
 1017 0037 2E       		.uleb128 0x2e
 1018 0038 01       		.byte	0x1
 1019 0039 3F       		.uleb128 0x3f
 1020 003a 19       		.uleb128 0x19
 1021 003b 03       		.uleb128 0x3
 1022 003c 0E       		.uleb128 0xe
 1023 003d 3A       		.uleb128 0x3a
 1024 003e 0B       		.uleb128 0xb
 1025 003f 3B       		.uleb128 0x3b
 1026 0040 0B       		.uleb128 0xb
 1027 0041 27       		.uleb128 0x27
 1028 0042 19       		.uleb128 0x19
 1029 0043 49       		.uleb128 0x49
 1030 0044 13       		.uleb128 0x13
 1031 0045 8701     		.uleb128 0x87
 1032 0047 19       		.uleb128 0x19
 1033 0048 11       		.uleb128 0x11
 1034 0049 01       		.uleb128 0x1
 1035 004a 12       		.uleb128 0x12
 1036 004b 06       		.uleb128 0x6
 1037 004c 40       		.uleb128 0x40
 1038 004d 18       		.uleb128 0x18
 1039 004e 9742     		.uleb128 0x2117
 1040 0050 19       		.uleb128 0x19
 1041 0051 01       		.uleb128 0x1
 1042 0052 13       		.uleb128 0x13
 1043 0053 00       		.byte	0
 1044 0054 00       		.byte	0
 1045 0055 06       		.uleb128 0x6
 1046 0056 898201   		.uleb128 0x4109
 1047 0059 01       		.byte	0x1
 1048 005a 11       		.uleb128 0x11
 1049 005b 01       		.uleb128 0x1
 1050 005c 31       		.uleb128 0x31
 1051 005d 13       		.uleb128 0x13
 1052 005e 01       		.uleb128 0x1
 1053 005f 13       		.uleb128 0x13
 1054 0060 00       		.byte	0
 1055 0061 00       		.byte	0
 1056 0062 07       		.uleb128 0x7
 1057 0063 8A8201   		.uleb128 0x410a
 1058 0066 00       		.byte	0
 1059 0067 02       		.uleb128 0x2
 1060 0068 18       		.uleb128 0x18
 1061 0069 9142     		.uleb128 0x2111
ARM GAS  C:\Users\Ali\AppData\Local\Temp\ccKSSQv0.s 			page 23


 1062 006b 18       		.uleb128 0x18
 1063 006c 00       		.byte	0
 1064 006d 00       		.byte	0
 1065 006e 08       		.uleb128 0x8
 1066 006f 898201   		.uleb128 0x4109
 1067 0072 00       		.byte	0
 1068 0073 11       		.uleb128 0x11
 1069 0074 01       		.uleb128 0x1
 1070 0075 31       		.uleb128 0x31
 1071 0076 13       		.uleb128 0x13
 1072 0077 00       		.byte	0
 1073 0078 00       		.byte	0
 1074 0079 09       		.uleb128 0x9
 1075 007a 898201   		.uleb128 0x4109
 1076 007d 01       		.byte	0x1
 1077 007e 11       		.uleb128 0x11
 1078 007f 01       		.uleb128 0x1
 1079 0080 31       		.uleb128 0x31
 1080 0081 13       		.uleb128 0x13
 1081 0082 00       		.byte	0
 1082 0083 00       		.byte	0
 1083 0084 0A       		.uleb128 0xa
 1084 0085 2E       		.uleb128 0x2e
 1085 0086 01       		.byte	0x1
 1086 0087 3F       		.uleb128 0x3f
 1087 0088 19       		.uleb128 0x19
 1088 0089 03       		.uleb128 0x3
 1089 008a 0E       		.uleb128 0xe
 1090 008b 3A       		.uleb128 0x3a
 1091 008c 0B       		.uleb128 0xb
 1092 008d 3B       		.uleb128 0x3b
 1093 008e 0B       		.uleb128 0xb
 1094 008f 27       		.uleb128 0x27
 1095 0090 19       		.uleb128 0x19
 1096 0091 11       		.uleb128 0x11
 1097 0092 01       		.uleb128 0x1
 1098 0093 12       		.uleb128 0x12
 1099 0094 06       		.uleb128 0x6
 1100 0095 40       		.uleb128 0x40
 1101 0096 18       		.uleb128 0x18
 1102 0097 9742     		.uleb128 0x2117
 1103 0099 19       		.uleb128 0x19
 1104 009a 01       		.uleb128 0x1
 1105 009b 13       		.uleb128 0x13
 1106 009c 00       		.byte	0
 1107 009d 00       		.byte	0
 1108 009e 0B       		.uleb128 0xb
 1109 009f 05       		.uleb128 0x5
 1110 00a0 00       		.byte	0
 1111 00a1 03       		.uleb128 0x3
 1112 00a2 0E       		.uleb128 0xe
 1113 00a3 3A       		.uleb128 0x3a
 1114 00a4 0B       		.uleb128 0xb
 1115 00a5 3B       		.uleb128 0x3b
 1116 00a6 0B       		.uleb128 0xb
 1117 00a7 49       		.uleb128 0x49
 1118 00a8 13       		.uleb128 0x13
ARM GAS  C:\Users\Ali\AppData\Local\Temp\ccKSSQv0.s 			page 24


 1119 00a9 02       		.uleb128 0x2
 1120 00aa 17       		.uleb128 0x17
 1121 00ab 00       		.byte	0
 1122 00ac 00       		.byte	0
 1123 00ad 0C       		.uleb128 0xc
 1124 00ae 34       		.uleb128 0x34
 1125 00af 00       		.byte	0
 1126 00b0 03       		.uleb128 0x3
 1127 00b1 0E       		.uleb128 0xe
 1128 00b2 3A       		.uleb128 0x3a
 1129 00b3 0B       		.uleb128 0xb
 1130 00b4 3B       		.uleb128 0x3b
 1131 00b5 0B       		.uleb128 0xb
 1132 00b6 49       		.uleb128 0x49
 1133 00b7 13       		.uleb128 0x13
 1134 00b8 02       		.uleb128 0x2
 1135 00b9 17       		.uleb128 0x17
 1136 00ba 00       		.byte	0
 1137 00bb 00       		.byte	0
 1138 00bc 0D       		.uleb128 0xd
 1139 00bd 0B       		.uleb128 0xb
 1140 00be 01       		.byte	0x1
 1141 00bf 11       		.uleb128 0x11
 1142 00c0 01       		.uleb128 0x1
 1143 00c1 12       		.uleb128 0x12
 1144 00c2 06       		.uleb128 0x6
 1145 00c3 01       		.uleb128 0x1
 1146 00c4 13       		.uleb128 0x13
 1147 00c5 00       		.byte	0
 1148 00c6 00       		.byte	0
 1149 00c7 0E       		.uleb128 0xe
 1150 00c8 34       		.uleb128 0x34
 1151 00c9 00       		.byte	0
 1152 00ca 03       		.uleb128 0x3
 1153 00cb 0E       		.uleb128 0xe
 1154 00cc 3A       		.uleb128 0x3a
 1155 00cd 0B       		.uleb128 0xb
 1156 00ce 3B       		.uleb128 0x3b
 1157 00cf 05       		.uleb128 0x5
 1158 00d0 49       		.uleb128 0x49
 1159 00d1 13       		.uleb128 0x13
 1160 00d2 3F       		.uleb128 0x3f
 1161 00d3 19       		.uleb128 0x19
 1162 00d4 3C       		.uleb128 0x3c
 1163 00d5 19       		.uleb128 0x19
 1164 00d6 00       		.byte	0
 1165 00d7 00       		.byte	0
 1166 00d8 0F       		.uleb128 0xf
 1167 00d9 35       		.uleb128 0x35
 1168 00da 00       		.byte	0
 1169 00db 49       		.uleb128 0x49
 1170 00dc 13       		.uleb128 0x13
 1171 00dd 00       		.byte	0
 1172 00de 00       		.byte	0
 1173 00df 10       		.uleb128 0x10
 1174 00e0 2E       		.uleb128 0x2e
 1175 00e1 00       		.byte	0
ARM GAS  C:\Users\Ali\AppData\Local\Temp\ccKSSQv0.s 			page 25


 1176 00e2 3F       		.uleb128 0x3f
 1177 00e3 19       		.uleb128 0x19
 1178 00e4 3C       		.uleb128 0x3c
 1179 00e5 19       		.uleb128 0x19
 1180 00e6 6E       		.uleb128 0x6e
 1181 00e7 0E       		.uleb128 0xe
 1182 00e8 03       		.uleb128 0x3
 1183 00e9 0E       		.uleb128 0xe
 1184 00ea 3A       		.uleb128 0x3a
 1185 00eb 0B       		.uleb128 0xb
 1186 00ec 3B       		.uleb128 0x3b
 1187 00ed 0B       		.uleb128 0xb
 1188 00ee 00       		.byte	0
 1189 00ef 00       		.byte	0
 1190 00f0 00       		.byte	0
 1191              		.section	.debug_loc,"",%progbits
 1192              	.Ldebug_loc0:
 1193              	.LLST0:
 1194 0000 00000000 		.4byte	.LVL25
 1195 0004 1F000000 		.4byte	.LVL26-1
 1196 0008 0100     		.2byte	0x1
 1197 000a 50       		.byte	0x50
 1198 000b 1F000000 		.4byte	.LVL26-1
 1199 000f 22000000 		.4byte	.LVL27
 1200 0013 0400     		.2byte	0x4
 1201 0015 F3       		.byte	0xf3
 1202 0016 01       		.uleb128 0x1
 1203 0017 50       		.byte	0x50
 1204 0018 9F       		.byte	0x9f
 1205 0019 22000000 		.4byte	.LVL27
 1206 001d 25000000 		.4byte	.LVL28-1
 1207 0021 0100     		.2byte	0x1
 1208 0023 50       		.byte	0x50
 1209 0024 25000000 		.4byte	.LVL28-1
 1210 0028 28000000 		.4byte	.LVL29
 1211 002c 0400     		.2byte	0x4
 1212 002e F3       		.byte	0xf3
 1213 002f 01       		.uleb128 0x1
 1214 0030 50       		.byte	0x50
 1215 0031 9F       		.byte	0x9f
 1216 0032 28000000 		.4byte	.LVL29
 1217 0036 2B000000 		.4byte	.LVL30-1
 1218 003a 0100     		.2byte	0x1
 1219 003c 50       		.byte	0x50
 1220 003d 2B000000 		.4byte	.LVL30-1
 1221 0041 2E000000 		.4byte	.LVL31
 1222 0045 0400     		.2byte	0x4
 1223 0047 F3       		.byte	0xf3
 1224 0048 01       		.uleb128 0x1
 1225 0049 50       		.byte	0x50
 1226 004a 9F       		.byte	0x9f
 1227 004b 2E000000 		.4byte	.LVL31
 1228 004f 31000000 		.4byte	.LVL32-1
 1229 0053 0100     		.2byte	0x1
 1230 0055 50       		.byte	0x50
 1231 0056 31000000 		.4byte	.LVL32-1
 1232 005a 34000000 		.4byte	.LVL33
ARM GAS  C:\Users\Ali\AppData\Local\Temp\ccKSSQv0.s 			page 26


 1233 005e 0400     		.2byte	0x4
 1234 0060 F3       		.byte	0xf3
 1235 0061 01       		.uleb128 0x1
 1236 0062 50       		.byte	0x50
 1237 0063 9F       		.byte	0x9f
 1238 0064 34000000 		.4byte	.LVL33
 1239 0068 37000000 		.4byte	.LVL34-1
 1240 006c 0100     		.2byte	0x1
 1241 006e 50       		.byte	0x50
 1242 006f 37000000 		.4byte	.LVL34-1
 1243 0073 3A000000 		.4byte	.LFE65
 1244 0077 0400     		.2byte	0x4
 1245 0079 F3       		.byte	0xf3
 1246 007a 01       		.uleb128 0x1
 1247 007b 50       		.byte	0x50
 1248 007c 9F       		.byte	0x9f
 1249 007d 00000000 		.4byte	0
 1250 0081 00000000 		.4byte	0
 1251              	.LLST1:
 1252 0085 08000000 		.4byte	.LVL36
 1253 0089 1C000000 		.4byte	.LVL41
 1254 008d 0100     		.2byte	0x1
 1255 008f 54       		.byte	0x54
 1256 0090 1E000000 		.4byte	.LVL42
 1257 0094 24000000 		.4byte	.LFE64
 1258 0098 0100     		.2byte	0x1
 1259 009a 54       		.byte	0x54
 1260 009b 00000000 		.4byte	0
 1261 009f 00000000 		.4byte	0
 1262              	.LLST2:
 1263 00a3 10000000 		.4byte	.LVL38
 1264 00a7 1E000000 		.4byte	.LVL42
 1265 00ab 0100     		.2byte	0x1
 1266 00ad 55       		.byte	0x55
 1267 00ae 00000000 		.4byte	0
 1268 00b2 00000000 		.4byte	0
 1269              		.section	.debug_aranges,"",%progbits
 1270 0000 54000000 		.4byte	0x54
 1271 0004 0200     		.2byte	0x2
 1272 0006 00000000 		.4byte	.Ldebug_info0
 1273 000a 04       		.byte	0x4
 1274 000b 00       		.byte	0
 1275 000c 0000     		.2byte	0
 1276 000e 0000     		.2byte	0
 1277 0010 00000000 		.4byte	.LFB63
 1278 0014 60000000 		.4byte	.LFE63-.LFB63
 1279 0018 00000000 		.4byte	.LFB66
 1280 001c 1C000000 		.4byte	.LFE66-.LFB66
 1281 0020 00000000 		.4byte	.LFB67
 1282 0024 1C000000 		.4byte	.LFE67-.LFB67
 1283 0028 00000000 		.4byte	.LFB68
 1284 002c 1C000000 		.4byte	.LFE68-.LFB68
 1285 0030 00000000 		.4byte	.LFB69
 1286 0034 1C000000 		.4byte	.LFE69-.LFB69
 1287 0038 00000000 		.4byte	.LFB70
 1288 003c 14000000 		.4byte	.LFE70-.LFB70
 1289 0040 00000000 		.4byte	.LFB65
ARM GAS  C:\Users\Ali\AppData\Local\Temp\ccKSSQv0.s 			page 27


 1290 0044 3A000000 		.4byte	.LFE65-.LFB65
 1291 0048 00000000 		.4byte	.LFB64
 1292 004c 24000000 		.4byte	.LFE64-.LFB64
 1293 0050 00000000 		.4byte	0
 1294 0054 00000000 		.4byte	0
 1295              		.section	.debug_ranges,"",%progbits
 1296              	.Ldebug_ranges0:
 1297 0000 00000000 		.4byte	.LFB63
 1298 0004 60000000 		.4byte	.LFE63
 1299 0008 00000000 		.4byte	.LFB66
 1300 000c 1C000000 		.4byte	.LFE66
 1301 0010 00000000 		.4byte	.LFB67
 1302 0014 1C000000 		.4byte	.LFE67
 1303 0018 00000000 		.4byte	.LFB68
 1304 001c 1C000000 		.4byte	.LFE68
 1305 0020 00000000 		.4byte	.LFB69
 1306 0024 1C000000 		.4byte	.LFE69
 1307 0028 00000000 		.4byte	.LFB70
 1308 002c 14000000 		.4byte	.LFE70
 1309 0030 00000000 		.4byte	.LFB65
 1310 0034 3A000000 		.4byte	.LFE65
 1311 0038 00000000 		.4byte	.LFB64
 1312 003c 24000000 		.4byte	.LFE64
 1313 0040 00000000 		.4byte	0
 1314 0044 00000000 		.4byte	0
 1315              		.section	.debug_line,"",%progbits
 1316              	.Ldebug_line0:
 1317 0000 34020000 		.section	.debug_str,"MS",%progbits,1
 1317      02008301 
 1317      00000201 
 1317      FB0E0D00 
 1317      01010101 
 1318              	.LASF27:
 1319 0000 6973725F 		.ascii	"isr_uart_rx_StartEx\000"
 1319      75617274 
 1319      5F72785F 
 1319      53746172 
 1319      74457800 
 1320              	.LASF28:
 1321 0014 55415254 		.ascii	"UART_1_Start\000"
 1321      5F315F53 
 1321      74617274 
 1321      00
 1322              	.LASF4:
 1323 0021 5F5F7569 		.ascii	"__uint8_t\000"
 1323      6E74385F 
 1323      7400
 1324              	.LASF5:
 1325 002b 5F5F696E 		.ascii	"__int32_t\000"
 1325      7433325F 
 1325      7400
 1326              	.LASF19:
 1327 0035 696E6372 		.ascii	"increaseSpeed\000"
 1327      65617365 
 1327      53706565 
 1327      6400
 1328              	.LASF3:
ARM GAS  C:\Users\Ali\AppData\Local\Temp\ccKSSQv0.s 			page 28


 1329 0043 73686F72 		.ascii	"short unsigned int\000"
 1329      7420756E 
 1329      7369676E 
 1329      65642069 
 1329      6E7400
 1330              	.LASF31:
 1331 0056 50696E5F 		.ascii	"Pin_Out1_Write\000"
 1331      4F757431 
 1331      5F577269 
 1331      746500
 1332              	.LASF25:
 1333 0065 62797465 		.ascii	"bytesToRead\000"
 1333      73546F52 
 1333      65616400 
 1334              	.LASF33:
 1335 0071 50574D5F 		.ascii	"PWM_1_ReadCompare\000"
 1335      315F5265 
 1335      6164436F 
 1335      6D706172 
 1335      6500
 1336              	.LASF32:
 1337 0083 50696E5F 		.ascii	"Pin_Out2_Write\000"
 1337      4F757432 
 1337      5F577269 
 1337      746500
 1338              	.LASF13:
 1339 0092 666C6F61 		.ascii	"float\000"
 1339      7400
 1340              	.LASF1:
 1341 0098 756E7369 		.ascii	"unsigned char\000"
 1341      676E6564 
 1341      20636861 
 1341      7200
 1342              	.LASF38:
 1343 00a6 474E5520 		.ascii	"GNU C11 5.4.1 20160609 (release) [ARM/embedded-5-br"
 1343      43313120 
 1343      352E342E 
 1343      31203230 
 1343      31363036 
 1344 00d9 616E6368 		.ascii	"anch revision 237715] -mcpu=cortex-m3 -mthumb -g -O"
 1344      20726576 
 1344      6973696F 
 1344      6E203233 
 1344      37373135 
 1345 010c 67202D66 		.ascii	"g -ffunction-sections -ffat-lto-objects\000"
 1345      66756E63 
 1345      74696F6E 
 1345      2D736563 
 1345      74696F6E 
 1346              	.LASF24:
 1347 0134 4953525F 		.ascii	"ISR_UART_rx_handler\000"
 1347      55415254 
 1347      5F72785F 
 1347      68616E64 
 1347      6C657200 
 1348              	.LASF7:
 1349 0148 6C6F6E67 		.ascii	"long unsigned int\000"
ARM GAS  C:\Users\Ali\AppData\Local\Temp\ccKSSQv0.s 			page 29


 1349      20756E73 
 1349      69676E65 
 1349      6420696E 
 1349      7400
 1350              	.LASF35:
 1351 015a 55415254 		.ascii	"UART_1_ReadRxData\000"
 1351      5F315F52 
 1351      65616452 
 1351      78446174 
 1351      6100
 1352              	.LASF29:
 1353 016c 50574D5F 		.ascii	"PWM_1_Start\000"
 1353      315F5374 
 1353      61727400 
 1354              	.LASF22:
 1355 0178 73746F70 		.ascii	"stop\000"
 1355      00
 1356              	.LASF42:
 1357 017d 49544D5F 		.ascii	"ITM_RxBuffer\000"
 1357      52784275 
 1357      66666572 
 1357      00
 1358              	.LASF36:
 1359 018a 55415254 		.ascii	"UART_1_WriteTxData\000"
 1359      5F315F57 
 1359      72697465 
 1359      54784461 
 1359      746100
 1360              	.LASF14:
 1361 019d 646F7562 		.ascii	"double\000"
 1361      6C6500
 1362              	.LASF41:
 1363 01a4 6D61696E 		.ascii	"main\000"
 1363      00
 1364              	.LASF23:
 1365 01a9 68616E64 		.ascii	"handleByteReceived\000"
 1365      6C654279 
 1365      74655265 
 1365      63656976 
 1365      656400
 1366              	.LASF10:
 1367 01bc 756E7369 		.ascii	"unsigned int\000"
 1367      676E6564 
 1367      20696E74 
 1367      00
 1368              	.LASF20:
 1369 01c9 64726976 		.ascii	"driveForwards\000"
 1369      65466F72 
 1369      77617264 
 1369      7300
 1370              	.LASF9:
 1371 01d7 6C6F6E67 		.ascii	"long long unsigned int\000"
 1371      206C6F6E 
 1371      6720756E 
 1371      7369676E 
 1371      65642069 
 1372              	.LASF11:
ARM GAS  C:\Users\Ali\AppData\Local\Temp\ccKSSQv0.s 			page 30


 1373 01ee 75696E74 		.ascii	"uint8_t\000"
 1373      385F7400 
 1374              	.LASF37:
 1375 01f6 55415254 		.ascii	"UART_1_GetRxBufferSize\000"
 1375      5F315F47 
 1375      65745278 
 1375      42756666 
 1375      65725369 
 1376              	.LASF40:
 1377 020d 433A5C55 		.ascii	"C:\\Users\\Ali\\Documents\\developmentFolders\\GitH"
 1377      73657273 
 1377      5C416C69 
 1377      5C446F63 
 1377      756D656E 
 1378 023b 75625C49 		.ascii	"ub\\I3GFV_AlestoMare\\Opgave1\\DC-Motor-PWM.cydsn\000"
 1378      33474656 
 1378      5F416C65 
 1378      73746F4D 
 1378      6172655C 
 1379              	.LASF12:
 1380 026a 696E7433 		.ascii	"int32_t\000"
 1380      325F7400 
 1381              	.LASF21:
 1382 0272 64726976 		.ascii	"driveBackwards\000"
 1382      65426163 
 1382      6B776172 
 1382      647300
 1383              	.LASF34:
 1384 0281 50574D5F 		.ascii	"PWM_1_WriteCompare\000"
 1384      315F5772 
 1384      69746543 
 1384      6F6D7061 
 1384      726500
 1385              	.LASF8:
 1386 0294 6C6F6E67 		.ascii	"long long int\000"
 1386      206C6F6E 
 1386      6720696E 
 1386      7400
 1387              	.LASF17:
 1388 02a2 73697A65 		.ascii	"sizetype\000"
 1388      74797065 
 1388      00
 1389              	.LASF39:
 1390 02ab 6D61696E 		.ascii	"main.c\000"
 1390      2E6300
 1391              	.LASF15:
 1392 02b2 63686172 		.ascii	"char\000"
 1392      00
 1393              	.LASF18:
 1394 02b7 64656372 		.ascii	"decreaseSpeed\000"
 1394      65617365 
 1394      53706565 
 1394      6400
 1395              	.LASF2:
 1396 02c5 73686F72 		.ascii	"short int\000"
 1396      7420696E 
 1396      7400
ARM GAS  C:\Users\Ali\AppData\Local\Temp\ccKSSQv0.s 			page 31


 1397              	.LASF6:
 1398 02cf 6C6F6E67 		.ascii	"long int\000"
 1398      20696E74 
 1398      00
 1399              	.LASF16:
 1400 02d8 6C6F6E67 		.ascii	"long double\000"
 1400      20646F75 
 1400      626C6500 
 1401              	.LASF0:
 1402 02e4 7369676E 		.ascii	"signed char\000"
 1402      65642063 
 1402      68617200 
 1403              	.LASF30:
 1404 02f0 55415254 		.ascii	"UART_1_PutString\000"
 1404      5F315F50 
 1404      75745374 
 1404      72696E67 
 1404      00
 1405              	.LASF26:
 1406 0301 62797465 		.ascii	"byteReceived\000"
 1406      52656365 
 1406      69766564 
 1406      00
 1407              		.ident	"GCC: (GNU Tools for ARM Embedded Processors) 5.4.1 20160609 (release) [ARM/embedded-5-bran
