ARM GAS  C:\Users\ABDALL~1\AppData\Local\Temp\ccYoON9v.s 			page 1


   1              		.syntax unified
   2              		.cpu cortex-m3
   3              		.fpu softvfp
   4              		.eabi_attribute 20, 1
   5              		.eabi_attribute 21, 1
   6              		.eabi_attribute 23, 3
   7              		.eabi_attribute 24, 1
   8              		.eabi_attribute 25, 1
   9              		.eabi_attribute 26, 1
  10              		.eabi_attribute 30, 1
  11              		.eabi_attribute 34, 1
  12              		.eabi_attribute 18, 4
  13              		.thumb
  14              		.syntax unified
  15              		.file	"cymetadata.c"
  16              		.text
  17              	.Ltext0:
  18              		.cfi_sections	.debug_frame
  19              		.global	cy_metadata
  20              		.global	cy_meta_flashprotect
  21              		.global	cy_meta_wonvl
  22              		.global	cy_meta_custnvl
  23              		.global	cy_meta_configecc
  24              		.section	.cyconfigecc,"a",%progbits
  25              		.align	2
  26              		.type	cy_meta_configecc, %object
  27              		.size	cy_meta_configecc, 2364
  28              	cy_meta_configecc:
  29 0000 01       		.byte	1
  30 0001 52       		.byte	82
  31 0002 00       		.byte	0
  32 0003 40       		.byte	64
  33 0004 04       		.byte	4
  34 0005 64       		.byte	100
  35 0006 00       		.byte	0
  36 0007 40       		.byte	64
  37 0008 03       		.byte	3
  38 0009 65       		.byte	101
  39 000a 00       		.byte	0
  40 000b 40       		.byte	64
  41 000c 44       		.byte	68
  42 000d 00       		.byte	0
  43 000e 01       		.byte	1
  44 000f 40       		.byte	64
  45 0010 30       		.byte	48
  46 0011 01       		.byte	1
  47 0012 01       		.byte	1
  48 0013 40       		.byte	64
  49 0014 58       		.byte	88
  50 0015 02       		.byte	2
  51 0016 01       		.byte	1
  52 0017 40       		.byte	64
  53 0018 44       		.byte	68
  54 0019 03       		.byte	3
  55 001a 01       		.byte	1
  56 001b 40       		.byte	64
  57 001c 4D       		.byte	77
ARM GAS  C:\Users\ABDALL~1\AppData\Local\Temp\ccYoON9v.s 			page 2


  58 001d 04       		.byte	4
  59 001e 01       		.byte	1
  60 001f 40       		.byte	64
  61 0020 44       		.byte	68
  62 0021 05       		.byte	5
  63 0022 01       		.byte	1
  64 0023 40       		.byte	64
  65 0024 60       		.byte	96
  66 0025 06       		.byte	6
  67 0026 01       		.byte	1
  68 0027 40       		.byte	64
  69 0028 3F       		.byte	63
  70 0029 07       		.byte	7
  71 002a 01       		.byte	1
  72 002b 40       		.byte	64
  73 002c 02       		.byte	2
  74 002d 09       		.byte	9
  75 002e 01       		.byte	1
  76 002f 40       		.byte	64
  77 0030 06       		.byte	6
  78 0031 0B       		.byte	11
  79 0032 01       		.byte	1
  80 0033 40       		.byte	64
  81 0034 4D       		.byte	77
  82 0035 0C       		.byte	12
  83 0036 01       		.byte	1
  84 0037 40       		.byte	64
  85 0038 33       		.byte	51
  86 0039 0D       		.byte	13
  87 003a 01       		.byte	1
  88 003b 40       		.byte	64
  89 003c 02       		.byte	2
  90 003d 0F       		.byte	15
  91 003e 01       		.byte	1
  92 003f 40       		.byte	64
  93 0040 69       		.byte	105
  94 0041 14       		.byte	20
  95 0042 01       		.byte	1
  96 0043 40       		.byte	64
  97 0044 52       		.byte	82
  98 0045 15       		.byte	21
  99 0046 01       		.byte	1
 100 0047 40       		.byte	64
 101 0048 48       		.byte	72
 102 0049 16       		.byte	22
 103 004a 01       		.byte	1
 104 004b 40       		.byte	64
 105 004c 3F       		.byte	63
 106 004d 17       		.byte	23
 107 004e 01       		.byte	1
 108 004f 40       		.byte	64
 109 0050 02       		.byte	2
 110 0051 19       		.byte	25
 111 0052 01       		.byte	1
 112 0053 40       		.byte	64
 113 0054 04       		.byte	4
 114 0055 1B       		.byte	27
ARM GAS  C:\Users\ABDALL~1\AppData\Local\Temp\ccYoON9v.s 			page 3


 115 0056 01       		.byte	1
 116 0057 40       		.byte	64
 117 0058 03       		.byte	3
 118 0059 40       		.byte	64
 119 005a 01       		.byte	1
 120 005b 40       		.byte	64
 121 005c 04       		.byte	4
 122 005d 41       		.byte	65
 123 005e 01       		.byte	1
 124 005f 40       		.byte	64
 125 0060 04       		.byte	4
 126 0061 42       		.byte	66
 127 0062 01       		.byte	1
 128 0063 40       		.byte	64
 129 0064 04       		.byte	4
 130 0065 43       		.byte	67
 131 0066 01       		.byte	1
 132 0067 40       		.byte	64
 133 0068 02       		.byte	2
 134 0069 44       		.byte	68
 135 006a 01       		.byte	1
 136 006b 40       		.byte	64
 137 006c 05       		.byte	5
 138 006d 45       		.byte	69
 139 006e 01       		.byte	1
 140 006f 40       		.byte	64
 141 0070 01       		.byte	1
 142 0071 46       		.byte	70
 143 0072 01       		.byte	1
 144 0073 40       		.byte	64
 145 0074 05       		.byte	5
 146 0075 48       		.byte	72
 147 0076 01       		.byte	1
 148 0077 40       		.byte	64
 149 0078 07       		.byte	7
 150 0079 49       		.byte	73
 151 007a 01       		.byte	1
 152 007b 40       		.byte	64
 153 007c 04       		.byte	4
 154 007d 4D       		.byte	77
 155 007e 01       		.byte	1
 156 007f 40       		.byte	64
 157 0080 06       		.byte	6
 158 0081 50       		.byte	80
 159 0082 01       		.byte	1
 160 0083 40       		.byte	64
 161 0084 01       		.byte	1
 162 0085 51       		.byte	81
 163 0086 01       		.byte	1
 164 0087 40       		.byte	64
 165 0088 11       		.byte	17
 166 0089 01       		.byte	1
 167 008a 22       		.byte	34
 168 008b 0F       		.byte	15
 169 008c 27       		.byte	39
 170 008d 04       		.byte	4
 171 008e 32       		.byte	50
ARM GAS  C:\Users\ABDALL~1\AppData\Local\Temp\ccYoON9v.s 			page 4


 172 008f 08       		.byte	8
 173 0090 8D       		.byte	-115
 174 0091 0D       		.byte	13
 175 0092 85       		.byte	-123
 176 0093 0F       		.byte	15
 177 0094 86       		.byte	-122
 178 0095 72       		.byte	114
 179 0096 87       		.byte	-121
 180 0097 38       		.byte	56
 181 0098 00       		.byte	0
 182 0099 0D       		.byte	13
 183 009a 03       		.byte	3
 184 009b 01       		.byte	1
 185 009c 04       		.byte	4
 186 009d 5D       		.byte	93
 187 009e 05       		.byte	5
 188 009f 04       		.byte	4
 189 00a0 06       		.byte	6
 190 00a1 A2       		.byte	-94
 191 00a2 08       		.byte	8
 192 00a3 92       		.byte	-110
 193 00a4 09       		.byte	9
 194 00a5 FF       		.byte	-1
 195 00a6 0A       		.byte	10
 196 00a7 60       		.byte	96
 197 00a8 0C       		.byte	12
 198 00a9 40       		.byte	64
 199 00aa 0E       		.byte	14
 200 00ab 1D       		.byte	29
 201 00ac 0F       		.byte	15
 202 00ad 04       		.byte	4
 203 00ae 10       		.byte	16
 204 00af 04       		.byte	4
 205 00b0 11       		.byte	17
 206 00b1 4D       		.byte	77
 207 00b2 12       		.byte	18
 208 00b3 E0       		.byte	-32
 209 00b4 13       		.byte	19
 210 00b5 92       		.byte	-110
 211 00b6 14       		.byte	20
 212 00b7 E2       		.byte	-30
 213 00b8 17       		.byte	23
 214 00b9 02       		.byte	2
 215 00ba 1A       		.byte	26
 216 00bb FF       		.byte	-1
 217 00bc 1B       		.byte	27
 218 00bd B5       		.byte	-75
 219 00be 1D       		.byte	29
 220 00bf 02       		.byte	2
 221 00c0 1E       		.byte	30
 222 00c1 08       		.byte	8
 223 00c2 21       		.byte	33
 224 00c3 A5       		.byte	-91
 225 00c4 22       		.byte	34
 226 00c5 02       		.byte	2
 227 00c6 23       		.byte	35
 228 00c7 4A       		.byte	74
ARM GAS  C:\Users\ABDALL~1\AppData\Local\Temp\ccYoON9v.s 			page 5


 229 00c8 24       		.byte	36
 230 00c9 01       		.byte	1
 231 00ca 25       		.byte	37
 232 00cb A9       		.byte	-87
 233 00cc 27       		.byte	39
 234 00cd 54       		.byte	84
 235 00ce 28       		.byte	40
 236 00cf 01       		.byte	1
 237 00d0 29       		.byte	41
 238 00d1 CC       		.byte	-52
 239 00d2 2B       		.byte	43
 240 00d3 13       		.byte	19
 241 00d4 2C       		.byte	44
 242 00d5 3D       		.byte	61
 243 00d6 2D       		.byte	45
 244 00d7 1A       		.byte	26
 245 00d8 2E       		.byte	46
 246 00d9 C2       		.byte	-62
 247 00da 2F       		.byte	47
 248 00db 60       		.byte	96
 249 00dc 32       		.byte	50
 250 00dd FF       		.byte	-1
 251 00de 37       		.byte	55
 252 00df FF       		.byte	-1
 253 00e0 3E       		.byte	62
 254 00e1 04       		.byte	4
 255 00e2 3F       		.byte	63
 256 00e3 40       		.byte	64
 257 00e4 52       		.byte	82
 258 00e5 F6       		.byte	-10
 259 00e6 58       		.byte	88
 260 00e7 04       		.byte	4
 261 00e8 59       		.byte	89
 262 00e9 04       		.byte	4
 263 00ea 5B       		.byte	91
 264 00eb 04       		.byte	4
 265 00ec 5F       		.byte	95
 266 00ed 01       		.byte	1
 267 00ee 84       		.byte	-124
 268 00ef 60       		.byte	96
 269 00f0 88       		.byte	-120
 270 00f1 01       		.byte	1
 271 00f2 8A       		.byte	-118
 272 00f3 42       		.byte	66
 273 00f4 8C       		.byte	-116
 274 00f5 46       		.byte	70
 275 00f6 92       		.byte	-110
 276 00f7 20       		.byte	32
 277 00f8 95       		.byte	-107
 278 00f9 01       		.byte	1
 279 00fa 96       		.byte	-106
 280 00fb 42       		.byte	66
 281 00fc 98       		.byte	-104
 282 00fd 08       		.byte	8
 283 00fe 9A       		.byte	-102
 284 00ff 05       		.byte	5
 285 0100 9C       		.byte	-100
ARM GAS  C:\Users\ABDALL~1\AppData\Local\Temp\ccYoON9v.s 			page 6


 286 0101 05       		.byte	5
 287 0102 9E       		.byte	-98
 288 0103 0A       		.byte	10
 289 0104 9F       		.byte	-97
 290 0105 01       		.byte	1
 291 0106 A0       		.byte	-96
 292 0107 01       		.byte	1
 293 0108 A2       		.byte	-94
 294 0109 02       		.byte	2
 295 010a A4       		.byte	-92
 296 010b 41       		.byte	65
 297 010c A6       		.byte	-90
 298 010d 04       		.byte	4
 299 010e A8       		.byte	-88
 300 010f 6F       		.byte	111
 301 0110 A9       		.byte	-87
 302 0111 01       		.byte	1
 303 0112 AE       		.byte	-82
 304 0113 10       		.byte	16
 305 0114 B0       		.byte	-80
 306 0115 60       		.byte	96
 307 0116 B6       		.byte	-74
 308 0117 1F       		.byte	31
 309 0118 B7       		.byte	-73
 310 0119 01       		.byte	1
 311 011a D8       		.byte	-40
 312 011b 04       		.byte	4
 313 011c D9       		.byte	-39
 314 011d 04       		.byte	4
 315 011e DF       		.byte	-33
 316 011f 01       		.byte	1
 317 0120 00       		.byte	0
 318 0121 18       		.byte	24
 319 0122 01       		.byte	1
 320 0123 28       		.byte	40
 321 0124 02       		.byte	2
 322 0125 50       		.byte	80
 323 0126 03       		.byte	3
 324 0127 02       		.byte	2
 325 0128 04       		.byte	4
 326 0129 10       		.byte	16
 327 012a 06       		.byte	6
 328 012b 21       		.byte	33
 329 012c 08       		.byte	8
 330 012d 18       		.byte	24
 331 012e 09       		.byte	9
 332 012f 40       		.byte	64
 333 0130 0B       		.byte	11
 334 0131 80       		.byte	-128
 335 0132 0C       		.byte	12
 336 0133 14       		.byte	20
 337 0134 0E       		.byte	14
 338 0135 42       		.byte	66
 339 0136 10       		.byte	16
 340 0137 81       		.byte	-127
 341 0138 12       		.byte	18
 342 0139 01       		.byte	1
ARM GAS  C:\Users\ABDALL~1\AppData\Local\Temp\ccYoON9v.s 			page 7


 343 013a 13       		.byte	19
 344 013b 54       		.byte	84
 345 013c 15       		.byte	21
 346 013d 90       		.byte	-112
 347 013e 16       		.byte	22
 348 013f 50       		.byte	80
 349 0140 1A       		.byte	26
 350 0141 20       		.byte	32
 351 0142 1E       		.byte	30
 352 0143 42       		.byte	66
 353 0144 1F       		.byte	31
 354 0145 C0       		.byte	-64
 355 0146 21       		.byte	33
 356 0147 40       		.byte	64
 357 0148 25       		.byte	37
 358 0149 40       		.byte	64
 359 014a 26       		.byte	38
 360 014b 80       		.byte	-128
 361 014c 28       		.byte	40
 362 014d 01       		.byte	1
 363 014e 29       		.byte	41
 364 014f 28       		.byte	40
 365 0150 2B       		.byte	43
 366 0151 80       		.byte	-128
 367 0152 2E       		.byte	46
 368 0153 30       		.byte	48
 369 0154 30       		.byte	48
 370 0155 10       		.byte	16
 371 0156 31       		.byte	49
 372 0157 04       		.byte	4
 373 0158 32       		.byte	50
 374 0159 80       		.byte	-128
 375 015a 33       		.byte	51
 376 015b 02       		.byte	2
 377 015c 34       		.byte	52
 378 015d 08       		.byte	8
 379 015e 36       		.byte	54
 380 015f 80       		.byte	-128
 381 0160 38       		.byte	56
 382 0161 82       		.byte	-126
 383 0162 39       		.byte	57
 384 0163 10       		.byte	16
 385 0164 3B       		.byte	59
 386 0165 04       		.byte	4
 387 0166 44       		.byte	68
 388 0167 10       		.byte	16
 389 0168 45       		.byte	69
 390 0169 08       		.byte	8
 391 016a 69       		.byte	105
 392 016b 24       		.byte	36
 393 016c 70       		.byte	112
 394 016d C1       		.byte	-63
 395 016e 71       		.byte	113
 396 016f 04       		.byte	4
 397 0170 73       		.byte	115
 398 0171 14       		.byte	20
 399 0172 89       		.byte	-119
ARM GAS  C:\Users\ABDALL~1\AppData\Local\Temp\ccYoON9v.s 			page 8


 400 0173 10       		.byte	16
 401 0174 C0       		.byte	-64
 402 0175 EF       		.byte	-17
 403 0176 C2       		.byte	-62
 404 0177 FF       		.byte	-1
 405 0178 C4       		.byte	-60
 406 0179 FF       		.byte	-1
 407 017a CA       		.byte	-54
 408 017b 2F       		.byte	47
 409 017c CC       		.byte	-52
 410 017d 5F       		.byte	95
 411 017e CE       		.byte	-50
 412 017f 0F       		.byte	15
 413 0180 00       		.byte	0
 414 0181 01       		.byte	1
 415 0182 02       		.byte	2
 416 0183 28       		.byte	40
 417 0184 04       		.byte	4
 418 0185 21       		.byte	33
 419 0186 05       		.byte	5
 420 0187 02       		.byte	2
 421 0188 06       		.byte	6
 422 0189 04       		.byte	4
 423 018a 07       		.byte	7
 424 018b 04       		.byte	4
 425 018c 08       		.byte	8
 426 018d 80       		.byte	-128
 427 018e 0A       		.byte	10
 428 018f 40       		.byte	64
 429 0190 0C       		.byte	12
 430 0191 1E       		.byte	30
 431 0192 0D       		.byte	13
 432 0193 01       		.byte	1
 433 0194 10       		.byte	16
 434 0195 80       		.byte	-128
 435 0196 14       		.byte	20
 436 0197 08       		.byte	8
 437 0198 16       		.byte	22
 438 0199 10       		.byte	16
 439 019a 20       		.byte	32
 440 019b 21       		.byte	33
 441 019c 22       		.byte	34
 442 019d 02       		.byte	2
 443 019e 24       		.byte	36
 444 019f 01       		.byte	1
 445 01a0 26       		.byte	38
 446 01a1 30       		.byte	48
 447 01a2 28       		.byte	40
 448 01a3 FE       		.byte	-2
 449 01a4 29       		.byte	41
 450 01a5 01       		.byte	1
 451 01a6 2C       		.byte	44
 452 01a7 01       		.byte	1
 453 01a8 2D       		.byte	45
 454 01a9 02       		.byte	2
 455 01aa 2E       		.byte	46
 456 01ab 10       		.byte	16
ARM GAS  C:\Users\ABDALL~1\AppData\Local\Temp\ccYoON9v.s 			page 9


 457 01ac 2F       		.byte	47
 458 01ad 04       		.byte	4
 459 01ae 32       		.byte	50
 460 01af 80       		.byte	-128
 461 01b0 33       		.byte	51
 462 01b1 01       		.byte	1
 463 01b2 34       		.byte	52
 464 01b3 7E       		.byte	126
 465 01b4 36       		.byte	54
 466 01b5 01       		.byte	1
 467 01b6 37       		.byte	55
 468 01b7 07       		.byte	7
 469 01b8 38       		.byte	56
 470 01b9 A8       		.byte	-88
 471 01ba 39       		.byte	57
 472 01bb 88       		.byte	-120
 473 01bc 3E       		.byte	62
 474 01bd 40       		.byte	64
 475 01be 3F       		.byte	63
 476 01bf 44       		.byte	68
 477 01c0 40       		.byte	64
 478 01c1 23       		.byte	35
 479 01c2 46       		.byte	70
 480 01c3 02       		.byte	2
 481 01c4 47       		.byte	71
 482 01c5 50       		.byte	80
 483 01c6 48       		.byte	72
 484 01c7 24       		.byte	36
 485 01c8 49       		.byte	73
 486 01c9 FF       		.byte	-1
 487 01ca 4A       		.byte	74
 488 01cb FF       		.byte	-1
 489 01cc 4B       		.byte	75
 490 01cd FF       		.byte	-1
 491 01ce 4C       		.byte	76
 492 01cf 42       		.byte	66
 493 01d0 4D       		.byte	77
 494 01d1 A0       		.byte	-96
 495 01d2 4E       		.byte	78
 496 01d3 70       		.byte	112
 497 01d4 50       		.byte	80
 498 01d5 08       		.byte	8
 499 01d6 51       		.byte	81
 500 01d7 10       		.byte	16
 501 01d8 54       		.byte	84
 502 01d9 20       		.byte	32
 503 01da 56       		.byte	86
 504 01db 04       		.byte	4
 505 01dc 58       		.byte	88
 506 01dd 04       		.byte	4
 507 01de 59       		.byte	89
 508 01df 04       		.byte	4
 509 01e0 5A       		.byte	90
 510 01e1 04       		.byte	4
 511 01e2 5B       		.byte	91
 512 01e3 04       		.byte	4
 513 01e4 5F       		.byte	95
ARM GAS  C:\Users\ABDALL~1\AppData\Local\Temp\ccYoON9v.s 			page 10


 514 01e5 01       		.byte	1
 515 01e6 61       		.byte	97
 516 01e7 48       		.byte	72
 517 01e8 62       		.byte	98
 518 01e9 40       		.byte	64
 519 01ea 63       		.byte	99
 520 01eb 48       		.byte	72
 521 01ec 64       		.byte	100
 522 01ed 80       		.byte	-128
 523 01ee 65       		.byte	101
 524 01ef 48       		.byte	72
 525 01f0 66       		.byte	102
 526 01f1 80       		.byte	-128
 527 01f2 67       		.byte	103
 528 01f3 48       		.byte	72
 529 01f4 84       		.byte	-124
 530 01f5 20       		.byte	32
 531 01f6 86       		.byte	-122
 532 01f7 02       		.byte	2
 533 01f8 88       		.byte	-120
 534 01f9 20       		.byte	32
 535 01fa 8A       		.byte	-118
 536 01fb 08       		.byte	8
 537 01fc 8B       		.byte	-117
 538 01fd 02       		.byte	2
 539 01fe 8E       		.byte	-114
 540 01ff 0F       		.byte	15
 541 0200 8F       		.byte	-113
 542 0201 01       		.byte	1
 543 0202 90       		.byte	-112
 544 0203 20       		.byte	32
 545 0204 92       		.byte	-110
 546 0205 08       		.byte	8
 547 0206 94       		.byte	-108
 548 0207 4F       		.byte	79
 549 0208 97       		.byte	-105
 550 0209 01       		.byte	1
 551 020a 9A       		.byte	-102
 552 020b 0F       		.byte	15
 553 020c 9B       		.byte	-101
 554 020d 04       		.byte	4
 555 020e 9C       		.byte	-100
 556 020f 0F       		.byte	15
 557 0210 A2       		.byte	-94
 558 0211 10       		.byte	16
 559 0212 A3       		.byte	-93
 560 0213 03       		.byte	3
 561 0214 A8       		.byte	-88
 562 0215 20       		.byte	32
 563 0216 AA       		.byte	-86
 564 0217 04       		.byte	4
 565 0218 AB       		.byte	-85
 566 0219 01       		.byte	1
 567 021a AC       		.byte	-84
 568 021b 20       		.byte	32
 569 021c AE       		.byte	-82
 570 021d 01       		.byte	1
ARM GAS  C:\Users\ABDALL~1\AppData\Local\Temp\ccYoON9v.s 			page 11


 571 021e B2       		.byte	-78
 572 021f 70       		.byte	112
 573 0220 B3       		.byte	-77
 574 0221 07       		.byte	7
 575 0222 B4       		.byte	-76
 576 0223 0F       		.byte	15
 577 0224 B8       		.byte	-72
 578 0225 08       		.byte	8
 579 0226 BB       		.byte	-69
 580 0227 08       		.byte	8
 581 0228 BE       		.byte	-66
 582 0229 14       		.byte	20
 583 022a D8       		.byte	-40
 584 022b 04       		.byte	4
 585 022c D9       		.byte	-39
 586 022d 04       		.byte	4
 587 022e DF       		.byte	-33
 588 022f 01       		.byte	1
 589 0230 00       		.byte	0
 590 0231 18       		.byte	24
 591 0232 02       		.byte	2
 592 0233 12       		.byte	18
 593 0234 03       		.byte	3
 594 0235 04       		.byte	4
 595 0236 05       		.byte	5
 596 0237 21       		.byte	33
 597 0238 06       		.byte	6
 598 0239 12       		.byte	18
 599 023a 08       		.byte	8
 600 023b 02       		.byte	2
 601 023c 09       		.byte	9
 602 023d 28       		.byte	40
 603 023e 0B       		.byte	11
 604 023f 82       		.byte	-126
 605 0240 0D       		.byte	13
 606 0241 08       		.byte	8
 607 0242 0F       		.byte	15
 608 0243 80       		.byte	-128
 609 0244 10       		.byte	16
 610 0245 04       		.byte	4
 611 0246 11       		.byte	17
 612 0247 40       		.byte	64
 613 0248 12       		.byte	18
 614 0249 48       		.byte	72
 615 024a 13       		.byte	19
 616 024b 40       		.byte	64
 617 024c 14       		.byte	20
 618 024d 02       		.byte	2
 619 024e 15       		.byte	21
 620 024f 10       		.byte	16
 621 0250 16       		.byte	22
 622 0251 80       		.byte	-128
 623 0252 17       		.byte	23
 624 0253 04       		.byte	4
 625 0254 19       		.byte	25
 626 0255 20       		.byte	32
 627 0256 1A       		.byte	26
ARM GAS  C:\Users\ABDALL~1\AppData\Local\Temp\ccYoON9v.s 			page 12


 628 0257 10       		.byte	16
 629 0258 1D       		.byte	29
 630 0259 68       		.byte	104
 631 025a 22       		.byte	34
 632 025b 08       		.byte	8
 633 025c 27       		.byte	39
 634 025d 21       		.byte	33
 635 025e 29       		.byte	41
 636 025f 01       		.byte	1
 637 0260 2A       		.byte	42
 638 0261 10       		.byte	16
 639 0262 2D       		.byte	45
 640 0263 60       		.byte	96
 641 0264 2E       		.byte	46
 642 0265 80       		.byte	-128
 643 0266 31       		.byte	49
 644 0267 08       		.byte	8
 645 0268 32       		.byte	50
 646 0269 10       		.byte	16
 647 026a 39       		.byte	57
 648 026b 10       		.byte	16
 649 026c 3B       		.byte	59
 650 026d 40       		.byte	64
 651 026e 3C       		.byte	60
 652 026f 08       		.byte	8
 653 0270 3F       		.byte	63
 654 0271 80       		.byte	-128
 655 0272 41       		.byte	65
 656 0273 30       		.byte	48
 657 0274 47       		.byte	71
 658 0275 28       		.byte	40
 659 0276 56       		.byte	86
 660 0277 02       		.byte	2
 661 0278 57       		.byte	87
 662 0279 40       		.byte	64
 663 027a 5E       		.byte	94
 664 027b 64       		.byte	100
 665 027c 5F       		.byte	95
 666 027d 02       		.byte	2
 667 027e 65       		.byte	101
 668 027f 40       		.byte	64
 669 0280 66       		.byte	102
 670 0281 21       		.byte	33
 671 0282 82       		.byte	-126
 672 0283 01       		.byte	1
 673 0284 88       		.byte	-120
 674 0285 08       		.byte	8
 675 0286 89       		.byte	-119
 676 0287 10       		.byte	16
 677 0288 8F       		.byte	-113
 678 0289 01       		.byte	1
 679 028a 91       		.byte	-111
 680 028b 04       		.byte	4
 681 028c 92       		.byte	-110
 682 028d 60       		.byte	96
 683 028e 93       		.byte	-109
 684 028f 94       		.byte	-108
ARM GAS  C:\Users\ABDALL~1\AppData\Local\Temp\ccYoON9v.s 			page 13


 685 0290 94       		.byte	-108
 686 0291 10       		.byte	16
 687 0292 95       		.byte	-107
 688 0293 10       		.byte	16
 689 0294 96       		.byte	-106
 690 0295 10       		.byte	16
 691 0296 97       		.byte	-105
 692 0297 40       		.byte	64
 693 0298 9C       		.byte	-100
 694 0299 0C       		.byte	12
 695 029a 9E       		.byte	-98
 696 029b 40       		.byte	64
 697 029c A0       		.byte	-96
 698 029d 80       		.byte	-128
 699 029e A1       		.byte	-95
 700 029f 40       		.byte	64
 701 02a0 A4       		.byte	-92
 702 02a1 04       		.byte	4
 703 02a2 A5       		.byte	-91
 704 02a3 08       		.byte	8
 705 02a4 A7       		.byte	-89
 706 02a5 02       		.byte	2
 707 02a6 C0       		.byte	-64
 708 02a7 F7       		.byte	-9
 709 02a8 C2       		.byte	-62
 710 02a9 3F       		.byte	63
 711 02aa C4       		.byte	-60
 712 02ab FB       		.byte	-5
 713 02ac CA       		.byte	-54
 714 02ad 35       		.byte	53
 715 02ae CC       		.byte	-52
 716 02af 06       		.byte	6
 717 02b0 CE       		.byte	-50
 718 02b1 5C       		.byte	92
 719 02b2 D0       		.byte	-48
 720 02b3 60       		.byte	96
 721 02b4 D6       		.byte	-42
 722 02b5 F0       		.byte	-16
 723 02b6 D8       		.byte	-40
 724 02b7 B0       		.byte	-80
 725 02b8 00       		.byte	0
 726 02b9 10       		.byte	16
 727 02ba 01       		.byte	1
 728 02bb 2A       		.byte	42
 729 02bc 02       		.byte	2
 730 02bd 07       		.byte	7
 731 02be 03       		.byte	3
 732 02bf 54       		.byte	84
 733 02c0 04       		.byte	4
 734 02c1 3A       		.byte	58
 735 02c2 05       		.byte	5
 736 02c3 33       		.byte	51
 737 02c4 06       		.byte	6
 738 02c5 04       		.byte	4
 739 02c6 07       		.byte	7
 740 02c7 0C       		.byte	12
 741 02c8 08       		.byte	8
ARM GAS  C:\Users\ABDALL~1\AppData\Local\Temp\ccYoON9v.s 			page 14


 742 02c9 7F       		.byte	127
 743 02ca 09       		.byte	9
 744 02cb 46       		.byte	70
 745 02cc 0B       		.byte	11
 746 02cd A9       		.byte	-87
 747 02ce 0C       		.byte	12
 748 02cf 08       		.byte	8
 749 02d0 0D       		.byte	13
 750 02d1 0E       		.byte	14
 751 02d2 0E       		.byte	14
 752 02d3 07       		.byte	7
 753 02d4 0F       		.byte	15
 754 02d5 30       		.byte	48
 755 02d6 10       		.byte	16
 756 02d7 22       		.byte	34
 757 02d8 12       		.byte	18
 758 02d9 05       		.byte	5
 759 02da 14       		.byte	20
 760 02db 40       		.byte	64
 761 02dc 15       		.byte	21
 762 02dd 80       		.byte	-128
 763 02de 16       		.byte	22
 764 02df 07       		.byte	7
 765 02e0 17       		.byte	23
 766 02e1 56       		.byte	86
 767 02e2 18       		.byte	24
 768 02e3 01       		.byte	1
 769 02e4 1C       		.byte	28
 770 02e5 05       		.byte	5
 771 02e6 1E       		.byte	30
 772 02e7 78       		.byte	120
 773 02e8 20       		.byte	32
 774 02e9 03       		.byte	3
 775 02ea 21       		.byte	33
 776 02eb 40       		.byte	64
 777 02ec 23       		.byte	35
 778 02ed 13       		.byte	19
 779 02ee 24       		.byte	36
 780 02ef 01       		.byte	1
 781 02f0 25       		.byte	37
 782 02f1 FF       		.byte	-1
 783 02f2 28       		.byte	40
 784 02f3 01       		.byte	1
 785 02f4 2C       		.byte	44
 786 02f5 03       		.byte	3
 787 02f6 2F       		.byte	47
 788 02f7 01       		.byte	1
 789 02f8 33       		.byte	51
 790 02f9 FF       		.byte	-1
 791 02fa 34       		.byte	52
 792 02fb 7F       		.byte	127
 793 02fc 3E       		.byte	62
 794 02fd 10       		.byte	16
 795 02fe 58       		.byte	88
 796 02ff 04       		.byte	4
 797 0300 59       		.byte	89
 798 0301 04       		.byte	4
ARM GAS  C:\Users\ABDALL~1\AppData\Local\Temp\ccYoON9v.s 			page 15


 799 0302 5F       		.byte	95
 800 0303 01       		.byte	1
 801 0304 80       		.byte	-128
 802 0305 03       		.byte	3
 803 0306 85       		.byte	-123
 804 0307 15       		.byte	21
 805 0308 86       		.byte	-122
 806 0309 14       		.byte	20
 807 030a 88       		.byte	-120
 808 030b 1F       		.byte	31
 809 030c 89       		.byte	-119
 810 030d 14       		.byte	20
 811 030e 8B       		.byte	-117
 812 030f 01       		.byte	1
 813 0310 8C       		.byte	-116
 814 0311 08       		.byte	8
 815 0312 8E       		.byte	-114
 816 0313 02       		.byte	2
 817 0314 8F       		.byte	-113
 818 0315 10       		.byte	16
 819 0316 90       		.byte	-112
 820 0317 0F       		.byte	15
 821 0318 91       		.byte	-111
 822 0319 15       		.byte	21
 823 031a 94       		.byte	-108
 824 031b 01       		.byte	1
 825 031c 95       		.byte	-107
 826 031d 20       		.byte	32
 827 031e 98       		.byte	-104
 828 031f 01       		.byte	1
 829 0320 9C       		.byte	-100
 830 0321 10       		.byte	16
 831 0322 9D       		.byte	-99
 832 0323 01       		.byte	1
 833 0324 9E       		.byte	-98
 834 0325 0B       		.byte	11
 835 0326 9F       		.byte	-97
 836 0327 0E       		.byte	14
 837 0328 A0       		.byte	-96
 838 0329 02       		.byte	2
 839 032a A1       		.byte	-95
 840 032b 14       		.byte	20
 841 032c A2       		.byte	-94
 842 032d 09       		.byte	9
 843 032e A3       		.byte	-93
 844 032f 01       		.byte	1
 845 0330 A5       		.byte	-91
 846 0331 01       		.byte	1
 847 0332 A6       		.byte	-90
 848 0333 01       		.byte	1
 849 0334 A7       		.byte	-89
 850 0335 08       		.byte	8
 851 0336 A9       		.byte	-87
 852 0337 01       		.byte	1
 853 0338 AA       		.byte	-86
 854 0339 0B       		.byte	11
 855 033a AB       		.byte	-85
ARM GAS  C:\Users\ABDALL~1\AppData\Local\Temp\ccYoON9v.s 			page 16


 856 033b 02       		.byte	2
 857 033c AC       		.byte	-84
 858 033d 03       		.byte	3
 859 033e AD       		.byte	-83
 860 033f 15       		.byte	21
 861 0340 B4       		.byte	-76
 862 0341 1F       		.byte	31
 863 0342 B5       		.byte	-75
 864 0343 30       		.byte	48
 865 0344 B7       		.byte	-73
 866 0345 0F       		.byte	15
 867 0346 B9       		.byte	-71
 868 0347 20       		.byte	32
 869 0348 BB       		.byte	-69
 870 0349 80       		.byte	-128
 871 034a BF       		.byte	-65
 872 034b 10       		.byte	16
 873 034c D8       		.byte	-40
 874 034d 04       		.byte	4
 875 034e D9       		.byte	-39
 876 034f 04       		.byte	4
 877 0350 DF       		.byte	-33
 878 0351 01       		.byte	1
 879 0352 00       		.byte	0
 880 0353 08       		.byte	8
 881 0354 01       		.byte	1
 882 0355 10       		.byte	16
 883 0356 02       		.byte	2
 884 0357 01       		.byte	1
 885 0358 03       		.byte	3
 886 0359 46       		.byte	70
 887 035a 04       		.byte	4
 888 035b 04       		.byte	4
 889 035c 06       		.byte	6
 890 035d 41       		.byte	65
 891 035e 07       		.byte	7
 892 035f 04       		.byte	4
 893 0360 09       		.byte	9
 894 0361 08       		.byte	8
 895 0362 0A       		.byte	10
 896 0363 02       		.byte	2
 897 0364 0B       		.byte	11
 898 0365 84       		.byte	-124
 899 0366 0D       		.byte	13
 900 0367 40       		.byte	64
 901 0368 0F       		.byte	15
 902 0369 54       		.byte	84
 903 036a 11       		.byte	17
 904 036b C4       		.byte	-60
 905 036c 12       		.byte	18
 906 036d 40       		.byte	64
 907 036e 13       		.byte	19
 908 036f 10       		.byte	16
 909 0370 15       		.byte	21
 910 0371 45       		.byte	69
 911 0372 17       		.byte	23
 912 0373 20       		.byte	32
ARM GAS  C:\Users\ABDALL~1\AppData\Local\Temp\ccYoON9v.s 			page 17


 913 0374 18       		.byte	24
 914 0375 08       		.byte	8
 915 0376 1C       		.byte	28
 916 0377 0C       		.byte	12
 917 0378 20       		.byte	32
 918 0379 10       		.byte	16
 919 037a 23       		.byte	35
 920 037b 20       		.byte	32
 921 037c 26       		.byte	38
 922 037d 80       		.byte	-128
 923 037e 27       		.byte	39
 924 037f 0A       		.byte	10
 925 0380 28       		.byte	40
 926 0381 10       		.byte	16
 927 0382 2A       		.byte	42
 928 0383 41       		.byte	65
 929 0384 2C       		.byte	44
 930 0385 10       		.byte	16
 931 0386 2D       		.byte	45
 932 0387 01       		.byte	1
 933 0388 2E       		.byte	46
 934 0389 10       		.byte	16
 935 038a 2F       		.byte	47
 936 038b 42       		.byte	66
 937 038c 31       		.byte	49
 938 038d 08       		.byte	8
 939 038e 35       		.byte	53
 940 038f 04       		.byte	4
 941 0390 36       		.byte	54
 942 0391 82       		.byte	-126
 943 0392 38       		.byte	56
 944 0393 14       		.byte	20
 945 0394 39       		.byte	57
 946 0395 01       		.byte	1
 947 0396 3B       		.byte	59
 948 0397 40       		.byte	64
 949 0398 3C       		.byte	60
 950 0399 18       		.byte	24
 951 039a 3E       		.byte	62
 952 039b 80       		.byte	-128
 953 039c 46       		.byte	70
 954 039d C0       		.byte	-64
 955 039e 78       		.byte	120
 956 039f 10       		.byte	16
 957 03a0 79       		.byte	121
 958 03a1 10       		.byte	16
 959 03a2 80       		.byte	-128
 960 03a3 10       		.byte	16
 961 03a4 81       		.byte	-127
 962 03a5 48       		.byte	72
 963 03a6 83       		.byte	-125
 964 03a7 40       		.byte	64
 965 03a8 91       		.byte	-111
 966 03a9 34       		.byte	52
 967 03aa 92       		.byte	-110
 968 03ab 10       		.byte	16
 969 03ac 93       		.byte	-109
ARM GAS  C:\Users\ABDALL~1\AppData\Local\Temp\ccYoON9v.s 			page 18


 970 03ad 94       		.byte	-108
 971 03ae 94       		.byte	-108
 972 03af 10       		.byte	16
 973 03b0 96       		.byte	-106
 974 03b1 04       		.byte	4
 975 03b2 97       		.byte	-105
 976 03b3 42       		.byte	66
 977 03b4 9B       		.byte	-101
 978 03b5 01       		.byte	1
 979 03b6 9E       		.byte	-98
 980 03b7 40       		.byte	64
 981 03b8 9F       		.byte	-97
 982 03b9 0A       		.byte	10
 983 03ba A0       		.byte	-96
 984 03bb 80       		.byte	-128
 985 03bc A1       		.byte	-95
 986 03bd 48       		.byte	72
 987 03be A3       		.byte	-93
 988 03bf 02       		.byte	2
 989 03c0 A4       		.byte	-92
 990 03c1 04       		.byte	4
 991 03c2 A6       		.byte	-90
 992 03c3 10       		.byte	16
 993 03c4 A9       		.byte	-87
 994 03c5 01       		.byte	1
 995 03c6 AA       		.byte	-86
 996 03c7 0A       		.byte	10
 997 03c8 AB       		.byte	-85
 998 03c9 02       		.byte	2
 999 03ca B6       		.byte	-74
 1000 03cb 20       		.byte	32
 1001 03cc C0       		.byte	-64
 1002 03cd FF       		.byte	-1
 1003 03ce C2       		.byte	-62
 1004 03cf FF       		.byte	-1
 1005 03d0 C4       		.byte	-60
 1006 03d1 FF       		.byte	-1
 1007 03d2 CA       		.byte	-54
 1008 03d3 FB       		.byte	-5
 1009 03d4 CC       		.byte	-52
 1010 03d5 D2       		.byte	-46
 1011 03d6 CE       		.byte	-50
 1012 03d7 7F       		.byte	127
 1013 03d8 EA       		.byte	-22
 1014 03d9 01       		.byte	1
 1015 03da 00       		.byte	0
 1016 03db 02       		.byte	2
 1017 03dc 02       		.byte	2
 1018 03dd 01       		.byte	1
 1019 03de 04       		.byte	4
 1020 03df 38       		.byte	56
 1021 03e0 05       		.byte	5
 1022 03e1 01       		.byte	1
 1023 03e2 06       		.byte	6
 1024 03e3 03       		.byte	3
 1025 03e4 09       		.byte	9
 1026 03e5 01       		.byte	1
ARM GAS  C:\Users\ABDALL~1\AppData\Local\Temp\ccYoON9v.s 			page 19


 1027 03e6 0C       		.byte	12
 1028 03e7 1B       		.byte	27
 1029 03e8 0E       		.byte	14
 1030 03e9 20       		.byte	32
 1031 03ea 10       		.byte	16
 1032 03eb 38       		.byte	56
 1033 03ec 12       		.byte	18
 1034 03ed 03       		.byte	3
 1035 03ee 16       		.byte	22
 1036 03ef 03       		.byte	3
 1037 03f0 18       		.byte	24
 1038 03f1 08       		.byte	8
 1039 03f2 1A       		.byte	26
 1040 03f3 70       		.byte	112
 1041 03f4 1C       		.byte	28
 1042 03f5 01       		.byte	1
 1043 03f6 1E       		.byte	30
 1044 03f7 06       		.byte	6
 1045 03f8 20       		.byte	32
 1046 03f9 10       		.byte	16
 1047 03fa 22       		.byte	34
 1048 03fb 2B       		.byte	43
 1049 03fc 24       		.byte	36
 1050 03fd 09       		.byte	9
 1051 03fe 26       		.byte	38
 1052 03ff 44       		.byte	68
 1053 0400 28       		.byte	40
 1054 0401 33       		.byte	51
 1055 0402 2A       		.byte	42
 1056 0403 08       		.byte	8
 1057 0404 2D       		.byte	45
 1058 0405 01       		.byte	1
 1059 0406 34       		.byte	52
 1060 0407 78       		.byte	120
 1061 0408 35       		.byte	53
 1062 0409 01       		.byte	1
 1063 040a 36       		.byte	54
 1064 040b 07       		.byte	7
 1065 040c 3A       		.byte	58
 1066 040d A0       		.byte	-96
 1067 040e 40       		.byte	64
 1068 040f 52       		.byte	82
 1069 0410 41       		.byte	65
 1070 0411 06       		.byte	6
 1071 0412 45       		.byte	69
 1072 0413 EC       		.byte	-20
 1073 0414 46       		.byte	70
 1074 0415 B0       		.byte	-80
 1075 0416 48       		.byte	72
 1076 0417 0B       		.byte	11
 1077 0418 49       		.byte	73
 1078 0419 FF       		.byte	-1
 1079 041a 4A       		.byte	74
 1080 041b FF       		.byte	-1
 1081 041c 4B       		.byte	75
 1082 041d FF       		.byte	-1
 1083 041e 4E       		.byte	78
ARM GAS  C:\Users\ABDALL~1\AppData\Local\Temp\ccYoON9v.s 			page 20


 1084 041f F0       		.byte	-16
 1085 0420 4F       		.byte	79
 1086 0421 44       		.byte	68
 1087 0422 50       		.byte	80
 1088 0423 0C       		.byte	12
 1089 0424 58       		.byte	88
 1090 0425 04       		.byte	4
 1091 0426 59       		.byte	89
 1092 0427 04       		.byte	4
 1093 0428 5A       		.byte	90
 1094 0429 04       		.byte	4
 1095 042a 5C       		.byte	92
 1096 042b 10       		.byte	16
 1097 042c 5D       		.byte	93
 1098 042d 01       		.byte	1
 1099 042e 5F       		.byte	95
 1100 042f 01       		.byte	1
 1101 0430 66       		.byte	102
 1102 0431 C0       		.byte	-64
 1103 0432 6A       		.byte	106
 1104 0433 40       		.byte	64
 1105 0434 6B       		.byte	107
 1106 0435 02       		.byte	2
 1107 0436 80       		.byte	-128
 1108 0437 01       		.byte	1
 1109 0438 82       		.byte	-126
 1110 0439 1E       		.byte	30
 1111 043a 84       		.byte	-124
 1112 043b 18       		.byte	24
 1113 043c 86       		.byte	-122
 1114 043d 06       		.byte	6
 1115 043e 87       		.byte	-121
 1116 043f 02       		.byte	2
 1117 0440 88       		.byte	-120
 1118 0441 12       		.byte	18
 1119 0442 89       		.byte	-119
 1120 0443 01       		.byte	1
 1121 0444 8A       		.byte	-118
 1122 0445 08       		.byte	8
 1123 0446 8C       		.byte	-116
 1124 0447 0A       		.byte	10
 1125 0448 8D       		.byte	-115
 1126 0449 01       		.byte	1
 1127 044a 8E       		.byte	-114
 1128 044b 10       		.byte	16
 1129 044c 90       		.byte	-112
 1130 044d 02       		.byte	2
 1131 044e 92       		.byte	-110
 1132 044f 18       		.byte	24
 1133 0450 93       		.byte	-109
 1134 0451 01       		.byte	1
 1135 0452 94       		.byte	-108
 1136 0453 20       		.byte	32
 1137 0454 98       		.byte	-104
 1138 0455 01       		.byte	1
 1139 0456 99       		.byte	-103
 1140 0457 01       		.byte	1
ARM GAS  C:\Users\ABDALL~1\AppData\Local\Temp\ccYoON9v.s 			page 21


 1141 0458 9C       		.byte	-100
 1142 0459 06       		.byte	6
 1143 045a 9D       		.byte	-99
 1144 045b 01       		.byte	1
 1145 045c A0       		.byte	-96
 1146 045d 02       		.byte	2
 1147 045e A1       		.byte	-95
 1148 045f 01       		.byte	1
 1149 0460 A4       		.byte	-92
 1150 0461 3F       		.byte	63
 1151 0462 A8       		.byte	-88
 1152 0463 04       		.byte	4
 1153 0464 AC       		.byte	-84
 1154 0465 1C       		.byte	28
 1155 0466 AE       		.byte	-82
 1156 0467 02       		.byte	2
 1157 0468 B0       		.byte	-80
 1158 0469 20       		.byte	32
 1159 046a B1       		.byte	-79
 1160 046b 03       		.byte	3
 1161 046c B4       		.byte	-76
 1162 046d 1F       		.byte	31
 1163 046e B8       		.byte	-72
 1164 046f 22       		.byte	34
 1165 0470 C0       		.byte	-64
 1166 0471 34       		.byte	52
 1167 0472 C4       		.byte	-60
 1168 0473 06       		.byte	6
 1169 0474 C6       		.byte	-58
 1170 0475 0D       		.byte	13
 1171 0476 C7       		.byte	-57
 1172 0477 0B       		.byte	11
 1173 0478 C8       		.byte	-56
 1174 0479 14       		.byte	20
 1175 047a C9       		.byte	-55
 1176 047b FF       		.byte	-1
 1177 047c CA       		.byte	-54
 1178 047d 7F       		.byte	127
 1179 047e CB       		.byte	-53
 1180 047f FF       		.byte	-1
 1181 0480 CC       		.byte	-52
 1182 0481 42       		.byte	66
 1183 0482 CD       		.byte	-51
 1184 0483 A0       		.byte	-96
 1185 0484 CE       		.byte	-50
 1186 0485 70       		.byte	112
 1187 0486 D0       		.byte	-48
 1188 0487 0C       		.byte	12
 1189 0488 D8       		.byte	-40
 1190 0489 04       		.byte	4
 1191 048a D9       		.byte	-39
 1192 048b 04       		.byte	4
 1193 048c DA       		.byte	-38
 1194 048d 04       		.byte	4
 1195 048e DF       		.byte	-33
 1196 048f 01       		.byte	1
 1197 0490 E1       		.byte	-31
ARM GAS  C:\Users\ABDALL~1\AppData\Local\Temp\ccYoON9v.s 			page 22


 1198 0491 09       		.byte	9
 1199 0492 E2       		.byte	-30
 1200 0493 40       		.byte	64
 1201 0494 E3       		.byte	-29
 1202 0495 09       		.byte	9
 1203 0496 E4       		.byte	-28
 1204 0497 30       		.byte	48
 1205 0498 E5       		.byte	-27
 1206 0499 09       		.byte	9
 1207 049a 00       		.byte	0
 1208 049b 14       		.byte	20
 1209 049c 01       		.byte	1
 1210 049d 02       		.byte	2
 1211 049e 02       		.byte	2
 1212 049f 05       		.byte	5
 1213 04a0 04       		.byte	4
 1214 04a1 04       		.byte	4
 1215 04a2 06       		.byte	6
 1216 04a3 81       		.byte	-127
 1217 04a4 09       		.byte	9
 1218 04a5 48       		.byte	72
 1219 04a6 0A       		.byte	10
 1220 04a7 08       		.byte	8
 1221 04a8 0B       		.byte	11
 1222 04a9 80       		.byte	-128
 1223 04aa 0D       		.byte	13
 1224 04ab 08       		.byte	8
 1225 04ac 0E       		.byte	14
 1226 04ad 05       		.byte	5
 1227 04ae 0F       		.byte	15
 1228 04af 40       		.byte	64
 1229 04b0 10       		.byte	16
 1230 04b1 98       		.byte	-104
 1231 04b2 12       		.byte	18
 1232 04b3 02       		.byte	2
 1233 04b4 14       		.byte	20
 1234 04b5 10       		.byte	16
 1235 04b6 15       		.byte	21
 1236 04b7 01       		.byte	1
 1237 04b8 16       		.byte	22
 1238 04b9 04       		.byte	4
 1239 04ba 19       		.byte	25
 1240 04bb 02       		.byte	2
 1241 04bc 1A       		.byte	26
 1242 04bd 08       		.byte	8
 1243 04be 1E       		.byte	30
 1244 04bf 05       		.byte	5
 1245 04c0 1F       		.byte	31
 1246 04c1 80       		.byte	-128
 1247 04c2 22       		.byte	34
 1248 04c3 03       		.byte	3
 1249 04c4 23       		.byte	35
 1250 04c5 40       		.byte	64
 1251 04c6 27       		.byte	39
 1252 04c7 04       		.byte	4
 1253 04c8 2A       		.byte	42
 1254 04c9 01       		.byte	1
ARM GAS  C:\Users\ABDALL~1\AppData\Local\Temp\ccYoON9v.s 			page 23


 1255 04ca 2D       		.byte	45
 1256 04cb 40       		.byte	64
 1257 04cc 30       		.byte	48
 1258 04cd 90       		.byte	-112
 1259 04ce 32       		.byte	50
 1260 04cf 02       		.byte	2
 1261 04d0 38       		.byte	56
 1262 04d1 18       		.byte	24
 1263 04d2 3B       		.byte	59
 1264 04d3 80       		.byte	-128
 1265 04d4 3D       		.byte	61
 1266 04d5 14       		.byte	20
 1267 04d6 42       		.byte	66
 1268 04d7 10       		.byte	16
 1269 04d8 43       		.byte	67
 1270 04d9 01       		.byte	1
 1271 04da 46       		.byte	70
 1272 04db 08       		.byte	8
 1273 04dc 48       		.byte	72
 1274 04dd 04       		.byte	4
 1275 04de 4C       		.byte	76
 1276 04df 01       		.byte	1
 1277 04e0 4D       		.byte	77
 1278 04e1 20       		.byte	32
 1279 04e2 4F       		.byte	79
 1280 04e3 05       		.byte	5
 1281 04e4 50       		.byte	80
 1282 04e5 08       		.byte	8
 1283 04e6 52       		.byte	82
 1284 04e7 40       		.byte	64
 1285 04e8 57       		.byte	87
 1286 04e9 10       		.byte	16
 1287 04ea 90       		.byte	-112
 1288 04eb 1C       		.byte	28
 1289 04ec 91       		.byte	-111
 1290 04ed 21       		.byte	33
 1291 04ee 92       		.byte	-110
 1292 04ef 10       		.byte	16
 1293 04f0 93       		.byte	-109
 1294 04f1 80       		.byte	-128
 1295 04f2 96       		.byte	-106
 1296 04f3 06       		.byte	6
 1297 04f4 97       		.byte	-105
 1298 04f5 42       		.byte	66
 1299 04f6 98       		.byte	-104
 1300 04f7 10       		.byte	16
 1301 04f8 9A       		.byte	-102
 1302 04f9 01       		.byte	1
 1303 04fa 9B       		.byte	-101
 1304 04fb 01       		.byte	1
 1305 04fc 9D       		.byte	-99
 1306 04fd 04       		.byte	4
 1307 04fe 9E       		.byte	-98
 1308 04ff 40       		.byte	64
 1309 0500 A0       		.byte	-96
 1310 0501 80       		.byte	-128
 1311 0502 A1       		.byte	-95
ARM GAS  C:\Users\ABDALL~1\AppData\Local\Temp\ccYoON9v.s 			page 24


 1312 0503 48       		.byte	72
 1313 0504 A6       		.byte	-90
 1314 0505 12       		.byte	18
 1315 0506 AD       		.byte	-83
 1316 0507 10       		.byte	16
 1317 0508 C0       		.byte	-64
 1318 0509 BF       		.byte	-65
 1319 050a C2       		.byte	-62
 1320 050b FF       		.byte	-1
 1321 050c C4       		.byte	-60
 1322 050d 7F       		.byte	127
 1323 050e CA       		.byte	-54
 1324 050f 11       		.byte	17
 1325 0510 CC       		.byte	-52
 1326 0511 0D       		.byte	13
 1327 0512 CE       		.byte	-50
 1328 0513 6E       		.byte	110
 1329 0514 D0       		.byte	-48
 1330 0515 23       		.byte	35
 1331 0516 D2       		.byte	-46
 1332 0517 34       		.byte	52
 1333 0518 96       		.byte	-106
 1334 0519 40       		.byte	64
 1335 051a A7       		.byte	-89
 1336 051b 08       		.byte	8
 1337 051c 96       		.byte	-106
 1338 051d 40       		.byte	64
 1339 051e A7       		.byte	-89
 1340 051f 08       		.byte	8
 1341 0520 A9       		.byte	-87
 1342 0521 0A       		.byte	10
 1343 0522 B4       		.byte	-76
 1344 0523 04       		.byte	4
 1345 0524 EC       		.byte	-20
 1346 0525 04       		.byte	4
 1347 0526 EE       		.byte	-18
 1348 0527 40       		.byte	64
 1349 0528 03       		.byte	3
 1350 0529 0C       		.byte	12
 1351 052a 05       		.byte	5
 1352 052b 04       		.byte	4
 1353 052c 07       		.byte	7
 1354 052d 08       		.byte	8
 1355 052e 0C       		.byte	12
 1356 052f 02       		.byte	2
 1357 0530 0D       		.byte	13
 1358 0531 08       		.byte	8
 1359 0532 0F       		.byte	15
 1360 0533 04       		.byte	4
 1361 0534 13       		.byte	19
 1362 0535 0C       		.byte	12
 1363 0536 15       		.byte	21
 1364 0537 04       		.byte	4
 1365 0538 17       		.byte	23
 1366 0539 10       		.byte	16
 1367 053a 18       		.byte	24
 1368 053b 01       		.byte	1
ARM GAS  C:\Users\ABDALL~1\AppData\Local\Temp\ccYoON9v.s 			page 25


 1369 053c 19       		.byte	25
 1370 053d 04       		.byte	4
 1371 053e 1B       		.byte	27
 1372 053f 18       		.byte	24
 1373 0540 1E       		.byte	30
 1374 0541 02       		.byte	2
 1375 0542 22       		.byte	34
 1376 0543 02       		.byte	2
 1377 0544 26       		.byte	38
 1378 0545 02       		.byte	2
 1379 0546 27       		.byte	39
 1380 0547 0C       		.byte	12
 1381 0548 2A       		.byte	42
 1382 0549 06       		.byte	6
 1383 054a 2B       		.byte	43
 1384 054b 02       		.byte	2
 1385 054c 2D       		.byte	45
 1386 054d 01       		.byte	1
 1387 054e 30       		.byte	48
 1388 054f 04       		.byte	4
 1389 0550 32       		.byte	50
 1390 0551 01       		.byte	1
 1391 0552 33       		.byte	51
 1392 0553 02       		.byte	2
 1393 0554 34       		.byte	52
 1394 0555 02       		.byte	2
 1395 0556 35       		.byte	53
 1396 0557 1C       		.byte	28
 1397 0558 37       		.byte	55
 1398 0559 01       		.byte	1
 1399 055a 3B       		.byte	59
 1400 055b 20       		.byte	32
 1401 055c 3E       		.byte	62
 1402 055d 10       		.byte	16
 1403 055e 3F       		.byte	63
 1404 055f 40       		.byte	64
 1405 0560 58       		.byte	88
 1406 0561 04       		.byte	4
 1407 0562 59       		.byte	89
 1408 0563 04       		.byte	4
 1409 0564 5F       		.byte	95
 1410 0565 01       		.byte	1
 1411 0566 87       		.byte	-121
 1412 0567 01       		.byte	1
 1413 0568 92       		.byte	-110
 1414 0569 08       		.byte	8
 1415 056a 93       		.byte	-109
 1416 056b 02       		.byte	2
 1417 056c 9A       		.byte	-102
 1418 056d 04       		.byte	4
 1419 056e 9B       		.byte	-101
 1420 056f 01       		.byte	1
 1421 0570 9C       		.byte	-100
 1422 0571 01       		.byte	1
 1423 0572 A6       		.byte	-90
 1424 0573 07       		.byte	7
 1425 0574 A7       		.byte	-89
ARM GAS  C:\Users\ABDALL~1\AppData\Local\Temp\ccYoON9v.s 			page 26


 1426 0575 04       		.byte	4
 1427 0576 B0       		.byte	-80
 1428 0577 01       		.byte	1
 1429 0578 B1       		.byte	-79
 1430 0579 04       		.byte	4
 1431 057a B2       		.byte	-78
 1432 057b 04       		.byte	4
 1433 057c B3       		.byte	-77
 1434 057d 01       		.byte	1
 1435 057e B4       		.byte	-76
 1436 057f 08       		.byte	8
 1437 0580 B6       		.byte	-74
 1438 0581 02       		.byte	2
 1439 0582 B7       		.byte	-73
 1440 0583 02       		.byte	2
 1441 0584 BF       		.byte	-65
 1442 0585 04       		.byte	4
 1443 0586 C0       		.byte	-64
 1444 0587 20       		.byte	32
 1445 0588 C1       		.byte	-63
 1446 0589 06       		.byte	6
 1447 058a C5       		.byte	-59
 1448 058b D0       		.byte	-48
 1449 058c C6       		.byte	-58
 1450 058d 10       		.byte	16
 1451 058e C7       		.byte	-57
 1452 058f 02       		.byte	2
 1453 0590 C8       		.byte	-56
 1454 0591 1A       		.byte	26
 1455 0592 C9       		.byte	-55
 1456 0593 FF       		.byte	-1
 1457 0594 CA       		.byte	-54
 1458 0595 FF       		.byte	-1
 1459 0596 CB       		.byte	-53
 1460 0597 FF       		.byte	-1
 1461 0598 CD       		.byte	-51
 1462 0599 A0       		.byte	-96
 1463 059a CF       		.byte	-49
 1464 059b 04       		.byte	4
 1465 059c D0       		.byte	-48
 1466 059d 18       		.byte	24
 1467 059e D2       		.byte	-46
 1468 059f 80       		.byte	-128
 1469 05a0 D4       		.byte	-44
 1470 05a1 05       		.byte	5
 1471 05a2 D8       		.byte	-40
 1472 05a3 04       		.byte	4
 1473 05a4 D9       		.byte	-39
 1474 05a5 04       		.byte	4
 1475 05a6 DA       		.byte	-38
 1476 05a7 04       		.byte	4
 1477 05a8 DB       		.byte	-37
 1478 05a9 04       		.byte	4
 1479 05aa DC       		.byte	-36
 1480 05ab 02       		.byte	2
 1481 05ac DD       		.byte	-35
 1482 05ad 22       		.byte	34
ARM GAS  C:\Users\ABDALL~1\AppData\Local\Temp\ccYoON9v.s 			page 27


 1483 05ae DF       		.byte	-33
 1484 05af 01       		.byte	1
 1485 05b0 E0       		.byte	-32
 1486 05b1 40       		.byte	64
 1487 05b2 E2       		.byte	-30
 1488 05b3 C0       		.byte	-64
 1489 05b4 E4       		.byte	-28
 1490 05b5 40       		.byte	64
 1491 05b6 E5       		.byte	-27
 1492 05b7 40       		.byte	64
 1493 05b8 E6       		.byte	-26
 1494 05b9 C0       		.byte	-64
 1495 05ba E8       		.byte	-24
 1496 05bb C0       		.byte	-64
 1497 05bc EA       		.byte	-22
 1498 05bd C0       		.byte	-64
 1499 05be EC       		.byte	-20
 1500 05bf C0       		.byte	-64
 1501 05c0 EE       		.byte	-18
 1502 05c1 C0       		.byte	-64
 1503 05c2 04       		.byte	4
 1504 05c3 40       		.byte	64
 1505 05c4 0A       		.byte	10
 1506 05c5 05       		.byte	5
 1507 05c6 0B       		.byte	11
 1508 05c7 40       		.byte	64
 1509 05c8 0F       		.byte	15
 1510 05c9 05       		.byte	5
 1511 05ca 10       		.byte	16
 1512 05cb 20       		.byte	32
 1513 05cc 14       		.byte	20
 1514 05cd 20       		.byte	32
 1515 05ce 15       		.byte	21
 1516 05cf 06       		.byte	6
 1517 05d0 17       		.byte	23
 1518 05d1 10       		.byte	16
 1519 05d2 19       		.byte	25
 1520 05d3 18       		.byte	24
 1521 05d4 1A       		.byte	26
 1522 05d5 85       		.byte	-123
 1523 05d6 1C       		.byte	28
 1524 05d7 44       		.byte	68
 1525 05d8 1D       		.byte	29
 1526 05d9 04       		.byte	4
 1527 05da 1F       		.byte	31
 1528 05db 04       		.byte	4
 1529 05dc 21       		.byte	33
 1530 05dd 03       		.byte	3
 1531 05de 22       		.byte	34
 1532 05df 06       		.byte	6
 1533 05e0 23       		.byte	35
 1534 05e1 01       		.byte	1
 1535 05e2 25       		.byte	37
 1536 05e3 04       		.byte	4
 1537 05e4 26       		.byte	38
 1538 05e5 10       		.byte	16
 1539 05e6 27       		.byte	39
ARM GAS  C:\Users\ABDALL~1\AppData\Local\Temp\ccYoON9v.s 			page 28


 1540 05e7 12       		.byte	18
 1541 05e8 28       		.byte	40
 1542 05e9 20       		.byte	32
 1543 05ea 2D       		.byte	45
 1544 05eb 04       		.byte	4
 1545 05ec 2E       		.byte	46
 1546 05ed 40       		.byte	64
 1547 05ee 2F       		.byte	47
 1548 05ef 08       		.byte	8
 1549 05f0 31       		.byte	49
 1550 05f1 12       		.byte	18
 1551 05f2 35       		.byte	53
 1552 05f3 04       		.byte	4
 1553 05f4 36       		.byte	54
 1554 05f5 12       		.byte	18
 1555 05f6 38       		.byte	56
 1556 05f7 08       		.byte	8
 1557 05f8 3C       		.byte	60
 1558 05f9 40       		.byte	64
 1559 05fa 3D       		.byte	61
 1560 05fb 08       		.byte	8
 1561 05fc 3F       		.byte	63
 1562 05fd 01       		.byte	1
 1563 05fe 42       		.byte	66
 1564 05ff 04       		.byte	4
 1565 0600 48       		.byte	72
 1566 0601 08       		.byte	8
 1567 0602 49       		.byte	73
 1568 0603 01       		.byte	1
 1569 0604 50       		.byte	80
 1570 0605 2C       		.byte	44
 1571 0606 59       		.byte	89
 1572 0607 01       		.byte	1
 1573 0608 5A       		.byte	90
 1574 0609 88       		.byte	-120
 1575 060a 73       		.byte	115
 1576 060b 40       		.byte	64
 1577 060c 8B       		.byte	-117
 1578 060d 06       		.byte	6
 1579 060e 8C       		.byte	-116
 1580 060f 20       		.byte	32
 1581 0610 93       		.byte	-109
 1582 0611 04       		.byte	4
 1583 0612 C0       		.byte	-64
 1584 0613 80       		.byte	-128
 1585 0614 C2       		.byte	-62
 1586 0615 CB       		.byte	-53
 1587 0616 C4       		.byte	-60
 1588 0617 74       		.byte	116
 1589 0618 CA       		.byte	-54
 1590 0619 72       		.byte	114
 1591 061a CC       		.byte	-52
 1592 061b E5       		.byte	-27
 1593 061c CE       		.byte	-50
 1594 061d D2       		.byte	-46
 1595 061e D0       		.byte	-48
 1596 061f 04       		.byte	4
ARM GAS  C:\Users\ABDALL~1\AppData\Local\Temp\ccYoON9v.s 			page 29


 1597 0620 D2       		.byte	-46
 1598 0621 04       		.byte	4
 1599 0622 D6       		.byte	-42
 1600 0623 0B       		.byte	11
 1601 0624 E0       		.byte	-32
 1602 0625 40       		.byte	64
 1603 0626 E2       		.byte	-30
 1604 0627 80       		.byte	-128
 1605 0628 8B       		.byte	-117
 1606 0629 04       		.byte	4
 1607 062a E4       		.byte	-28
 1608 062b 20       		.byte	32
 1609 062c 01       		.byte	1
 1610 062d 42       		.byte	66
 1611 062e 03       		.byte	3
 1612 062f B1       		.byte	-79
 1613 0630 05       		.byte	5
 1614 0631 C7       		.byte	-57
 1615 0632 08       		.byte	8
 1616 0633 01       		.byte	1
 1617 0634 09       		.byte	9
 1618 0635 C7       		.byte	-57
 1619 0636 0A       		.byte	10
 1620 0637 0E       		.byte	14
 1621 0638 0C       		.byte	12
 1622 0639 01       		.byte	1
 1623 063a 0E       		.byte	14
 1624 063b 26       		.byte	38
 1625 063c 12       		.byte	18
 1626 063d 10       		.byte	16
 1627 063e 14       		.byte	20
 1628 063f 2C       		.byte	44
 1629 0640 15       		.byte	21
 1630 0641 01       		.byte	1
 1631 0642 16       		.byte	22
 1632 0643 03       		.byte	3
 1633 0644 17       		.byte	23
 1634 0645 0E       		.byte	14
 1635 0646 1D       		.byte	29
 1636 0647 84       		.byte	-124
 1637 0648 1F       		.byte	31
 1638 0649 51       		.byte	81
 1639 064a 22       		.byte	34
 1640 064b 08       		.byte	8
 1641 064c 26       		.byte	38
 1642 064d 03       		.byte	3
 1643 064e 2A       		.byte	42
 1644 064f 2C       		.byte	44
 1645 0650 2E       		.byte	46
 1646 0651 10       		.byte	16
 1647 0652 30       		.byte	48
 1648 0653 10       		.byte	16
 1649 0654 31       		.byte	49
 1650 0655 20       		.byte	32
 1651 0656 32       		.byte	50
 1652 0657 0F       		.byte	15
 1653 0658 33       		.byte	51
ARM GAS  C:\Users\ABDALL~1\AppData\Local\Temp\ccYoON9v.s 			page 30


 1654 0659 07       		.byte	7
 1655 065a 34       		.byte	52
 1656 065b 2A       		.byte	42
 1657 065c 35       		.byte	53
 1658 065d 18       		.byte	24
 1659 065e 37       		.byte	55
 1660 065f C0       		.byte	-64
 1661 0660 3A       		.byte	58
 1662 0661 A8       		.byte	-88
 1663 0662 3E       		.byte	62
 1664 0663 01       		.byte	1
 1665 0664 3F       		.byte	63
 1666 0665 10       		.byte	16
 1667 0666 40       		.byte	64
 1668 0667 13       		.byte	19
 1669 0668 41       		.byte	65
 1670 0669 04       		.byte	4
 1671 066a 42       		.byte	66
 1672 066b 05       		.byte	5
 1673 066c 44       		.byte	68
 1674 066d 02       		.byte	2
 1675 066e 47       		.byte	71
 1676 066f CE       		.byte	-50
 1677 0670 48       		.byte	72
 1678 0671 30       		.byte	48
 1679 0672 49       		.byte	73
 1680 0673 FF       		.byte	-1
 1681 0674 4A       		.byte	74
 1682 0675 FF       		.byte	-1
 1683 0676 4B       		.byte	75
 1684 0677 FF       		.byte	-1
 1685 0678 4C       		.byte	76
 1686 0679 62       		.byte	98
 1687 067a 4D       		.byte	77
 1688 067b A0       		.byte	-96
 1689 067c 4E       		.byte	78
 1690 067d F0       		.byte	-16
 1691 067e 4F       		.byte	79
 1692 067f 41       		.byte	65
 1693 0680 50       		.byte	80
 1694 0681 0C       		.byte	12
 1695 0682 58       		.byte	88
 1696 0683 04       		.byte	4
 1697 0684 59       		.byte	89
 1698 0685 04       		.byte	4
 1699 0686 5A       		.byte	90
 1700 0687 04       		.byte	4
 1701 0688 5C       		.byte	92
 1702 0689 11       		.byte	17
 1703 068a 5D       		.byte	93
 1704 068b 01       		.byte	1
 1705 068c 5F       		.byte	95
 1706 068d 01       		.byte	1
 1707 068e 66       		.byte	102
 1708 068f 40       		.byte	64
 1709 0690 67       		.byte	103
 1710 0691 02       		.byte	2
ARM GAS  C:\Users\ABDALL~1\AppData\Local\Temp\ccYoON9v.s 			page 31


 1711 0692 69       		.byte	105
 1712 0693 10       		.byte	16
 1713 0694 6A       		.byte	106
 1714 0695 30       		.byte	48
 1715 0696 6B       		.byte	107
 1716 0697 10       		.byte	16
 1717 0698 6D       		.byte	109
 1718 0699 10       		.byte	16
 1719 069a 6E       		.byte	110
 1720 069b 10       		.byte	16
 1721 069c 6F       		.byte	111
 1722 069d 12       		.byte	18
 1723 069e 81       		.byte	-127
 1724 069f 80       		.byte	-128
 1725 06a0 82       		.byte	-126
 1726 06a1 08       		.byte	8
 1727 06a2 85       		.byte	-123
 1728 06a3 18       		.byte	24
 1729 06a4 87       		.byte	-121
 1730 06a5 21       		.byte	33
 1731 06a6 94       		.byte	-108
 1732 06a7 02       		.byte	2
 1733 06a8 96       		.byte	-106
 1734 06a9 05       		.byte	5
 1735 06aa 97       		.byte	-105
 1736 06ab 40       		.byte	64
 1737 06ac 98       		.byte	-104
 1738 06ad 02       		.byte	2
 1739 06ae 99       		.byte	-103
 1740 06af 1F       		.byte	31
 1741 06b0 9A       		.byte	-102
 1742 06b1 04       		.byte	4
 1743 06b2 9B       		.byte	-101
 1744 06b3 20       		.byte	32
 1745 06b4 9D       		.byte	-99
 1746 06b5 1F       		.byte	31
 1747 06b6 9F       		.byte	-97
 1748 06b7 60       		.byte	96
 1749 06b8 A7       		.byte	-89
 1750 06b9 2B       		.byte	43
 1751 06ba A9       		.byte	-87
 1752 06bb 54       		.byte	84
 1753 06bc AB       		.byte	-85
 1754 06bd 21       		.byte	33
 1755 06be B0       		.byte	-80
 1756 06bf 01       		.byte	1
 1757 06c0 B1       		.byte	-79
 1758 06c1 01       		.byte	1
 1759 06c2 B2       		.byte	-78
 1760 06c3 06       		.byte	6
 1761 06c4 B3       		.byte	-77
 1762 06c5 06       		.byte	6
 1763 06c6 B4       		.byte	-76
 1764 06c7 08       		.byte	8
 1765 06c8 B5       		.byte	-75
 1766 06c9 80       		.byte	-128
 1767 06ca B7       		.byte	-73
ARM GAS  C:\Users\ABDALL~1\AppData\Local\Temp\ccYoON9v.s 			page 32


 1768 06cb 78       		.byte	120
 1769 06cc B9       		.byte	-71
 1770 06cd 08       		.byte	8
 1771 06ce BB       		.byte	-69
 1772 06cf 80       		.byte	-128
 1773 06d0 BF       		.byte	-65
 1774 06d1 15       		.byte	21
 1775 06d2 C0       		.byte	-64
 1776 06d3 02       		.byte	2
 1777 06d4 C7       		.byte	-57
 1778 06d5 40       		.byte	64
 1779 06d6 C9       		.byte	-55
 1780 06d7 FF       		.byte	-1
 1781 06d8 CA       		.byte	-54
 1782 06d9 07       		.byte	7
 1783 06da CB       		.byte	-53
 1784 06db FF       		.byte	-1
 1785 06dc CC       		.byte	-52
 1786 06dd 40       		.byte	64
 1787 06de CD       		.byte	-51
 1788 06df 20       		.byte	32
 1789 06e0 CE       		.byte	-50
 1790 06e1 F0       		.byte	-16
 1791 06e2 CF       		.byte	-49
 1792 06e3 05       		.byte	5
 1793 06e4 D0       		.byte	-48
 1794 06e5 08       		.byte	8
 1795 06e6 D4       		.byte	-44
 1796 06e7 01       		.byte	1
 1797 06e8 D8       		.byte	-40
 1798 06e9 04       		.byte	4
 1799 06ea D9       		.byte	-39
 1800 06eb 04       		.byte	4
 1801 06ec DA       		.byte	-38
 1802 06ed 04       		.byte	4
 1803 06ee DB       		.byte	-37
 1804 06ef 04       		.byte	4
 1805 06f0 DC       		.byte	-36
 1806 06f1 10       		.byte	16
 1807 06f2 DD       		.byte	-35
 1808 06f3 11       		.byte	17
 1809 06f4 DF       		.byte	-33
 1810 06f5 01       		.byte	1
 1811 06f6 E0       		.byte	-32
 1812 06f7 40       		.byte	64
 1813 06f8 E1       		.byte	-31
 1814 06f9 A8       		.byte	-88
 1815 06fa E2       		.byte	-30
 1816 06fb 40       		.byte	64
 1817 06fc E3       		.byte	-29
 1818 06fd 20       		.byte	32
 1819 06fe 01       		.byte	1
 1820 06ff 20       		.byte	32
 1821 0700 03       		.byte	3
 1822 0701 01       		.byte	1
 1823 0702 06       		.byte	6
 1824 0703 80       		.byte	-128
ARM GAS  C:\Users\ABDALL~1\AppData\Local\Temp\ccYoON9v.s 			page 33


 1825 0704 08       		.byte	8
 1826 0705 20       		.byte	32
 1827 0706 0A       		.byte	10
 1828 0707 50       		.byte	80
 1829 0708 0B       		.byte	11
 1830 0709 84       		.byte	-124
 1831 070a 0D       		.byte	13
 1832 070b 10       		.byte	16
 1833 070c 0F       		.byte	15
 1834 070d 20       		.byte	32
 1835 070e 10       		.byte	16
 1836 070f 02       		.byte	2
 1837 0710 11       		.byte	17
 1838 0711 0A       		.byte	10
 1839 0712 12       		.byte	18
 1840 0713 08       		.byte	8
 1841 0714 19       		.byte	25
 1842 0715 30       		.byte	48
 1843 0716 1A       		.byte	26
 1844 0717 10       		.byte	16
 1845 0718 1B       		.byte	27
 1846 0719 49       		.byte	73
 1847 071a 1C       		.byte	28
 1848 071b 08       		.byte	8
 1849 071c 1D       		.byte	29
 1850 071d 04       		.byte	4
 1851 071e 1F       		.byte	31
 1852 071f 01       		.byte	1
 1853 0720 20       		.byte	32
 1854 0721 86       		.byte	-122
 1855 0722 21       		.byte	33
 1856 0723 08       		.byte	8
 1857 0724 22       		.byte	34
 1858 0725 40       		.byte	64
 1859 0726 24       		.byte	36
 1860 0727 02       		.byte	2
 1861 0728 26       		.byte	38
 1862 0729 80       		.byte	-128
 1863 072a 27       		.byte	39
 1864 072b 99       		.byte	-103
 1865 072c 28       		.byte	40
 1866 072d 80       		.byte	-128
 1867 072e 2B       		.byte	43
 1868 072f 40       		.byte	64
 1869 0730 2E       		.byte	46
 1870 0731 08       		.byte	8
 1871 0732 2F       		.byte	47
 1872 0733 08       		.byte	8
 1873 0734 31       		.byte	49
 1874 0735 08       		.byte	8
 1875 0736 32       		.byte	50
 1876 0737 40       		.byte	64
 1877 0738 35       		.byte	53
 1878 0739 10       		.byte	16
 1879 073a 36       		.byte	54
 1880 073b 88       		.byte	-120
 1881 073c 38       		.byte	56
ARM GAS  C:\Users\ABDALL~1\AppData\Local\Temp\ccYoON9v.s 			page 34


 1882 073d 01       		.byte	1
 1883 073e 39       		.byte	57
 1884 073f 14       		.byte	20
 1885 0740 3F       		.byte	63
 1886 0741 05       		.byte	5
 1887 0742 40       		.byte	64
 1888 0743 84       		.byte	-124
 1889 0744 41       		.byte	65
 1890 0745 80       		.byte	-128
 1891 0746 43       		.byte	67
 1892 0747 04       		.byte	4
 1893 0748 45       		.byte	69
 1894 0749 08       		.byte	8
 1895 074a 46       		.byte	70
 1896 074b 20       		.byte	32
 1897 074c 47       		.byte	71
 1898 074d 10       		.byte	16
 1899 074e 4B       		.byte	75
 1900 074f 80       		.byte	-128
 1901 0750 50       		.byte	80
 1902 0751 02       		.byte	2
 1903 0752 53       		.byte	83
 1904 0753 04       		.byte	4
 1905 0754 55       		.byte	85
 1906 0755 05       		.byte	5
 1907 0756 56       		.byte	86
 1908 0757 08       		.byte	8
 1909 0758 57       		.byte	87
 1910 0759 02       		.byte	2
 1911 075a 5C       		.byte	92
 1912 075b 20       		.byte	32
 1913 075c 5F       		.byte	95
 1914 075d 89       		.byte	-119
 1915 075e 82       		.byte	-126
 1916 075f 80       		.byte	-128
 1917 0760 83       		.byte	-125
 1918 0761 10       		.byte	16
 1919 0762 84       		.byte	-124
 1920 0763 05       		.byte	5
 1921 0764 85       		.byte	-123
 1922 0765 08       		.byte	8
 1923 0766 8C       		.byte	-116
 1924 0767 01       		.byte	1
 1925 0768 8D       		.byte	-115
 1926 0769 40       		.byte	64
 1927 076a 8E       		.byte	-114
 1928 076b 02       		.byte	2
 1929 076c 91       		.byte	-111
 1930 076d 34       		.byte	52
 1931 076e 92       		.byte	-110
 1932 076f 40       		.byte	64
 1933 0770 93       		.byte	-109
 1934 0771 05       		.byte	5
 1935 0772 94       		.byte	-108
 1936 0773 02       		.byte	2
 1937 0774 95       		.byte	-107
 1938 0775 80       		.byte	-128
ARM GAS  C:\Users\ABDALL~1\AppData\Local\Temp\ccYoON9v.s 			page 35


 1939 0776 97       		.byte	-105
 1940 0777 0A       		.byte	10
 1941 0778 9B       		.byte	-101
 1942 0779 04       		.byte	4
 1943 077a 9D       		.byte	-99
 1944 077b 2C       		.byte	44
 1945 077c 9E       		.byte	-98
 1946 077d A8       		.byte	-88
 1947 077e 9F       		.byte	-97
 1948 077f 01       		.byte	1
 1949 0780 A1       		.byte	-95
 1950 0781 80       		.byte	-128
 1951 0782 A2       		.byte	-94
 1952 0783 08       		.byte	8
 1953 0784 A4       		.byte	-92
 1954 0785 44       		.byte	68
 1955 0786 A6       		.byte	-90
 1956 0787 02       		.byte	2
 1957 0788 A7       		.byte	-89
 1958 0789 4B       		.byte	75
 1959 078a AB       		.byte	-85
 1960 078b 08       		.byte	8
 1961 078c C0       		.byte	-64
 1962 078d 13       		.byte	19
 1963 078e C2       		.byte	-62
 1964 078f 6C       		.byte	108
 1965 0790 C4       		.byte	-60
 1966 0791 0F       		.byte	15
 1967 0792 CA       		.byte	-54
 1968 0793 60       		.byte	96
 1969 0794 CC       		.byte	-52
 1970 0795 7A       		.byte	122
 1971 0796 CE       		.byte	-50
 1972 0797 C7       		.byte	-57
 1973 0798 D0       		.byte	-48
 1974 0799 2F       		.byte	47
 1975 079a D2       		.byte	-46
 1976 079b 08       		.byte	8
 1977 079c D6       		.byte	-42
 1978 079d F0       		.byte	-16
 1979 079e E4       		.byte	-28
 1980 079f 02       		.byte	2
 1981 07a0 E8       		.byte	-24
 1982 07a1 04       		.byte	4
 1983 07a2 05       		.byte	5
 1984 07a3 09       		.byte	9
 1985 07a4 07       		.byte	7
 1986 07a5 10       		.byte	16
 1987 07a6 09       		.byte	9
 1988 07a7 14       		.byte	20
 1989 07a8 11       		.byte	17
 1990 07a9 30       		.byte	48
 1991 07aa 13       		.byte	19
 1992 07ab 0C       		.byte	12
 1993 07ac 17       		.byte	23
 1994 07ad 03       		.byte	3
 1995 07ae 19       		.byte	25
ARM GAS  C:\Users\ABDALL~1\AppData\Local\Temp\ccYoON9v.s 			page 36


 1996 07af 2C       		.byte	44
 1997 07b0 1B       		.byte	27
 1998 07b1 11       		.byte	17
 1999 07b2 25       		.byte	37
 2000 07b3 40       		.byte	64
 2001 07b4 29       		.byte	41
 2002 07b5 1C       		.byte	28
 2003 07b6 2B       		.byte	43
 2004 07b7 22       		.byte	34
 2005 07b8 2D       		.byte	45
 2006 07b9 10       		.byte	16
 2007 07ba 33       		.byte	51
 2008 07bb 60       		.byte	96
 2009 07bc 35       		.byte	53
 2010 07bd 1F       		.byte	31
 2011 07be 39       		.byte	57
 2012 07bf 08       		.byte	8
 2013 07c0 56       		.byte	86
 2014 07c1 02       		.byte	2
 2015 07c2 57       		.byte	87
 2016 07c3 11       		.byte	17
 2017 07c4 59       		.byte	89
 2018 07c5 04       		.byte	4
 2019 07c6 5B       		.byte	91
 2020 07c7 04       		.byte	4
 2021 07c8 5C       		.byte	92
 2022 07c9 10       		.byte	16
 2023 07ca 5D       		.byte	93
 2024 07cb 10       		.byte	16
 2025 07cc 5F       		.byte	95
 2026 07cd 01       		.byte	1
 2027 07ce 80       		.byte	-128
 2028 07cf DF       		.byte	-33
 2029 07d0 81       		.byte	-127
 2030 07d1 08       		.byte	8
 2031 07d2 84       		.byte	-124
 2032 07d3 1C       		.byte	28
 2033 07d4 85       		.byte	-123
 2034 07d5 04       		.byte	4
 2035 07d6 86       		.byte	-122
 2036 07d7 C1       		.byte	-63
 2037 07d8 89       		.byte	-119
 2038 07d9 0C       		.byte	12
 2039 07da 8A       		.byte	-118
 2040 07db 43       		.byte	67
 2041 07dc 8D       		.byte	-115
 2042 07dd 41       		.byte	65
 2043 07de 8E       		.byte	-114
 2044 07df 04       		.byte	4
 2045 07e0 90       		.byte	-112
 2046 07e1 5C       		.byte	92
 2047 07e2 92       		.byte	-110
 2048 07e3 82       		.byte	-126
 2049 07e4 96       		.byte	-106
 2050 07e5 20       		.byte	32
 2051 07e6 97       		.byte	-105
 2052 07e7 E3       		.byte	-29
ARM GAS  C:\Users\ABDALL~1\AppData\Local\Temp\ccYoON9v.s 			page 37


 2053 07e8 99       		.byte	-103
 2054 07e9 1F       		.byte	31
 2055 07ea 9A       		.byte	-102
 2056 07eb 20       		.byte	32
 2057 07ec 9B       		.byte	-101
 2058 07ed E0       		.byte	-32
 2059 07ee 9C       		.byte	-100
 2060 07ef C7       		.byte	-57
 2061 07f0 9D       		.byte	-99
 2062 07f1 F3       		.byte	-13
 2063 07f2 9E       		.byte	-98
 2064 07f3 18       		.byte	24
 2065 07f4 9F       		.byte	-97
 2066 07f5 0C       		.byte	12
 2067 07f6 A0       		.byte	-96
 2068 07f7 10       		.byte	16
 2069 07f8 A1       		.byte	-95
 2070 07f9 FF       		.byte	-1
 2071 07fa A4       		.byte	-92
 2072 07fb 08       		.byte	8
 2073 07fc A5       		.byte	-91
 2074 07fd 82       		.byte	-126
 2075 07fe A8       		.byte	-88
 2076 07ff 18       		.byte	24
 2077 0800 A9       		.byte	-87
 2078 0801 C3       		.byte	-61
 2079 0802 AC       		.byte	-84
 2080 0803 04       		.byte	4
 2081 0804 AD       		.byte	-83
 2082 0805 1C       		.byte	28
 2083 0806 AF       		.byte	-81
 2084 0807 E3       		.byte	-29
 2085 0808 B0       		.byte	-80
 2086 0809 58       		.byte	88
 2087 080a B1       		.byte	-79
 2088 080b C0       		.byte	-64
 2089 080c B2       		.byte	-78
 2090 080d 80       		.byte	-128
 2091 080e B3       		.byte	-77
 2092 080f 10       		.byte	16
 2093 0810 B4       		.byte	-76
 2094 0811 20       		.byte	32
 2095 0812 B5       		.byte	-75
 2096 0813 2C       		.byte	44
 2097 0814 B6       		.byte	-74
 2098 0815 1F       		.byte	31
 2099 0816 B7       		.byte	-73
 2100 0817 0F       		.byte	15
 2101 0818 B8       		.byte	-72
 2102 0819 08       		.byte	8
 2103 081a BA       		.byte	-70
 2104 081b 80       		.byte	-128
 2105 081c BB       		.byte	-69
 2106 081d A0       		.byte	-96
 2107 081e BE       		.byte	-66
 2108 081f 10       		.byte	16
 2109 0820 BF       		.byte	-65
ARM GAS  C:\Users\ABDALL~1\AppData\Local\Temp\ccYoON9v.s 			page 38


 2110 0821 04       		.byte	4
 2111 0822 D4       		.byte	-44
 2112 0823 18       		.byte	24
 2113 0824 D6       		.byte	-42
 2114 0825 04       		.byte	4
 2115 0826 D8       		.byte	-40
 2116 0827 04       		.byte	4
 2117 0828 D9       		.byte	-39
 2118 0829 04       		.byte	4
 2119 082a DB       		.byte	-37
 2120 082b 04       		.byte	4
 2121 082c DC       		.byte	-36
 2122 082d 11       		.byte	17
 2123 082e DD       		.byte	-35
 2124 082f 10       		.byte	16
 2125 0830 DF       		.byte	-33
 2126 0831 01       		.byte	1
 2127 0832 00       		.byte	0
 2128 0833 80       		.byte	-128
 2129 0834 01       		.byte	1
 2130 0835 02       		.byte	2
 2131 0836 02       		.byte	2
 2132 0837 20       		.byte	32
 2133 0838 03       		.byte	3
 2134 0839 04       		.byte	4
 2135 083a 08       		.byte	8
 2136 083b 01       		.byte	1
 2137 083c 09       		.byte	9
 2138 083d 80       		.byte	-128
 2139 083e 0A       		.byte	10
 2140 083f 10       		.byte	16
 2141 0840 0B       		.byte	11
 2142 0841 08       		.byte	8
 2143 0842 10       		.byte	16
 2144 0843 A8       		.byte	-88
 2145 0844 12       		.byte	18
 2146 0845 02       		.byte	2
 2147 0846 18       		.byte	24
 2148 0847 04       		.byte	4
 2149 0848 19       		.byte	25
 2150 0849 40       		.byte	64
 2151 084a 1A       		.byte	26
 2152 084b 50       		.byte	80
 2153 084c 21       		.byte	33
 2154 084d 80       		.byte	-128
 2155 084e 22       		.byte	34
 2156 084f 31       		.byte	49
 2157 0850 23       		.byte	35
 2158 0851 10       		.byte	16
 2159 0852 25       		.byte	37
 2160 0853 04       		.byte	4
 2161 0854 26       		.byte	38
 2162 0855 08       		.byte	8
 2163 0856 27       		.byte	39
 2164 0857 08       		.byte	8
 2165 0858 28       		.byte	40
 2166 0859 01       		.byte	1
ARM GAS  C:\Users\ABDALL~1\AppData\Local\Temp\ccYoON9v.s 			page 39


 2167 085a 29       		.byte	41
 2168 085b 4A       		.byte	74
 2169 085c 2A       		.byte	42
 2170 085d 20       		.byte	32
 2171 085e 2B       		.byte	43
 2172 085f 40       		.byte	64
 2173 0860 2E       		.byte	46
 2174 0861 08       		.byte	8
 2175 0862 2F       		.byte	47
 2176 0863 0A       		.byte	10
 2177 0864 31       		.byte	49
 2178 0865 80       		.byte	-128
 2179 0866 32       		.byte	50
 2180 0867 10       		.byte	16
 2181 0868 33       		.byte	51
 2182 0869 04       		.byte	4
 2183 086a 35       		.byte	53
 2184 086b 20       		.byte	32
 2185 086c 37       		.byte	55
 2186 086d 09       		.byte	9
 2187 086e 39       		.byte	57
 2188 086f 80       		.byte	-128
 2189 0870 3A       		.byte	58
 2190 0871 15       		.byte	21
 2191 0872 3D       		.byte	61
 2192 0873 08       		.byte	8
 2193 0874 3F       		.byte	63
 2194 0875 20       		.byte	32
 2195 0876 5A       		.byte	90
 2196 0877 02       		.byte	2
 2197 0878 5F       		.byte	95
 2198 0879 10       		.byte	16
 2199 087a 60       		.byte	96
 2200 087b 04       		.byte	4
 2201 087c 63       		.byte	99
 2202 087d 42       		.byte	66
 2203 087e 6D       		.byte	109
 2204 087f 54       		.byte	84
 2205 0880 74       		.byte	116
 2206 0881 A8       		.byte	-88
 2207 0882 76       		.byte	118
 2208 0883 15       		.byte	21
 2209 0884 87       		.byte	-121
 2210 0885 40       		.byte	64
 2211 0886 91       		.byte	-111
 2212 0887 20       		.byte	32
 2213 0888 93       		.byte	-109
 2214 0889 05       		.byte	5
 2215 088a 94       		.byte	-108
 2216 088b 02       		.byte	2
 2217 088c 95       		.byte	-107
 2218 088d 54       		.byte	84
 2219 088e 97       		.byte	-105
 2220 088f 02       		.byte	2
 2221 0890 9B       		.byte	-101
 2222 0891 04       		.byte	4
 2223 0892 9D       		.byte	-99
ARM GAS  C:\Users\ABDALL~1\AppData\Local\Temp\ccYoON9v.s 			page 40


 2224 0893 24       		.byte	36
 2225 0894 9E       		.byte	-98
 2226 0895 88       		.byte	-120
 2227 0896 A3       		.byte	-93
 2228 0897 10       		.byte	16
 2229 0898 A4       		.byte	-92
 2230 0899 04       		.byte	4
 2231 089a AE       		.byte	-82
 2232 089b 04       		.byte	4
 2233 089c B2       		.byte	-78
 2234 089d 10       		.byte	16
 2235 089e B3       		.byte	-77
 2236 089f 80       		.byte	-128
 2237 08a0 C0       		.byte	-64
 2238 08a1 0F       		.byte	15
 2239 08a2 C2       		.byte	-62
 2240 08a3 0F       		.byte	15
 2241 08a4 C4       		.byte	-60
 2242 08a5 0F       		.byte	15
 2243 08a6 CA       		.byte	-54
 2244 08a7 7F       		.byte	127
 2245 08a8 CC       		.byte	-52
 2246 08a9 EE       		.byte	-18
 2247 08aa CE       		.byte	-50
 2248 08ab 6F       		.byte	111
 2249 08ac D6       		.byte	-42
 2250 08ad 21       		.byte	33
 2251 08ae D8       		.byte	-40
 2252 08af 0D       		.byte	13
 2253 08b0 96       		.byte	-106
 2254 08b1 40       		.byte	64
 2255 08b2 A7       		.byte	-89
 2256 08b3 08       		.byte	8
 2257 08b4 87       		.byte	-121
 2258 08b5 08       		.byte	8
 2259 08b6 A7       		.byte	-89
 2260 08b7 08       		.byte	8
 2261 08b8 AA       		.byte	-86
 2262 08b9 40       		.byte	64
 2263 08ba E6       		.byte	-26
 2264 08bb 10       		.byte	16
 2265 08bc 33       		.byte	51
 2266 08bd 10       		.byte	16
 2267 08be 36       		.byte	54
 2268 08bf 40       		.byte	64
 2269 08c0 CC       		.byte	-52
 2270 08c1 30       		.byte	48
 2271 08c2 83       		.byte	-125
 2272 08c3 10       		.byte	16
 2273 08c4 9F       		.byte	-97
 2274 08c5 10       		.byte	16
 2275 08c6 A6       		.byte	-90
 2276 08c7 40       		.byte	64
 2277 08c8 E2       		.byte	-30
 2278 08c9 20       		.byte	32
 2279 08ca 53       		.byte	83
 2280 08cb 04       		.byte	4
ARM GAS  C:\Users\ABDALL~1\AppData\Local\Temp\ccYoON9v.s 			page 41


 2281 08cc 56       		.byte	86
 2282 08cd 10       		.byte	16
 2283 08ce A6       		.byte	-90
 2284 08cf 40       		.byte	64
 2285 08d0 D4       		.byte	-44
 2286 08d1 60       		.byte	96
 2287 08d2 97       		.byte	-105
 2288 08d3 08       		.byte	8
 2289 08d4 A6       		.byte	-90
 2290 08d5 40       		.byte	64
 2291 08d6 AE       		.byte	-82
 2292 08d7 10       		.byte	16
 2293 08d8 EA       		.byte	-22
 2294 08d9 40       		.byte	64
 2295 08da 7E       		.byte	126
 2296 08db 01       		.byte	1
 2297 08dc DE       		.byte	-34
 2298 08dd 04       		.byte	4
 2299 08de 53       		.byte	83
 2300 08df 01       		.byte	1
 2301 08e0 8A       		.byte	-118
 2302 08e1 01       		.byte	1
 2303 08e2 96       		.byte	-106
 2304 08e3 02       		.byte	2
 2305 08e4 D4       		.byte	-44
 2306 08e5 01       		.byte	1
 2307 08e6 E0       		.byte	-32
 2308 08e7 04       		.byte	4
 2309 08e8 AB       		.byte	-85
 2310 08e9 01       		.byte	1
 2311 08ea 86       		.byte	-122
 2312 08eb 40       		.byte	64
 2313 08ec A6       		.byte	-90
 2314 08ed 40       		.byte	64
 2315 08ee AF       		.byte	-81
 2316 08ef 04       		.byte	4
 2317 08f0 E6       		.byte	-26
 2318 08f1 40       		.byte	64
 2319 08f2 EE       		.byte	-18
 2320 08f3 10       		.byte	16
 2321 08f4 12       		.byte	18
 2322 08f5 20       		.byte	32
 2323 08f6 17       		.byte	23
 2324 08f7 04       		.byte	4
 2325 08f8 82       		.byte	-126
 2326 08f9 20       		.byte	32
 2327 08fa 83       		.byte	-125
 2328 08fb 04       		.byte	4
 2329 08fc C4       		.byte	-60
 2330 08fd 30       		.byte	48
 2331 08fe E0       		.byte	-32
 2332 08ff 80       		.byte	-128
 2333 0900 E4       		.byte	-28
 2334 0901 80       		.byte	-128
 2335 0902 10       		.byte	16
 2336 0903 20       		.byte	32
 2337 0904 8C       		.byte	-116
ARM GAS  C:\Users\ABDALL~1\AppData\Local\Temp\ccYoON9v.s 			page 42


 2338 0905 20       		.byte	32
 2339 0906 C4       		.byte	-60
 2340 0907 08       		.byte	8
 2341 0908 E6       		.byte	-26
 2342 0909 08       		.byte	8
 2343 090a 00       		.byte	0
 2344 090b 07       		.byte	7
 2345 090c 08       		.byte	8
 2346 090d 01       		.byte	1
 2347 090e 0A       		.byte	10
 2348 090f 03       		.byte	3
 2349 0910 0E       		.byte	14
 2350 0911 05       		.byte	5
 2351 0912 10       		.byte	16
 2352 0913 03       		.byte	3
 2353 0914 1A       		.byte	26
 2354 0915 03       		.byte	3
 2355 0916 00       		.byte	0
 2356 0917 0F       		.byte	15
 2357 0918 81       		.byte	-127
 2358 0919 03       		.byte	3
 2359 091a 00       		.byte	0
 2360 091b 00       		.byte	0
 2361 091c 43       		.byte	67
 2362 091d 00       		.byte	0
 2363 091e 00       		.byte	0
 2364 091f 00       		.byte	0
 2365 0920 83       		.byte	-125
 2366 0921 00       		.byte	0
 2367 0922 40       		.byte	64
 2368 0923 80       		.byte	-128
 2369 0924 83       		.byte	-125
 2370 0925 00       		.byte	0
 2371 0926 83       		.byte	-125
 2372 0927 00       		.byte	0
 2373 0928 00       		.byte	0
 2374 0929 00       		.byte	0
 2375 092a 00       		.byte	0
 2376 092b 00       		.byte	0
 2377 092c 00       		.byte	0
 2378 092d 0B       		.byte	11
 2379 092e 0B       		.byte	11
 2380 092f 00       		.byte	0
 2381 0930 00       		.byte	0
 2382 0931 00       		.byte	0
 2383 0932 00       		.byte	0
 2384 0933 00       		.byte	0
 2385 0934 00       		.byte	0
 2386 0935 01       		.byte	1
 2387 0936 01       		.byte	1
 2388 0937 00       		.byte	0
 2389 0938 01       		.byte	1
 2390 0939 00       		.byte	0
 2391 093a 00       		.byte	0
 2392 093b 00       		.byte	0
 2393              		.section	.cywolatch,"a",%progbits
 2394              		.align	2
ARM GAS  C:\Users\ABDALL~1\AppData\Local\Temp\ccYoON9v.s 			page 43


 2395              		.type	cy_meta_wonvl, %object
 2396              		.size	cy_meta_wonvl, 4
 2397              	cy_meta_wonvl:
 2398 0000 BC       		.byte	-68
 2399 0001 90       		.byte	-112
 2400 0002 AC       		.byte	-84
 2401 0003 AF       		.byte	-81
 2402              		.section	.cycustnvl,"a",%progbits
 2403              		.align	2
 2404              		.type	cy_meta_custnvl, %object
 2405              		.size	cy_meta_custnvl, 4
 2406              	cy_meta_custnvl:
 2407 0000 00       		.byte	0
 2408 0001 00       		.byte	0
 2409 0002 40       		.byte	64
 2410 0003 05       		.byte	5
 2411              		.section	.cymeta,"a",%progbits
 2412              		.align	2
 2413              		.type	cy_metadata, %object
 2414              		.size	cy_metadata, 12
 2415              	cy_metadata:
 2416 0000 00       		.byte	0
 2417 0001 01       		.byte	1
 2418 0002 2E       		.byte	46
 2419 0003 16       		.byte	22
 2420 0004 10       		.byte	16
 2421 0005 69       		.byte	105
 2422 0006 00       		.byte	0
 2423 0007 01       		.byte	1
 2424 0008 00       		.byte	0
 2425 0009 00       		.byte	0
 2426 000a 00       		.byte	0
 2427 000b 00       		.byte	0
 2428              		.section	.cyflashprotect,"a",%progbits
 2429              		.align	2
 2430              		.type	cy_meta_flashprotect, %object
 2431              		.size	cy_meta_flashprotect, 256
 2432              	cy_meta_flashprotect:
 2433 0000 00000000 		.space	256
 2433      00000000 
 2433      00000000 
 2433      00000000 
 2433      00000000 
 2434              		.text
 2435              	.Letext0:
 2436              		.file 1 "c:\\program files (x86)\\cypress\\psoc creator\\4.2\\psoc creator\\import\\gnu\\arm\\5.4.
 2437              		.file 2 "c:\\program files (x86)\\cypress\\psoc creator\\4.2\\psoc creator\\import\\gnu\\arm\\5.4.
 2438              		.file 3 "Generated_Source\\PSoC5\\cymetadata.c"
 2439              		.section	.debug_info,"",%progbits
 2440              	.Ldebug_info0:
 2441 0000 35010000 		.4byte	0x135
 2442 0004 0400     		.2byte	0x4
 2443 0006 00000000 		.4byte	.Ldebug_abbrev0
 2444 000a 04       		.byte	0x4
 2445 000b 01       		.uleb128 0x1
 2446 000c 79000000 		.4byte	.LASF17
 2447 0010 0C       		.byte	0xc
ARM GAS  C:\Users\ABDALL~1\AppData\Local\Temp\ccYoON9v.s 			page 44


 2448 0011 D3010000 		.4byte	.LASF18
 2449 0015 0A000000 		.4byte	.LASF19
 2450 0019 00000000 		.4byte	.Ldebug_line0
 2451 001d 02       		.uleb128 0x2
 2452 001e 01       		.byte	0x1
 2453 001f 06       		.byte	0x6
 2454 0020 C7010000 		.4byte	.LASF0
 2455 0024 03       		.uleb128 0x3
 2456 0025 00000000 		.4byte	.LASF9
 2457 0029 01       		.byte	0x1
 2458 002a 1D       		.byte	0x1d
 2459 002b 2F000000 		.4byte	0x2f
 2460 002f 02       		.uleb128 0x2
 2461 0030 01       		.byte	0x1
 2462 0031 08       		.byte	0x8
 2463 0032 6B000000 		.4byte	.LASF1
 2464 0036 02       		.uleb128 0x2
 2465 0037 02       		.byte	0x2
 2466 0038 05       		.byte	0x5
 2467 0039 B4010000 		.4byte	.LASF2
 2468 003d 02       		.uleb128 0x2
 2469 003e 02       		.byte	0x2
 2470 003f 07       		.byte	0x7
 2471 0040 19010000 		.4byte	.LASF3
 2472 0044 02       		.uleb128 0x2
 2473 0045 04       		.byte	0x4
 2474 0046 05       		.byte	0x5
 2475 0047 BE010000 		.4byte	.LASF4
 2476 004b 02       		.uleb128 0x2
 2477 004c 04       		.byte	0x4
 2478 004d 07       		.byte	0x7
 2479 004e 07010000 		.4byte	.LASF5
 2480 0052 02       		.uleb128 0x2
 2481 0053 08       		.byte	0x8
 2482 0054 05       		.byte	0x5
 2483 0055 A6010000 		.4byte	.LASF6
 2484 0059 02       		.uleb128 0x2
 2485 005a 08       		.byte	0x8
 2486 005b 07       		.byte	0x7
 2487 005c 5B010000 		.4byte	.LASF7
 2488 0060 04       		.uleb128 0x4
 2489 0061 04       		.byte	0x4
 2490 0062 05       		.byte	0x5
 2491 0063 696E7400 		.ascii	"int\000"
 2492 0067 02       		.uleb128 0x2
 2493 0068 04       		.byte	0x4
 2494 0069 07       		.byte	0x7
 2495 006a 4E010000 		.4byte	.LASF8
 2496 006e 03       		.uleb128 0x3
 2497 006f 72010000 		.4byte	.LASF10
 2498 0073 02       		.byte	0x2
 2499 0074 18       		.byte	0x18
 2500 0075 24000000 		.4byte	0x24
 2501 0079 05       		.uleb128 0x5
 2502 007a 91000000 		.4byte	0x91
 2503 007e 8A000000 		.4byte	0x8a
 2504 0082 06       		.uleb128 0x6
ARM GAS  C:\Users\ABDALL~1\AppData\Local\Temp\ccYoON9v.s 			page 45


 2505 0083 8A000000 		.4byte	0x8a
 2506 0087 3B09     		.2byte	0x93b
 2507 0089 00       		.byte	0
 2508 008a 02       		.uleb128 0x2
 2509 008b 04       		.byte	0x4
 2510 008c 07       		.byte	0x7
 2511 008d 9D010000 		.4byte	.LASF11
 2512 0091 07       		.uleb128 0x7
 2513 0092 6E000000 		.4byte	0x6e
 2514 0096 08       		.uleb128 0x8
 2515 0097 3C010000 		.4byte	.LASF12
 2516 009b 03       		.byte	0x3
 2517 009c 1F       		.byte	0x1f
 2518 009d A7000000 		.4byte	0xa7
 2519 00a1 05       		.uleb128 0x5
 2520 00a2 03       		.byte	0x3
 2521 00a3 00000000 		.4byte	cy_meta_configecc
 2522 00a7 07       		.uleb128 0x7
 2523 00a8 79000000 		.4byte	0x79
 2524 00ac 05       		.uleb128 0x5
 2525 00ad 91000000 		.4byte	0x91
 2526 00b1 BC000000 		.4byte	0xbc
 2527 00b5 09       		.uleb128 0x9
 2528 00b6 8A000000 		.4byte	0x8a
 2529 00ba 03       		.byte	0x3
 2530 00bb 00       		.byte	0
 2531 00bc 0A       		.uleb128 0xa
 2532 00bd 2C010000 		.4byte	.LASF13
 2533 00c1 03       		.byte	0x3
 2534 00c2 5401     		.2byte	0x154
 2535 00c4 CE000000 		.4byte	0xce
 2536 00c8 05       		.uleb128 0x5
 2537 00c9 03       		.byte	0x3
 2538 00ca 00000000 		.4byte	cy_meta_custnvl
 2539 00ce 07       		.uleb128 0x7
 2540 00cf AC000000 		.4byte	0xac
 2541 00d3 0A       		.uleb128 0xa
 2542 00d4 8F010000 		.4byte	.LASF14
 2543 00d8 03       		.byte	0x3
 2544 00d9 6201     		.2byte	0x162
 2545 00db E5000000 		.4byte	0xe5
 2546 00df 05       		.uleb128 0x5
 2547 00e0 03       		.byte	0x3
 2548 00e1 00000000 		.4byte	cy_meta_wonvl
 2549 00e5 07       		.uleb128 0x7
 2550 00e6 AC000000 		.4byte	0xac
 2551 00ea 05       		.uleb128 0x5
 2552 00eb 91000000 		.4byte	0x91
 2553 00ef FA000000 		.4byte	0xfa
 2554 00f3 09       		.uleb128 0x9
 2555 00f4 8A000000 		.4byte	0x8a
 2556 00f8 FF       		.byte	0xff
 2557 00f9 00       		.byte	0
 2558 00fa 0A       		.uleb128 0xa
 2559 00fb 7A010000 		.4byte	.LASF15
 2560 00ff 03       		.byte	0x3
 2561 0100 7001     		.2byte	0x170
ARM GAS  C:\Users\ABDALL~1\AppData\Local\Temp\ccYoON9v.s 			page 46


 2562 0102 0C010000 		.4byte	0x10c
 2563 0106 05       		.uleb128 0x5
 2564 0107 03       		.byte	0x3
 2565 0108 00000000 		.4byte	cy_meta_flashprotect
 2566 010c 07       		.uleb128 0x7
 2567 010d EA000000 		.4byte	0xea
 2568 0111 05       		.uleb128 0x5
 2569 0112 91000000 		.4byte	0x91
 2570 0116 21010000 		.4byte	0x121
 2571 011a 09       		.uleb128 0x9
 2572 011b 8A000000 		.4byte	0x8a
 2573 011f 0B       		.byte	0xb
 2574 0120 00       		.byte	0
 2575 0121 0A       		.uleb128 0xa
 2576 0122 5F000000 		.4byte	.LASF16
 2577 0126 03       		.byte	0x3
 2578 0127 9D01     		.2byte	0x19d
 2579 0129 33010000 		.4byte	0x133
 2580 012d 05       		.uleb128 0x5
 2581 012e 03       		.byte	0x3
 2582 012f 00000000 		.4byte	cy_metadata
 2583 0133 07       		.uleb128 0x7
 2584 0134 11010000 		.4byte	0x111
 2585 0138 00       		.byte	0
 2586              		.section	.debug_abbrev,"",%progbits
 2587              	.Ldebug_abbrev0:
 2588 0000 01       		.uleb128 0x1
 2589 0001 11       		.uleb128 0x11
 2590 0002 01       		.byte	0x1
 2591 0003 25       		.uleb128 0x25
 2592 0004 0E       		.uleb128 0xe
 2593 0005 13       		.uleb128 0x13
 2594 0006 0B       		.uleb128 0xb
 2595 0007 03       		.uleb128 0x3
 2596 0008 0E       		.uleb128 0xe
 2597 0009 1B       		.uleb128 0x1b
 2598 000a 0E       		.uleb128 0xe
 2599 000b 10       		.uleb128 0x10
 2600 000c 17       		.uleb128 0x17
 2601 000d 00       		.byte	0
 2602 000e 00       		.byte	0
 2603 000f 02       		.uleb128 0x2
 2604 0010 24       		.uleb128 0x24
 2605 0011 00       		.byte	0
 2606 0012 0B       		.uleb128 0xb
 2607 0013 0B       		.uleb128 0xb
 2608 0014 3E       		.uleb128 0x3e
 2609 0015 0B       		.uleb128 0xb
 2610 0016 03       		.uleb128 0x3
 2611 0017 0E       		.uleb128 0xe
 2612 0018 00       		.byte	0
 2613 0019 00       		.byte	0
 2614 001a 03       		.uleb128 0x3
 2615 001b 16       		.uleb128 0x16
 2616 001c 00       		.byte	0
 2617 001d 03       		.uleb128 0x3
 2618 001e 0E       		.uleb128 0xe
ARM GAS  C:\Users\ABDALL~1\AppData\Local\Temp\ccYoON9v.s 			page 47


 2619 001f 3A       		.uleb128 0x3a
 2620 0020 0B       		.uleb128 0xb
 2621 0021 3B       		.uleb128 0x3b
 2622 0022 0B       		.uleb128 0xb
 2623 0023 49       		.uleb128 0x49
 2624 0024 13       		.uleb128 0x13
 2625 0025 00       		.byte	0
 2626 0026 00       		.byte	0
 2627 0027 04       		.uleb128 0x4
 2628 0028 24       		.uleb128 0x24
 2629 0029 00       		.byte	0
 2630 002a 0B       		.uleb128 0xb
 2631 002b 0B       		.uleb128 0xb
 2632 002c 3E       		.uleb128 0x3e
 2633 002d 0B       		.uleb128 0xb
 2634 002e 03       		.uleb128 0x3
 2635 002f 08       		.uleb128 0x8
 2636 0030 00       		.byte	0
 2637 0031 00       		.byte	0
 2638 0032 05       		.uleb128 0x5
 2639 0033 01       		.uleb128 0x1
 2640 0034 01       		.byte	0x1
 2641 0035 49       		.uleb128 0x49
 2642 0036 13       		.uleb128 0x13
 2643 0037 01       		.uleb128 0x1
 2644 0038 13       		.uleb128 0x13
 2645 0039 00       		.byte	0
 2646 003a 00       		.byte	0
 2647 003b 06       		.uleb128 0x6
 2648 003c 21       		.uleb128 0x21
 2649 003d 00       		.byte	0
 2650 003e 49       		.uleb128 0x49
 2651 003f 13       		.uleb128 0x13
 2652 0040 2F       		.uleb128 0x2f
 2653 0041 05       		.uleb128 0x5
 2654 0042 00       		.byte	0
 2655 0043 00       		.byte	0
 2656 0044 07       		.uleb128 0x7
 2657 0045 26       		.uleb128 0x26
 2658 0046 00       		.byte	0
 2659 0047 49       		.uleb128 0x49
 2660 0048 13       		.uleb128 0x13
 2661 0049 00       		.byte	0
 2662 004a 00       		.byte	0
 2663 004b 08       		.uleb128 0x8
 2664 004c 34       		.uleb128 0x34
 2665 004d 00       		.byte	0
 2666 004e 03       		.uleb128 0x3
 2667 004f 0E       		.uleb128 0xe
 2668 0050 3A       		.uleb128 0x3a
 2669 0051 0B       		.uleb128 0xb
 2670 0052 3B       		.uleb128 0x3b
 2671 0053 0B       		.uleb128 0xb
 2672 0054 49       		.uleb128 0x49
 2673 0055 13       		.uleb128 0x13
 2674 0056 3F       		.uleb128 0x3f
 2675 0057 19       		.uleb128 0x19
ARM GAS  C:\Users\ABDALL~1\AppData\Local\Temp\ccYoON9v.s 			page 48


 2676 0058 02       		.uleb128 0x2
 2677 0059 18       		.uleb128 0x18
 2678 005a 00       		.byte	0
 2679 005b 00       		.byte	0
 2680 005c 09       		.uleb128 0x9
 2681 005d 21       		.uleb128 0x21
 2682 005e 00       		.byte	0
 2683 005f 49       		.uleb128 0x49
 2684 0060 13       		.uleb128 0x13
 2685 0061 2F       		.uleb128 0x2f
 2686 0062 0B       		.uleb128 0xb
 2687 0063 00       		.byte	0
 2688 0064 00       		.byte	0
 2689 0065 0A       		.uleb128 0xa
 2690 0066 34       		.uleb128 0x34
 2691 0067 00       		.byte	0
 2692 0068 03       		.uleb128 0x3
 2693 0069 0E       		.uleb128 0xe
 2694 006a 3A       		.uleb128 0x3a
 2695 006b 0B       		.uleb128 0xb
 2696 006c 3B       		.uleb128 0x3b
 2697 006d 05       		.uleb128 0x5
 2698 006e 49       		.uleb128 0x49
 2699 006f 13       		.uleb128 0x13
 2700 0070 3F       		.uleb128 0x3f
 2701 0071 19       		.uleb128 0x19
 2702 0072 02       		.uleb128 0x2
 2703 0073 18       		.uleb128 0x18
 2704 0074 00       		.byte	0
 2705 0075 00       		.byte	0
 2706 0076 00       		.byte	0
 2707              		.section	.debug_aranges,"",%progbits
 2708 0000 14000000 		.4byte	0x14
 2709 0004 0200     		.2byte	0x2
 2710 0006 00000000 		.4byte	.Ldebug_info0
 2711 000a 04       		.byte	0x4
 2712 000b 00       		.byte	0
 2713 000c 0000     		.2byte	0
 2714 000e 0000     		.2byte	0
 2715 0010 00000000 		.4byte	0
 2716 0014 00000000 		.4byte	0
 2717              		.section	.debug_line,"",%progbits
 2718              	.Ldebug_line0:
 2719 0000 3D010000 		.section	.debug_str,"MS",%progbits,1
 2719      02003701 
 2719      00000201 
 2719      FB0E0D00 
 2719      01010101 
 2720              	.LASF9:
 2721 0000 5F5F7569 		.ascii	"__uint8_t\000"
 2721      6E74385F 
 2721      7400
 2722              	.LASF19:
 2723 000a 433A5C55 		.ascii	"C:\\Users\\Abdallah Ajjawi\\Desktop\\TemperatureCon"
 2723      73657273 
 2723      5C416264 
 2723      616C6C61 
ARM GAS  C:\Users\ABDALL~1\AppData\Local\Temp\ccYoON9v.s 			page 49


 2723      6820416A 
 2724 0039 74726F6C 		.ascii	"trolHandout\\Temperature-Control.cydsn\000"
 2724      48616E64 
 2724      6F75745C 
 2724      54656D70 
 2724      65726174 
 2725              	.LASF16:
 2726 005f 63795F6D 		.ascii	"cy_metadata\000"
 2726      65746164 
 2726      61746100 
 2727              	.LASF1:
 2728 006b 756E7369 		.ascii	"unsigned char\000"
 2728      676E6564 
 2728      20636861 
 2728      7200
 2729              	.LASF17:
 2730 0079 474E5520 		.ascii	"GNU C11 5.4.1 20160609 (release) [ARM/embedded-5-br"
 2730      43313120 
 2730      352E342E 
 2730      31203230 
 2730      31363036 
 2731 00ac 616E6368 		.ascii	"anch revision 237715] -mcpu=cortex-m3 -mthumb -g -O"
 2731      20726576 
 2731      6973696F 
 2731      6E203233 
 2731      37373135 
 2732 00df 67202D66 		.ascii	"g -ffunction-sections -ffat-lto-objects\000"
 2732      66756E63 
 2732      74696F6E 
 2732      2D736563 
 2732      74696F6E 
 2733              	.LASF5:
 2734 0107 6C6F6E67 		.ascii	"long unsigned int\000"
 2734      20756E73 
 2734      69676E65 
 2734      6420696E 
 2734      7400
 2735              	.LASF3:
 2736 0119 73686F72 		.ascii	"short unsigned int\000"
 2736      7420756E 
 2736      7369676E 
 2736      65642069 
 2736      6E7400
 2737              	.LASF13:
 2738 012c 63795F6D 		.ascii	"cy_meta_custnvl\000"
 2738      6574615F 
 2738      63757374 
 2738      6E766C00 
 2739              	.LASF12:
 2740 013c 63795F6D 		.ascii	"cy_meta_configecc\000"
 2740      6574615F 
 2740      636F6E66 
 2740      69676563 
 2740      6300
 2741              	.LASF8:
 2742 014e 756E7369 		.ascii	"unsigned int\000"
 2742      676E6564 
ARM GAS  C:\Users\ABDALL~1\AppData\Local\Temp\ccYoON9v.s 			page 50


 2742      20696E74 
 2742      00
 2743              	.LASF7:
 2744 015b 6C6F6E67 		.ascii	"long long unsigned int\000"
 2744      206C6F6E 
 2744      6720756E 
 2744      7369676E 
 2744      65642069 
 2745              	.LASF10:
 2746 0172 75696E74 		.ascii	"uint8_t\000"
 2746      385F7400 
 2747              	.LASF15:
 2748 017a 63795F6D 		.ascii	"cy_meta_flashprotect\000"
 2748      6574615F 
 2748      666C6173 
 2748      6870726F 
 2748      74656374 
 2749              	.LASF14:
 2750 018f 63795F6D 		.ascii	"cy_meta_wonvl\000"
 2750      6574615F 
 2750      776F6E76 
 2750      6C00
 2751              	.LASF11:
 2752 019d 73697A65 		.ascii	"sizetype\000"
 2752      74797065 
 2752      00
 2753              	.LASF6:
 2754 01a6 6C6F6E67 		.ascii	"long long int\000"
 2754      206C6F6E 
 2754      6720696E 
 2754      7400
 2755              	.LASF2:
 2756 01b4 73686F72 		.ascii	"short int\000"
 2756      7420696E 
 2756      7400
 2757              	.LASF4:
 2758 01be 6C6F6E67 		.ascii	"long int\000"
 2758      20696E74 
 2758      00
 2759              	.LASF0:
 2760 01c7 7369676E 		.ascii	"signed char\000"
 2760      65642063 
 2760      68617200 
 2761              	.LASF18:
 2762 01d3 47656E65 		.ascii	"Generated_Source\\PSoC5\\cymetadata.c\000"
 2762      72617465 
 2762      645F536F 
 2762      75726365 
 2762      5C50536F 
 2763              		.ident	"GCC: (GNU Tools for ARM Embedded Processors) 5.4.1 20160609 (release) [ARM/embedded-5-bran
