ARM GAS  C:\Users\ABDALL~1\AppData\Local\Temp\ccmevCX0.s 			page 1


   1              		.syntax unified
   2              		.cpu cortex-m3
   3              		.fpu softvfp
   4              		.eabi_attribute 20, 1
   5              		.eabi_attribute 21, 1
   6              		.eabi_attribute 23, 3
   7              		.eabi_attribute 24, 1
   8              		.eabi_attribute 25, 1
   9              		.eabi_attribute 26, 1
  10              		.eabi_attribute 30, 1
  11              		.eabi_attribute 34, 1
  12              		.eabi_attribute 18, 4
  13              		.thumb
  14              		.syntax unified
  15              		.file	"main.c"
  16              		.text
  17              	.Ltext0:
  18              		.cfi_sections	.debug_frame
  19              		.global	__aeabi_fsub
  20              		.global	__aeabi_f2d
  21              		.global	__aeabi_f2uiz
  22              		.section	.text.main,"ax",%progbits
  23              		.align	2
  24              		.global	main
  25              		.thumb
  26              		.thumb_func
  27              		.type	main, %function
  28              	main:
  29              	.LFB64:
  30              		.file 1 "main.c"
   1:main.c        **** /* ========================================
   2:main.c        ****  *
   3:main.c        ****  * Copyright YOUR COMPANY, THE YEAR
   4:main.c        ****  * All Rights Reserved
   5:main.c        ****  * UNPUBLISHED, LICENSED SOFTWARE.
   6:main.c        ****  *
   7:main.c        ****  * CONFIDENTIAL AND PROPRIETARY INFORMATION
   8:main.c        ****  * WHICH IS THE PROPERTY OF your company.
   9:main.c        ****  *
  10:main.c        ****  * ========================================
  11:main.c        **** */
  12:main.c        **** #include <stdio.h>
  13:main.c        **** #include "project.h"
  14:main.c        **** #include "PIDControl.h"
  15:main.c        **** #include "TempReader.h"
  16:main.c        **** #include "UART.h"
  17:main.c        **** 
  18:main.c        **** static char outputBuffer[256];
  19:main.c        **** static volatile float setPoint = 30; // degrees celcius
  20:main.c        **** 
  21:main.c        **** #define SAMPLES_PER_SECOND 3
  22:main.c        **** static uint16_t sampleWaitTimeInMilliseconds = 1000 / SAMPLES_PER_SECOND;
  23:main.c        **** 
  24:main.c        **** int main(void)
  25:main.c        **** {
  31              		.loc 1 25 0
  32              		.cfi_startproc
ARM GAS  C:\Users\ABDALL~1\AppData\Local\Temp\ccmevCX0.s 			page 2


  33              		@ args = 0, pretend = 0, frame = 16
  34              		@ frame_needed = 0, uses_anonymous_args = 0
  35 0000 2DE9F041 		push	{r4, r5, r6, r7, r8, lr}
  36              		.cfi_def_cfa_offset 24
  37              		.cfi_offset 4, -24
  38              		.cfi_offset 5, -20
  39              		.cfi_offset 6, -16
  40              		.cfi_offset 7, -12
  41              		.cfi_offset 8, -8
  42              		.cfi_offset 14, -4
  43 0004 98B0     		sub	sp, sp, #96
  44              		.cfi_def_cfa_offset 120
  26:main.c        ****     CyGlobalIntEnable; /* Enable global interrupts. */
  45              		.loc 1 26 0
  46              		.syntax unified
  47              	@ 26 "main.c" 1
  48 0006 62B6     		CPSIE   i
  49              	@ 0 "" 2
  50              	.LVL0:
  27:main.c        **** 
  28:main.c        ****     /* Place your initialization/startup code here (e.g. MyInst_Start()) */
  29:main.c        **** 
  30:main.c        ****     float Kp = 10.0f;
  31:main.c        ****     float Ki = 1.0f/5.0f;
  32:main.c        ****     float Kd = 0.0f;
  33:main.c        ****     float integralMax = 3000;
  34:main.c        ****     float integralMin = -3000;
  35:main.c        ****     float temp = 0;
  36:main.c        ****     float controlSignal = 0;
  37:main.c        **** 
  38:main.c        ****     float dt = ((float)sampleWaitTimeInMilliseconds) / 1000; // dt is measured in seconds
  39:main.c        ****     PIDControl_init(Kp, Ki, Kd, integralMax, integralMin, dt);
  51              		.loc 1 39 0
  52              		.thumb
  53              		.syntax unified
  54 0008 0026     		movs	r6, #0
  55 000a 3D4B     		ldr	r3, .L4+8
  56 000c 0193     		str	r3, [sp, #4]	@ float
  57 000e 3D4B     		ldr	r3, .L4+12
  58 0010 0093     		str	r3, [sp]	@ float
  59 0012 3D4B     		ldr	r3, .L4+16
  60 0014 3246     		mov	r2, r6
  61 0016 3D49     		ldr	r1, .L4+20
  62 0018 3D48     		ldr	r0, .L4+24
  63 001a FFF7FEFF 		bl	PIDControl_init
  64              	.LVL1:
  40:main.c        ****     PIDControl_changeSetPoint(setPoint);
  65              		.loc 1 40 0
  66 001e 3D4B     		ldr	r3, .L4+28
  67 0020 1868     		ldr	r0, [r3]	@ float
  68 0022 FFF7FEFF 		bl	PIDControl_changeSetPoint
  69              	.LVL2:
  41:main.c        ****     
  42:main.c        ****     isr_uart_rx_StartEx(isr_UART_rx);
  70              		.loc 1 42 0
  71 0026 3C48     		ldr	r0, .L4+32
  72 0028 FFF7FEFF 		bl	isr_uart_rx_StartEx
ARM GAS  C:\Users\ABDALL~1\AppData\Local\Temp\ccmevCX0.s 			page 3


  73              	.LVL3:
  43:main.c        ****     initComp(); /* Init all used components from topdesign */
  74              		.loc 1 43 0
  75 002c FFF7FEFF 		bl	initComp
  76              	.LVL4:
  44:main.c        **** 
  45:main.c        ****     UART_1_PutString("TCA started\r\n");
  77              		.loc 1 45 0
  78 0030 3A48     		ldr	r0, .L4+36
  79 0032 FFF7FEFF 		bl	UART_1_PutString
  80              	.LVL5:
  81              	.L2:
  82              	.LBB2:
  46:main.c        **** 
  47:main.c        ****     for(;;)
  48:main.c        ****     {
  49:main.c        ****         /* Place your application code here. */
  50:main.c        ****         float error = setPoint - temp;
  83              		.loc 1 50 0 discriminator 1
  84 0036 374C     		ldr	r4, .L4+28
  85 0038 2068     		ldr	r0, [r4]	@ float
  86 003a 3146     		mov	r1, r6
  87 003c FFF7FEFF 		bl	__aeabi_fsub
  88              	.LVL6:
  89 0040 8046     		mov	r8, r0
  90              	.LVL7:
  51:main.c        ****         float proportionalPart = 0;
  91              		.loc 1 51 0 discriminator 1
  92 0042 0023     		movs	r3, #0
  93 0044 1593     		str	r3, [sp, #84]	@ float
  52:main.c        ****         float integralPart = 0;
  94              		.loc 1 52 0 discriminator 1
  95 0046 1693     		str	r3, [sp, #88]	@ float
  53:main.c        ****         float derivativePart = 0;
  96              		.loc 1 53 0 discriminator 1
  97 0048 18AD     		add	r5, sp, #96
  98 004a 45F8043D 		str	r3, [r5, #-4]!	@ float
  54:main.c        ****         setPoint = getSetPoint();
  99              		.loc 1 54 0 discriminator 1
 100 004e FFF7FEFF 		bl	getSetPoint
 101              	.LVL8:
 102 0052 2060     		str	r0, [r4]	@ float
  55:main.c        ****         
  56:main.c        ****         temp = readTemp();
 103              		.loc 1 56 0 discriminator 1
 104 0054 FFF7FEFF 		bl	readTemp
 105              	.LVL9:
 106 0058 0646     		mov	r6, r0
 107              	.LVL10:
  57:main.c        ****         
  58:main.c        ****         controlSignal = PIDControl_doStep(temp, &proportionalPart, &integralPart, &derivativePart);
 108              		.loc 1 58 0 discriminator 1
 109 005a 2B46     		mov	r3, r5
 110 005c 16AA     		add	r2, sp, #88
 111 005e 15A9     		add	r1, sp, #84
 112 0060 FFF7FEFF 		bl	PIDControl_doStep
 113              	.LVL11:
ARM GAS  C:\Users\ABDALL~1\AppData\Local\Temp\ccmevCX0.s 			page 4


 114 0064 0546     		mov	r5, r0
 115              	.LVL12:
  59:main.c        ****         snprintf(outputBuffer, sizeof(outputBuffer), "%f, %f, %f, %f, %f, %f, %f, %f, %f, %f \r\n",
 116              		.loc 1 59 0 discriminator 1
 117 0066 2768     		ldr	r7, [r4]	@ float
 118 0068 2D4C     		ldr	r4, .L4+40
 119 006a 1798     		ldr	r0, [sp, #92]	@ float
 120              	.LVL13:
 121 006c FFF7FEFF 		bl	__aeabi_f2d
 122              	.LVL14:
 123 0070 CDE91201 		strd	r0, [sp, #72]
 124 0074 1698     		ldr	r0, [sp, #88]	@ float
 125 0076 FFF7FEFF 		bl	__aeabi_f2d
 126              	.LVL15:
 127 007a CDE91001 		strd	r0, [sp, #64]
 128 007e 1598     		ldr	r0, [sp, #84]	@ float
 129 0080 FFF7FEFF 		bl	__aeabi_f2d
 130              	.LVL16:
 131 0084 CDE90E01 		strd	r0, [sp, #56]
 132 0088 0022     		movs	r2, #0
 133 008a 0023     		movs	r3, #0
 134 008c CDE90C23 		strd	r2, [sp, #48]
 135 0090 19A3     		adr	r3, .L4
 136 0092 D3E90023 		ldrd	r2, [r3]
 137 0096 CDE90A23 		strd	r2, [sp, #40]
 138 009a 0022     		movs	r2, #0
 139 009c 214B     		ldr	r3, .L4+44
 140 009e CDE90823 		strd	r2, [sp, #32]
 141 00a2 2846     		mov	r0, r5
 142 00a4 FFF7FEFF 		bl	__aeabi_f2d
 143              	.LVL17:
 144 00a8 CDE90601 		strd	r0, [sp, #24]
 145 00ac 4046     		mov	r0, r8
 146 00ae FFF7FEFF 		bl	__aeabi_f2d
 147              	.LVL18:
 148 00b2 CDE90401 		strd	r0, [sp, #16]
 149 00b6 3046     		mov	r0, r6
 150 00b8 FFF7FEFF 		bl	__aeabi_f2d
 151              	.LVL19:
 152 00bc CDE90201 		strd	r0, [sp, #8]
 153 00c0 3846     		mov	r0, r7
 154 00c2 FFF7FEFF 		bl	__aeabi_f2d
 155              	.LVL20:
 156 00c6 CDE90001 		strd	r0, [sp]
 157 00ca 174A     		ldr	r2, .L4+48
 158 00cc 4FF48071 		mov	r1, #256
 159 00d0 2046     		mov	r0, r4
 160 00d2 FFF7FEFF 		bl	snprintf
 161              	.LVL21:
  60:main.c        ****                                                       setPoint, temp, error, controlSignal, Kp, Ki,
  61:main.c        ****                                                       proportionalPart, integralPart, derivativePar
  62:main.c        ****         
  63:main.c        ****         
  64:main.c        ****         
  65:main.c        ****         PWM_1_WriteCompare(controlSignal);
 162              		.loc 1 65 0 discriminator 1
 163 00d6 2846     		mov	r0, r5
ARM GAS  C:\Users\ABDALL~1\AppData\Local\Temp\ccmevCX0.s 			page 5


 164 00d8 FFF7FEFF 		bl	__aeabi_f2uiz
 165              	.LVL22:
 166 00dc C0B2     		uxtb	r0, r0
 167 00de FFF7FEFF 		bl	PWM_1_WriteCompare
 168              	.LVL23:
  66:main.c        ****         
  67:main.c        ****         UART_1_PutString(outputBuffer);
 169              		.loc 1 67 0 discriminator 1
 170 00e2 2046     		mov	r0, r4
 171 00e4 FFF7FEFF 		bl	UART_1_PutString
 172              	.LVL24:
  68:main.c        **** 
  69:main.c        ****         CyDelay(sampleWaitTimeInMilliseconds);
 173              		.loc 1 69 0 discriminator 1
 174 00e8 40F24D10 		movw	r0, #333
 175 00ec FFF7FEFF 		bl	CyDelay
 176              	.LVL25:
 177 00f0 A1E7     		b	.L2
 178              	.L5:
 179 00f2 00BFAFF3 		.align	3
 179      0080
 180              	.L4:
 181 00f8 000000A0 		.word	-1610612736
 182 00fc 9999C93F 		.word	1070176665
 183 0100 FA7EAA3E 		.word	1051361018
 184 0104 00803BC5 		.word	-985956352
 185 0108 00803B45 		.word	1161527296
 186 010c CDCC4C3E 		.word	1045220557
 187 0110 00002041 		.word	1092616192
 188 0114 00000000 		.word	.LANCHOR0
 189 0118 00000000 		.word	isr_UART_rx
 190 011c 00000000 		.word	.LC0
 191 0120 00000000 		.word	.LANCHOR1
 192 0124 00002440 		.word	1076101120
 193 0128 10000000 		.word	.LC1
 194              	.LBE2:
 195              		.cfi_endproc
 196              	.LFE64:
 197              		.size	main, .-main
 198              		.data
 199              		.align	2
 200              		.set	.LANCHOR0,. + 0
 201              		.type	setPoint, %object
 202              		.size	setPoint, 4
 203              	setPoint:
 204 0000 0000F041 		.word	1106247680
 205              		.section	.rodata.str1.4,"aMS",%progbits,1
 206              		.align	2
 207              	.LC0:
 208 0000 54434120 		.ascii	"TCA started\015\012\000"
 208      73746172 
 208      7465640D 
 208      0A00
 209 000e 0000     		.space	2
 210              	.LC1:
 211 0010 25662C20 		.ascii	"%f, %f, %f, %f, %f, %f, %f, %f, %f, %f \015\012\000"
 211      25662C20 
ARM GAS  C:\Users\ABDALL~1\AppData\Local\Temp\ccmevCX0.s 			page 6


 211      25662C20 
 211      25662C20 
 211      25662C20 
 212              		.bss
 213              		.align	2
 214              		.set	.LANCHOR1,. + 0
 215              		.type	outputBuffer, %object
 216              		.size	outputBuffer, 256
 217              	outputBuffer:
 218 0000 00000000 		.space	256
 218      00000000 
 218      00000000 
 218      00000000 
 218      00000000 
 219              		.text
 220              	.Letext0:
 221              		.file 2 "c:\\program files (x86)\\cypress\\psoc creator\\4.2\\psoc creator\\import\\gnu\\arm\\5.4.
 222              		.file 3 "c:\\program files (x86)\\cypress\\psoc creator\\4.2\\psoc creator\\import\\gnu\\arm\\5.4.
 223              		.file 4 "PIDControl.h"
 224              		.file 5 "TempReader.h"
 225              		.file 6 "c:\\program files (x86)\\cypress\\psoc creator\\4.2\\psoc creator\\import\\gnu\\arm\\5.4.
 226              		.file 7 "Generated_Source\\PSoC5/PWM_1.h"
 227              		.file 8 "Generated_Source\\PSoC5/UART_1.h"
 228              		.file 9 "Generated_Source\\PSoC5/CyLib.h"
 229              		.file 10 "Generated_Source\\PSoC5/isr_uart_rx.h"
 230              		.file 11 "Generated_Source\\PSoC5/core_cm3.h"
 231              		.section	.debug_info,"",%progbits
 232              	.Ldebug_info0:
 233 0000 43030000 		.4byte	0x343
 234 0004 0400     		.2byte	0x4
 235 0006 00000000 		.4byte	.Ldebug_abbrev0
 236 000a 04       		.byte	0x4
 237 000b 01       		.uleb128 0x1
 238 000c 89000000 		.4byte	.LASF40
 239 0010 0C       		.byte	0xc
 240 0011 08020000 		.4byte	.LASF41
 241 0015 58020000 		.4byte	.LASF42
 242 0019 00000000 		.4byte	.Ldebug_ranges0+0
 243 001d 00000000 		.4byte	0
 244 0021 00000000 		.4byte	.Ldebug_line0
 245 0025 02       		.uleb128 0x2
 246 0026 04       		.byte	0x4
 247 0027 04       		.byte	0x4
 248 0028 57000000 		.4byte	.LASF0
 249 002c 02       		.uleb128 0x2
 250 002d 08       		.byte	0x8
 251 002e 04       		.byte	0x4
 252 002f 3D000000 		.4byte	.LASF1
 253 0033 02       		.uleb128 0x2
 254 0034 01       		.byte	0x1
 255 0035 06       		.byte	0x6
 256 0036 C5020000 		.4byte	.LASF2
 257 003a 02       		.uleb128 0x2
 258 003b 01       		.byte	0x1
 259 003c 08       		.byte	0x8
 260 003d 7B000000 		.4byte	.LASF3
 261 0041 02       		.uleb128 0x2
ARM GAS  C:\Users\ABDALL~1\AppData\Local\Temp\ccmevCX0.s 			page 7


 262 0042 02       		.byte	0x2
 263 0043 05       		.byte	0x5
 264 0044 31020000 		.4byte	.LASF4
 265 0048 03       		.uleb128 0x3
 266 0049 66010000 		.4byte	.LASF6
 267 004d 02       		.byte	0x2
 268 004e 2B       		.byte	0x2b
 269 004f 53000000 		.4byte	0x53
 270 0053 02       		.uleb128 0x2
 271 0054 02       		.byte	0x2
 272 0055 07       		.byte	0x7
 273 0056 38010000 		.4byte	.LASF5
 274 005a 03       		.uleb128 0x3
 275 005b 0C000000 		.4byte	.LASF7
 276 005f 02       		.byte	0x2
 277 0060 3F       		.byte	0x3f
 278 0061 65000000 		.4byte	0x65
 279 0065 02       		.uleb128 0x2
 280 0066 04       		.byte	0x4
 281 0067 05       		.byte	0x5
 282 0068 B0020000 		.4byte	.LASF8
 283 006c 02       		.uleb128 0x2
 284 006d 04       		.byte	0x4
 285 006e 07       		.byte	0x7
 286 006f 71010000 		.4byte	.LASF9
 287 0073 02       		.uleb128 0x2
 288 0074 08       		.byte	0x8
 289 0075 05       		.byte	0x5
 290 0076 FA010000 		.4byte	.LASF10
 291 007a 02       		.uleb128 0x2
 292 007b 08       		.byte	0x8
 293 007c 07       		.byte	0x7
 294 007d BB010000 		.4byte	.LASF11
 295 0081 04       		.uleb128 0x4
 296 0082 04       		.byte	0x4
 297 0083 05       		.byte	0x5
 298 0084 696E7400 		.ascii	"int\000"
 299 0088 02       		.uleb128 0x2
 300 0089 04       		.byte	0x4
 301 008a 07       		.byte	0x7
 302 008b AE010000 		.4byte	.LASF12
 303 008f 02       		.uleb128 0x2
 304 0090 08       		.byte	0x8
 305 0091 04       		.byte	0x4
 306 0092 B9020000 		.4byte	.LASF13
 307 0096 02       		.uleb128 0x2
 308 0097 04       		.byte	0x4
 309 0098 07       		.byte	0x7
 310 0099 DF010000 		.4byte	.LASF14
 311 009d 02       		.uleb128 0x2
 312 009e 01       		.byte	0x1
 313 009f 08       		.byte	0x8
 314 00a0 0F020000 		.4byte	.LASF15
 315 00a4 03       		.uleb128 0x3
 316 00a5 4F020000 		.4byte	.LASF16
 317 00a9 03       		.byte	0x3
 318 00aa 24       		.byte	0x24
ARM GAS  C:\Users\ABDALL~1\AppData\Local\Temp\ccmevCX0.s 			page 8


 319 00ab 48000000 		.4byte	0x48
 320 00af 03       		.uleb128 0x3
 321 00b0 D7010000 		.4byte	.LASF17
 322 00b4 03       		.byte	0x3
 323 00b5 2C       		.byte	0x2c
 324 00b6 5A000000 		.4byte	0x5a
 325 00ba 05       		.uleb128 0x5
 326 00bb D2010000 		.4byte	.LASF43
 327 00bf 01       		.byte	0x1
 328 00c0 18       		.byte	0x18
 329 00c1 81000000 		.4byte	0x81
 330 00c5 00000000 		.4byte	.LFB64
 331 00c9 2C010000 		.4byte	.LFE64-.LFB64
 332 00cd 01       		.uleb128 0x1
 333 00ce 9C       		.byte	0x9c
 334 00cf 73020000 		.4byte	0x273
 335 00d3 06       		.uleb128 0x6
 336 00d4 4B7000   		.ascii	"Kp\000"
 337 00d7 01       		.byte	0x1
 338 00d8 1E       		.byte	0x1e
 339 00d9 25000000 		.4byte	0x25
 340 00dd 04       		.byte	0x4
 341 00de 00002041 		.4byte	0x41200000
 342 00e2 06       		.uleb128 0x6
 343 00e3 4B6900   		.ascii	"Ki\000"
 344 00e6 01       		.byte	0x1
 345 00e7 1F       		.byte	0x1f
 346 00e8 25000000 		.4byte	0x25
 347 00ec 04       		.byte	0x4
 348 00ed CDCC4C3E 		.4byte	0x3e4ccccd
 349 00f1 06       		.uleb128 0x6
 350 00f2 4B6400   		.ascii	"Kd\000"
 351 00f5 01       		.byte	0x1
 352 00f6 20       		.byte	0x20
 353 00f7 25000000 		.4byte	0x25
 354 00fb 04       		.byte	0x4
 355 00fc 00000000 		.4byte	0
 356 0100 07       		.uleb128 0x7
 357 0101 00000000 		.4byte	.LASF18
 358 0105 01       		.byte	0x1
 359 0106 21       		.byte	0x21
 360 0107 25000000 		.4byte	0x25
 361 010b 04       		.byte	0x4
 362 010c 00803B45 		.4byte	0x453b8000
 363 0110 07       		.uleb128 0x7
 364 0111 31000000 		.4byte	.LASF19
 365 0115 01       		.byte	0x1
 366 0116 22       		.byte	0x22
 367 0117 25000000 		.4byte	0x25
 368 011b 04       		.byte	0x4
 369 011c 00803BC5 		.4byte	0xc53b8000
 370 0120 08       		.uleb128 0x8
 371 0121 33010000 		.4byte	.LASF20
 372 0125 01       		.byte	0x1
 373 0126 23       		.byte	0x23
 374 0127 25000000 		.4byte	0x25
 375 012b 00000000 		.4byte	.LLST0
ARM GAS  C:\Users\ABDALL~1\AppData\Local\Temp\ccmevCX0.s 			page 9


 376 012f 08       		.uleb128 0x8
 377 0130 58010000 		.4byte	.LASF21
 378 0134 01       		.byte	0x1
 379 0135 24       		.byte	0x24
 380 0136 25000000 		.4byte	0x25
 381 013a 39000000 		.4byte	.LLST1
 382 013e 06       		.uleb128 0x6
 383 013f 647400   		.ascii	"dt\000"
 384 0142 01       		.byte	0x1
 385 0143 26       		.byte	0x26
 386 0144 25000000 		.4byte	0x25
 387 0148 04       		.byte	0x4
 388 0149 FA7EAA3E 		.4byte	0x3eaa7efa
 389 014d 09       		.uleb128 0x9
 390 014e 36000000 		.4byte	.LBB2
 391 0152 F6000000 		.4byte	.LBE2-.LBB2
 392 0156 2F020000 		.4byte	0x22f
 393 015a 08       		.uleb128 0x8
 394 015b F4010000 		.4byte	.LASF22
 395 015f 01       		.byte	0x1
 396 0160 32       		.byte	0x32
 397 0161 25000000 		.4byte	0x25
 398 0165 67000000 		.4byte	.LLST2
 399 0169 0A       		.uleb128 0xa
 400 016a 6A000000 		.4byte	.LASF23
 401 016e 01       		.byte	0x1
 402 016f 33       		.byte	0x33
 403 0170 25000000 		.4byte	0x25
 404 0174 02       		.uleb128 0x2
 405 0175 91       		.byte	0x91
 406 0176 5C       		.sleb128 -36
 407 0177 0A       		.uleb128 0xa
 408 0178 5D000000 		.4byte	.LASF24
 409 017c 01       		.byte	0x1
 410 017d 34       		.byte	0x34
 411 017e 25000000 		.4byte	0x25
 412 0182 02       		.uleb128 0x2
 413 0183 91       		.byte	0x91
 414 0184 60       		.sleb128 -32
 415 0185 0A       		.uleb128 0xa
 416 0186 24010000 		.4byte	.LASF25
 417 018a 01       		.byte	0x1
 418 018b 35       		.byte	0x35
 419 018c 25000000 		.4byte	0x25
 420 0190 02       		.uleb128 0x2
 421 0191 91       		.byte	0x91
 422 0192 64       		.sleb128 -28
 423 0193 0B       		.uleb128 0xb
 424 0194 52000000 		.4byte	.LVL8
 425 0198 CD020000 		.4byte	0x2cd
 426 019c 0B       		.uleb128 0xb
 427 019d 58000000 		.4byte	.LVL9
 428 01a1 D8020000 		.4byte	0x2d8
 429 01a5 0C       		.uleb128 0xc
 430 01a6 64000000 		.4byte	.LVL11
 431 01aa E3020000 		.4byte	0x2e3
 432 01ae CC010000 		.4byte	0x1cc
ARM GAS  C:\Users\ABDALL~1\AppData\Local\Temp\ccmevCX0.s 			page 10


 433 01b2 0D       		.uleb128 0xd
 434 01b3 01       		.uleb128 0x1
 435 01b4 50       		.byte	0x50
 436 01b5 03       		.uleb128 0x3
 437 01b6 F5       		.byte	0xf5
 438 01b7 06       		.uleb128 0x6
 439 01b8 25       		.uleb128 0x25
 440 01b9 0D       		.uleb128 0xd
 441 01ba 01       		.uleb128 0x1
 442 01bb 51       		.byte	0x51
 443 01bc 02       		.uleb128 0x2
 444 01bd 91       		.byte	0x91
 445 01be 5C       		.sleb128 -36
 446 01bf 0D       		.uleb128 0xd
 447 01c0 01       		.uleb128 0x1
 448 01c1 52       		.byte	0x52
 449 01c2 02       		.uleb128 0x2
 450 01c3 91       		.byte	0x91
 451 01c4 60       		.sleb128 -32
 452 01c5 0D       		.uleb128 0xd
 453 01c6 01       		.uleb128 0x1
 454 01c7 53       		.byte	0x53
 455 01c8 02       		.uleb128 0x2
 456 01c9 75       		.byte	0x75
 457 01ca 00       		.sleb128 0
 458 01cb 00       		.byte	0
 459 01cc 0C       		.uleb128 0xc
 460 01cd D6000000 		.4byte	.LVL21
 461 01d1 EE020000 		.4byte	0x2ee
 462 01d5 00020000 		.4byte	0x200
 463 01d9 0D       		.uleb128 0xd
 464 01da 01       		.uleb128 0x1
 465 01db 50       		.byte	0x50
 466 01dc 02       		.uleb128 0x2
 467 01dd 74       		.byte	0x74
 468 01de 00       		.sleb128 0
 469 01df 0D       		.uleb128 0xd
 470 01e0 01       		.uleb128 0x1
 471 01e1 51       		.byte	0x51
 472 01e2 03       		.uleb128 0x3
 473 01e3 0A       		.byte	0xa
 474 01e4 0001     		.2byte	0x100
 475 01e6 0D       		.uleb128 0xd
 476 01e7 01       		.uleb128 0x1
 477 01e8 52       		.byte	0x52
 478 01e9 05       		.uleb128 0x5
 479 01ea 03       		.byte	0x3
 480 01eb 10000000 		.4byte	.LC1
 481 01ef 0D       		.uleb128 0xd
 482 01f0 02       		.uleb128 0x2
 483 01f1 7D       		.byte	0x7d
 484 01f2 28       		.sleb128 40
 485 01f3 0B       		.uleb128 0xb
 486 01f4 F4       		.byte	0xf4
 487 01f5 2C       		.uleb128 0x2c
 488 01f6 08       		.byte	0x8
 489 01f7 000000A0 		.4byte	0xa0000000
ARM GAS  C:\Users\ABDALL~1\AppData\Local\Temp\ccmevCX0.s 			page 11


 490 01fb 9999C93F 		.4byte	0x3fc99999
 491 01ff 00       		.byte	0
 492 0200 0B       		.uleb128 0xb
 493 0201 E2000000 		.4byte	.LVL23
 494 0205 F9020000 		.4byte	0x2f9
 495 0209 0C       		.uleb128 0xc
 496 020a E8000000 		.4byte	.LVL24
 497 020e 04030000 		.4byte	0x304
 498 0212 1D020000 		.4byte	0x21d
 499 0216 0D       		.uleb128 0xd
 500 0217 01       		.uleb128 0x1
 501 0218 50       		.byte	0x50
 502 0219 02       		.uleb128 0x2
 503 021a 74       		.byte	0x74
 504 021b 00       		.sleb128 0
 505 021c 00       		.byte	0
 506 021d 0E       		.uleb128 0xe
 507 021e F0000000 		.4byte	.LVL25
 508 0222 0F030000 		.4byte	0x30f
 509 0226 0D       		.uleb128 0xd
 510 0227 01       		.uleb128 0x1
 511 0228 50       		.byte	0x50
 512 0229 03       		.uleb128 0x3
 513 022a 0A       		.byte	0xa
 514 022b 4D01     		.2byte	0x14d
 515 022d 00       		.byte	0
 516 022e 00       		.byte	0
 517 022f 0C       		.uleb128 0xc
 518 0230 1E000000 		.4byte	.LVL1
 519 0234 1A030000 		.4byte	0x31a
 520 0238 44020000 		.4byte	0x244
 521 023c 0D       		.uleb128 0xd
 522 023d 01       		.uleb128 0x1
 523 023e 52       		.byte	0x52
 524 023f 03       		.uleb128 0x3
 525 0240 F5       		.byte	0xf5
 526 0241 06       		.uleb128 0x6
 527 0242 25       		.uleb128 0x25
 528 0243 00       		.byte	0
 529 0244 0B       		.uleb128 0xb
 530 0245 26000000 		.4byte	.LVL2
 531 0249 25030000 		.4byte	0x325
 532 024d 0B       		.uleb128 0xb
 533 024e 2C000000 		.4byte	.LVL3
 534 0252 30030000 		.4byte	0x330
 535 0256 0B       		.uleb128 0xb
 536 0257 30000000 		.4byte	.LVL4
 537 025b 3B030000 		.4byte	0x33b
 538 025f 0E       		.uleb128 0xe
 539 0260 36000000 		.4byte	.LVL5
 540 0264 04030000 		.4byte	0x304
 541 0268 0D       		.uleb128 0xd
 542 0269 01       		.uleb128 0x1
 543 026a 50       		.byte	0x50
 544 026b 05       		.uleb128 0x5
 545 026c 03       		.byte	0x3
 546 026d 00000000 		.4byte	.LC0
ARM GAS  C:\Users\ABDALL~1\AppData\Local\Temp\ccmevCX0.s 			page 12


 547 0271 00       		.byte	0
 548 0272 00       		.byte	0
 549 0273 0F       		.uleb128 0xf
 550 0274 9D000000 		.4byte	0x9d
 551 0278 83020000 		.4byte	0x283
 552 027c 10       		.uleb128 0x10
 553 027d 96000000 		.4byte	0x96
 554 0281 FF       		.byte	0xff
 555 0282 00       		.byte	0
 556 0283 0A       		.uleb128 0xa
 557 0284 17010000 		.4byte	.LASF26
 558 0288 01       		.byte	0x1
 559 0289 12       		.byte	0x12
 560 028a 73020000 		.4byte	0x273
 561 028e 05       		.uleb128 0x5
 562 028f 03       		.byte	0x3
 563 0290 00000000 		.4byte	outputBuffer
 564 0294 0A       		.uleb128 0xa
 565 0295 93010000 		.4byte	.LASF27
 566 0299 01       		.byte	0x1
 567 029a 13       		.byte	0x13
 568 029b A5020000 		.4byte	0x2a5
 569 029f 05       		.uleb128 0x5
 570 02a0 03       		.byte	0x3
 571 02a1 00000000 		.4byte	setPoint
 572 02a5 11       		.uleb128 0x11
 573 02a6 25000000 		.4byte	0x25
 574 02aa 12       		.uleb128 0x12
 575 02ab 14020000 		.4byte	.LASF28
 576 02af 01       		.byte	0x1
 577 02b0 16       		.byte	0x16
 578 02b1 B7020000 		.4byte	0x2b7
 579 02b5 4D01     		.2byte	0x14d
 580 02b7 13       		.uleb128 0x13
 581 02b8 A4000000 		.4byte	0xa4
 582 02bc 14       		.uleb128 0x14
 583 02bd 4B010000 		.4byte	.LASF44
 584 02c1 0B       		.byte	0xb
 585 02c2 9606     		.2byte	0x696
 586 02c4 C8020000 		.4byte	0x2c8
 587 02c8 11       		.uleb128 0x11
 588 02c9 AF000000 		.4byte	0xaf
 589 02cd 15       		.uleb128 0x15
 590 02ce E8010000 		.4byte	.LASF29
 591 02d2 E8010000 		.4byte	.LASF29
 592 02d6 04       		.byte	0x4
 593 02d7 2D       		.byte	0x2d
 594 02d8 15       		.uleb128 0x15
 595 02d9 28000000 		.4byte	.LASF30
 596 02dd 28000000 		.4byte	.LASF30
 597 02e1 05       		.byte	0x5
 598 02e2 04       		.byte	0x4
 599 02e3 15       		.uleb128 0x15
 600 02e4 9C010000 		.4byte	.LASF31
 601 02e8 9C010000 		.4byte	.LASF31
 602 02ec 04       		.byte	0x4
 603 02ed 2B       		.byte	0x2b
ARM GAS  C:\Users\ABDALL~1\AppData\Local\Temp\ccmevCX0.s 			page 13


 604 02ee 15       		.uleb128 0x15
 605 02ef 1F000000 		.4byte	.LASF32
 606 02f3 1F000000 		.4byte	.LASF32
 607 02f7 06       		.byte	0x6
 608 02f8 FD       		.byte	0xfd
 609 02f9 15       		.uleb128 0x15
 610 02fa 44000000 		.4byte	.LASF33
 611 02fe 44000000 		.4byte	.LASF33
 612 0302 07       		.byte	0x7
 613 0303 C3       		.byte	0xc3
 614 0304 15       		.uleb128 0x15
 615 0305 EB020000 		.4byte	.LASF34
 616 0309 EB020000 		.4byte	.LASF34
 617 030d 08       		.byte	0x8
 618 030e 8B       		.byte	0x8b
 619 030f 15       		.uleb128 0x15
 620 0310 FC020000 		.4byte	.LASF35
 621 0314 FC020000 		.4byte	.LASF35
 622 0318 09       		.byte	0x9
 623 0319 76       		.byte	0x76
 624 031a 15       		.uleb128 0x15
 625 031b 83010000 		.4byte	.LASF36
 626 031f 83010000 		.4byte	.LASF36
 627 0323 04       		.byte	0x4
 628 0324 19       		.byte	0x19
 629 0325 15       		.uleb128 0x15
 630 0326 D1020000 		.4byte	.LASF37
 631 032a D1020000 		.4byte	.LASF37
 632 032e 04       		.byte	0x4
 633 032f 1F       		.byte	0x1f
 634 0330 15       		.uleb128 0x15
 635 0331 3B020000 		.4byte	.LASF38
 636 0335 3B020000 		.4byte	.LASF38
 637 0339 0A       		.byte	0xa
 638 033a 18       		.byte	0x18
 639 033b 15       		.uleb128 0x15
 640 033c 16000000 		.4byte	.LASF39
 641 0340 16000000 		.4byte	.LASF39
 642 0344 05       		.byte	0x5
 643 0345 03       		.byte	0x3
 644 0346 00       		.byte	0
 645              		.section	.debug_abbrev,"",%progbits
 646              	.Ldebug_abbrev0:
 647 0000 01       		.uleb128 0x1
 648 0001 11       		.uleb128 0x11
 649 0002 01       		.byte	0x1
 650 0003 25       		.uleb128 0x25
 651 0004 0E       		.uleb128 0xe
 652 0005 13       		.uleb128 0x13
 653 0006 0B       		.uleb128 0xb
 654 0007 03       		.uleb128 0x3
 655 0008 0E       		.uleb128 0xe
 656 0009 1B       		.uleb128 0x1b
 657 000a 0E       		.uleb128 0xe
 658 000b 55       		.uleb128 0x55
 659 000c 17       		.uleb128 0x17
 660 000d 11       		.uleb128 0x11
ARM GAS  C:\Users\ABDALL~1\AppData\Local\Temp\ccmevCX0.s 			page 14


 661 000e 01       		.uleb128 0x1
 662 000f 10       		.uleb128 0x10
 663 0010 17       		.uleb128 0x17
 664 0011 00       		.byte	0
 665 0012 00       		.byte	0
 666 0013 02       		.uleb128 0x2
 667 0014 24       		.uleb128 0x24
 668 0015 00       		.byte	0
 669 0016 0B       		.uleb128 0xb
 670 0017 0B       		.uleb128 0xb
 671 0018 3E       		.uleb128 0x3e
 672 0019 0B       		.uleb128 0xb
 673 001a 03       		.uleb128 0x3
 674 001b 0E       		.uleb128 0xe
 675 001c 00       		.byte	0
 676 001d 00       		.byte	0
 677 001e 03       		.uleb128 0x3
 678 001f 16       		.uleb128 0x16
 679 0020 00       		.byte	0
 680 0021 03       		.uleb128 0x3
 681 0022 0E       		.uleb128 0xe
 682 0023 3A       		.uleb128 0x3a
 683 0024 0B       		.uleb128 0xb
 684 0025 3B       		.uleb128 0x3b
 685 0026 0B       		.uleb128 0xb
 686 0027 49       		.uleb128 0x49
 687 0028 13       		.uleb128 0x13
 688 0029 00       		.byte	0
 689 002a 00       		.byte	0
 690 002b 04       		.uleb128 0x4
 691 002c 24       		.uleb128 0x24
 692 002d 00       		.byte	0
 693 002e 0B       		.uleb128 0xb
 694 002f 0B       		.uleb128 0xb
 695 0030 3E       		.uleb128 0x3e
 696 0031 0B       		.uleb128 0xb
 697 0032 03       		.uleb128 0x3
 698 0033 08       		.uleb128 0x8
 699 0034 00       		.byte	0
 700 0035 00       		.byte	0
 701 0036 05       		.uleb128 0x5
 702 0037 2E       		.uleb128 0x2e
 703 0038 01       		.byte	0x1
 704 0039 3F       		.uleb128 0x3f
 705 003a 19       		.uleb128 0x19
 706 003b 03       		.uleb128 0x3
 707 003c 0E       		.uleb128 0xe
 708 003d 3A       		.uleb128 0x3a
 709 003e 0B       		.uleb128 0xb
 710 003f 3B       		.uleb128 0x3b
 711 0040 0B       		.uleb128 0xb
 712 0041 27       		.uleb128 0x27
 713 0042 19       		.uleb128 0x19
 714 0043 49       		.uleb128 0x49
 715 0044 13       		.uleb128 0x13
 716 0045 8701     		.uleb128 0x87
 717 0047 19       		.uleb128 0x19
ARM GAS  C:\Users\ABDALL~1\AppData\Local\Temp\ccmevCX0.s 			page 15


 718 0048 11       		.uleb128 0x11
 719 0049 01       		.uleb128 0x1
 720 004a 12       		.uleb128 0x12
 721 004b 06       		.uleb128 0x6
 722 004c 40       		.uleb128 0x40
 723 004d 18       		.uleb128 0x18
 724 004e 9642     		.uleb128 0x2116
 725 0050 19       		.uleb128 0x19
 726 0051 01       		.uleb128 0x1
 727 0052 13       		.uleb128 0x13
 728 0053 00       		.byte	0
 729 0054 00       		.byte	0
 730 0055 06       		.uleb128 0x6
 731 0056 34       		.uleb128 0x34
 732 0057 00       		.byte	0
 733 0058 03       		.uleb128 0x3
 734 0059 08       		.uleb128 0x8
 735 005a 3A       		.uleb128 0x3a
 736 005b 0B       		.uleb128 0xb
 737 005c 3B       		.uleb128 0x3b
 738 005d 0B       		.uleb128 0xb
 739 005e 49       		.uleb128 0x49
 740 005f 13       		.uleb128 0x13
 741 0060 1C       		.uleb128 0x1c
 742 0061 0A       		.uleb128 0xa
 743 0062 00       		.byte	0
 744 0063 00       		.byte	0
 745 0064 07       		.uleb128 0x7
 746 0065 34       		.uleb128 0x34
 747 0066 00       		.byte	0
 748 0067 03       		.uleb128 0x3
 749 0068 0E       		.uleb128 0xe
 750 0069 3A       		.uleb128 0x3a
 751 006a 0B       		.uleb128 0xb
 752 006b 3B       		.uleb128 0x3b
 753 006c 0B       		.uleb128 0xb
 754 006d 49       		.uleb128 0x49
 755 006e 13       		.uleb128 0x13
 756 006f 1C       		.uleb128 0x1c
 757 0070 0A       		.uleb128 0xa
 758 0071 00       		.byte	0
 759 0072 00       		.byte	0
 760 0073 08       		.uleb128 0x8
 761 0074 34       		.uleb128 0x34
 762 0075 00       		.byte	0
 763 0076 03       		.uleb128 0x3
 764 0077 0E       		.uleb128 0xe
 765 0078 3A       		.uleb128 0x3a
 766 0079 0B       		.uleb128 0xb
 767 007a 3B       		.uleb128 0x3b
 768 007b 0B       		.uleb128 0xb
 769 007c 49       		.uleb128 0x49
 770 007d 13       		.uleb128 0x13
 771 007e 02       		.uleb128 0x2
 772 007f 17       		.uleb128 0x17
 773 0080 00       		.byte	0
 774 0081 00       		.byte	0
ARM GAS  C:\Users\ABDALL~1\AppData\Local\Temp\ccmevCX0.s 			page 16


 775 0082 09       		.uleb128 0x9
 776 0083 0B       		.uleb128 0xb
 777 0084 01       		.byte	0x1
 778 0085 11       		.uleb128 0x11
 779 0086 01       		.uleb128 0x1
 780 0087 12       		.uleb128 0x12
 781 0088 06       		.uleb128 0x6
 782 0089 01       		.uleb128 0x1
 783 008a 13       		.uleb128 0x13
 784 008b 00       		.byte	0
 785 008c 00       		.byte	0
 786 008d 0A       		.uleb128 0xa
 787 008e 34       		.uleb128 0x34
 788 008f 00       		.byte	0
 789 0090 03       		.uleb128 0x3
 790 0091 0E       		.uleb128 0xe
 791 0092 3A       		.uleb128 0x3a
 792 0093 0B       		.uleb128 0xb
 793 0094 3B       		.uleb128 0x3b
 794 0095 0B       		.uleb128 0xb
 795 0096 49       		.uleb128 0x49
 796 0097 13       		.uleb128 0x13
 797 0098 02       		.uleb128 0x2
 798 0099 18       		.uleb128 0x18
 799 009a 00       		.byte	0
 800 009b 00       		.byte	0
 801 009c 0B       		.uleb128 0xb
 802 009d 898201   		.uleb128 0x4109
 803 00a0 00       		.byte	0
 804 00a1 11       		.uleb128 0x11
 805 00a2 01       		.uleb128 0x1
 806 00a3 31       		.uleb128 0x31
 807 00a4 13       		.uleb128 0x13
 808 00a5 00       		.byte	0
 809 00a6 00       		.byte	0
 810 00a7 0C       		.uleb128 0xc
 811 00a8 898201   		.uleb128 0x4109
 812 00ab 01       		.byte	0x1
 813 00ac 11       		.uleb128 0x11
 814 00ad 01       		.uleb128 0x1
 815 00ae 31       		.uleb128 0x31
 816 00af 13       		.uleb128 0x13
 817 00b0 01       		.uleb128 0x1
 818 00b1 13       		.uleb128 0x13
 819 00b2 00       		.byte	0
 820 00b3 00       		.byte	0
 821 00b4 0D       		.uleb128 0xd
 822 00b5 8A8201   		.uleb128 0x410a
 823 00b8 00       		.byte	0
 824 00b9 02       		.uleb128 0x2
 825 00ba 18       		.uleb128 0x18
 826 00bb 9142     		.uleb128 0x2111
 827 00bd 18       		.uleb128 0x18
 828 00be 00       		.byte	0
 829 00bf 00       		.byte	0
 830 00c0 0E       		.uleb128 0xe
 831 00c1 898201   		.uleb128 0x4109
ARM GAS  C:\Users\ABDALL~1\AppData\Local\Temp\ccmevCX0.s 			page 17


 832 00c4 01       		.byte	0x1
 833 00c5 11       		.uleb128 0x11
 834 00c6 01       		.uleb128 0x1
 835 00c7 31       		.uleb128 0x31
 836 00c8 13       		.uleb128 0x13
 837 00c9 00       		.byte	0
 838 00ca 00       		.byte	0
 839 00cb 0F       		.uleb128 0xf
 840 00cc 01       		.uleb128 0x1
 841 00cd 01       		.byte	0x1
 842 00ce 49       		.uleb128 0x49
 843 00cf 13       		.uleb128 0x13
 844 00d0 01       		.uleb128 0x1
 845 00d1 13       		.uleb128 0x13
 846 00d2 00       		.byte	0
 847 00d3 00       		.byte	0
 848 00d4 10       		.uleb128 0x10
 849 00d5 21       		.uleb128 0x21
 850 00d6 00       		.byte	0
 851 00d7 49       		.uleb128 0x49
 852 00d8 13       		.uleb128 0x13
 853 00d9 2F       		.uleb128 0x2f
 854 00da 0B       		.uleb128 0xb
 855 00db 00       		.byte	0
 856 00dc 00       		.byte	0
 857 00dd 11       		.uleb128 0x11
 858 00de 35       		.uleb128 0x35
 859 00df 00       		.byte	0
 860 00e0 49       		.uleb128 0x49
 861 00e1 13       		.uleb128 0x13
 862 00e2 00       		.byte	0
 863 00e3 00       		.byte	0
 864 00e4 12       		.uleb128 0x12
 865 00e5 34       		.uleb128 0x34
 866 00e6 00       		.byte	0
 867 00e7 03       		.uleb128 0x3
 868 00e8 0E       		.uleb128 0xe
 869 00e9 3A       		.uleb128 0x3a
 870 00ea 0B       		.uleb128 0xb
 871 00eb 3B       		.uleb128 0x3b
 872 00ec 0B       		.uleb128 0xb
 873 00ed 49       		.uleb128 0x49
 874 00ee 13       		.uleb128 0x13
 875 00ef 1C       		.uleb128 0x1c
 876 00f0 05       		.uleb128 0x5
 877 00f1 00       		.byte	0
 878 00f2 00       		.byte	0
 879 00f3 13       		.uleb128 0x13
 880 00f4 26       		.uleb128 0x26
 881 00f5 00       		.byte	0
 882 00f6 49       		.uleb128 0x49
 883 00f7 13       		.uleb128 0x13
 884 00f8 00       		.byte	0
 885 00f9 00       		.byte	0
 886 00fa 14       		.uleb128 0x14
 887 00fb 34       		.uleb128 0x34
 888 00fc 00       		.byte	0
ARM GAS  C:\Users\ABDALL~1\AppData\Local\Temp\ccmevCX0.s 			page 18


 889 00fd 03       		.uleb128 0x3
 890 00fe 0E       		.uleb128 0xe
 891 00ff 3A       		.uleb128 0x3a
 892 0100 0B       		.uleb128 0xb
 893 0101 3B       		.uleb128 0x3b
 894 0102 05       		.uleb128 0x5
 895 0103 49       		.uleb128 0x49
 896 0104 13       		.uleb128 0x13
 897 0105 3F       		.uleb128 0x3f
 898 0106 19       		.uleb128 0x19
 899 0107 3C       		.uleb128 0x3c
 900 0108 19       		.uleb128 0x19
 901 0109 00       		.byte	0
 902 010a 00       		.byte	0
 903 010b 15       		.uleb128 0x15
 904 010c 2E       		.uleb128 0x2e
 905 010d 00       		.byte	0
 906 010e 3F       		.uleb128 0x3f
 907 010f 19       		.uleb128 0x19
 908 0110 3C       		.uleb128 0x3c
 909 0111 19       		.uleb128 0x19
 910 0112 6E       		.uleb128 0x6e
 911 0113 0E       		.uleb128 0xe
 912 0114 03       		.uleb128 0x3
 913 0115 0E       		.uleb128 0xe
 914 0116 3A       		.uleb128 0x3a
 915 0117 0B       		.uleb128 0xb
 916 0118 3B       		.uleb128 0x3b
 917 0119 0B       		.uleb128 0xb
 918 011a 00       		.byte	0
 919 011b 00       		.byte	0
 920 011c 00       		.byte	0
 921              		.section	.debug_loc,"",%progbits
 922              	.Ldebug_loc0:
 923              	.LLST0:
 924 0000 08000000 		.4byte	.LVL0
 925 0004 36000000 		.4byte	.LVL5
 926 0008 0600     		.2byte	0x6
 927 000a 9E       		.byte	0x9e
 928 000b 04       		.uleb128 0x4
 929 000c 00000000 		.4byte	0
 930 0010 36000000 		.4byte	.LVL5
 931 0014 5A000000 		.4byte	.LVL10
 932 0018 0100     		.2byte	0x1
 933 001a 56       		.byte	0x56
 934 001b 5A000000 		.4byte	.LVL10
 935 001f 63000000 		.4byte	.LVL11-1
 936 0023 0100     		.2byte	0x1
 937 0025 50       		.byte	0x50
 938 0026 63000000 		.4byte	.LVL11-1
 939 002a 2C010000 		.4byte	.LFE64
 940 002e 0100     		.2byte	0x1
 941 0030 56       		.byte	0x56
 942 0031 00000000 		.4byte	0
 943 0035 00000000 		.4byte	0
 944              	.LLST1:
 945 0039 08000000 		.4byte	.LVL0
ARM GAS  C:\Users\ABDALL~1\AppData\Local\Temp\ccmevCX0.s 			page 19


 946 003d 36000000 		.4byte	.LVL5
 947 0041 0600     		.2byte	0x6
 948 0043 9E       		.byte	0x9e
 949 0044 04       		.uleb128 0x4
 950 0045 00000000 		.4byte	0
 951 0049 66000000 		.4byte	.LVL12
 952 004d 6C000000 		.4byte	.LVL13
 953 0051 0100     		.2byte	0x1
 954 0053 50       		.byte	0x50
 955 0054 6C000000 		.4byte	.LVL13
 956 0058 2C010000 		.4byte	.LFE64
 957 005c 0100     		.2byte	0x1
 958 005e 55       		.byte	0x55
 959 005f 00000000 		.4byte	0
 960 0063 00000000 		.4byte	0
 961              	.LLST2:
 962 0067 42000000 		.4byte	.LVL7
 963 006b 51000000 		.4byte	.LVL8-1
 964 006f 0100     		.2byte	0x1
 965 0071 50       		.byte	0x50
 966 0072 51000000 		.4byte	.LVL8-1
 967 0076 2C010000 		.4byte	.LFE64
 968 007a 0100     		.2byte	0x1
 969 007c 58       		.byte	0x58
 970 007d 00000000 		.4byte	0
 971 0081 00000000 		.4byte	0
 972              		.section	.debug_aranges,"",%progbits
 973 0000 1C000000 		.4byte	0x1c
 974 0004 0200     		.2byte	0x2
 975 0006 00000000 		.4byte	.Ldebug_info0
 976 000a 04       		.byte	0x4
 977 000b 00       		.byte	0
 978 000c 0000     		.2byte	0
 979 000e 0000     		.2byte	0
 980 0010 00000000 		.4byte	.LFB64
 981 0014 2C010000 		.4byte	.LFE64-.LFB64
 982 0018 00000000 		.4byte	0
 983 001c 00000000 		.4byte	0
 984              		.section	.debug_ranges,"",%progbits
 985              	.Ldebug_ranges0:
 986 0000 00000000 		.4byte	.LFB64
 987 0004 2C010000 		.4byte	.LFE64
 988 0008 00000000 		.4byte	0
 989 000c 00000000 		.4byte	0
 990              		.section	.debug_line,"",%progbits
 991              	.Ldebug_line0:
 992 0000 5B020000 		.section	.debug_str,"MS",%progbits,1
 992      02000502 
 992      00000201 
 992      FB0E0D00 
 992      01010101 
 993              	.LASF18:
 994 0000 696E7465 		.ascii	"integralMax\000"
 994      6772616C 
 994      4D617800 
 995              	.LASF7:
 996 000c 5F5F696E 		.ascii	"__int32_t\000"
ARM GAS  C:\Users\ABDALL~1\AppData\Local\Temp\ccmevCX0.s 			page 20


 996      7433325F 
 996      7400
 997              	.LASF39:
 998 0016 696E6974 		.ascii	"initComp\000"
 998      436F6D70 
 998      00
 999              	.LASF32:
 1000 001f 736E7072 		.ascii	"snprintf\000"
 1000      696E7466 
 1000      00
 1001              	.LASF30:
 1002 0028 72656164 		.ascii	"readTemp\000"
 1002      54656D70 
 1002      00
 1003              	.LASF19:
 1004 0031 696E7465 		.ascii	"integralMin\000"
 1004      6772616C 
 1004      4D696E00 
 1005              	.LASF1:
 1006 003d 646F7562 		.ascii	"double\000"
 1006      6C6500
 1007              	.LASF33:
 1008 0044 50574D5F 		.ascii	"PWM_1_WriteCompare\000"
 1008      315F5772 
 1008      69746543 
 1008      6F6D7061 
 1008      726500
 1009              	.LASF0:
 1010 0057 666C6F61 		.ascii	"float\000"
 1010      7400
 1011              	.LASF24:
 1012 005d 696E7465 		.ascii	"integralPart\000"
 1012      6772616C 
 1012      50617274 
 1012      00
 1013              	.LASF23:
 1014 006a 70726F70 		.ascii	"proportionalPart\000"
 1014      6F727469 
 1014      6F6E616C 
 1014      50617274 
 1014      00
 1015              	.LASF3:
 1016 007b 756E7369 		.ascii	"unsigned char\000"
 1016      676E6564 
 1016      20636861 
 1016      7200
 1017              	.LASF40:
 1018 0089 474E5520 		.ascii	"GNU C11 5.4.1 20160609 (release) [ARM/embedded-5-br"
 1018      43313120 
 1018      352E342E 
 1018      31203230 
 1018      31363036 
 1019 00bc 616E6368 		.ascii	"anch revision 237715] -mcpu=cortex-m3 -mthumb -g -O"
 1019      20726576 
 1019      6973696F 
 1019      6E203233 
 1019      37373135 
ARM GAS  C:\Users\ABDALL~1\AppData\Local\Temp\ccmevCX0.s 			page 21


 1020 00ef 67202D66 		.ascii	"g -ffunction-sections -ffat-lto-objects\000"
 1020      66756E63 
 1020      74696F6E 
 1020      2D736563 
 1020      74696F6E 
 1021              	.LASF26:
 1022 0117 6F757470 		.ascii	"outputBuffer\000"
 1022      75744275 
 1022      66666572 
 1022      00
 1023              	.LASF25:
 1024 0124 64657269 		.ascii	"derivativePart\000"
 1024      76617469 
 1024      76655061 
 1024      727400
 1025              	.LASF20:
 1026 0133 74656D70 		.ascii	"temp\000"
 1026      00
 1027              	.LASF5:
 1028 0138 73686F72 		.ascii	"short unsigned int\000"
 1028      7420756E 
 1028      7369676E 
 1028      65642069 
 1028      6E7400
 1029              	.LASF44:
 1030 014b 49544D5F 		.ascii	"ITM_RxBuffer\000"
 1030      52784275 
 1030      66666572 
 1030      00
 1031              	.LASF21:
 1032 0158 636F6E74 		.ascii	"controlSignal\000"
 1032      726F6C53 
 1032      69676E61 
 1032      6C00
 1033              	.LASF6:
 1034 0166 5F5F7569 		.ascii	"__uint16_t\000"
 1034      6E743136 
 1034      5F7400
 1035              	.LASF9:
 1036 0171 6C6F6E67 		.ascii	"long unsigned int\000"
 1036      20756E73 
 1036      69676E65 
 1036      6420696E 
 1036      7400
 1037              	.LASF36:
 1038 0183 50494443 		.ascii	"PIDControl_init\000"
 1038      6F6E7472 
 1038      6F6C5F69 
 1038      6E697400 
 1039              	.LASF27:
 1040 0193 73657450 		.ascii	"setPoint\000"
 1040      6F696E74 
 1040      00
 1041              	.LASF31:
 1042 019c 50494443 		.ascii	"PIDControl_doStep\000"
 1042      6F6E7472 
 1042      6F6C5F64 
ARM GAS  C:\Users\ABDALL~1\AppData\Local\Temp\ccmevCX0.s 			page 22


 1042      6F537465 
 1042      7000
 1043              	.LASF12:
 1044 01ae 756E7369 		.ascii	"unsigned int\000"
 1044      676E6564 
 1044      20696E74 
 1044      00
 1045              	.LASF11:
 1046 01bb 6C6F6E67 		.ascii	"long long unsigned int\000"
 1046      206C6F6E 
 1046      6720756E 
 1046      7369676E 
 1046      65642069 
 1047              	.LASF43:
 1048 01d2 6D61696E 		.ascii	"main\000"
 1048      00
 1049              	.LASF17:
 1050 01d7 696E7433 		.ascii	"int32_t\000"
 1050      325F7400 
 1051              	.LASF14:
 1052 01df 73697A65 		.ascii	"sizetype\000"
 1052      74797065 
 1052      00
 1053              	.LASF29:
 1054 01e8 67657453 		.ascii	"getSetPoint\000"
 1054      6574506F 
 1054      696E7400 
 1055              	.LASF22:
 1056 01f4 6572726F 		.ascii	"error\000"
 1056      7200
 1057              	.LASF10:
 1058 01fa 6C6F6E67 		.ascii	"long long int\000"
 1058      206C6F6E 
 1058      6720696E 
 1058      7400
 1059              	.LASF41:
 1060 0208 6D61696E 		.ascii	"main.c\000"
 1060      2E6300
 1061              	.LASF15:
 1062 020f 63686172 		.ascii	"char\000"
 1062      00
 1063              	.LASF28:
 1064 0214 73616D70 		.ascii	"sampleWaitTimeInMilliseconds\000"
 1064      6C655761 
 1064      69745469 
 1064      6D65496E 
 1064      4D696C6C 
 1065              	.LASF4:
 1066 0231 73686F72 		.ascii	"short int\000"
 1066      7420696E 
 1066      7400
 1067              	.LASF38:
 1068 023b 6973725F 		.ascii	"isr_uart_rx_StartEx\000"
 1068      75617274 
 1068      5F72785F 
 1068      53746172 
 1068      74457800 
ARM GAS  C:\Users\ABDALL~1\AppData\Local\Temp\ccmevCX0.s 			page 23


 1069              	.LASF16:
 1070 024f 75696E74 		.ascii	"uint16_t\000"
 1070      31365F74 
 1070      00
 1071              	.LASF42:
 1072 0258 433A5C55 		.ascii	"C:\\Users\\Abdallah Ajjawi\\Desktop\\AU\\Temperatur"
 1072      73657273 
 1072      5C416264 
 1072      616C6C61 
 1072      6820416A 
 1073 0286 65436F6E 		.ascii	"eControlHandout\\Temperature-Control.cydsn\000"
 1073      74726F6C 
 1073      48616E64 
 1073      6F75745C 
 1073      54656D70 
 1074              	.LASF8:
 1075 02b0 6C6F6E67 		.ascii	"long int\000"
 1075      20696E74 
 1075      00
 1076              	.LASF13:
 1077 02b9 6C6F6E67 		.ascii	"long double\000"
 1077      20646F75 
 1077      626C6500 
 1078              	.LASF2:
 1079 02c5 7369676E 		.ascii	"signed char\000"
 1079      65642063 
 1079      68617200 
 1080              	.LASF37:
 1081 02d1 50494443 		.ascii	"PIDControl_changeSetPoint\000"
 1081      6F6E7472 
 1081      6F6C5F63 
 1081      68616E67 
 1081      65536574 
 1082              	.LASF34:
 1083 02eb 55415254 		.ascii	"UART_1_PutString\000"
 1083      5F315F50 
 1083      75745374 
 1083      72696E67 
 1083      00
 1084              	.LASF35:
 1085 02fc 43794465 		.ascii	"CyDelay\000"
 1085      6C617900 
 1086              		.ident	"GCC: (GNU Tools for ARM Embedded Processors) 5.4.1 20160609 (release) [ARM/embedded-5-bran
