ARM GAS  C:\Users\ABDALL~1\AppData\Local\Temp\ccsfrxYc.s 			page 1


   1              		.syntax unified
   2              		.cpu cortex-m3
   3              		.fpu softvfp
   4              		.eabi_attribute 20, 1
   5              		.eabi_attribute 21, 1
   6              		.eabi_attribute 23, 3
   7              		.eabi_attribute 24, 1
   8              		.eabi_attribute 25, 1
   9              		.eabi_attribute 26, 1
  10              		.eabi_attribute 30, 1
  11              		.eabi_attribute 34, 1
  12              		.eabi_attribute 18, 4
  13              		.thumb
  14              		.syntax unified
  15              		.file	"TempReader.c"
  16              		.text
  17              	.Ltext0:
  18              		.cfi_sections	.debug_frame
  19              		.section	.text.initComp,"ax",%progbits
  20              		.align	2
  21              		.global	initComp
  22              		.thumb
  23              		.thumb_func
  24              		.type	initComp, %function
  25              	initComp:
  26              	.LFB64:
  27              		.file 1 "TempReader.c"
   1:TempReader.c  **** #include "TempReader.h"
   2:TempReader.c  **** #include <stdio.h>
   3:TempReader.c  **** 
   4:TempReader.c  **** uint8 address = 72;
   5:TempReader.c  **** 
   6:TempReader.c  **** /* 3 variables with 8 bit */
   7:TempReader.c  **** uint8 status;
   8:TempReader.c  **** uint8 b0;
   9:TempReader.c  **** uint8 b1;
  10:TempReader.c  **** 
  11:TempReader.c  **** /* Variable with 16 bit */
  12:TempReader.c  **** uint16_t temp = 0;
  13:TempReader.c  **** 
  14:TempReader.c  **** void initComp()
  15:TempReader.c  **** {
  28              		.loc 1 15 0
  29              		.cfi_startproc
  30              		@ args = 0, pretend = 0, frame = 0
  31              		@ frame_needed = 0, uses_anonymous_args = 0
  32 0000 08B5     		push	{r3, lr}
  33              		.cfi_def_cfa_offset 8
  34              		.cfi_offset 3, -8
  35              		.cfi_offset 14, -4
  16:TempReader.c  ****     UART_1_Start(); /* Enable UART */
  36              		.loc 1 16 0
  37 0002 FFF7FEFF 		bl	UART_1_Start
  38              	.LVL0:
  17:TempReader.c  ****     I2C_1_Start(); /* Enable I2C */
  39              		.loc 1 17 0
  40 0006 FFF7FEFF 		bl	I2C_1_Start
ARM GAS  C:\Users\ABDALL~1\AppData\Local\Temp\ccsfrxYc.s 			page 2


  41              	.LVL1:
  18:TempReader.c  ****     I2C_1_EnableInt(); /* Enable I2C INT */
  42              		.loc 1 18 0
  43 000a 0122     		movs	r2, #1
  44 000c 024B     		ldr	r3, .L3
  45 000e 1A60     		str	r2, [r3]
  19:TempReader.c  ****     PWM_1_Start();
  46              		.loc 1 19 0
  47 0010 FFF7FEFF 		bl	PWM_1_Start
  48              	.LVL2:
  49 0014 08BD     		pop	{r3, pc}
  50              	.L4:
  51 0016 00BF     		.align	2
  52              	.L3:
  53 0018 00E100E0 		.word	-536813312
  54              		.cfi_endproc
  55              	.LFE64:
  56              		.size	initComp, .-initComp
  57              		.global	__aeabi_ui2f
  58              		.global	__aeabi_fmul
  59              		.section	.text.readTemp,"ax",%progbits
  60              		.align	2
  61              		.global	readTemp
  62              		.thumb
  63              		.thumb_func
  64              		.type	readTemp, %function
  65              	readTemp:
  66              	.LFB65:
  20:TempReader.c  **** }
  21:TempReader.c  **** 
  22:TempReader.c  **** float readTemp()
  23:TempReader.c  **** {
  67              		.loc 1 23 0
  68              		.cfi_startproc
  69              		@ args = 0, pretend = 0, frame = 0
  70              		@ frame_needed = 0, uses_anonymous_args = 0
  71 0000 10B5     		push	{r4, lr}
  72              		.cfi_def_cfa_offset 8
  73              		.cfi_offset 4, -8
  74              		.cfi_offset 14, -4
  24:TempReader.c  ****     
  25:TempReader.c  ****     float float_temp;
  26:TempReader.c  ****     
  27:TempReader.c  ****     status = I2C_1_MasterSendStart(address, 1);
  75              		.loc 1 27 0
  76 0002 0121     		movs	r1, #1
  77 0004 204B     		ldr	r3, .L9
  78 0006 1878     		ldrb	r0, [r3]	@ zero_extendqisi2
  79 0008 FFF7FEFF 		bl	I2C_1_MasterSendStart
  80              	.LVL3:
  81 000c 1F4B     		ldr	r3, .L9+4
  82 000e 1870     		strb	r0, [r3]
  28:TempReader.c  **** 
  29:TempReader.c  ****         if (status == I2C_1_MSTR_NO_ERROR)
  83              		.loc 1 29 0
  84 0010 80BB     		cbnz	r0, .L6
  85              	.LBB2:
ARM GAS  C:\Users\ABDALL~1\AppData\Local\Temp\ccsfrxYc.s 			page 3


  30:TempReader.c  ****         {
  31:TempReader.c  ****             b0 = I2C_1_MasterReadByte(I2C_1_ACK_DATA);
  86              		.loc 1 31 0
  87 0012 0120     		movs	r0, #1
  88 0014 FFF7FEFF 		bl	I2C_1_MasterReadByte
  89              	.LVL4:
  90 0018 1D4C     		ldr	r4, .L9+8
  91 001a 2070     		strb	r0, [r4]
  32:TempReader.c  ****             b1 = I2C_1_MasterReadByte(I2C_1_NAK_DATA);
  92              		.loc 1 32 0
  93 001c 0020     		movs	r0, #0
  94 001e FFF7FEFF 		bl	I2C_1_MasterReadByte
  95              	.LVL5:
  33:TempReader.c  **** 
  34:TempReader.c  **** 
  35:TempReader.c  ****             /* Shift b0 left by 8 - cast to 16 bit */
  36:TempReader.c  ****             uint16_t b0_tmp = (uint16_t) b0 << 8;
  96              		.loc 1 36 0
  97 0022 2378     		ldrb	r3, [r4]	@ zero_extendqisi2
  98              	.LVL6:
  37:TempReader.c  **** 
  38:TempReader.c  ****             /* Mask MSB in b1 */
  39:TempReader.c  ****             b1 = b1 & 0b10000000;
  99              		.loc 1 39 0
 100 0024 20F07F00 		bic	r0, r0, #127
 101 0028 C0B2     		uxtb	r0, r0
 102 002a 1A4A     		ldr	r2, .L9+12
 103 002c 1070     		strb	r0, [r2]
  40:TempReader.c  **** 
  41:TempReader.c  ****             /* Combine b0 and b1 and shift by 7 - to read 9 MSB*/
  42:TempReader.c  ****             temp = (b0_tmp | b1) >> 7;
 104              		.loc 1 42 0
 105 002e 40EA0320 		orr	r0, r0, r3, lsl #8
 106 0032 C009     		lsrs	r0, r0, #7
 107 0034 184B     		ldr	r3, .L9+16
 108              	.LVL7:
 109 0036 1880     		strh	r0, [r3]	@ movhi
  43:TempReader.c  **** 
  44:TempReader.c  ****             if (temp & 0b100000000)
 110              		.loc 1 44 0
 111 0038 00F48073 		and	r3, r0, #256
 112 003c 9BB2     		uxth	r3, r3
 113 003e 93B1     		cbz	r3, .L7
 114              	.LBB3:
  45:TempReader.c  ****             {
  46:TempReader.c  ****                 /* Temp is negative */
  47:TempReader.c  **** 
  48:TempReader.c  ****                 UART_1_PutString("Negative value \r\n");
 115              		.loc 1 48 0
 116 0040 1648     		ldr	r0, .L9+20
 117 0042 FFF7FEFF 		bl	UART_1_PutString
 118              	.LVL8:
  49:TempReader.c  **** 
  50:TempReader.c  ****                 /* Find Two's complement */
  51:TempReader.c  ****                 uint16_t temp_inverted = ~temp;
 119              		.loc 1 51 0
 120 0046 144B     		ldr	r3, .L9+16
ARM GAS  C:\Users\ABDALL~1\AppData\Local\Temp\ccsfrxYc.s 			page 4


 121 0048 1888     		ldrh	r0, [r3]
 122 004a C043     		mvns	r0, r0
 123              	.LVL9:
  52:TempReader.c  ****                 temp_inverted = temp_inverted & 0b0000000111111111;
 124              		.loc 1 52 0
 125 004c C0F30800 		ubfx	r0, r0, #0, #9
 126              	.LVL10:
  53:TempReader.c  ****                 temp_inverted = temp_inverted + 1;
  54:TempReader.c  **** 
  55:TempReader.c  ****                 /* Find real value by dividing by 2 - and find the negative value */
  56:TempReader.c  ****                 float_temp = -1 * (float) temp_inverted / 2;
 127              		.loc 1 56 0
 128 0050 0130     		adds	r0, r0, #1
 129              	.LVL11:
 130 0052 FFF7FEFF 		bl	__aeabi_ui2f
 131              	.LVL12:
 132 0056 00F10040 		add	r0, r0, #-2147483648
 133 005a 4FF07C51 		mov	r1, #1056964608
 134 005e FFF7FEFF 		bl	__aeabi_fmul
 135              	.LVL13:
 136 0062 0446     		mov	r4, r0
 137              	.LVL14:
 138              	.LBE3:
 139 0064 06E0     		b	.L6
 140              	.LVL15:
 141              	.L7:
  57:TempReader.c  ****             }
  58:TempReader.c  ****             else
  59:TempReader.c  ****             {
  60:TempReader.c  ****                 /* Temp is positive */
  61:TempReader.c  **** 
  62:TempReader.c  ****                 /* Find real value by dividing by 2 */
  63:TempReader.c  ****                 float_temp = (float) temp / 2;
 142              		.loc 1 63 0
 143 0066 FFF7FEFF 		bl	__aeabi_ui2f
 144              	.LVL16:
 145 006a 4FF07C51 		mov	r1, #1056964608
 146 006e FFF7FEFF 		bl	__aeabi_fmul
 147              	.LVL17:
 148 0072 0446     		mov	r4, r0
 149              	.LVL18:
 150              	.L6:
 151              	.LBE2:
  64:TempReader.c  ****             }
  65:TempReader.c  ****         }
  66:TempReader.c  **** 
  67:TempReader.c  ****         status = I2C_1_MasterSendStop();
 152              		.loc 1 67 0
 153 0074 FFF7FEFF 		bl	I2C_1_MasterSendStop
 154              	.LVL19:
 155 0078 044B     		ldr	r3, .L9+4
 156 007a 1870     		strb	r0, [r3]
  68:TempReader.c  ****         /* Delay - to register new temp */
  69:TempReader.c  ****         CyDelay(1000);
 157              		.loc 1 69 0
 158 007c 4FF47A70 		mov	r0, #1000
 159 0080 FFF7FEFF 		bl	CyDelay
ARM GAS  C:\Users\ABDALL~1\AppData\Local\Temp\ccsfrxYc.s 			page 5


 160              	.LVL20:
  70:TempReader.c  ****         
  71:TempReader.c  ****         return float_temp;
  72:TempReader.c  **** }
 161              		.loc 1 72 0
 162 0084 2046     		mov	r0, r4
 163 0086 10BD     		pop	{r4, pc}
 164              	.LVL21:
 165              	.L10:
 166              		.align	2
 167              	.L9:
 168 0088 00000000 		.word	.LANCHOR0
 169 008c 00000000 		.word	status
 170 0090 00000000 		.word	b0
 171 0094 00000000 		.word	b1
 172 0098 00000000 		.word	.LANCHOR1
 173 009c 00000000 		.word	.LC0
 174              		.cfi_endproc
 175              	.LFE65:
 176              		.size	readTemp, .-readTemp
 177              		.global	temp
 178              		.comm	b1,1,1
 179              		.comm	b0,1,1
 180              		.comm	status,1,1
 181              		.global	address
 182              		.data
 183              		.set	.LANCHOR0,. + 0
 184              		.type	address, %object
 185              		.size	address, 1
 186              	address:
 187 0000 48       		.byte	72
 188              		.section	.rodata.str1.4,"aMS",%progbits,1
 189              		.align	2
 190              	.LC0:
 191 0000 4E656761 		.ascii	"Negative value \015\012\000"
 191      74697665 
 191      2076616C 
 191      7565200D 
 191      0A00
 192              		.bss
 193              		.align	1
 194              		.set	.LANCHOR1,. + 0
 195              		.type	temp, %object
 196              		.size	temp, 2
 197              	temp:
 198 0000 0000     		.space	2
 199              		.text
 200              	.Letext0:
 201              		.file 2 "c:\\program files (x86)\\cypress\\psoc creator\\4.2\\psoc creator\\import\\gnu\\arm\\5.4.
 202              		.file 3 "c:\\program files (x86)\\cypress\\psoc creator\\4.2\\psoc creator\\import\\gnu\\arm\\5.4.
 203              		.file 4 "Generated_Source\\PSoC5/cytypes.h"
 204              		.file 5 "Generated_Source\\PSoC5/core_cm3.h"
 205              		.file 6 "Generated_Source\\PSoC5/UART_1.h"
 206              		.file 7 "Generated_Source\\PSoC5/I2C_1.h"
 207              		.file 8 "Generated_Source\\PSoC5/PWM_1.h"
 208              		.file 9 "Generated_Source\\PSoC5/CyLib.h"
 209              		.section	.debug_info,"",%progbits
ARM GAS  C:\Users\ABDALL~1\AppData\Local\Temp\ccsfrxYc.s 			page 6


 210              	.Ldebug_info0:
 211 0000 92020000 		.4byte	0x292
 212 0004 0400     		.2byte	0x4
 213 0006 00000000 		.4byte	.Ldebug_abbrev0
 214 000a 04       		.byte	0x4
 215 000b 01       		.uleb128 0x1
 216 000c CE000000 		.4byte	.LASF36
 217 0010 0C       		.byte	0xc
 218 0011 0D000000 		.4byte	.LASF37
 219 0015 65000000 		.4byte	.LASF38
 220 0019 00000000 		.4byte	.Ldebug_ranges0+0
 221 001d 00000000 		.4byte	0
 222 0021 00000000 		.4byte	.Ldebug_line0
 223 0025 02       		.uleb128 0x2
 224 0026 01       		.byte	0x1
 225 0027 06       		.byte	0x6
 226 0028 65020000 		.4byte	.LASF0
 227 002c 02       		.uleb128 0x2
 228 002d 01       		.byte	0x1
 229 002e 08       		.byte	0x8
 230 002f C0000000 		.4byte	.LASF1
 231 0033 02       		.uleb128 0x2
 232 0034 02       		.byte	0x2
 233 0035 05       		.byte	0x5
 234 0036 28020000 		.4byte	.LASF2
 235 003a 03       		.uleb128 0x3
 236 003b 8C010000 		.4byte	.LASF4
 237 003f 02       		.byte	0x2
 238 0040 2B       		.byte	0x2b
 239 0041 45000000 		.4byte	0x45
 240 0045 02       		.uleb128 0x2
 241 0046 02       		.byte	0x2
 242 0047 07       		.byte	0x7
 243 0048 43000000 		.4byte	.LASF3
 244 004c 03       		.uleb128 0x3
 245 004d 1A000000 		.4byte	.LASF5
 246 0051 02       		.byte	0x2
 247 0052 3F       		.byte	0x3f
 248 0053 57000000 		.4byte	0x57
 249 0057 02       		.uleb128 0x2
 250 0058 04       		.byte	0x4
 251 0059 05       		.byte	0x5
 252 005a 50020000 		.4byte	.LASF6
 253 005e 02       		.uleb128 0x2
 254 005f 04       		.byte	0x4
 255 0060 07       		.byte	0x7
 256 0061 5C010000 		.4byte	.LASF7
 257 0065 02       		.uleb128 0x2
 258 0066 08       		.byte	0x8
 259 0067 05       		.byte	0x5
 260 0068 F4010000 		.4byte	.LASF8
 261 006c 02       		.uleb128 0x2
 262 006d 08       		.byte	0x8
 263 006e 07       		.byte	0x7
 264 006f C5010000 		.4byte	.LASF9
 265 0073 04       		.uleb128 0x4
 266 0074 04       		.byte	0x4
ARM GAS  C:\Users\ABDALL~1\AppData\Local\Temp\ccsfrxYc.s 			page 7


 267 0075 05       		.byte	0x5
 268 0076 696E7400 		.ascii	"int\000"
 269 007a 02       		.uleb128 0x2
 270 007b 04       		.byte	0x4
 271 007c 07       		.byte	0x7
 272 007d A5010000 		.4byte	.LASF10
 273 0081 03       		.uleb128 0x3
 274 0082 32020000 		.4byte	.LASF11
 275 0086 03       		.byte	0x3
 276 0087 24       		.byte	0x24
 277 0088 3A000000 		.4byte	0x3a
 278 008c 03       		.uleb128 0x3
 279 008d E3010000 		.4byte	.LASF12
 280 0091 03       		.byte	0x3
 281 0092 2C       		.byte	0x2c
 282 0093 4C000000 		.4byte	0x4c
 283 0097 05       		.uleb128 0x5
 284 0098 5F000000 		.4byte	.LASF13
 285 009c 04       		.byte	0x4
 286 009d 9201     		.2byte	0x192
 287 009f 2C000000 		.4byte	0x2c
 288 00a3 05       		.uleb128 0x5
 289 00a4 9E010000 		.4byte	.LASF14
 290 00a8 04       		.byte	0x4
 291 00a9 9401     		.2byte	0x194
 292 00ab 5E000000 		.4byte	0x5e
 293 00af 02       		.uleb128 0x2
 294 00b0 04       		.byte	0x4
 295 00b1 04       		.byte	0x4
 296 00b2 BA000000 		.4byte	.LASF15
 297 00b6 02       		.uleb128 0x2
 298 00b7 08       		.byte	0x8
 299 00b8 04       		.byte	0x4
 300 00b9 97010000 		.4byte	.LASF16
 301 00bd 02       		.uleb128 0x2
 302 00be 01       		.byte	0x1
 303 00bf 08       		.byte	0x8
 304 00c0 17020000 		.4byte	.LASF17
 305 00c4 05       		.uleb128 0x5
 306 00c5 00000000 		.4byte	.LASF18
 307 00c9 04       		.byte	0x4
 308 00ca 3E02     		.2byte	0x23e
 309 00cc D0000000 		.4byte	0xd0
 310 00d0 06       		.uleb128 0x6
 311 00d1 A3000000 		.4byte	0xa3
 312 00d5 02       		.uleb128 0x2
 313 00d6 08       		.byte	0x8
 314 00d7 04       		.byte	0x4
 315 00d8 59020000 		.4byte	.LASF19
 316 00dc 02       		.uleb128 0x2
 317 00dd 04       		.byte	0x4
 318 00de 07       		.byte	0x7
 319 00df EB010000 		.4byte	.LASF20
 320 00e3 07       		.uleb128 0x7
 321 00e4 24000000 		.4byte	.LASF39
 322 00e8 01       		.byte	0x1
 323 00e9 0E       		.byte	0xe
ARM GAS  C:\Users\ABDALL~1\AppData\Local\Temp\ccsfrxYc.s 			page 8


 324 00ea 00000000 		.4byte	.LFB64
 325 00ee 1C000000 		.4byte	.LFE64-.LFB64
 326 00f2 01       		.uleb128 0x1
 327 00f3 9C       		.byte	0x9c
 328 00f4 14010000 		.4byte	0x114
 329 00f8 08       		.uleb128 0x8
 330 00f9 06000000 		.4byte	.LVL0
 331 00fd 3D020000 		.4byte	0x23d
 332 0101 08       		.uleb128 0x8
 333 0102 0A000000 		.4byte	.LVL1
 334 0106 48020000 		.4byte	0x248
 335 010a 08       		.uleb128 0x8
 336 010b 14000000 		.4byte	.LVL2
 337 010f 53020000 		.4byte	0x253
 338 0113 00       		.byte	0
 339 0114 09       		.uleb128 0x9
 340 0115 56000000 		.4byte	.LASF40
 341 0119 01       		.byte	0x1
 342 011a 16       		.byte	0x16
 343 011b AF000000 		.4byte	0xaf
 344 011f 00000000 		.4byte	.LFB65
 345 0123 A0000000 		.4byte	.LFE65-.LFB65
 346 0127 01       		.uleb128 0x1
 347 0128 9C       		.byte	0x9c
 348 0129 D9010000 		.4byte	0x1d9
 349 012d 0A       		.uleb128 0xa
 350 012e B2010000 		.4byte	.LASF21
 351 0132 01       		.byte	0x1
 352 0133 19       		.byte	0x19
 353 0134 AF000000 		.4byte	0xaf
 354 0138 00000000 		.4byte	.LLST0
 355 013c 0B       		.uleb128 0xb
 356 013d 12000000 		.4byte	.LBB2
 357 0141 62000000 		.4byte	.LBE2-.LBB2
 358 0145 AB010000 		.4byte	0x1ab
 359 0149 0A       		.uleb128 0xa
 360 014a DC010000 		.4byte	.LASF22
 361 014e 01       		.byte	0x1
 362 014f 24       		.byte	0x24
 363 0150 81000000 		.4byte	0x81
 364 0154 29000000 		.4byte	.LLST1
 365 0158 0B       		.uleb128 0xb
 366 0159 40000000 		.4byte	.LBB3
 367 015d 24000000 		.4byte	.LBE3-.LBB3
 368 0161 88010000 		.4byte	0x188
 369 0165 0A       		.uleb128 0xa
 370 0166 82020000 		.4byte	.LASF23
 371 016a 01       		.byte	0x1
 372 016b 33       		.byte	0x33
 373 016c 81000000 		.4byte	0x81
 374 0170 6E000000 		.4byte	.LLST2
 375 0174 0C       		.uleb128 0xc
 376 0175 46000000 		.4byte	.LVL8
 377 0179 5E020000 		.4byte	0x25e
 378 017d 0D       		.uleb128 0xd
 379 017e 01       		.uleb128 0x1
 380 017f 50       		.byte	0x50
ARM GAS  C:\Users\ABDALL~1\AppData\Local\Temp\ccsfrxYc.s 			page 9


 381 0180 05       		.uleb128 0x5
 382 0181 03       		.byte	0x3
 383 0182 00000000 		.4byte	.LC0
 384 0186 00       		.byte	0
 385 0187 00       		.byte	0
 386 0188 0E       		.uleb128 0xe
 387 0189 18000000 		.4byte	.LVL4
 388 018d 69020000 		.4byte	0x269
 389 0191 9B010000 		.4byte	0x19b
 390 0195 0D       		.uleb128 0xd
 391 0196 01       		.uleb128 0x1
 392 0197 50       		.byte	0x50
 393 0198 01       		.uleb128 0x1
 394 0199 31       		.byte	0x31
 395 019a 00       		.byte	0
 396 019b 0C       		.uleb128 0xc
 397 019c 22000000 		.4byte	.LVL5
 398 01a0 69020000 		.4byte	0x269
 399 01a4 0D       		.uleb128 0xd
 400 01a5 01       		.uleb128 0x1
 401 01a6 50       		.byte	0x50
 402 01a7 01       		.uleb128 0x1
 403 01a8 30       		.byte	0x30
 404 01a9 00       		.byte	0
 405 01aa 00       		.byte	0
 406 01ab 0E       		.uleb128 0xe
 407 01ac 0C000000 		.4byte	.LVL3
 408 01b0 74020000 		.4byte	0x274
 409 01b4 BE010000 		.4byte	0x1be
 410 01b8 0D       		.uleb128 0xd
 411 01b9 01       		.uleb128 0x1
 412 01ba 51       		.byte	0x51
 413 01bb 01       		.uleb128 0x1
 414 01bc 31       		.byte	0x31
 415 01bd 00       		.byte	0
 416 01be 08       		.uleb128 0x8
 417 01bf 78000000 		.4byte	.LVL19
 418 01c3 7F020000 		.4byte	0x27f
 419 01c7 0C       		.uleb128 0xc
 420 01c8 84000000 		.4byte	.LVL20
 421 01cc 8A020000 		.4byte	0x28a
 422 01d0 0D       		.uleb128 0xd
 423 01d1 01       		.uleb128 0x1
 424 01d2 50       		.byte	0x50
 425 01d3 03       		.uleb128 0x3
 426 01d4 0A       		.byte	0xa
 427 01d5 E803     		.2byte	0x3e8
 428 01d7 00       		.byte	0
 429 01d8 00       		.byte	0
 430 01d9 0F       		.uleb128 0xf
 431 01da 7F010000 		.4byte	.LASF24
 432 01de 05       		.byte	0x5
 433 01df 9606     		.2byte	0x696
 434 01e1 E5010000 		.4byte	0x1e5
 435 01e5 06       		.uleb128 0x6
 436 01e6 8C000000 		.4byte	0x8c
 437 01ea 10       		.uleb128 0x10
ARM GAS  C:\Users\ABDALL~1\AppData\Local\Temp\ccsfrxYc.s 			page 10


 438 01eb BD010000 		.4byte	.LASF25
 439 01ef 01       		.byte	0x1
 440 01f0 04       		.byte	0x4
 441 01f1 97000000 		.4byte	0x97
 442 01f5 05       		.uleb128 0x5
 443 01f6 03       		.byte	0x3
 444 01f7 00000000 		.4byte	address
 445 01fb 10       		.uleb128 0x10
 446 01fc 06000000 		.4byte	.LASF26
 447 0200 01       		.byte	0x1
 448 0201 07       		.byte	0x7
 449 0202 97000000 		.4byte	0x97
 450 0206 05       		.uleb128 0x5
 451 0207 03       		.byte	0x3
 452 0208 00000000 		.4byte	status
 453 020c 11       		.uleb128 0x11
 454 020d 623000   		.ascii	"b0\000"
 455 0210 01       		.byte	0x1
 456 0211 08       		.byte	0x8
 457 0212 97000000 		.4byte	0x97
 458 0216 05       		.uleb128 0x5
 459 0217 03       		.byte	0x3
 460 0218 00000000 		.4byte	b0
 461 021c 11       		.uleb128 0x11
 462 021d 623100   		.ascii	"b1\000"
 463 0220 01       		.byte	0x1
 464 0221 09       		.byte	0x9
 465 0222 97000000 		.4byte	0x97
 466 0226 05       		.uleb128 0x5
 467 0227 03       		.byte	0x3
 468 0228 00000000 		.4byte	b1
 469 022c 10       		.uleb128 0x10
 470 022d 6E010000 		.4byte	.LASF27
 471 0231 01       		.byte	0x1
 472 0232 0C       		.byte	0xc
 473 0233 81000000 		.4byte	0x81
 474 0237 05       		.uleb128 0x5
 475 0238 03       		.byte	0x3
 476 0239 00000000 		.4byte	temp
 477 023d 12       		.uleb128 0x12
 478 023e 98020000 		.4byte	.LASF28
 479 0242 98020000 		.4byte	.LASF28
 480 0246 06       		.byte	0x6
 481 0247 54       		.byte	0x54
 482 0248 12       		.uleb128 0x12
 483 0249 1C020000 		.4byte	.LASF29
 484 024d 1C020000 		.4byte	.LASF29
 485 0251 07       		.byte	0x7
 486 0252 93       		.byte	0x93
 487 0253 12       		.uleb128 0x12
 488 0254 73010000 		.4byte	.LASF30
 489 0258 73010000 		.4byte	.LASF30
 490 025c 08       		.byte	0x8
 491 025d 92       		.byte	0x92
 492 025e 12       		.uleb128 0x12
 493 025f 71020000 		.4byte	.LASF31
 494 0263 71020000 		.4byte	.LASF31
ARM GAS  C:\Users\ABDALL~1\AppData\Local\Temp\ccsfrxYc.s 			page 11


 495 0267 06       		.byte	0x6
 496 0268 8B       		.byte	0x8b
 497 0269 12       		.uleb128 0x12
 498 026a 02020000 		.4byte	.LASF32
 499 026e 02020000 		.4byte	.LASF32
 500 0272 07       		.byte	0x7
 501 0273 B7       		.byte	0xb7
 502 0274 12       		.uleb128 0x12
 503 0275 2D000000 		.4byte	.LASF33
 504 0279 2D000000 		.4byte	.LASF33
 505 027d 07       		.byte	0x7
 506 027e B1       		.byte	0xb1
 507 027f 12       		.uleb128 0x12
 508 0280 3B020000 		.4byte	.LASF34
 509 0284 3B020000 		.4byte	.LASF34
 510 0288 07       		.byte	0x7
 511 0289 B5       		.byte	0xb5
 512 028a 12       		.uleb128 0x12
 513 028b 90020000 		.4byte	.LASF35
 514 028f 90020000 		.4byte	.LASF35
 515 0293 09       		.byte	0x9
 516 0294 76       		.byte	0x76
 517 0295 00       		.byte	0
 518              		.section	.debug_abbrev,"",%progbits
 519              	.Ldebug_abbrev0:
 520 0000 01       		.uleb128 0x1
 521 0001 11       		.uleb128 0x11
 522 0002 01       		.byte	0x1
 523 0003 25       		.uleb128 0x25
 524 0004 0E       		.uleb128 0xe
 525 0005 13       		.uleb128 0x13
 526 0006 0B       		.uleb128 0xb
 527 0007 03       		.uleb128 0x3
 528 0008 0E       		.uleb128 0xe
 529 0009 1B       		.uleb128 0x1b
 530 000a 0E       		.uleb128 0xe
 531 000b 55       		.uleb128 0x55
 532 000c 17       		.uleb128 0x17
 533 000d 11       		.uleb128 0x11
 534 000e 01       		.uleb128 0x1
 535 000f 10       		.uleb128 0x10
 536 0010 17       		.uleb128 0x17
 537 0011 00       		.byte	0
 538 0012 00       		.byte	0
 539 0013 02       		.uleb128 0x2
 540 0014 24       		.uleb128 0x24
 541 0015 00       		.byte	0
 542 0016 0B       		.uleb128 0xb
 543 0017 0B       		.uleb128 0xb
 544 0018 3E       		.uleb128 0x3e
 545 0019 0B       		.uleb128 0xb
 546 001a 03       		.uleb128 0x3
 547 001b 0E       		.uleb128 0xe
 548 001c 00       		.byte	0
 549 001d 00       		.byte	0
 550 001e 03       		.uleb128 0x3
 551 001f 16       		.uleb128 0x16
ARM GAS  C:\Users\ABDALL~1\AppData\Local\Temp\ccsfrxYc.s 			page 12


 552 0020 00       		.byte	0
 553 0021 03       		.uleb128 0x3
 554 0022 0E       		.uleb128 0xe
 555 0023 3A       		.uleb128 0x3a
 556 0024 0B       		.uleb128 0xb
 557 0025 3B       		.uleb128 0x3b
 558 0026 0B       		.uleb128 0xb
 559 0027 49       		.uleb128 0x49
 560 0028 13       		.uleb128 0x13
 561 0029 00       		.byte	0
 562 002a 00       		.byte	0
 563 002b 04       		.uleb128 0x4
 564 002c 24       		.uleb128 0x24
 565 002d 00       		.byte	0
 566 002e 0B       		.uleb128 0xb
 567 002f 0B       		.uleb128 0xb
 568 0030 3E       		.uleb128 0x3e
 569 0031 0B       		.uleb128 0xb
 570 0032 03       		.uleb128 0x3
 571 0033 08       		.uleb128 0x8
 572 0034 00       		.byte	0
 573 0035 00       		.byte	0
 574 0036 05       		.uleb128 0x5
 575 0037 16       		.uleb128 0x16
 576 0038 00       		.byte	0
 577 0039 03       		.uleb128 0x3
 578 003a 0E       		.uleb128 0xe
 579 003b 3A       		.uleb128 0x3a
 580 003c 0B       		.uleb128 0xb
 581 003d 3B       		.uleb128 0x3b
 582 003e 05       		.uleb128 0x5
 583 003f 49       		.uleb128 0x49
 584 0040 13       		.uleb128 0x13
 585 0041 00       		.byte	0
 586 0042 00       		.byte	0
 587 0043 06       		.uleb128 0x6
 588 0044 35       		.uleb128 0x35
 589 0045 00       		.byte	0
 590 0046 49       		.uleb128 0x49
 591 0047 13       		.uleb128 0x13
 592 0048 00       		.byte	0
 593 0049 00       		.byte	0
 594 004a 07       		.uleb128 0x7
 595 004b 2E       		.uleb128 0x2e
 596 004c 01       		.byte	0x1
 597 004d 3F       		.uleb128 0x3f
 598 004e 19       		.uleb128 0x19
 599 004f 03       		.uleb128 0x3
 600 0050 0E       		.uleb128 0xe
 601 0051 3A       		.uleb128 0x3a
 602 0052 0B       		.uleb128 0xb
 603 0053 3B       		.uleb128 0x3b
 604 0054 0B       		.uleb128 0xb
 605 0055 11       		.uleb128 0x11
 606 0056 01       		.uleb128 0x1
 607 0057 12       		.uleb128 0x12
 608 0058 06       		.uleb128 0x6
ARM GAS  C:\Users\ABDALL~1\AppData\Local\Temp\ccsfrxYc.s 			page 13


 609 0059 40       		.uleb128 0x40
 610 005a 18       		.uleb128 0x18
 611 005b 9742     		.uleb128 0x2117
 612 005d 19       		.uleb128 0x19
 613 005e 01       		.uleb128 0x1
 614 005f 13       		.uleb128 0x13
 615 0060 00       		.byte	0
 616 0061 00       		.byte	0
 617 0062 08       		.uleb128 0x8
 618 0063 898201   		.uleb128 0x4109
 619 0066 00       		.byte	0
 620 0067 11       		.uleb128 0x11
 621 0068 01       		.uleb128 0x1
 622 0069 31       		.uleb128 0x31
 623 006a 13       		.uleb128 0x13
 624 006b 00       		.byte	0
 625 006c 00       		.byte	0
 626 006d 09       		.uleb128 0x9
 627 006e 2E       		.uleb128 0x2e
 628 006f 01       		.byte	0x1
 629 0070 3F       		.uleb128 0x3f
 630 0071 19       		.uleb128 0x19
 631 0072 03       		.uleb128 0x3
 632 0073 0E       		.uleb128 0xe
 633 0074 3A       		.uleb128 0x3a
 634 0075 0B       		.uleb128 0xb
 635 0076 3B       		.uleb128 0x3b
 636 0077 0B       		.uleb128 0xb
 637 0078 49       		.uleb128 0x49
 638 0079 13       		.uleb128 0x13
 639 007a 11       		.uleb128 0x11
 640 007b 01       		.uleb128 0x1
 641 007c 12       		.uleb128 0x12
 642 007d 06       		.uleb128 0x6
 643 007e 40       		.uleb128 0x40
 644 007f 18       		.uleb128 0x18
 645 0080 9642     		.uleb128 0x2116
 646 0082 19       		.uleb128 0x19
 647 0083 01       		.uleb128 0x1
 648 0084 13       		.uleb128 0x13
 649 0085 00       		.byte	0
 650 0086 00       		.byte	0
 651 0087 0A       		.uleb128 0xa
 652 0088 34       		.uleb128 0x34
 653 0089 00       		.byte	0
 654 008a 03       		.uleb128 0x3
 655 008b 0E       		.uleb128 0xe
 656 008c 3A       		.uleb128 0x3a
 657 008d 0B       		.uleb128 0xb
 658 008e 3B       		.uleb128 0x3b
 659 008f 0B       		.uleb128 0xb
 660 0090 49       		.uleb128 0x49
 661 0091 13       		.uleb128 0x13
 662 0092 02       		.uleb128 0x2
 663 0093 17       		.uleb128 0x17
 664 0094 00       		.byte	0
 665 0095 00       		.byte	0
ARM GAS  C:\Users\ABDALL~1\AppData\Local\Temp\ccsfrxYc.s 			page 14


 666 0096 0B       		.uleb128 0xb
 667 0097 0B       		.uleb128 0xb
 668 0098 01       		.byte	0x1
 669 0099 11       		.uleb128 0x11
 670 009a 01       		.uleb128 0x1
 671 009b 12       		.uleb128 0x12
 672 009c 06       		.uleb128 0x6
 673 009d 01       		.uleb128 0x1
 674 009e 13       		.uleb128 0x13
 675 009f 00       		.byte	0
 676 00a0 00       		.byte	0
 677 00a1 0C       		.uleb128 0xc
 678 00a2 898201   		.uleb128 0x4109
 679 00a5 01       		.byte	0x1
 680 00a6 11       		.uleb128 0x11
 681 00a7 01       		.uleb128 0x1
 682 00a8 31       		.uleb128 0x31
 683 00a9 13       		.uleb128 0x13
 684 00aa 00       		.byte	0
 685 00ab 00       		.byte	0
 686 00ac 0D       		.uleb128 0xd
 687 00ad 8A8201   		.uleb128 0x410a
 688 00b0 00       		.byte	0
 689 00b1 02       		.uleb128 0x2
 690 00b2 18       		.uleb128 0x18
 691 00b3 9142     		.uleb128 0x2111
 692 00b5 18       		.uleb128 0x18
 693 00b6 00       		.byte	0
 694 00b7 00       		.byte	0
 695 00b8 0E       		.uleb128 0xe
 696 00b9 898201   		.uleb128 0x4109
 697 00bc 01       		.byte	0x1
 698 00bd 11       		.uleb128 0x11
 699 00be 01       		.uleb128 0x1
 700 00bf 31       		.uleb128 0x31
 701 00c0 13       		.uleb128 0x13
 702 00c1 01       		.uleb128 0x1
 703 00c2 13       		.uleb128 0x13
 704 00c3 00       		.byte	0
 705 00c4 00       		.byte	0
 706 00c5 0F       		.uleb128 0xf
 707 00c6 34       		.uleb128 0x34
 708 00c7 00       		.byte	0
 709 00c8 03       		.uleb128 0x3
 710 00c9 0E       		.uleb128 0xe
 711 00ca 3A       		.uleb128 0x3a
 712 00cb 0B       		.uleb128 0xb
 713 00cc 3B       		.uleb128 0x3b
 714 00cd 05       		.uleb128 0x5
 715 00ce 49       		.uleb128 0x49
 716 00cf 13       		.uleb128 0x13
 717 00d0 3F       		.uleb128 0x3f
 718 00d1 19       		.uleb128 0x19
 719 00d2 3C       		.uleb128 0x3c
 720 00d3 19       		.uleb128 0x19
 721 00d4 00       		.byte	0
 722 00d5 00       		.byte	0
ARM GAS  C:\Users\ABDALL~1\AppData\Local\Temp\ccsfrxYc.s 			page 15


 723 00d6 10       		.uleb128 0x10
 724 00d7 34       		.uleb128 0x34
 725 00d8 00       		.byte	0
 726 00d9 03       		.uleb128 0x3
 727 00da 0E       		.uleb128 0xe
 728 00db 3A       		.uleb128 0x3a
 729 00dc 0B       		.uleb128 0xb
 730 00dd 3B       		.uleb128 0x3b
 731 00de 0B       		.uleb128 0xb
 732 00df 49       		.uleb128 0x49
 733 00e0 13       		.uleb128 0x13
 734 00e1 3F       		.uleb128 0x3f
 735 00e2 19       		.uleb128 0x19
 736 00e3 02       		.uleb128 0x2
 737 00e4 18       		.uleb128 0x18
 738 00e5 00       		.byte	0
 739 00e6 00       		.byte	0
 740 00e7 11       		.uleb128 0x11
 741 00e8 34       		.uleb128 0x34
 742 00e9 00       		.byte	0
 743 00ea 03       		.uleb128 0x3
 744 00eb 08       		.uleb128 0x8
 745 00ec 3A       		.uleb128 0x3a
 746 00ed 0B       		.uleb128 0xb
 747 00ee 3B       		.uleb128 0x3b
 748 00ef 0B       		.uleb128 0xb
 749 00f0 49       		.uleb128 0x49
 750 00f1 13       		.uleb128 0x13
 751 00f2 3F       		.uleb128 0x3f
 752 00f3 19       		.uleb128 0x19
 753 00f4 02       		.uleb128 0x2
 754 00f5 18       		.uleb128 0x18
 755 00f6 00       		.byte	0
 756 00f7 00       		.byte	0
 757 00f8 12       		.uleb128 0x12
 758 00f9 2E       		.uleb128 0x2e
 759 00fa 00       		.byte	0
 760 00fb 3F       		.uleb128 0x3f
 761 00fc 19       		.uleb128 0x19
 762 00fd 3C       		.uleb128 0x3c
 763 00fe 19       		.uleb128 0x19
 764 00ff 6E       		.uleb128 0x6e
 765 0100 0E       		.uleb128 0xe
 766 0101 03       		.uleb128 0x3
 767 0102 0E       		.uleb128 0xe
 768 0103 3A       		.uleb128 0x3a
 769 0104 0B       		.uleb128 0xb
 770 0105 3B       		.uleb128 0x3b
 771 0106 0B       		.uleb128 0xb
 772 0107 00       		.byte	0
 773 0108 00       		.byte	0
 774 0109 00       		.byte	0
 775              		.section	.debug_loc,"",%progbits
 776              	.Ldebug_loc0:
 777              	.LLST0:
 778 0000 64000000 		.4byte	.LVL14
 779 0004 66000000 		.4byte	.LVL15
ARM GAS  C:\Users\ABDALL~1\AppData\Local\Temp\ccsfrxYc.s 			page 16


 780 0008 0100     		.2byte	0x1
 781 000a 50       		.byte	0x50
 782 000b 74000000 		.4byte	.LVL18
 783 000f 88000000 		.4byte	.LVL21
 784 0013 0100     		.2byte	0x1
 785 0015 54       		.byte	0x54
 786 0016 88000000 		.4byte	.LVL21
 787 001a A0000000 		.4byte	.LFE65
 788 001e 0100     		.2byte	0x1
 789 0020 50       		.byte	0x50
 790 0021 00000000 		.4byte	0
 791 0025 00000000 		.4byte	0
 792              	.LLST1:
 793 0029 24000000 		.4byte	.LVL6
 794 002d 36000000 		.4byte	.LVL7
 795 0031 0500     		.2byte	0x5
 796 0033 73       		.byte	0x73
 797 0034 00       		.sleb128 0
 798 0035 38       		.byte	0x38
 799 0036 24       		.byte	0x24
 800 0037 9F       		.byte	0x9f
 801 0038 36000000 		.4byte	.LVL7
 802 003c 45000000 		.4byte	.LVL8-1
 803 0040 0D00     		.2byte	0xd
 804 0042 03       		.byte	0x3
 805 0043 00000000 		.4byte	b0
 806 0047 94       		.byte	0x94
 807 0048 01       		.byte	0x1
 808 0049 08       		.byte	0x8
 809 004a FF       		.byte	0xff
 810 004b 1A       		.byte	0x1a
 811 004c 38       		.byte	0x38
 812 004d 24       		.byte	0x24
 813 004e 9F       		.byte	0x9f
 814 004f 66000000 		.4byte	.LVL15
 815 0053 69000000 		.4byte	.LVL16-1
 816 0057 0D00     		.2byte	0xd
 817 0059 03       		.byte	0x3
 818 005a 00000000 		.4byte	b0
 819 005e 94       		.byte	0x94
 820 005f 01       		.byte	0x1
 821 0060 08       		.byte	0x8
 822 0061 FF       		.byte	0xff
 823 0062 1A       		.byte	0x1a
 824 0063 38       		.byte	0x38
 825 0064 24       		.byte	0x24
 826 0065 9F       		.byte	0x9f
 827 0066 00000000 		.4byte	0
 828 006a 00000000 		.4byte	0
 829              	.LLST2:
 830 006e 4C000000 		.4byte	.LVL9
 831 0072 50000000 		.4byte	.LVL10
 832 0076 0100     		.2byte	0x1
 833 0078 50       		.byte	0x50
 834 0079 50000000 		.4byte	.LVL10
 835 007d 52000000 		.4byte	.LVL11
 836 0081 0300     		.2byte	0x3
ARM GAS  C:\Users\ABDALL~1\AppData\Local\Temp\ccsfrxYc.s 			page 17


 837 0083 70       		.byte	0x70
 838 0084 01       		.sleb128 1
 839 0085 9F       		.byte	0x9f
 840 0086 52000000 		.4byte	.LVL11
 841 008a 55000000 		.4byte	.LVL12-1
 842 008e 0100     		.2byte	0x1
 843 0090 50       		.byte	0x50
 844 0091 00000000 		.4byte	0
 845 0095 00000000 		.4byte	0
 846              		.section	.debug_aranges,"",%progbits
 847 0000 24000000 		.4byte	0x24
 848 0004 0200     		.2byte	0x2
 849 0006 00000000 		.4byte	.Ldebug_info0
 850 000a 04       		.byte	0x4
 851 000b 00       		.byte	0
 852 000c 0000     		.2byte	0
 853 000e 0000     		.2byte	0
 854 0010 00000000 		.4byte	.LFB64
 855 0014 1C000000 		.4byte	.LFE64-.LFB64
 856 0018 00000000 		.4byte	.LFB65
 857 001c A0000000 		.4byte	.LFE65-.LFB65
 858 0020 00000000 		.4byte	0
 859 0024 00000000 		.4byte	0
 860              		.section	.debug_ranges,"",%progbits
 861              	.Ldebug_ranges0:
 862 0000 00000000 		.4byte	.LFB64
 863 0004 1C000000 		.4byte	.LFE64
 864 0008 00000000 		.4byte	.LFB65
 865 000c A0000000 		.4byte	.LFE65
 866 0010 00000000 		.4byte	0
 867 0014 00000000 		.4byte	0
 868              		.section	.debug_line,"",%progbits
 869              	.Ldebug_line0:
 870 0000 B7010000 		.section	.debug_str,"MS",%progbits,1
 870      02007F01 
 870      00000201 
 870      FB0E0D00 
 870      01010101 
 871              	.LASF18:
 872 0000 72656733 		.ascii	"reg32\000"
 872      3200
 873              	.LASF26:
 874 0006 73746174 		.ascii	"status\000"
 874      757300
 875              	.LASF37:
 876 000d 54656D70 		.ascii	"TempReader.c\000"
 876      52656164 
 876      65722E63 
 876      00
 877              	.LASF5:
 878 001a 5F5F696E 		.ascii	"__int32_t\000"
 878      7433325F 
 878      7400
 879              	.LASF39:
 880 0024 696E6974 		.ascii	"initComp\000"
 880      436F6D70 
 880      00
ARM GAS  C:\Users\ABDALL~1\AppData\Local\Temp\ccsfrxYc.s 			page 18


 881              	.LASF33:
 882 002d 4932435F 		.ascii	"I2C_1_MasterSendStart\000"
 882      315F4D61 
 882      73746572 
 882      53656E64 
 882      53746172 
 883              	.LASF3:
 884 0043 73686F72 		.ascii	"short unsigned int\000"
 884      7420756E 
 884      7369676E 
 884      65642069 
 884      6E7400
 885              	.LASF40:
 886 0056 72656164 		.ascii	"readTemp\000"
 886      54656D70 
 886      00
 887              	.LASF13:
 888 005f 75696E74 		.ascii	"uint8\000"
 888      3800
 889              	.LASF38:
 890 0065 433A5C55 		.ascii	"C:\\Users\\Abdallah Ajjawi\\Desktop\\TemperatureCon"
 890      73657273 
 890      5C416264 
 890      616C6C61 
 890      6820416A 
 891 0094 74726F6C 		.ascii	"trolHandout\\Temperature-Control.cydsn\000"
 891      48616E64 
 891      6F75745C 
 891      54656D70 
 891      65726174 
 892              	.LASF15:
 893 00ba 666C6F61 		.ascii	"float\000"
 893      7400
 894              	.LASF1:
 895 00c0 756E7369 		.ascii	"unsigned char\000"
 895      676E6564 
 895      20636861 
 895      7200
 896              	.LASF36:
 897 00ce 474E5520 		.ascii	"GNU C11 5.4.1 20160609 (release) [ARM/embedded-5-br"
 897      43313120 
 897      352E342E 
 897      31203230 
 897      31363036 
 898 0101 616E6368 		.ascii	"anch revision 237715] -mcpu=cortex-m3 -mthumb -g -O"
 898      20726576 
 898      6973696F 
 898      6E203233 
 898      37373135 
 899 0134 67202D66 		.ascii	"g -ffunction-sections -ffat-lto-objects\000"
 899      66756E63 
 899      74696F6E 
 899      2D736563 
 899      74696F6E 
 900              	.LASF7:
 901 015c 6C6F6E67 		.ascii	"long unsigned int\000"
 901      20756E73 
ARM GAS  C:\Users\ABDALL~1\AppData\Local\Temp\ccsfrxYc.s 			page 19


 901      69676E65 
 901      6420696E 
 901      7400
 902              	.LASF27:
 903 016e 74656D70 		.ascii	"temp\000"
 903      00
 904              	.LASF30:
 905 0173 50574D5F 		.ascii	"PWM_1_Start\000"
 905      315F5374 
 905      61727400 
 906              	.LASF24:
 907 017f 49544D5F 		.ascii	"ITM_RxBuffer\000"
 907      52784275 
 907      66666572 
 907      00
 908              	.LASF4:
 909 018c 5F5F7569 		.ascii	"__uint16_t\000"
 909      6E743136 
 909      5F7400
 910              	.LASF16:
 911 0197 646F7562 		.ascii	"double\000"
 911      6C6500
 912              	.LASF14:
 913 019e 75696E74 		.ascii	"uint32\000"
 913      333200
 914              	.LASF10:
 915 01a5 756E7369 		.ascii	"unsigned int\000"
 915      676E6564 
 915      20696E74 
 915      00
 916              	.LASF21:
 917 01b2 666C6F61 		.ascii	"float_temp\000"
 917      745F7465 
 917      6D7000
 918              	.LASF25:
 919 01bd 61646472 		.ascii	"address\000"
 919      65737300 
 920              	.LASF9:
 921 01c5 6C6F6E67 		.ascii	"long long unsigned int\000"
 921      206C6F6E 
 921      6720756E 
 921      7369676E 
 921      65642069 
 922              	.LASF22:
 923 01dc 62305F74 		.ascii	"b0_tmp\000"
 923      6D7000
 924              	.LASF12:
 925 01e3 696E7433 		.ascii	"int32_t\000"
 925      325F7400 
 926              	.LASF20:
 927 01eb 73697A65 		.ascii	"sizetype\000"
 927      74797065 
 927      00
 928              	.LASF8:
 929 01f4 6C6F6E67 		.ascii	"long long int\000"
 929      206C6F6E 
 929      6720696E 
ARM GAS  C:\Users\ABDALL~1\AppData\Local\Temp\ccsfrxYc.s 			page 20


 929      7400
 930              	.LASF32:
 931 0202 4932435F 		.ascii	"I2C_1_MasterReadByte\000"
 931      315F4D61 
 931      73746572 
 931      52656164 
 931      42797465 
 932              	.LASF17:
 933 0217 63686172 		.ascii	"char\000"
 933      00
 934              	.LASF29:
 935 021c 4932435F 		.ascii	"I2C_1_Start\000"
 935      315F5374 
 935      61727400 
 936              	.LASF2:
 937 0228 73686F72 		.ascii	"short int\000"
 937      7420696E 
 937      7400
 938              	.LASF11:
 939 0232 75696E74 		.ascii	"uint16_t\000"
 939      31365F74 
 939      00
 940              	.LASF34:
 941 023b 4932435F 		.ascii	"I2C_1_MasterSendStop\000"
 941      315F4D61 
 941      73746572 
 941      53656E64 
 941      53746F70 
 942              	.LASF6:
 943 0250 6C6F6E67 		.ascii	"long int\000"
 943      20696E74 
 943      00
 944              	.LASF19:
 945 0259 6C6F6E67 		.ascii	"long double\000"
 945      20646F75 
 945      626C6500 
 946              	.LASF0:
 947 0265 7369676E 		.ascii	"signed char\000"
 947      65642063 
 947      68617200 
 948              	.LASF31:
 949 0271 55415254 		.ascii	"UART_1_PutString\000"
 949      5F315F50 
 949      75745374 
 949      72696E67 
 949      00
 950              	.LASF23:
 951 0282 74656D70 		.ascii	"temp_inverted\000"
 951      5F696E76 
 951      65727465 
 951      6400
 952              	.LASF35:
 953 0290 43794465 		.ascii	"CyDelay\000"
 953      6C617900 
 954              	.LASF28:
 955 0298 55415254 		.ascii	"UART_1_Start\000"
 955      5F315F53 
ARM GAS  C:\Users\ABDALL~1\AppData\Local\Temp\ccsfrxYc.s 			page 21


 955      74617274 
 955      00
 956              		.ident	"GCC: (GNU Tools for ARM Embedded Processors) 5.4.1 20160609 (release) [ARM/embedded-5-bran
