ARM GAS  C:\Users\ABDALL~1\AppData\Local\Temp\ccvmMr1e.s 			page 1


   1              		.syntax unified
   2              		.cpu cortex-m3
   3              		.fpu softvfp
   4              		.eabi_attribute 20, 1
   5              		.eabi_attribute 21, 1
   6              		.eabi_attribute 23, 3
   7              		.eabi_attribute 24, 1
   8              		.eabi_attribute 25, 1
   9              		.eabi_attribute 26, 1
  10              		.eabi_attribute 30, 1
  11              		.eabi_attribute 34, 1
  12              		.eabi_attribute 18, 4
  13              		.thumb
  14              		.syntax unified
  15              		.file	"UART.c"
  16              		.text
  17              	.Ltext0:
  18              		.cfi_sections	.debug_frame
  19              		.section	.text.isr_UART_rx,"ax",%progbits
  20              		.align	2
  21              		.global	isr_UART_rx
  22              		.thumb
  23              		.thumb_func
  24              		.type	isr_UART_rx, %function
  25              	isr_UART_rx:
  26              	.LFB63:
  27              		.file 1 "UART.c"
   1:UART.c        **** #include "UART.h"
   2:UART.c        **** #include "PIDControl.h"
   3:UART.c        **** 
   4:UART.c        **** CY_ISR(isr_UART_rx)
   5:UART.c        **** {
  28              		.loc 1 5 0
  29              		.cfi_startproc
  30              		@ args = 0, pretend = 0, frame = 0
  31              		@ frame_needed = 0, uses_anonymous_args = 0
  32 0000 08B5     		push	{r3, lr}
  33              		.cfi_def_cfa_offset 8
  34              		.cfi_offset 3, -8
  35              		.cfi_offset 14, -4
   6:UART.c        **** 
   7:UART.c        ****     uint8_t input = UART_1_ReadRxData();
  36              		.loc 1 7 0
  37 0002 FFF7FEFF 		bl	UART_1_ReadRxData
  38              	.LVL0:
   8:UART.c        ****     
   9:UART.c        ****     if(input == 'f')
  39              		.loc 1 9 0
  40 0006 6628     		cmp	r0, #102
  41 0008 06D1     		bne	.L2
  10:UART.c        ****     {
  11:UART.c        ****         PIDControl_changeSetPoint(50);
  42              		.loc 1 11 0
  43 000a 0848     		ldr	r0, .L5
  44              	.LVL1:
  45 000c FFF7FEFF 		bl	PIDControl_changeSetPoint
  46              	.LVL2:
ARM GAS  C:\Users\ABDALL~1\AppData\Local\Temp\ccvmMr1e.s 			page 2


  12:UART.c        ****         UART_1_PutString("SetPoint updated: 50 celcius\r\n");
  47              		.loc 1 12 0
  48 0010 0748     		ldr	r0, .L5+4
  49 0012 FFF7FEFF 		bl	UART_1_PutString
  50              	.LVL3:
  51 0016 08BD     		pop	{r3, pc}
  52              	.LVL4:
  53              	.L2:
  13:UART.c        ****     }
  14:UART.c        ****     else if (input == 't')
  54              		.loc 1 14 0
  55 0018 7428     		cmp	r0, #116
  56 001a 05D1     		bne	.L1
  15:UART.c        ****     {
  16:UART.c        ****         PIDControl_changeSetPoint(30);
  57              		.loc 1 16 0
  58 001c 0548     		ldr	r0, .L5+8
  59              	.LVL5:
  60 001e FFF7FEFF 		bl	PIDControl_changeSetPoint
  61              	.LVL6:
  17:UART.c        ****         UART_1_PutString("SetPoint updated: 30 celcius\r\n");
  62              		.loc 1 17 0
  63 0022 0548     		ldr	r0, .L5+12
  64 0024 FFF7FEFF 		bl	UART_1_PutString
  65              	.LVL7:
  66              	.L1:
  67 0028 08BD     		pop	{r3, pc}
  68              	.L6:
  69 002a 00BF     		.align	2
  70              	.L5:
  71 002c 00004842 		.word	1112014848
  72 0030 00000000 		.word	.LC0
  73 0034 0000F041 		.word	1106247680
  74 0038 20000000 		.word	.LC1
  75              		.cfi_endproc
  76              	.LFE63:
  77              		.size	isr_UART_rx, .-isr_UART_rx
  78              		.section	.rodata.str1.4,"aMS",%progbits,1
  79              		.align	2
  80              	.LC0:
  81 0000 53657450 		.ascii	"SetPoint updated: 50 celcius\015\012\000"
  81      6F696E74 
  81      20757064 
  81      61746564 
  81      3A203530 
  82 001f 00       		.space	1
  83              	.LC1:
  84 0020 53657450 		.ascii	"SetPoint updated: 30 celcius\015\012\000"
  84      6F696E74 
  84      20757064 
  84      61746564 
  84      3A203330 
  85              		.text
  86              	.Letext0:
  87              		.file 2 "c:\\program files (x86)\\cypress\\psoc creator\\4.2\\psoc creator\\import\\gnu\\arm\\5.4.
  88              		.file 3 "c:\\program files (x86)\\cypress\\psoc creator\\4.2\\psoc creator\\import\\gnu\\arm\\5.4.
  89              		.file 4 "Generated_Source\\PSoC5/UART_1.h"
ARM GAS  C:\Users\ABDALL~1\AppData\Local\Temp\ccvmMr1e.s 			page 3


  90              		.file 5 "PIDControl.h"
  91              		.file 6 "Generated_Source\\PSoC5/core_cm3.h"
  92              		.section	.debug_info,"",%progbits
  93              	.Ldebug_info0:
  94 0000 53010000 		.4byte	0x153
  95 0004 0400     		.2byte	0x4
  96 0006 00000000 		.4byte	.Ldebug_abbrev0
  97 000a 04       		.byte	0x4
  98 000b 01       		.uleb128 0x1
  99 000c 4D000000 		.4byte	.LASF21
 100 0010 0C       		.byte	0xc
 101 0011 4E010000 		.4byte	.LASF22
 102 0015 84010000 		.4byte	.LASF23
 103 0019 00000000 		.4byte	.Ldebug_ranges0+0
 104 001d 00000000 		.4byte	0
 105 0021 00000000 		.4byte	.Ldebug_line0
 106 0025 02       		.uleb128 0x2
 107 0026 01       		.byte	0x1
 108 0027 06       		.byte	0x6
 109 0028 27010000 		.4byte	.LASF0
 110 002c 03       		.uleb128 0x3
 111 002d 0C010000 		.4byte	.LASF4
 112 0031 02       		.byte	0x2
 113 0032 1D       		.byte	0x1d
 114 0033 37000000 		.4byte	0x37
 115 0037 02       		.uleb128 0x2
 116 0038 01       		.byte	0x1
 117 0039 08       		.byte	0x8
 118 003a 3B010000 		.4byte	.LASF1
 119 003e 02       		.uleb128 0x2
 120 003f 02       		.byte	0x2
 121 0040 05       		.byte	0x5
 122 0041 F5010000 		.4byte	.LASF2
 123 0045 02       		.uleb128 0x2
 124 0046 02       		.byte	0x2
 125 0047 07       		.byte	0x7
 126 0048 0E000000 		.4byte	.LASF3
 127 004c 03       		.uleb128 0x3
 128 004d E5010000 		.4byte	.LASF5
 129 0051 02       		.byte	0x2
 130 0052 3F       		.byte	0x3f
 131 0053 57000000 		.4byte	0x57
 132 0057 02       		.uleb128 0x2
 133 0058 04       		.byte	0x4
 134 0059 05       		.byte	0x5
 135 005a 55010000 		.4byte	.LASF6
 136 005e 02       		.uleb128 0x2
 137 005f 04       		.byte	0x4
 138 0060 07       		.byte	0x7
 139 0061 E3000000 		.4byte	.LASF7
 140 0065 02       		.uleb128 0x2
 141 0066 08       		.byte	0x8
 142 0067 05       		.byte	0x5
 143 0068 00000000 		.4byte	.LASF8
 144 006c 02       		.uleb128 0x2
 145 006d 08       		.byte	0x8
 146 006e 07       		.byte	0x7
ARM GAS  C:\Users\ABDALL~1\AppData\Local\Temp\ccvmMr1e.s 			page 4


 147 006f F5000000 		.4byte	.LASF9
 148 0073 04       		.uleb128 0x4
 149 0074 04       		.byte	0x4
 150 0075 05       		.byte	0x5
 151 0076 696E7400 		.ascii	"int\000"
 152 007a 02       		.uleb128 0x2
 153 007b 04       		.byte	0x4
 154 007c 07       		.byte	0x7
 155 007d FF010000 		.4byte	.LASF10
 156 0081 03       		.uleb128 0x3
 157 0082 33010000 		.4byte	.LASF11
 158 0086 03       		.byte	0x3
 159 0087 18       		.byte	0x18
 160 0088 2C000000 		.4byte	0x2c
 161 008c 03       		.uleb128 0x3
 162 008d DB000000 		.4byte	.LASF12
 163 0091 03       		.byte	0x3
 164 0092 2C       		.byte	0x2c
 165 0093 4C000000 		.4byte	0x4c
 166 0097 02       		.uleb128 0x2
 167 0098 04       		.byte	0x4
 168 0099 04       		.byte	0x4
 169 009a EF010000 		.4byte	.LASF13
 170 009e 02       		.uleb128 0x2
 171 009f 08       		.byte	0x8
 172 00a0 04       		.byte	0x4
 173 00a1 70010000 		.4byte	.LASF14
 174 00a5 02       		.uleb128 0x2
 175 00a6 01       		.byte	0x1
 176 00a7 08       		.byte	0x8
 177 00a8 49010000 		.4byte	.LASF15
 178 00ac 02       		.uleb128 0x2
 179 00ad 08       		.byte	0x8
 180 00ae 04       		.byte	0x4
 181 00af D9010000 		.4byte	.LASF16
 182 00b3 02       		.uleb128 0x2
 183 00b4 04       		.byte	0x4
 184 00b5 07       		.byte	0x7
 185 00b6 0C020000 		.4byte	.LASF17
 186 00ba 05       		.uleb128 0x5
 187 00bb 21000000 		.4byte	.LASF24
 188 00bf 01       		.byte	0x1
 189 00c0 04       		.byte	0x4
 190 00c1 00000000 		.4byte	.LFB63
 191 00c5 3C000000 		.4byte	.LFE63-.LFB63
 192 00c9 01       		.uleb128 0x1
 193 00ca 9C       		.byte	0x9c
 194 00cb 24010000 		.4byte	0x124
 195 00cf 06       		.uleb128 0x6
 196 00d0 47000000 		.4byte	.LASF25
 197 00d4 01       		.byte	0x1
 198 00d5 07       		.byte	0x7
 199 00d6 81000000 		.4byte	0x81
 200 00da 00000000 		.4byte	.LLST0
 201 00de 07       		.uleb128 0x7
 202 00df 06000000 		.4byte	.LVL0
 203 00e3 35010000 		.4byte	0x135
ARM GAS  C:\Users\ABDALL~1\AppData\Local\Temp\ccvmMr1e.s 			page 5


 204 00e7 07       		.uleb128 0x7
 205 00e8 10000000 		.4byte	.LVL2
 206 00ec 40010000 		.4byte	0x140
 207 00f0 08       		.uleb128 0x8
 208 00f1 16000000 		.4byte	.LVL3
 209 00f5 4B010000 		.4byte	0x14b
 210 00f9 07010000 		.4byte	0x107
 211 00fd 09       		.uleb128 0x9
 212 00fe 01       		.uleb128 0x1
 213 00ff 50       		.byte	0x50
 214 0100 05       		.uleb128 0x5
 215 0101 03       		.byte	0x3
 216 0102 00000000 		.4byte	.LC0
 217 0106 00       		.byte	0
 218 0107 07       		.uleb128 0x7
 219 0108 22000000 		.4byte	.LVL6
 220 010c 40010000 		.4byte	0x140
 221 0110 0A       		.uleb128 0xa
 222 0111 28000000 		.4byte	.LVL7
 223 0115 4B010000 		.4byte	0x14b
 224 0119 09       		.uleb128 0x9
 225 011a 01       		.uleb128 0x1
 226 011b 50       		.byte	0x50
 227 011c 05       		.uleb128 0x5
 228 011d 03       		.byte	0x3
 229 011e 20000000 		.4byte	.LC1
 230 0122 00       		.byte	0
 231 0123 00       		.byte	0
 232 0124 0B       		.uleb128 0xb
 233 0125 77010000 		.4byte	.LASF26
 234 0129 06       		.byte	0x6
 235 012a 9606     		.2byte	0x696
 236 012c 30010000 		.4byte	0x130
 237 0130 0C       		.uleb128 0xc
 238 0131 8C000000 		.4byte	0x8c
 239 0135 0D       		.uleb128 0xd
 240 0136 5E010000 		.4byte	.LASF18
 241 013a 5E010000 		.4byte	.LASF18
 242 013e 04       		.byte	0x4
 243 013f 6F       		.byte	0x6f
 244 0140 0D       		.uleb128 0xd
 245 0141 2D000000 		.4byte	.LASF19
 246 0145 2D000000 		.4byte	.LASF19
 247 0149 05       		.byte	0x5
 248 014a 1F       		.byte	0x1f
 249 014b 0D       		.uleb128 0xd
 250 014c 16010000 		.4byte	.LASF20
 251 0150 16010000 		.4byte	.LASF20
 252 0154 04       		.byte	0x4
 253 0155 8B       		.byte	0x8b
 254 0156 00       		.byte	0
 255              		.section	.debug_abbrev,"",%progbits
 256              	.Ldebug_abbrev0:
 257 0000 01       		.uleb128 0x1
 258 0001 11       		.uleb128 0x11
 259 0002 01       		.byte	0x1
 260 0003 25       		.uleb128 0x25
ARM GAS  C:\Users\ABDALL~1\AppData\Local\Temp\ccvmMr1e.s 			page 6


 261 0004 0E       		.uleb128 0xe
 262 0005 13       		.uleb128 0x13
 263 0006 0B       		.uleb128 0xb
 264 0007 03       		.uleb128 0x3
 265 0008 0E       		.uleb128 0xe
 266 0009 1B       		.uleb128 0x1b
 267 000a 0E       		.uleb128 0xe
 268 000b 55       		.uleb128 0x55
 269 000c 17       		.uleb128 0x17
 270 000d 11       		.uleb128 0x11
 271 000e 01       		.uleb128 0x1
 272 000f 10       		.uleb128 0x10
 273 0010 17       		.uleb128 0x17
 274 0011 00       		.byte	0
 275 0012 00       		.byte	0
 276 0013 02       		.uleb128 0x2
 277 0014 24       		.uleb128 0x24
 278 0015 00       		.byte	0
 279 0016 0B       		.uleb128 0xb
 280 0017 0B       		.uleb128 0xb
 281 0018 3E       		.uleb128 0x3e
 282 0019 0B       		.uleb128 0xb
 283 001a 03       		.uleb128 0x3
 284 001b 0E       		.uleb128 0xe
 285 001c 00       		.byte	0
 286 001d 00       		.byte	0
 287 001e 03       		.uleb128 0x3
 288 001f 16       		.uleb128 0x16
 289 0020 00       		.byte	0
 290 0021 03       		.uleb128 0x3
 291 0022 0E       		.uleb128 0xe
 292 0023 3A       		.uleb128 0x3a
 293 0024 0B       		.uleb128 0xb
 294 0025 3B       		.uleb128 0x3b
 295 0026 0B       		.uleb128 0xb
 296 0027 49       		.uleb128 0x49
 297 0028 13       		.uleb128 0x13
 298 0029 00       		.byte	0
 299 002a 00       		.byte	0
 300 002b 04       		.uleb128 0x4
 301 002c 24       		.uleb128 0x24
 302 002d 00       		.byte	0
 303 002e 0B       		.uleb128 0xb
 304 002f 0B       		.uleb128 0xb
 305 0030 3E       		.uleb128 0x3e
 306 0031 0B       		.uleb128 0xb
 307 0032 03       		.uleb128 0x3
 308 0033 08       		.uleb128 0x8
 309 0034 00       		.byte	0
 310 0035 00       		.byte	0
 311 0036 05       		.uleb128 0x5
 312 0037 2E       		.uleb128 0x2e
 313 0038 01       		.byte	0x1
 314 0039 3F       		.uleb128 0x3f
 315 003a 19       		.uleb128 0x19
 316 003b 03       		.uleb128 0x3
 317 003c 0E       		.uleb128 0xe
ARM GAS  C:\Users\ABDALL~1\AppData\Local\Temp\ccvmMr1e.s 			page 7


 318 003d 3A       		.uleb128 0x3a
 319 003e 0B       		.uleb128 0xb
 320 003f 3B       		.uleb128 0x3b
 321 0040 0B       		.uleb128 0xb
 322 0041 27       		.uleb128 0x27
 323 0042 19       		.uleb128 0x19
 324 0043 11       		.uleb128 0x11
 325 0044 01       		.uleb128 0x1
 326 0045 12       		.uleb128 0x12
 327 0046 06       		.uleb128 0x6
 328 0047 40       		.uleb128 0x40
 329 0048 18       		.uleb128 0x18
 330 0049 9742     		.uleb128 0x2117
 331 004b 19       		.uleb128 0x19
 332 004c 01       		.uleb128 0x1
 333 004d 13       		.uleb128 0x13
 334 004e 00       		.byte	0
 335 004f 00       		.byte	0
 336 0050 06       		.uleb128 0x6
 337 0051 34       		.uleb128 0x34
 338 0052 00       		.byte	0
 339 0053 03       		.uleb128 0x3
 340 0054 0E       		.uleb128 0xe
 341 0055 3A       		.uleb128 0x3a
 342 0056 0B       		.uleb128 0xb
 343 0057 3B       		.uleb128 0x3b
 344 0058 0B       		.uleb128 0xb
 345 0059 49       		.uleb128 0x49
 346 005a 13       		.uleb128 0x13
 347 005b 02       		.uleb128 0x2
 348 005c 17       		.uleb128 0x17
 349 005d 00       		.byte	0
 350 005e 00       		.byte	0
 351 005f 07       		.uleb128 0x7
 352 0060 898201   		.uleb128 0x4109
 353 0063 00       		.byte	0
 354 0064 11       		.uleb128 0x11
 355 0065 01       		.uleb128 0x1
 356 0066 31       		.uleb128 0x31
 357 0067 13       		.uleb128 0x13
 358 0068 00       		.byte	0
 359 0069 00       		.byte	0
 360 006a 08       		.uleb128 0x8
 361 006b 898201   		.uleb128 0x4109
 362 006e 01       		.byte	0x1
 363 006f 11       		.uleb128 0x11
 364 0070 01       		.uleb128 0x1
 365 0071 31       		.uleb128 0x31
 366 0072 13       		.uleb128 0x13
 367 0073 01       		.uleb128 0x1
 368 0074 13       		.uleb128 0x13
 369 0075 00       		.byte	0
 370 0076 00       		.byte	0
 371 0077 09       		.uleb128 0x9
 372 0078 8A8201   		.uleb128 0x410a
 373 007b 00       		.byte	0
 374 007c 02       		.uleb128 0x2
ARM GAS  C:\Users\ABDALL~1\AppData\Local\Temp\ccvmMr1e.s 			page 8


 375 007d 18       		.uleb128 0x18
 376 007e 9142     		.uleb128 0x2111
 377 0080 18       		.uleb128 0x18
 378 0081 00       		.byte	0
 379 0082 00       		.byte	0
 380 0083 0A       		.uleb128 0xa
 381 0084 898201   		.uleb128 0x4109
 382 0087 01       		.byte	0x1
 383 0088 11       		.uleb128 0x11
 384 0089 01       		.uleb128 0x1
 385 008a 31       		.uleb128 0x31
 386 008b 13       		.uleb128 0x13
 387 008c 00       		.byte	0
 388 008d 00       		.byte	0
 389 008e 0B       		.uleb128 0xb
 390 008f 34       		.uleb128 0x34
 391 0090 00       		.byte	0
 392 0091 03       		.uleb128 0x3
 393 0092 0E       		.uleb128 0xe
 394 0093 3A       		.uleb128 0x3a
 395 0094 0B       		.uleb128 0xb
 396 0095 3B       		.uleb128 0x3b
 397 0096 05       		.uleb128 0x5
 398 0097 49       		.uleb128 0x49
 399 0098 13       		.uleb128 0x13
 400 0099 3F       		.uleb128 0x3f
 401 009a 19       		.uleb128 0x19
 402 009b 3C       		.uleb128 0x3c
 403 009c 19       		.uleb128 0x19
 404 009d 00       		.byte	0
 405 009e 00       		.byte	0
 406 009f 0C       		.uleb128 0xc
 407 00a0 35       		.uleb128 0x35
 408 00a1 00       		.byte	0
 409 00a2 49       		.uleb128 0x49
 410 00a3 13       		.uleb128 0x13
 411 00a4 00       		.byte	0
 412 00a5 00       		.byte	0
 413 00a6 0D       		.uleb128 0xd
 414 00a7 2E       		.uleb128 0x2e
 415 00a8 00       		.byte	0
 416 00a9 3F       		.uleb128 0x3f
 417 00aa 19       		.uleb128 0x19
 418 00ab 3C       		.uleb128 0x3c
 419 00ac 19       		.uleb128 0x19
 420 00ad 6E       		.uleb128 0x6e
 421 00ae 0E       		.uleb128 0xe
 422 00af 03       		.uleb128 0x3
 423 00b0 0E       		.uleb128 0xe
 424 00b1 3A       		.uleb128 0x3a
 425 00b2 0B       		.uleb128 0xb
 426 00b3 3B       		.uleb128 0x3b
 427 00b4 0B       		.uleb128 0xb
 428 00b5 00       		.byte	0
 429 00b6 00       		.byte	0
 430 00b7 00       		.byte	0
 431              		.section	.debug_loc,"",%progbits
ARM GAS  C:\Users\ABDALL~1\AppData\Local\Temp\ccvmMr1e.s 			page 9


 432              	.Ldebug_loc0:
 433              	.LLST0:
 434 0000 06000000 		.4byte	.LVL0
 435 0004 0C000000 		.4byte	.LVL1
 436 0008 0100     		.2byte	0x1
 437 000a 50       		.byte	0x50
 438 000b 18000000 		.4byte	.LVL4
 439 000f 1E000000 		.4byte	.LVL5
 440 0013 0100     		.2byte	0x1
 441 0015 50       		.byte	0x50
 442 0016 00000000 		.4byte	0
 443 001a 00000000 		.4byte	0
 444              		.section	.debug_aranges,"",%progbits
 445 0000 1C000000 		.4byte	0x1c
 446 0004 0200     		.2byte	0x2
 447 0006 00000000 		.4byte	.Ldebug_info0
 448 000a 04       		.byte	0x4
 449 000b 00       		.byte	0
 450 000c 0000     		.2byte	0
 451 000e 0000     		.2byte	0
 452 0010 00000000 		.4byte	.LFB63
 453 0014 3C000000 		.4byte	.LFE63-.LFB63
 454 0018 00000000 		.4byte	0
 455 001c 00000000 		.4byte	0
 456              		.section	.debug_ranges,"",%progbits
 457              	.Ldebug_ranges0:
 458 0000 00000000 		.4byte	.LFB63
 459 0004 3C000000 		.4byte	.LFE63
 460 0008 00000000 		.4byte	0
 461 000c 00000000 		.4byte	0
 462              		.section	.debug_line,"",%progbits
 463              	.Ldebug_line0:
 464 0000 75010000 		.section	.debug_str,"MS",%progbits,1
 464      02005B01 
 464      00000201 
 464      FB0E0D00 
 464      01010101 
 465              	.LASF8:
 466 0000 6C6F6E67 		.ascii	"long long int\000"
 466      206C6F6E 
 466      6720696E 
 466      7400
 467              	.LASF3:
 468 000e 73686F72 		.ascii	"short unsigned int\000"
 468      7420756E 
 468      7369676E 
 468      65642069 
 468      6E7400
 469              	.LASF24:
 470 0021 6973725F 		.ascii	"isr_UART_rx\000"
 470      55415254 
 470      5F727800 
 471              	.LASF19:
 472 002d 50494443 		.ascii	"PIDControl_changeSetPoint\000"
 472      6F6E7472 
 472      6F6C5F63 
 472      68616E67 
ARM GAS  C:\Users\ABDALL~1\AppData\Local\Temp\ccvmMr1e.s 			page 10


 472      65536574 
 473              	.LASF25:
 474 0047 696E7075 		.ascii	"input\000"
 474      7400
 475              	.LASF21:
 476 004d 474E5520 		.ascii	"GNU C11 5.4.1 20160609 (release) [ARM/embedded-5-br"
 476      43313120 
 476      352E342E 
 476      31203230 
 476      31363036 
 477 0080 616E6368 		.ascii	"anch revision 237715] -mcpu=cortex-m3 -mthumb -g -O"
 477      20726576 
 477      6973696F 
 477      6E203233 
 477      37373135 
 478 00b3 67202D66 		.ascii	"g -ffunction-sections -ffat-lto-objects\000"
 478      66756E63 
 478      74696F6E 
 478      2D736563 
 478      74696F6E 
 479              	.LASF12:
 480 00db 696E7433 		.ascii	"int32_t\000"
 480      325F7400 
 481              	.LASF7:
 482 00e3 6C6F6E67 		.ascii	"long unsigned int\000"
 482      20756E73 
 482      69676E65 
 482      6420696E 
 482      7400
 483              	.LASF9:
 484 00f5 6C6F6E67 		.ascii	"long long unsigned int\000"
 484      206C6F6E 
 484      6720756E 
 484      7369676E 
 484      65642069 
 485              	.LASF4:
 486 010c 5F5F7569 		.ascii	"__uint8_t\000"
 486      6E74385F 
 486      7400
 487              	.LASF20:
 488 0116 55415254 		.ascii	"UART_1_PutString\000"
 488      5F315F50 
 488      75745374 
 488      72696E67 
 488      00
 489              	.LASF0:
 490 0127 7369676E 		.ascii	"signed char\000"
 490      65642063 
 490      68617200 
 491              	.LASF11:
 492 0133 75696E74 		.ascii	"uint8_t\000"
 492      385F7400 
 493              	.LASF1:
 494 013b 756E7369 		.ascii	"unsigned char\000"
 494      676E6564 
 494      20636861 
 494      7200
ARM GAS  C:\Users\ABDALL~1\AppData\Local\Temp\ccvmMr1e.s 			page 11


 495              	.LASF15:
 496 0149 63686172 		.ascii	"char\000"
 496      00
 497              	.LASF22:
 498 014e 55415254 		.ascii	"UART.c\000"
 498      2E6300
 499              	.LASF6:
 500 0155 6C6F6E67 		.ascii	"long int\000"
 500      20696E74 
 500      00
 501              	.LASF18:
 502 015e 55415254 		.ascii	"UART_1_ReadRxData\000"
 502      5F315F52 
 502      65616452 
 502      78446174 
 502      6100
 503              	.LASF14:
 504 0170 646F7562 		.ascii	"double\000"
 504      6C6500
 505              	.LASF26:
 506 0177 49544D5F 		.ascii	"ITM_RxBuffer\000"
 506      52784275 
 506      66666572 
 506      00
 507              	.LASF23:
 508 0184 433A5C55 		.ascii	"C:\\Users\\Abdallah Ajjawi\\Desktop\\TemperatureCon"
 508      73657273 
 508      5C416264 
 508      616C6C61 
 508      6820416A 
 509 01b3 74726F6C 		.ascii	"trolHandout\\Temperature-Control.cydsn\000"
 509      48616E64 
 509      6F75745C 
 509      54656D70 
 509      65726174 
 510              	.LASF16:
 511 01d9 6C6F6E67 		.ascii	"long double\000"
 511      20646F75 
 511      626C6500 
 512              	.LASF5:
 513 01e5 5F5F696E 		.ascii	"__int32_t\000"
 513      7433325F 
 513      7400
 514              	.LASF13:
 515 01ef 666C6F61 		.ascii	"float\000"
 515      7400
 516              	.LASF2:
 517 01f5 73686F72 		.ascii	"short int\000"
 517      7420696E 
 517      7400
 518              	.LASF10:
 519 01ff 756E7369 		.ascii	"unsigned int\000"
 519      676E6564 
 519      20696E74 
 519      00
 520              	.LASF17:
 521 020c 73697A65 		.ascii	"sizetype\000"
ARM GAS  C:\Users\ABDALL~1\AppData\Local\Temp\ccvmMr1e.s 			page 12


 521      74797065 
 521      00
 522              		.ident	"GCC: (GNU Tools for ARM Embedded Processors) 5.4.1 20160609 (release) [ARM/embedded-5-bran
