ARM GAS  C:\Users\Ali\AppData\Local\Temp\ccHIP7q3.s 			page 1


   1              		.syntax unified
   2              		.cpu cortex-m3
   3              		.fpu softvfp
   4              		.eabi_attribute 20, 1
   5              		.eabi_attribute 21, 1
   6              		.eabi_attribute 23, 3
   7              		.eabi_attribute 24, 1
   8              		.eabi_attribute 25, 1
   9              		.eabi_attribute 26, 1
  10              		.eabi_attribute 30, 1
  11              		.eabi_attribute 34, 1
  12              		.eabi_attribute 18, 4
  13              		.thumb
  14              		.syntax unified
  15              		.file	"main.c"
  16              		.text
  17              	.Ltext0:
  18              		.cfi_sections	.debug_frame
  19              		.section	.text.main,"ax",%progbits
  20              		.align	2
  21              		.global	main
  22              		.thumb
  23              		.thumb_func
  24              		.type	main, %function
  25              	main:
  26              	.LFB64:
  27              		.file 1 "main.c"
   1:main.c        **** #include "project.h"
   2:main.c        **** #include <stdio.h>
   3:main.c        **** #include <stdbool.h>
   4:main.c        **** #include "measure.h"
   5:main.c        **** 
   6:main.c        **** CY_ISR_PROTO(ISR_UART_rx_handler);
   7:main.c        **** void handleByteReceived(uint8_t byteReceived);
   8:main.c        **** 
   9:main.c        **** int main(void)
  10:main.c        **** {
  28              		.loc 1 10 0
  29              		.cfi_startproc
  30              		@ Volatile: function does not return.
  31              		@ args = 0, pretend = 0, frame = 0
  32              		@ frame_needed = 0, uses_anonymous_args = 0
  33 0000 08B5     		push	{r3, lr}
  34              		.cfi_def_cfa_offset 8
  35              		.cfi_offset 3, -8
  36              		.cfi_offset 14, -4
  11:main.c        ****     CyGlobalIntEnable; /* Enable global interrupts. */
  37              		.loc 1 11 0
  38              		.syntax unified
  39              	@ 11 "main.c" 1
  40 0002 62B6     		CPSIE   i
  41              	@ 0 "" 2
  12:main.c        **** 
  13:main.c        ****     isr_uart_rx_StartEx(ISR_UART_rx_handler);
  42              		.loc 1 13 0
  43              		.thumb
  44              		.syntax unified
ARM GAS  C:\Users\Ali\AppData\Local\Temp\ccHIP7q3.s 			page 2


  45 0004 0848     		ldr	r0, .L5
  46 0006 FFF7FEFF 		bl	isr_uart_rx_StartEx
  47              	.LVL0:
  14:main.c        ****     
  15:main.c        ****     uartADCinit();
  48              		.loc 1 15 0
  49 000a FFF7FEFF 		bl	uartADCinit
  50              	.LVL1:
  16:main.c        ****     
  17:main.c        ****     UART_1_PutString("Scale application started\r\n");
  51              		.loc 1 17 0
  52 000e 0748     		ldr	r0, .L5+4
  53 0010 FFF7FEFF 		bl	UART_1_PutString
  54              	.LVL2:
  55              	.L3:
  18:main.c        **** 
  19:main.c        ****     for(;;)
  20:main.c        ****     {
  21:main.c        ****         /* Place your application code here. */
  22:main.c        ****         if (ADC_SAR_1_IsEndConversion(ADC_SAR_1_WAIT_FOR_RESULT))
  56              		.loc 1 22 0
  57 0014 0020     		movs	r0, #0
  58 0016 FFF7FEFF 		bl	ADC_SAR_1_IsEndConversion
  59              	.LVL3:
  60 001a 08B1     		cbz	r0, .L2
  23:main.c        ****         {            
  24:main.c        ****             measure();
  61              		.loc 1 24 0
  62 001c FFF7FEFF 		bl	measure
  63              	.LVL4:
  64              	.L2:
  25:main.c        ****         }
  26:main.c        ****         CyDelay(100);
  65              		.loc 1 26 0
  66 0020 6420     		movs	r0, #100
  67 0022 FFF7FEFF 		bl	CyDelay
  68              	.LVL5:
  27:main.c        ****     }
  69              		.loc 1 27 0
  70 0026 F5E7     		b	.L3
  71              	.L6:
  72              		.align	2
  73              	.L5:
  74 0028 00000000 		.word	ISR_UART_rx_handler
  75 002c 00000000 		.word	.LC0
  76              		.cfi_endproc
  77              	.LFE64:
  78              		.size	main, .-main
  79              		.section	.text.handleByteReceived,"ax",%progbits
  80              		.align	2
  81              		.global	handleByteReceived
  82              		.thumb
  83              		.thumb_func
  84              		.type	handleByteReceived, %function
  85              	handleByteReceived:
  86              	.LFB66:
  28:main.c        **** }
ARM GAS  C:\Users\Ali\AppData\Local\Temp\ccHIP7q3.s 			page 3


  29:main.c        **** 
  30:main.c        **** CY_ISR(ISR_UART_rx_handler)
  31:main.c        **** {
  32:main.c        ****     uint8_t bytesToRead = UART_1_GetRxBufferSize();
  33:main.c        ****     while (bytesToRead > 0)
  34:main.c        ****     {
  35:main.c        ****         uint8_t byteReceived = UART_1_ReadRxData();
  36:main.c        ****         UART_1_WriteTxData(byteReceived); // echo back
  37:main.c        ****         handleByteReceived(byteReceived);
  38:main.c        ****         bytesToRead--;
  39:main.c        ****     }
  40:main.c        **** }
  41:main.c        **** 
  42:main.c        **** void handleByteReceived(uint8_t byteReceived)
  43:main.c        **** {
  87              		.loc 1 43 0
  88              		.cfi_startproc
  89              		@ args = 0, pretend = 0, frame = 0
  90              		@ frame_needed = 0, uses_anonymous_args = 0
  91              	.LVL6:
  92 0000 08B5     		push	{r3, lr}
  93              		.cfi_def_cfa_offset 8
  94              		.cfi_offset 3, -8
  95              		.cfi_offset 14, -4
  44:main.c        ****     switch(byteReceived)
  96              		.loc 1 44 0
  97 0002 7128     		cmp	r0, #113
  98 0004 02D0     		beq	.L9
  99 0006 7728     		cmp	r0, #119
 100 0008 04D0     		beq	.L10
 101 000a 08BD     		pop	{r3, pc}
 102              	.L9:
  45:main.c        ****     {
  46:main.c        ****         case 'q' :
  47:main.c        ****         {
  48:main.c        ****             set(1);
 103              		.loc 1 48 0
 104 000c 0120     		movs	r0, #1
 105              	.LVL7:
 106 000e FFF7FEFF 		bl	set
 107              	.LVL8:
  49:main.c        ****         }
  50:main.c        ****         break;
 108              		.loc 1 50 0
 109 0012 08BD     		pop	{r3, pc}
 110              	.LVL9:
 111              	.L10:
  51:main.c        ****         
  52:main.c        ****         case 'w' :
  53:main.c        ****         {
  54:main.c        ****             set(0);
 112              		.loc 1 54 0
 113 0014 0020     		movs	r0, #0
 114              	.LVL10:
 115 0016 FFF7FEFF 		bl	set
 116              	.LVL11:
 117 001a 08BD     		pop	{r3, pc}
ARM GAS  C:\Users\Ali\AppData\Local\Temp\ccHIP7q3.s 			page 4


 118              		.cfi_endproc
 119              	.LFE66:
 120              		.size	handleByteReceived, .-handleByteReceived
 121              		.section	.text.ISR_UART_rx_handler,"ax",%progbits
 122              		.align	2
 123              		.global	ISR_UART_rx_handler
 124              		.thumb
 125              		.thumb_func
 126              		.type	ISR_UART_rx_handler, %function
 127              	ISR_UART_rx_handler:
 128              	.LFB65:
  31:main.c        ****     uint8_t bytesToRead = UART_1_GetRxBufferSize();
 129              		.loc 1 31 0
 130              		.cfi_startproc
 131              		@ args = 0, pretend = 0, frame = 0
 132              		@ frame_needed = 0, uses_anonymous_args = 0
 133 0000 38B5     		push	{r3, r4, r5, lr}
 134              		.cfi_def_cfa_offset 16
 135              		.cfi_offset 3, -16
 136              		.cfi_offset 4, -12
 137              		.cfi_offset 5, -8
 138              		.cfi_offset 14, -4
  32:main.c        ****     while (bytesToRead > 0)
 139              		.loc 1 32 0
 140 0002 FFF7FEFF 		bl	UART_1_GetRxBufferSize
 141              	.LVL12:
 142 0006 0446     		mov	r4, r0
 143              	.LVL13:
  33:main.c        ****     {
 144              		.loc 1 33 0
 145 0008 09E0     		b	.L13
 146              	.L14:
 147              	.LBB2:
  35:main.c        ****         UART_1_WriteTxData(byteReceived); // echo back
 148              		.loc 1 35 0
 149 000a FFF7FEFF 		bl	UART_1_ReadRxData
 150              	.LVL14:
 151 000e 0546     		mov	r5, r0
 152              	.LVL15:
  36:main.c        ****         handleByteReceived(byteReceived);
 153              		.loc 1 36 0
 154 0010 FFF7FEFF 		bl	UART_1_WriteTxData
 155              	.LVL16:
  37:main.c        ****         bytesToRead--;
 156              		.loc 1 37 0
 157 0014 2846     		mov	r0, r5
 158 0016 FFF7FEFF 		bl	handleByteReceived
 159              	.LVL17:
  38:main.c        ****     }
 160              		.loc 1 38 0
 161 001a 013C     		subs	r4, r4, #1
 162              	.LVL18:
 163 001c E4B2     		uxtb	r4, r4
 164              	.LVL19:
 165              	.L13:
 166              	.LBE2:
  33:main.c        ****     {
ARM GAS  C:\Users\Ali\AppData\Local\Temp\ccHIP7q3.s 			page 5


 167              		.loc 1 33 0
 168 001e 002C     		cmp	r4, #0
 169 0020 F3D1     		bne	.L14
  40:main.c        **** 
 170              		.loc 1 40 0
 171 0022 38BD     		pop	{r3, r4, r5, pc}
 172              		.cfi_endproc
 173              	.LFE65:
 174              		.size	ISR_UART_rx_handler, .-ISR_UART_rx_handler
 175              		.section	.rodata.str1.4,"aMS",%progbits,1
 176              		.align	2
 177              	.LC0:
 178 0000 5363616C 		.ascii	"Scale application started\015\012\000"
 178      65206170 
 178      706C6963 
 178      6174696F 
 178      6E207374 
 179              		.text
 180              	.Letext0:
 181              		.file 2 "c:\\program files (x86)\\cypress\\psoc creator\\4.2\\psoc creator\\import\\gnu\\arm\\5.4.
 182              		.file 3 "c:\\program files (x86)\\cypress\\psoc creator\\4.2\\psoc creator\\import\\gnu\\arm\\5.4.
 183              		.file 4 "Generated_Source\\PSoC5/isr_uart_rx.h"
 184              		.file 5 "measure.h"
 185              		.file 6 "Generated_Source\\PSoC5/UART_1.h"
 186              		.file 7 "Generated_Source\\PSoC5/ADC_SAR_1.h"
 187              		.file 8 "Generated_Source\\PSoC5/CyLib.h"
 188              		.file 9 "Generated_Source\\PSoC5/core_cm3.h"
 189              		.section	.debug_info,"",%progbits
 190              	.Ldebug_info0:
 191 0000 72020000 		.4byte	0x272
 192 0004 0400     		.2byte	0x4
 193 0006 00000000 		.4byte	.Ldebug_abbrev0
 194 000a 04       		.byte	0x4
 195 000b 01       		.uleb128 0x1
 196 000c 8A000000 		.4byte	.LASF31
 197 0010 0C       		.byte	0xc
 198 0011 58020000 		.4byte	.LASF32
 199 0015 96010000 		.4byte	.LASF33
 200 0019 00000000 		.4byte	.Ldebug_ranges0+0
 201 001d 00000000 		.4byte	0
 202 0021 00000000 		.4byte	.Ldebug_line0
 203 0025 02       		.uleb128 0x2
 204 0026 01       		.byte	0x1
 205 0027 06       		.byte	0x6
 206 0028 83020000 		.4byte	.LASF0
 207 002c 03       		.uleb128 0x3
 208 002d 14000000 		.4byte	.LASF4
 209 0031 02       		.byte	0x2
 210 0032 1D       		.byte	0x1d
 211 0033 37000000 		.4byte	0x37
 212 0037 02       		.uleb128 0x2
 213 0038 01       		.byte	0x1
 214 0039 08       		.byte	0x8
 215 003a 7C000000 		.4byte	.LASF1
 216 003e 02       		.uleb128 0x2
 217 003f 02       		.byte	0x2
 218 0040 05       		.byte	0x5
ARM GAS  C:\Users\Ali\AppData\Local\Temp\ccHIP7q3.s 			page 6


 219 0041 64020000 		.4byte	.LASF2
 220 0045 02       		.uleb128 0x2
 221 0046 02       		.byte	0x2
 222 0047 07       		.byte	0x7
 223 0048 28000000 		.4byte	.LASF3
 224 004c 03       		.uleb128 0x3
 225 004d 1E000000 		.4byte	.LASF5
 226 0051 02       		.byte	0x2
 227 0052 3F       		.byte	0x3f
 228 0053 57000000 		.4byte	0x57
 229 0057 02       		.uleb128 0x2
 230 0058 04       		.byte	0x4
 231 0059 05       		.byte	0x5
 232 005a 6E020000 		.4byte	.LASF6
 233 005e 02       		.uleb128 0x2
 234 005f 04       		.byte	0x4
 235 0060 07       		.byte	0x7
 236 0061 2C010000 		.4byte	.LASF7
 237 0065 02       		.uleb128 0x2
 238 0066 08       		.byte	0x8
 239 0067 05       		.byte	0x5
 240 0068 4A020000 		.4byte	.LASF8
 241 006c 02       		.uleb128 0x2
 242 006d 08       		.byte	0x8
 243 006e 07       		.byte	0x7
 244 006f 03020000 		.4byte	.LASF9
 245 0073 04       		.uleb128 0x4
 246 0074 04       		.byte	0x4
 247 0075 05       		.byte	0x5
 248 0076 696E7400 		.ascii	"int\000"
 249 007a 02       		.uleb128 0x2
 250 007b 04       		.byte	0x4
 251 007c 07       		.byte	0x7
 252 007d F6010000 		.4byte	.LASF10
 253 0081 03       		.uleb128 0x3
 254 0082 1A020000 		.4byte	.LASF11
 255 0086 03       		.byte	0x3
 256 0087 18       		.byte	0x18
 257 0088 2C000000 		.4byte	0x2c
 258 008c 03       		.uleb128 0x3
 259 008d 39020000 		.4byte	.LASF12
 260 0091 03       		.byte	0x3
 261 0092 2C       		.byte	0x2c
 262 0093 4C000000 		.4byte	0x4c
 263 0097 02       		.uleb128 0x2
 264 0098 04       		.byte	0x4
 265 0099 04       		.byte	0x4
 266 009a 4F000000 		.4byte	.LASF13
 267 009e 02       		.uleb128 0x2
 268 009f 08       		.byte	0x8
 269 00a0 04       		.byte	0x4
 270 00a1 8F010000 		.4byte	.LASF14
 271 00a5 02       		.uleb128 0x2
 272 00a6 01       		.byte	0x1
 273 00a7 08       		.byte	0x8
 274 00a8 5F020000 		.4byte	.LASF15
 275 00ac 02       		.uleb128 0x2
ARM GAS  C:\Users\Ali\AppData\Local\Temp\ccHIP7q3.s 			page 7


 276 00ad 08       		.byte	0x8
 277 00ae 04       		.byte	0x4
 278 00af 77020000 		.4byte	.LASF16
 279 00b3 02       		.uleb128 0x2
 280 00b4 04       		.byte	0x4
 281 00b5 07       		.byte	0x7
 282 00b6 41020000 		.4byte	.LASF17
 283 00ba 05       		.uleb128 0x5
 284 00bb F1010000 		.4byte	.LASF34
 285 00bf 01       		.byte	0x1
 286 00c0 09       		.byte	0x9
 287 00c1 73000000 		.4byte	0x73
 288 00c5 00000000 		.4byte	.LFB64
 289 00c9 30000000 		.4byte	.LFE64-.LFB64
 290 00cd 01       		.uleb128 0x1
 291 00ce 9C       		.byte	0x9c
 292 00cf 37010000 		.4byte	0x137
 293 00d3 06       		.uleb128 0x6
 294 00d4 0A000000 		.4byte	.LVL0
 295 00d8 07020000 		.4byte	0x207
 296 00dc EA000000 		.4byte	0xea
 297 00e0 07       		.uleb128 0x7
 298 00e1 01       		.uleb128 0x1
 299 00e2 50       		.byte	0x50
 300 00e3 05       		.uleb128 0x5
 301 00e4 03       		.byte	0x3
 302 00e5 00000000 		.4byte	ISR_UART_rx_handler
 303 00e9 00       		.byte	0
 304 00ea 08       		.uleb128 0x8
 305 00eb 0E000000 		.4byte	.LVL1
 306 00ef 12020000 		.4byte	0x212
 307 00f3 06       		.uleb128 0x6
 308 00f4 14000000 		.4byte	.LVL2
 309 00f8 1D020000 		.4byte	0x21d
 310 00fc 0A010000 		.4byte	0x10a
 311 0100 07       		.uleb128 0x7
 312 0101 01       		.uleb128 0x1
 313 0102 50       		.byte	0x50
 314 0103 05       		.uleb128 0x5
 315 0104 03       		.byte	0x3
 316 0105 00000000 		.4byte	.LC0
 317 0109 00       		.byte	0
 318 010a 06       		.uleb128 0x6
 319 010b 1A000000 		.4byte	.LVL3
 320 010f 28020000 		.4byte	0x228
 321 0113 1D010000 		.4byte	0x11d
 322 0117 07       		.uleb128 0x7
 323 0118 01       		.uleb128 0x1
 324 0119 50       		.byte	0x50
 325 011a 01       		.uleb128 0x1
 326 011b 30       		.byte	0x30
 327 011c 00       		.byte	0
 328 011d 08       		.uleb128 0x8
 329 011e 20000000 		.4byte	.LVL4
 330 0122 33020000 		.4byte	0x233
 331 0126 09       		.uleb128 0x9
 332 0127 26000000 		.4byte	.LVL5
ARM GAS  C:\Users\Ali\AppData\Local\Temp\ccHIP7q3.s 			page 8


 333 012b 3E020000 		.4byte	0x23e
 334 012f 07       		.uleb128 0x7
 335 0130 01       		.uleb128 0x1
 336 0131 50       		.byte	0x50
 337 0132 02       		.uleb128 0x2
 338 0133 08       		.byte	0x8
 339 0134 64       		.byte	0x64
 340 0135 00       		.byte	0
 341 0136 00       		.byte	0
 342 0137 0A       		.uleb128 0xa
 343 0138 50010000 		.4byte	.LASF18
 344 013c 01       		.byte	0x1
 345 013d 2A       		.byte	0x2a
 346 013e 00000000 		.4byte	.LFB66
 347 0142 1C000000 		.4byte	.LFE66-.LFB66
 348 0146 01       		.uleb128 0x1
 349 0147 9C       		.byte	0x9c
 350 0148 7E010000 		.4byte	0x17e
 351 014c 0B       		.uleb128 0xb
 352 014d 6F000000 		.4byte	.LASF21
 353 0151 01       		.byte	0x1
 354 0152 2A       		.byte	0x2a
 355 0153 81000000 		.4byte	0x81
 356 0157 00000000 		.4byte	.LLST0
 357 015b 06       		.uleb128 0x6
 358 015c 12000000 		.4byte	.LVL8
 359 0160 49020000 		.4byte	0x249
 360 0164 6E010000 		.4byte	0x16e
 361 0168 07       		.uleb128 0x7
 362 0169 01       		.uleb128 0x1
 363 016a 50       		.byte	0x50
 364 016b 01       		.uleb128 0x1
 365 016c 31       		.byte	0x31
 366 016d 00       		.byte	0
 367 016e 09       		.uleb128 0x9
 368 016f 1A000000 		.4byte	.LVL11
 369 0173 49020000 		.4byte	0x249
 370 0177 07       		.uleb128 0x7
 371 0178 01       		.uleb128 0x1
 372 0179 50       		.byte	0x50
 373 017a 01       		.uleb128 0x1
 374 017b 30       		.byte	0x30
 375 017c 00       		.byte	0
 376 017d 00       		.byte	0
 377 017e 0A       		.uleb128 0xa
 378 017f 18010000 		.4byte	.LASF19
 379 0183 01       		.byte	0x1
 380 0184 1E       		.byte	0x1e
 381 0185 00000000 		.4byte	.LFB65
 382 0189 24000000 		.4byte	.LFE65-.LFB65
 383 018d 01       		.uleb128 0x1
 384 018e 9C       		.byte	0x9c
 385 018f F6010000 		.4byte	0x1f6
 386 0193 0C       		.uleb128 0xc
 387 0194 3B000000 		.4byte	.LASF20
 388 0198 01       		.byte	0x1
 389 0199 20       		.byte	0x20
ARM GAS  C:\Users\Ali\AppData\Local\Temp\ccHIP7q3.s 			page 9


 390 019a 81000000 		.4byte	0x81
 391 019e 3A000000 		.4byte	.LLST1
 392 01a2 0D       		.uleb128 0xd
 393 01a3 0A000000 		.4byte	.LBB2
 394 01a7 14000000 		.4byte	.LBE2-.LBB2
 395 01ab EC010000 		.4byte	0x1ec
 396 01af 0C       		.uleb128 0xc
 397 01b0 6F000000 		.4byte	.LASF21
 398 01b4 01       		.byte	0x1
 399 01b5 23       		.byte	0x23
 400 01b6 81000000 		.4byte	0x81
 401 01ba 58000000 		.4byte	.LLST2
 402 01be 08       		.uleb128 0x8
 403 01bf 0E000000 		.4byte	.LVL14
 404 01c3 54020000 		.4byte	0x254
 405 01c7 06       		.uleb128 0x6
 406 01c8 14000000 		.4byte	.LVL16
 407 01cc 5F020000 		.4byte	0x25f
 408 01d0 DB010000 		.4byte	0x1db
 409 01d4 07       		.uleb128 0x7
 410 01d5 01       		.uleb128 0x1
 411 01d6 50       		.byte	0x50
 412 01d7 02       		.uleb128 0x2
 413 01d8 75       		.byte	0x75
 414 01d9 00       		.sleb128 0
 415 01da 00       		.byte	0
 416 01db 09       		.uleb128 0x9
 417 01dc 1A000000 		.4byte	.LVL17
 418 01e0 37010000 		.4byte	0x137
 419 01e4 07       		.uleb128 0x7
 420 01e5 01       		.uleb128 0x1
 421 01e6 50       		.byte	0x50
 422 01e7 02       		.uleb128 0x2
 423 01e8 75       		.byte	0x75
 424 01e9 00       		.sleb128 0
 425 01ea 00       		.byte	0
 426 01eb 00       		.byte	0
 427 01ec 08       		.uleb128 0x8
 428 01ed 06000000 		.4byte	.LVL12
 429 01f1 6A020000 		.4byte	0x26a
 430 01f5 00       		.byte	0
 431 01f6 0E       		.uleb128 0xe
 432 01f7 63010000 		.4byte	.LASF35
 433 01fb 09       		.byte	0x9
 434 01fc 9606     		.2byte	0x696
 435 01fe 02020000 		.4byte	0x202
 436 0202 0F       		.uleb128 0xf
 437 0203 8C000000 		.4byte	0x8c
 438 0207 10       		.uleb128 0x10
 439 0208 00000000 		.4byte	.LASF22
 440 020c 00000000 		.4byte	.LASF22
 441 0210 04       		.byte	0x4
 442 0211 18       		.byte	0x18
 443 0212 10       		.uleb128 0x10
 444 0213 70010000 		.4byte	.LASF23
 445 0217 70010000 		.4byte	.LASF23
 446 021b 05       		.byte	0x5
ARM GAS  C:\Users\Ali\AppData\Local\Temp\ccHIP7q3.s 			page 10


 447 021c 06       		.byte	0x6
 448 021d 10       		.uleb128 0x10
 449 021e 8F020000 		.4byte	.LASF24
 450 0222 8F020000 		.4byte	.LASF24
 451 0226 06       		.byte	0x6
 452 0227 8B       		.byte	0x8b
 453 0228 10       		.uleb128 0x10
 454 0229 55000000 		.4byte	.LASF25
 455 022d 55000000 		.4byte	.LASF25
 456 0231 07       		.byte	0x7
 457 0232 39       		.byte	0x39
 458 0233 10       		.uleb128 0x10
 459 0234 47000000 		.4byte	.LASF26
 460 0238 47000000 		.4byte	.LASF26
 461 023c 05       		.byte	0x5
 462 023d 07       		.byte	0x7
 463 023e 10       		.uleb128 0x10
 464 023f A0020000 		.4byte	.LASF27
 465 0243 A0020000 		.4byte	.LASF27
 466 0247 08       		.byte	0x8
 467 0248 76       		.byte	0x76
 468 0249 11       		.uleb128 0x11
 469 024a 73657400 		.ascii	"set\000"
 470 024e 73657400 		.ascii	"set\000"
 471 0252 05       		.byte	0x5
 472 0253 08       		.byte	0x8
 473 0254 10       		.uleb128 0x10
 474 0255 3E010000 		.4byte	.LASF28
 475 0259 3E010000 		.4byte	.LASF28
 476 025d 06       		.byte	0x6
 477 025e 6F       		.byte	0x6f
 478 025f 10       		.uleb128 0x10
 479 0260 7C010000 		.4byte	.LASF29
 480 0264 7C010000 		.4byte	.LASF29
 481 0268 06       		.byte	0x6
 482 0269 88       		.byte	0x88
 483 026a 10       		.uleb128 0x10
 484 026b 22020000 		.4byte	.LASF30
 485 026f 22020000 		.4byte	.LASF30
 486 0273 06       		.byte	0x6
 487 0274 73       		.byte	0x73
 488 0275 00       		.byte	0
 489              		.section	.debug_abbrev,"",%progbits
 490              	.Ldebug_abbrev0:
 491 0000 01       		.uleb128 0x1
 492 0001 11       		.uleb128 0x11
 493 0002 01       		.byte	0x1
 494 0003 25       		.uleb128 0x25
 495 0004 0E       		.uleb128 0xe
 496 0005 13       		.uleb128 0x13
 497 0006 0B       		.uleb128 0xb
 498 0007 03       		.uleb128 0x3
 499 0008 0E       		.uleb128 0xe
 500 0009 1B       		.uleb128 0x1b
 501 000a 0E       		.uleb128 0xe
 502 000b 55       		.uleb128 0x55
 503 000c 17       		.uleb128 0x17
ARM GAS  C:\Users\Ali\AppData\Local\Temp\ccHIP7q3.s 			page 11


 504 000d 11       		.uleb128 0x11
 505 000e 01       		.uleb128 0x1
 506 000f 10       		.uleb128 0x10
 507 0010 17       		.uleb128 0x17
 508 0011 00       		.byte	0
 509 0012 00       		.byte	0
 510 0013 02       		.uleb128 0x2
 511 0014 24       		.uleb128 0x24
 512 0015 00       		.byte	0
 513 0016 0B       		.uleb128 0xb
 514 0017 0B       		.uleb128 0xb
 515 0018 3E       		.uleb128 0x3e
 516 0019 0B       		.uleb128 0xb
 517 001a 03       		.uleb128 0x3
 518 001b 0E       		.uleb128 0xe
 519 001c 00       		.byte	0
 520 001d 00       		.byte	0
 521 001e 03       		.uleb128 0x3
 522 001f 16       		.uleb128 0x16
 523 0020 00       		.byte	0
 524 0021 03       		.uleb128 0x3
 525 0022 0E       		.uleb128 0xe
 526 0023 3A       		.uleb128 0x3a
 527 0024 0B       		.uleb128 0xb
 528 0025 3B       		.uleb128 0x3b
 529 0026 0B       		.uleb128 0xb
 530 0027 49       		.uleb128 0x49
 531 0028 13       		.uleb128 0x13
 532 0029 00       		.byte	0
 533 002a 00       		.byte	0
 534 002b 04       		.uleb128 0x4
 535 002c 24       		.uleb128 0x24
 536 002d 00       		.byte	0
 537 002e 0B       		.uleb128 0xb
 538 002f 0B       		.uleb128 0xb
 539 0030 3E       		.uleb128 0x3e
 540 0031 0B       		.uleb128 0xb
 541 0032 03       		.uleb128 0x3
 542 0033 08       		.uleb128 0x8
 543 0034 00       		.byte	0
 544 0035 00       		.byte	0
 545 0036 05       		.uleb128 0x5
 546 0037 2E       		.uleb128 0x2e
 547 0038 01       		.byte	0x1
 548 0039 3F       		.uleb128 0x3f
 549 003a 19       		.uleb128 0x19
 550 003b 03       		.uleb128 0x3
 551 003c 0E       		.uleb128 0xe
 552 003d 3A       		.uleb128 0x3a
 553 003e 0B       		.uleb128 0xb
 554 003f 3B       		.uleb128 0x3b
 555 0040 0B       		.uleb128 0xb
 556 0041 27       		.uleb128 0x27
 557 0042 19       		.uleb128 0x19
 558 0043 49       		.uleb128 0x49
 559 0044 13       		.uleb128 0x13
 560 0045 8701     		.uleb128 0x87
ARM GAS  C:\Users\Ali\AppData\Local\Temp\ccHIP7q3.s 			page 12


 561 0047 19       		.uleb128 0x19
 562 0048 11       		.uleb128 0x11
 563 0049 01       		.uleb128 0x1
 564 004a 12       		.uleb128 0x12
 565 004b 06       		.uleb128 0x6
 566 004c 40       		.uleb128 0x40
 567 004d 18       		.uleb128 0x18
 568 004e 9742     		.uleb128 0x2117
 569 0050 19       		.uleb128 0x19
 570 0051 01       		.uleb128 0x1
 571 0052 13       		.uleb128 0x13
 572 0053 00       		.byte	0
 573 0054 00       		.byte	0
 574 0055 06       		.uleb128 0x6
 575 0056 898201   		.uleb128 0x4109
 576 0059 01       		.byte	0x1
 577 005a 11       		.uleb128 0x11
 578 005b 01       		.uleb128 0x1
 579 005c 31       		.uleb128 0x31
 580 005d 13       		.uleb128 0x13
 581 005e 01       		.uleb128 0x1
 582 005f 13       		.uleb128 0x13
 583 0060 00       		.byte	0
 584 0061 00       		.byte	0
 585 0062 07       		.uleb128 0x7
 586 0063 8A8201   		.uleb128 0x410a
 587 0066 00       		.byte	0
 588 0067 02       		.uleb128 0x2
 589 0068 18       		.uleb128 0x18
 590 0069 9142     		.uleb128 0x2111
 591 006b 18       		.uleb128 0x18
 592 006c 00       		.byte	0
 593 006d 00       		.byte	0
 594 006e 08       		.uleb128 0x8
 595 006f 898201   		.uleb128 0x4109
 596 0072 00       		.byte	0
 597 0073 11       		.uleb128 0x11
 598 0074 01       		.uleb128 0x1
 599 0075 31       		.uleb128 0x31
 600 0076 13       		.uleb128 0x13
 601 0077 00       		.byte	0
 602 0078 00       		.byte	0
 603 0079 09       		.uleb128 0x9
 604 007a 898201   		.uleb128 0x4109
 605 007d 01       		.byte	0x1
 606 007e 11       		.uleb128 0x11
 607 007f 01       		.uleb128 0x1
 608 0080 31       		.uleb128 0x31
 609 0081 13       		.uleb128 0x13
 610 0082 00       		.byte	0
 611 0083 00       		.byte	0
 612 0084 0A       		.uleb128 0xa
 613 0085 2E       		.uleb128 0x2e
 614 0086 01       		.byte	0x1
 615 0087 3F       		.uleb128 0x3f
 616 0088 19       		.uleb128 0x19
 617 0089 03       		.uleb128 0x3
ARM GAS  C:\Users\Ali\AppData\Local\Temp\ccHIP7q3.s 			page 13


 618 008a 0E       		.uleb128 0xe
 619 008b 3A       		.uleb128 0x3a
 620 008c 0B       		.uleb128 0xb
 621 008d 3B       		.uleb128 0x3b
 622 008e 0B       		.uleb128 0xb
 623 008f 27       		.uleb128 0x27
 624 0090 19       		.uleb128 0x19
 625 0091 11       		.uleb128 0x11
 626 0092 01       		.uleb128 0x1
 627 0093 12       		.uleb128 0x12
 628 0094 06       		.uleb128 0x6
 629 0095 40       		.uleb128 0x40
 630 0096 18       		.uleb128 0x18
 631 0097 9742     		.uleb128 0x2117
 632 0099 19       		.uleb128 0x19
 633 009a 01       		.uleb128 0x1
 634 009b 13       		.uleb128 0x13
 635 009c 00       		.byte	0
 636 009d 00       		.byte	0
 637 009e 0B       		.uleb128 0xb
 638 009f 05       		.uleb128 0x5
 639 00a0 00       		.byte	0
 640 00a1 03       		.uleb128 0x3
 641 00a2 0E       		.uleb128 0xe
 642 00a3 3A       		.uleb128 0x3a
 643 00a4 0B       		.uleb128 0xb
 644 00a5 3B       		.uleb128 0x3b
 645 00a6 0B       		.uleb128 0xb
 646 00a7 49       		.uleb128 0x49
 647 00a8 13       		.uleb128 0x13
 648 00a9 02       		.uleb128 0x2
 649 00aa 17       		.uleb128 0x17
 650 00ab 00       		.byte	0
 651 00ac 00       		.byte	0
 652 00ad 0C       		.uleb128 0xc
 653 00ae 34       		.uleb128 0x34
 654 00af 00       		.byte	0
 655 00b0 03       		.uleb128 0x3
 656 00b1 0E       		.uleb128 0xe
 657 00b2 3A       		.uleb128 0x3a
 658 00b3 0B       		.uleb128 0xb
 659 00b4 3B       		.uleb128 0x3b
 660 00b5 0B       		.uleb128 0xb
 661 00b6 49       		.uleb128 0x49
 662 00b7 13       		.uleb128 0x13
 663 00b8 02       		.uleb128 0x2
 664 00b9 17       		.uleb128 0x17
 665 00ba 00       		.byte	0
 666 00bb 00       		.byte	0
 667 00bc 0D       		.uleb128 0xd
 668 00bd 0B       		.uleb128 0xb
 669 00be 01       		.byte	0x1
 670 00bf 11       		.uleb128 0x11
 671 00c0 01       		.uleb128 0x1
 672 00c1 12       		.uleb128 0x12
 673 00c2 06       		.uleb128 0x6
 674 00c3 01       		.uleb128 0x1
ARM GAS  C:\Users\Ali\AppData\Local\Temp\ccHIP7q3.s 			page 14


 675 00c4 13       		.uleb128 0x13
 676 00c5 00       		.byte	0
 677 00c6 00       		.byte	0
 678 00c7 0E       		.uleb128 0xe
 679 00c8 34       		.uleb128 0x34
 680 00c9 00       		.byte	0
 681 00ca 03       		.uleb128 0x3
 682 00cb 0E       		.uleb128 0xe
 683 00cc 3A       		.uleb128 0x3a
 684 00cd 0B       		.uleb128 0xb
 685 00ce 3B       		.uleb128 0x3b
 686 00cf 05       		.uleb128 0x5
 687 00d0 49       		.uleb128 0x49
 688 00d1 13       		.uleb128 0x13
 689 00d2 3F       		.uleb128 0x3f
 690 00d3 19       		.uleb128 0x19
 691 00d4 3C       		.uleb128 0x3c
 692 00d5 19       		.uleb128 0x19
 693 00d6 00       		.byte	0
 694 00d7 00       		.byte	0
 695 00d8 0F       		.uleb128 0xf
 696 00d9 35       		.uleb128 0x35
 697 00da 00       		.byte	0
 698 00db 49       		.uleb128 0x49
 699 00dc 13       		.uleb128 0x13
 700 00dd 00       		.byte	0
 701 00de 00       		.byte	0
 702 00df 10       		.uleb128 0x10
 703 00e0 2E       		.uleb128 0x2e
 704 00e1 00       		.byte	0
 705 00e2 3F       		.uleb128 0x3f
 706 00e3 19       		.uleb128 0x19
 707 00e4 3C       		.uleb128 0x3c
 708 00e5 19       		.uleb128 0x19
 709 00e6 6E       		.uleb128 0x6e
 710 00e7 0E       		.uleb128 0xe
 711 00e8 03       		.uleb128 0x3
 712 00e9 0E       		.uleb128 0xe
 713 00ea 3A       		.uleb128 0x3a
 714 00eb 0B       		.uleb128 0xb
 715 00ec 3B       		.uleb128 0x3b
 716 00ed 0B       		.uleb128 0xb
 717 00ee 00       		.byte	0
 718 00ef 00       		.byte	0
 719 00f0 11       		.uleb128 0x11
 720 00f1 2E       		.uleb128 0x2e
 721 00f2 00       		.byte	0
 722 00f3 3F       		.uleb128 0x3f
 723 00f4 19       		.uleb128 0x19
 724 00f5 3C       		.uleb128 0x3c
 725 00f6 19       		.uleb128 0x19
 726 00f7 6E       		.uleb128 0x6e
 727 00f8 08       		.uleb128 0x8
 728 00f9 03       		.uleb128 0x3
 729 00fa 08       		.uleb128 0x8
 730 00fb 3A       		.uleb128 0x3a
 731 00fc 0B       		.uleb128 0xb
ARM GAS  C:\Users\Ali\AppData\Local\Temp\ccHIP7q3.s 			page 15


 732 00fd 3B       		.uleb128 0x3b
 733 00fe 0B       		.uleb128 0xb
 734 00ff 00       		.byte	0
 735 0100 00       		.byte	0
 736 0101 00       		.byte	0
 737              		.section	.debug_loc,"",%progbits
 738              	.Ldebug_loc0:
 739              	.LLST0:
 740 0000 00000000 		.4byte	.LVL6
 741 0004 0E000000 		.4byte	.LVL7
 742 0008 0100     		.2byte	0x1
 743 000a 50       		.byte	0x50
 744 000b 0E000000 		.4byte	.LVL7
 745 000f 14000000 		.4byte	.LVL9
 746 0013 0400     		.2byte	0x4
 747 0015 F3       		.byte	0xf3
 748 0016 01       		.uleb128 0x1
 749 0017 50       		.byte	0x50
 750 0018 9F       		.byte	0x9f
 751 0019 14000000 		.4byte	.LVL9
 752 001d 16000000 		.4byte	.LVL10
 753 0021 0100     		.2byte	0x1
 754 0023 50       		.byte	0x50
 755 0024 16000000 		.4byte	.LVL10
 756 0028 1C000000 		.4byte	.LFE66
 757 002c 0400     		.2byte	0x4
 758 002e F3       		.byte	0xf3
 759 002f 01       		.uleb128 0x1
 760 0030 50       		.byte	0x50
 761 0031 9F       		.byte	0x9f
 762 0032 00000000 		.4byte	0
 763 0036 00000000 		.4byte	0
 764              	.LLST1:
 765 003a 08000000 		.4byte	.LVL13
 766 003e 1C000000 		.4byte	.LVL18
 767 0042 0100     		.2byte	0x1
 768 0044 54       		.byte	0x54
 769 0045 1E000000 		.4byte	.LVL19
 770 0049 24000000 		.4byte	.LFE65
 771 004d 0100     		.2byte	0x1
 772 004f 54       		.byte	0x54
 773 0050 00000000 		.4byte	0
 774 0054 00000000 		.4byte	0
 775              	.LLST2:
 776 0058 10000000 		.4byte	.LVL15
 777 005c 1E000000 		.4byte	.LVL19
 778 0060 0100     		.2byte	0x1
 779 0062 55       		.byte	0x55
 780 0063 00000000 		.4byte	0
 781 0067 00000000 		.4byte	0
 782              		.section	.debug_aranges,"",%progbits
 783 0000 2C000000 		.4byte	0x2c
 784 0004 0200     		.2byte	0x2
 785 0006 00000000 		.4byte	.Ldebug_info0
 786 000a 04       		.byte	0x4
 787 000b 00       		.byte	0
 788 000c 0000     		.2byte	0
ARM GAS  C:\Users\Ali\AppData\Local\Temp\ccHIP7q3.s 			page 16


 789 000e 0000     		.2byte	0
 790 0010 00000000 		.4byte	.LFB64
 791 0014 30000000 		.4byte	.LFE64-.LFB64
 792 0018 00000000 		.4byte	.LFB66
 793 001c 1C000000 		.4byte	.LFE66-.LFB66
 794 0020 00000000 		.4byte	.LFB65
 795 0024 24000000 		.4byte	.LFE65-.LFB65
 796 0028 00000000 		.4byte	0
 797 002c 00000000 		.4byte	0
 798              		.section	.debug_ranges,"",%progbits
 799              	.Ldebug_ranges0:
 800 0000 00000000 		.4byte	.LFB64
 801 0004 30000000 		.4byte	.LFE64
 802 0008 00000000 		.4byte	.LFB66
 803 000c 1C000000 		.4byte	.LFE66
 804 0010 00000000 		.4byte	.LFB65
 805 0014 24000000 		.4byte	.LFE65
 806 0018 00000000 		.4byte	0
 807 001c 00000000 		.4byte	0
 808              		.section	.debug_line,"",%progbits
 809              	.Ldebug_line0:
 810 0000 CA010000 		.section	.debug_str,"MS",%progbits,1
 810      02008301 
 810      00000201 
 810      FB0E0D00 
 810      01010101 
 811              	.LASF22:
 812 0000 6973725F 		.ascii	"isr_uart_rx_StartEx\000"
 812      75617274 
 812      5F72785F 
 812      53746172 
 812      74457800 
 813              	.LASF4:
 814 0014 5F5F7569 		.ascii	"__uint8_t\000"
 814      6E74385F 
 814      7400
 815              	.LASF5:
 816 001e 5F5F696E 		.ascii	"__int32_t\000"
 816      7433325F 
 816      7400
 817              	.LASF3:
 818 0028 73686F72 		.ascii	"short unsigned int\000"
 818      7420756E 
 818      7369676E 
 818      65642069 
 818      6E7400
 819              	.LASF20:
 820 003b 62797465 		.ascii	"bytesToRead\000"
 820      73546F52 
 820      65616400 
 821              	.LASF26:
 822 0047 6D656173 		.ascii	"measure\000"
 822      75726500 
 823              	.LASF13:
 824 004f 666C6F61 		.ascii	"float\000"
 824      7400
 825              	.LASF25:
ARM GAS  C:\Users\Ali\AppData\Local\Temp\ccHIP7q3.s 			page 17


 826 0055 4144435F 		.ascii	"ADC_SAR_1_IsEndConversion\000"
 826      5341525F 
 826      315F4973 
 826      456E6443 
 826      6F6E7665 
 827              	.LASF21:
 828 006f 62797465 		.ascii	"byteReceived\000"
 828      52656365 
 828      69766564 
 828      00
 829              	.LASF1:
 830 007c 756E7369 		.ascii	"unsigned char\000"
 830      676E6564 
 830      20636861 
 830      7200
 831              	.LASF31:
 832 008a 474E5520 		.ascii	"GNU C11 5.4.1 20160609 (release) [ARM/embedded-5-br"
 832      43313120 
 832      352E342E 
 832      31203230 
 832      31363036 
 833 00bd 616E6368 		.ascii	"anch revision 237715] -mcpu=cortex-m3 -mthumb -g -O"
 833      20726576 
 833      6973696F 
 833      6E203233 
 833      37373135 
 834 00f0 67202D66 		.ascii	"g -ffunction-sections -ffat-lto-objects\000"
 834      66756E63 
 834      74696F6E 
 834      2D736563 
 834      74696F6E 
 835              	.LASF19:
 836 0118 4953525F 		.ascii	"ISR_UART_rx_handler\000"
 836      55415254 
 836      5F72785F 
 836      68616E64 
 836      6C657200 
 837              	.LASF7:
 838 012c 6C6F6E67 		.ascii	"long unsigned int\000"
 838      20756E73 
 838      69676E65 
 838      6420696E 
 838      7400
 839              	.LASF28:
 840 013e 55415254 		.ascii	"UART_1_ReadRxData\000"
 840      5F315F52 
 840      65616452 
 840      78446174 
 840      6100
 841              	.LASF18:
 842 0150 68616E64 		.ascii	"handleByteReceived\000"
 842      6C654279 
 842      74655265 
 842      63656976 
 842      656400
 843              	.LASF35:
 844 0163 49544D5F 		.ascii	"ITM_RxBuffer\000"
ARM GAS  C:\Users\Ali\AppData\Local\Temp\ccHIP7q3.s 			page 18


 844      52784275 
 844      66666572 
 844      00
 845              	.LASF23:
 846 0170 75617274 		.ascii	"uartADCinit\000"
 846      41444369 
 846      6E697400 
 847              	.LASF29:
 848 017c 55415254 		.ascii	"UART_1_WriteTxData\000"
 848      5F315F57 
 848      72697465 
 848      54784461 
 848      746100
 849              	.LASF14:
 850 018f 646F7562 		.ascii	"double\000"
 850      6C6500
 851              	.LASF33:
 852 0196 433A5C55 		.ascii	"C:\\Users\\Ali\\Documents\\developmentFolders\\GitH"
 852      73657273 
 852      5C416C69 
 852      5C446F63 
 852      756D656E 
 853 01c4 75625C49 		.ascii	"ub\\I3GFV_AlestoMare\\Aflevering 4\\Scale.cydsn\000"
 853      33474656 
 853      5F416C65 
 853      73746F4D 
 853      6172655C 
 854              	.LASF34:
 855 01f1 6D61696E 		.ascii	"main\000"
 855      00
 856              	.LASF10:
 857 01f6 756E7369 		.ascii	"unsigned int\000"
 857      676E6564 
 857      20696E74 
 857      00
 858              	.LASF9:
 859 0203 6C6F6E67 		.ascii	"long long unsigned int\000"
 859      206C6F6E 
 859      6720756E 
 859      7369676E 
 859      65642069 
 860              	.LASF11:
 861 021a 75696E74 		.ascii	"uint8_t\000"
 861      385F7400 
 862              	.LASF30:
 863 0222 55415254 		.ascii	"UART_1_GetRxBufferSize\000"
 863      5F315F47 
 863      65745278 
 863      42756666 
 863      65725369 
 864              	.LASF12:
 865 0239 696E7433 		.ascii	"int32_t\000"
 865      325F7400 
 866              	.LASF17:
 867 0241 73697A65 		.ascii	"sizetype\000"
 867      74797065 
 867      00
ARM GAS  C:\Users\Ali\AppData\Local\Temp\ccHIP7q3.s 			page 19


 868              	.LASF8:
 869 024a 6C6F6E67 		.ascii	"long long int\000"
 869      206C6F6E 
 869      6720696E 
 869      7400
 870              	.LASF32:
 871 0258 6D61696E 		.ascii	"main.c\000"
 871      2E6300
 872              	.LASF15:
 873 025f 63686172 		.ascii	"char\000"
 873      00
 874              	.LASF2:
 875 0264 73686F72 		.ascii	"short int\000"
 875      7420696E 
 875      7400
 876              	.LASF6:
 877 026e 6C6F6E67 		.ascii	"long int\000"
 877      20696E74 
 877      00
 878              	.LASF16:
 879 0277 6C6F6E67 		.ascii	"long double\000"
 879      20646F75 
 879      626C6500 
 880              	.LASF0:
 881 0283 7369676E 		.ascii	"signed char\000"
 881      65642063 
 881      68617200 
 882              	.LASF24:
 883 028f 55415254 		.ascii	"UART_1_PutString\000"
 883      5F315F50 
 883      75745374 
 883      72696E67 
 883      00
 884              	.LASF27:
 885 02a0 43794465 		.ascii	"CyDelay\000"
 885      6C617900 
 886              		.ident	"GCC: (GNU Tools for ARM Embedded Processors) 5.4.1 20160609 (release) [ARM/embedded-5-bran
