ARM GAS  C:\Users\Ali\AppData\Local\Temp\ccxbGELh.s 			page 1


   1              		.syntax unified
   2              		.cpu cortex-m3
   3              		.fpu softvfp
   4              		.eabi_attribute 20, 1
   5              		.eabi_attribute 21, 1
   6              		.eabi_attribute 23, 3
   7              		.eabi_attribute 24, 1
   8              		.eabi_attribute 25, 1
   9              		.eabi_attribute 26, 1
  10              		.eabi_attribute 30, 1
  11              		.eabi_attribute 34, 1
  12              		.eabi_attribute 18, 4
  13              		.thumb
  14              		.syntax unified
  15              		.file	"measure.c"
  16              		.text
  17              	.Ltext0:
  18              		.cfi_sections	.debug_frame
  19              		.section	.text.set,"ax",%progbits
  20              		.align	2
  21              		.global	set
  22              		.thumb
  23              		.thumb_func
  24              		.type	set, %function
  25              	set:
  26              	.LFB64:
  27              		.file 1 "measure.c"
   1:measure.c     **** #include "measure.h"
   2:measure.c     **** 
   3:measure.c     **** char uartBuffer[256];
   4:measure.c     **** int measureBool = 0;
   5:measure.c     **** int measureValue = 0;
   6:measure.c     **** 
   7:measure.c     **** 
   8:measure.c     **** void set(int x){
  28              		.loc 1 8 0
  29              		.cfi_startproc
  30              		@ args = 0, pretend = 0, frame = 0
  31              		@ frame_needed = 0, uses_anonymous_args = 0
  32              		@ link register save eliminated.
  33              	.LVL0:
   9:measure.c     ****     measureBool = x;
  34              		.loc 1 9 0
  35 0000 014B     		ldr	r3, .L2
  36 0002 1860     		str	r0, [r3]
  37 0004 7047     		bx	lr
  38              	.L3:
  39 0006 00BF     		.align	2
  40              	.L2:
  41 0008 00000000 		.word	.LANCHOR0
  42              		.cfi_endproc
  43              	.LFE64:
  44              		.size	set, .-set
  45              		.section	.text.uartADCinit,"ax",%progbits
  46              		.align	2
  47              		.global	uartADCinit
  48              		.thumb
ARM GAS  C:\Users\Ali\AppData\Local\Temp\ccxbGELh.s 			page 2


  49              		.thumb_func
  50              		.type	uartADCinit, %function
  51              	uartADCinit:
  52              	.LFB65:
  10:measure.c     **** }
  11:measure.c     **** 
  12:measure.c     **** void uartADCinit(){
  53              		.loc 1 12 0
  54              		.cfi_startproc
  55              		@ args = 0, pretend = 0, frame = 0
  56              		@ frame_needed = 0, uses_anonymous_args = 0
  57 0000 08B5     		push	{r3, lr}
  58              		.cfi_def_cfa_offset 8
  59              		.cfi_offset 3, -8
  60              		.cfi_offset 14, -4
  13:measure.c     ****     
  14:measure.c     ****     /* Place your initialization/startup code here (e.g. MyInst_Start()) */
  15:measure.c     ****        
  16:measure.c     ****     UART_1_Start();
  61              		.loc 1 16 0
  62 0002 FFF7FEFF 		bl	UART_1_Start
  63              	.LVL1:
  17:measure.c     ****     ADC_SAR_1_Start();
  64              		.loc 1 17 0
  65 0006 FFF7FEFF 		bl	ADC_SAR_1_Start
  66              	.LVL2:
  18:measure.c     ****     ADC_SAR_1_StartConvert();
  67              		.loc 1 18 0
  68 000a FFF7FEFF 		bl	ADC_SAR_1_StartConvert
  69              	.LVL3:
  70 000e 08BD     		pop	{r3, pc}
  71              		.cfi_endproc
  72              	.LFE65:
  73              		.size	uartADCinit, .-uartADCinit
  74              		.global	__aeabi_i2f
  75              		.global	__aeabi_fmul
  76              		.global	__aeabi_f2iz
  77              		.section	.text.measure,"ax",%progbits
  78              		.align	2
  79              		.global	measure
  80              		.thumb
  81              		.thumb_func
  82              		.type	measure, %function
  83              	measure:
  84              	.LFB66:
  19:measure.c     ****     
  20:measure.c     **** }
  21:measure.c     **** 
  22:measure.c     **** void measure(){
  85              		.loc 1 22 0
  86              		.cfi_startproc
  87              		@ args = 0, pretend = 0, frame = 0
  88              		@ frame_needed = 0, uses_anonymous_args = 0
  89 0000 70B5     		push	{r4, r5, r6, lr}
  90              		.cfi_def_cfa_offset 16
  91              		.cfi_offset 4, -16
  92              		.cfi_offset 5, -12
ARM GAS  C:\Users\Ali\AppData\Local\Temp\ccxbGELh.s 			page 3


  93              		.cfi_offset 6, -8
  94              		.cfi_offset 14, -4
  23:measure.c     ****     
  24:measure.c     ****     uint16_t result = ADC_SAR_1_GetResult16();
  95              		.loc 1 24 0
  96 0002 FFF7FEFF 		bl	ADC_SAR_1_GetResult16
  97              	.LVL4:
  98 0006 86B2     		uxth	r6, r0
  99              	.LVL5:
  25:measure.c     **** 
  26:measure.c     ****     float stigning = 4.641142;    // Stigning
  27:measure.c     ****     int offset = -288;          // Standard værdi når vægten er belastet med 1000g
  28:measure.c     ****     int weight = stigning * (result + offset);    // Ligning for ret linje y=ax+b
 100              		.loc 1 28 0
 101 0008 A6F59070 		sub	r0, r6, #288
 102 000c FFF7FEFF 		bl	__aeabi_i2f
 103              	.LVL6:
 104 0010 1449     		ldr	r1, .L9
 105 0012 FFF7FEFF 		bl	__aeabi_fmul
 106              	.LVL7:
 107 0016 FFF7FEFF 		bl	__aeabi_f2iz
 108              	.LVL8:
 109 001a 0446     		mov	r4, r0
 110              	.LVL9:
  29:measure.c     ****     
  30:measure.c     ****     if (measureBool == 1)
 111              		.loc 1 30 0
 112 001c 124B     		ldr	r3, .L9+4
 113 001e 1B68     		ldr	r3, [r3]
 114 0020 012B     		cmp	r3, #1
 115 0022 06D1     		bne	.L7
  31:measure.c     ****     {
  32:measure.c     ****         //Kode til udførelse at reset
  33:measure.c     ****         measureValue = weight;
 116              		.loc 1 33 0
 117 0024 104B     		ldr	r3, .L9+4
 118 0026 5860     		str	r0, [r3, #4]
  34:measure.c     ****         measureBool = 0;
 119              		.loc 1 34 0
 120 0028 0022     		movs	r2, #0
 121 002a 1A60     		str	r2, [r3]
  35:measure.c     ****         UART_1_PutString("Setting tare value");
 122              		.loc 1 35 0
 123 002c 0F48     		ldr	r0, .L9+8
 124              	.LVL10:
 125 002e FFF7FEFF 		bl	UART_1_PutString
 126              	.LVL11:
 127              	.L7:
  36:measure.c     ****     }    
  37:measure.c     **** 
  38:measure.c     ****     //Udregning af vægt minus tarvalue
  39:measure.c     ****     weight = weight - measureValue;
 128              		.loc 1 39 0
 129 0032 0D4B     		ldr	r3, .L9+4
 130 0034 5D68     		ldr	r5, [r3, #4]
 131 0036 651B     		subs	r5, r4, r5
 132              	.LVL12:
ARM GAS  C:\Users\Ali\AppData\Local\Temp\ccxbGELh.s 			page 4


  40:measure.c     **** 
  41:measure.c     ****     //Udskriver decimal værdi
  42:measure.c     ****     snprintf(uartBuffer, sizeof(uartBuffer), "ADC result: %d \r\n", result);
 133              		.loc 1 42 0
 134 0038 0D4C     		ldr	r4, .L9+12
 135 003a 3346     		mov	r3, r6
 136 003c 0D4A     		ldr	r2, .L9+16
 137 003e 4FF48071 		mov	r1, #256
 138 0042 2046     		mov	r0, r4
 139 0044 FFF7FEFF 		bl	snprintf
 140              	.LVL13:
  43:measure.c     ****     UART_1_PutString(uartBuffer);
 141              		.loc 1 43 0
 142 0048 2046     		mov	r0, r4
 143 004a FFF7FEFF 		bl	UART_1_PutString
 144              	.LVL14:
  44:measure.c     **** 
  45:measure.c     ****     //Udskriver vægten
  46:measure.c     ****     snprintf(uartBuffer, sizeof(uartBuffer), "weight Result: %d gram \r\n\r\n", weight);
 145              		.loc 1 46 0
 146 004e 2B46     		mov	r3, r5
 147 0050 094A     		ldr	r2, .L9+20
 148 0052 4FF48071 		mov	r1, #256
 149 0056 2046     		mov	r0, r4
 150 0058 FFF7FEFF 		bl	snprintf
 151              	.LVL15:
  47:measure.c     ****     UART_1_PutString(uartBuffer);
 152              		.loc 1 47 0
 153 005c 2046     		mov	r0, r4
 154 005e FFF7FEFF 		bl	UART_1_PutString
 155              	.LVL16:
 156 0062 70BD     		pop	{r4, r5, r6, pc}
 157              	.LVL17:
 158              	.L10:
 159              		.align	2
 160              	.L9:
 161 0064 3C849440 		.word	1083475004
 162 0068 00000000 		.word	.LANCHOR0
 163 006c 00000000 		.word	.LC0
 164 0070 00000000 		.word	uartBuffer
 165 0074 14000000 		.word	.LC1
 166 0078 28000000 		.word	.LC2
 167              		.cfi_endproc
 168              	.LFE66:
 169              		.size	measure, .-measure
 170              		.global	measureValue
 171              		.global	measureBool
 172              		.comm	uartBuffer,256,4
 173              		.section	.rodata.str1.4,"aMS",%progbits,1
 174              		.align	2
 175              	.LC0:
 176 0000 53657474 		.ascii	"Setting tare value\000"
 176      696E6720 
 176      74617265 
 176      2076616C 
 176      756500
 177 0013 00       		.space	1
ARM GAS  C:\Users\Ali\AppData\Local\Temp\ccxbGELh.s 			page 5


 178              	.LC1:
 179 0014 41444320 		.ascii	"ADC result: %d \015\012\000"
 179      72657375 
 179      6C743A20 
 179      2564200D 
 179      0A00
 180 0026 0000     		.space	2
 181              	.LC2:
 182 0028 77656967 		.ascii	"weight Result: %d gram \015\012\015\012\000"
 182      68742052 
 182      6573756C 
 182      743A2025 
 182      64206772 
 183              		.bss
 184              		.align	2
 185              		.set	.LANCHOR0,. + 0
 186              		.type	measureBool, %object
 187              		.size	measureBool, 4
 188              	measureBool:
 189 0000 00000000 		.space	4
 190              		.type	measureValue, %object
 191              		.size	measureValue, 4
 192              	measureValue:
 193 0004 00000000 		.space	4
 194              		.text
 195              	.Letext0:
 196              		.file 2 "c:\\program files (x86)\\cypress\\psoc creator\\4.2\\psoc creator\\import\\gnu\\arm\\5.4.
 197              		.file 3 "c:\\program files (x86)\\cypress\\psoc creator\\4.2\\psoc creator\\import\\gnu\\arm\\5.4.
 198              		.file 4 "Generated_Source\\PSoC5/core_cm3.h"
 199              		.file 5 "Generated_Source\\PSoC5/UART_1.h"
 200              		.file 6 "Generated_Source\\PSoC5/ADC_SAR_1.h"
 201              		.file 7 "c:\\program files (x86)\\cypress\\psoc creator\\4.2\\psoc creator\\import\\gnu\\arm\\5.4.
 202              		.section	.debug_info,"",%progbits
 203              	.Ldebug_info0:
 204 0000 84020000 		.4byte	0x284
 205 0004 0400     		.2byte	0x4
 206 0006 00000000 		.4byte	.Ldebug_abbrev0
 207 000a 04       		.byte	0x4
 208 000b 01       		.uleb128 0x1
 209 000c 60000000 		.4byte	.LASF33
 210 0010 0C       		.byte	0xc
 211 0011 A0010000 		.4byte	.LASF34
 212 0015 45010000 		.4byte	.LASF35
 213 0019 00000000 		.4byte	.Ldebug_ranges0+0
 214 001d 00000000 		.4byte	0
 215 0021 00000000 		.4byte	.Ldebug_line0
 216 0025 02       		.uleb128 0x2
 217 0026 01       		.byte	0x1
 218 0027 06       		.byte	0x6
 219 0028 55020000 		.4byte	.LASF0
 220 002c 02       		.uleb128 0x2
 221 002d 01       		.byte	0x1
 222 002e 08       		.byte	0x8
 223 002f 52000000 		.4byte	.LASF1
 224 0033 02       		.uleb128 0x2
 225 0034 02       		.byte	0x2
 226 0035 05       		.byte	0x5
ARM GAS  C:\Users\Ali\AppData\Local\Temp\ccxbGELh.s 			page 6


 227 0036 2D020000 		.4byte	.LASF2
 228 003a 03       		.uleb128 0x3
 229 003b 28010000 		.4byte	.LASF4
 230 003f 02       		.byte	0x2
 231 0040 2B       		.byte	0x2b
 232 0041 45000000 		.4byte	0x45
 233 0045 02       		.uleb128 0x2
 234 0046 02       		.byte	0x2
 235 0047 07       		.byte	0x7
 236 0048 2B000000 		.4byte	.LASF3
 237 004c 03       		.uleb128 0x3
 238 004d 18000000 		.4byte	.LASF5
 239 0051 02       		.byte	0x2
 240 0052 3F       		.byte	0x3f
 241 0053 57000000 		.4byte	0x57
 242 0057 02       		.uleb128 0x2
 243 0058 04       		.byte	0x4
 244 0059 05       		.byte	0x5
 245 005a 40020000 		.4byte	.LASF6
 246 005e 02       		.uleb128 0x2
 247 005f 04       		.byte	0x4
 248 0060 07       		.byte	0x7
 249 0061 33010000 		.4byte	.LASF7
 250 0065 02       		.uleb128 0x2
 251 0066 08       		.byte	0x8
 252 0067 05       		.byte	0x5
 253 0068 FC010000 		.4byte	.LASF8
 254 006c 02       		.uleb128 0x2
 255 006d 08       		.byte	0x8
 256 006e 07       		.byte	0x7
 257 006f B7010000 		.4byte	.LASF9
 258 0073 04       		.uleb128 0x4
 259 0074 04       		.byte	0x4
 260 0075 05       		.byte	0x5
 261 0076 696E7400 		.ascii	"int\000"
 262 007a 02       		.uleb128 0x2
 263 007b 04       		.byte	0x4
 264 007c 07       		.byte	0x7
 265 007d AA010000 		.4byte	.LASF10
 266 0081 02       		.uleb128 0x2
 267 0082 08       		.byte	0x8
 268 0083 04       		.byte	0x4
 269 0084 49020000 		.4byte	.LASF11
 270 0088 02       		.uleb128 0x2
 271 0089 04       		.byte	0x4
 272 008a 07       		.byte	0x7
 273 008b DD010000 		.4byte	.LASF12
 274 008f 02       		.uleb128 0x2
 275 0090 01       		.byte	0x1
 276 0091 08       		.byte	0x8
 277 0092 0A020000 		.4byte	.LASF13
 278 0096 03       		.uleb128 0x3
 279 0097 37020000 		.4byte	.LASF14
 280 009b 03       		.byte	0x3
 281 009c 24       		.byte	0x24
 282 009d 3A000000 		.4byte	0x3a
 283 00a1 03       		.uleb128 0x3
ARM GAS  C:\Users\Ali\AppData\Local\Temp\ccxbGELh.s 			page 7


 284 00a2 D5010000 		.4byte	.LASF15
 285 00a6 03       		.byte	0x3
 286 00a7 2C       		.byte	0x2c
 287 00a8 4C000000 		.4byte	0x4c
 288 00ac 02       		.uleb128 0x2
 289 00ad 04       		.byte	0x4
 290 00ae 04       		.byte	0x4
 291 00af 4C000000 		.4byte	.LASF16
 292 00b3 02       		.uleb128 0x2
 293 00b4 08       		.byte	0x8
 294 00b5 04       		.byte	0x4
 295 00b6 45000000 		.4byte	.LASF17
 296 00ba 05       		.uleb128 0x5
 297 00bb 73657400 		.ascii	"set\000"
 298 00bf 01       		.byte	0x1
 299 00c0 08       		.byte	0x8
 300 00c1 00000000 		.4byte	.LFB64
 301 00c5 0C000000 		.4byte	.LFE64-.LFB64
 302 00c9 01       		.uleb128 0x1
 303 00ca 9C       		.byte	0x9c
 304 00cb DB000000 		.4byte	0xdb
 305 00cf 06       		.uleb128 0x6
 306 00d0 7800     		.ascii	"x\000"
 307 00d2 01       		.byte	0x1
 308 00d3 08       		.byte	0x8
 309 00d4 73000000 		.4byte	0x73
 310 00d8 01       		.uleb128 0x1
 311 00d9 50       		.byte	0x50
 312 00da 00       		.byte	0
 313 00db 07       		.uleb128 0x7
 314 00dc 1C010000 		.4byte	.LASF18
 315 00e0 01       		.byte	0x1
 316 00e1 0C       		.byte	0xc
 317 00e2 00000000 		.4byte	.LFB65
 318 00e6 10000000 		.4byte	.LFE65-.LFB65
 319 00ea 01       		.uleb128 0x1
 320 00eb 9C       		.byte	0x9c
 321 00ec 0C010000 		.4byte	0x10c
 322 00f0 08       		.uleb128 0x8
 323 00f1 06000000 		.4byte	.LVL1
 324 00f5 45020000 		.4byte	0x245
 325 00f9 08       		.uleb128 0x8
 326 00fa 0A000000 		.4byte	.LVL2
 327 00fe 50020000 		.4byte	0x250
 328 0102 08       		.uleb128 0x8
 329 0103 0E000000 		.4byte	.LVL3
 330 0107 5B020000 		.4byte	0x25b
 331 010b 00       		.byte	0
 332 010c 09       		.uleb128 0x9
 333 010d EE000000 		.4byte	.LASF19
 334 0111 01       		.byte	0x1
 335 0112 16       		.byte	0x16
 336 0113 00000000 		.4byte	.LFB66
 337 0117 7C000000 		.4byte	.LFE66-.LFB66
 338 011b 01       		.uleb128 0x1
 339 011c 9C       		.byte	0x9c
 340 011d F1010000 		.4byte	0x1f1
ARM GAS  C:\Users\Ali\AppData\Local\Temp\ccxbGELh.s 			page 8


 341 0121 0A       		.uleb128 0xa
 342 0122 CE010000 		.4byte	.LASF36
 343 0126 01       		.byte	0x1
 344 0127 18       		.byte	0x18
 345 0128 96000000 		.4byte	0x96
 346 012c 0B       		.uleb128 0xb
 347 012d 82020000 		.4byte	.LASF20
 348 0131 01       		.byte	0x1
 349 0132 1A       		.byte	0x1a
 350 0133 AC000000 		.4byte	0xac
 351 0137 04       		.byte	0x4
 352 0138 3C849440 		.4byte	0x4094843c
 353 013c 0C       		.uleb128 0xc
 354 013d 0F020000 		.4byte	.LASF21
 355 0141 01       		.byte	0x1
 356 0142 1B       		.byte	0x1b
 357 0143 73000000 		.4byte	0x73
 358 0147 E07D     		.sleb128 -288
 359 0149 0D       		.uleb128 0xd
 360 014a 3E000000 		.4byte	.LASF22
 361 014e 01       		.byte	0x1
 362 014f 1C       		.byte	0x1c
 363 0150 73000000 		.4byte	0x73
 364 0154 00000000 		.4byte	.LLST0
 365 0158 08       		.uleb128 0x8
 366 0159 06000000 		.4byte	.LVL4
 367 015d 66020000 		.4byte	0x266
 368 0161 0E       		.uleb128 0xe
 369 0162 32000000 		.4byte	.LVL11
 370 0166 71020000 		.4byte	0x271
 371 016a 78010000 		.4byte	0x178
 372 016e 0F       		.uleb128 0xf
 373 016f 01       		.uleb128 0x1
 374 0170 50       		.byte	0x50
 375 0171 05       		.uleb128 0x5
 376 0172 03       		.byte	0x3
 377 0173 00000000 		.4byte	.LC0
 378 0177 00       		.byte	0
 379 0178 0E       		.uleb128 0xe
 380 0179 48000000 		.4byte	.LVL13
 381 017d 7C020000 		.4byte	0x27c
 382 0181 A2010000 		.4byte	0x1a2
 383 0185 0F       		.uleb128 0xf
 384 0186 01       		.uleb128 0x1
 385 0187 50       		.byte	0x50
 386 0188 02       		.uleb128 0x2
 387 0189 74       		.byte	0x74
 388 018a 00       		.sleb128 0
 389 018b 0F       		.uleb128 0xf
 390 018c 01       		.uleb128 0x1
 391 018d 51       		.byte	0x51
 392 018e 03       		.uleb128 0x3
 393 018f 0A       		.byte	0xa
 394 0190 0001     		.2byte	0x100
 395 0192 0F       		.uleb128 0xf
 396 0193 01       		.uleb128 0x1
 397 0194 52       		.byte	0x52
ARM GAS  C:\Users\Ali\AppData\Local\Temp\ccxbGELh.s 			page 9


 398 0195 05       		.uleb128 0x5
 399 0196 03       		.byte	0x3
 400 0197 14000000 		.4byte	.LC1
 401 019b 0F       		.uleb128 0xf
 402 019c 01       		.uleb128 0x1
 403 019d 53       		.byte	0x53
 404 019e 02       		.uleb128 0x2
 405 019f 76       		.byte	0x76
 406 01a0 00       		.sleb128 0
 407 01a1 00       		.byte	0
 408 01a2 0E       		.uleb128 0xe
 409 01a3 4E000000 		.4byte	.LVL14
 410 01a7 71020000 		.4byte	0x271
 411 01ab B6010000 		.4byte	0x1b6
 412 01af 0F       		.uleb128 0xf
 413 01b0 01       		.uleb128 0x1
 414 01b1 50       		.byte	0x50
 415 01b2 02       		.uleb128 0x2
 416 01b3 74       		.byte	0x74
 417 01b4 00       		.sleb128 0
 418 01b5 00       		.byte	0
 419 01b6 0E       		.uleb128 0xe
 420 01b7 5C000000 		.4byte	.LVL15
 421 01bb 7C020000 		.4byte	0x27c
 422 01bf E0010000 		.4byte	0x1e0
 423 01c3 0F       		.uleb128 0xf
 424 01c4 01       		.uleb128 0x1
 425 01c5 50       		.byte	0x50
 426 01c6 02       		.uleb128 0x2
 427 01c7 74       		.byte	0x74
 428 01c8 00       		.sleb128 0
 429 01c9 0F       		.uleb128 0xf
 430 01ca 01       		.uleb128 0x1
 431 01cb 51       		.byte	0x51
 432 01cc 03       		.uleb128 0x3
 433 01cd 0A       		.byte	0xa
 434 01ce 0001     		.2byte	0x100
 435 01d0 0F       		.uleb128 0xf
 436 01d1 01       		.uleb128 0x1
 437 01d2 52       		.byte	0x52
 438 01d3 05       		.uleb128 0x5
 439 01d4 03       		.byte	0x3
 440 01d5 28000000 		.4byte	.LC2
 441 01d9 0F       		.uleb128 0xf
 442 01da 01       		.uleb128 0x1
 443 01db 53       		.byte	0x53
 444 01dc 02       		.uleb128 0x2
 445 01dd 75       		.byte	0x75
 446 01de 00       		.sleb128 0
 447 01df 00       		.byte	0
 448 01e0 10       		.uleb128 0x10
 449 01e1 62000000 		.4byte	.LVL16
 450 01e5 71020000 		.4byte	0x271
 451 01e9 0F       		.uleb128 0xf
 452 01ea 01       		.uleb128 0x1
 453 01eb 50       		.byte	0x50
 454 01ec 02       		.uleb128 0x2
ARM GAS  C:\Users\Ali\AppData\Local\Temp\ccxbGELh.s 			page 10


 455 01ed 74       		.byte	0x74
 456 01ee 00       		.sleb128 0
 457 01ef 00       		.byte	0
 458 01f0 00       		.byte	0
 459 01f1 11       		.uleb128 0x11
 460 01f2 0F010000 		.4byte	.LASF23
 461 01f6 04       		.byte	0x4
 462 01f7 9606     		.2byte	0x696
 463 01f9 FD010000 		.4byte	0x1fd
 464 01fd 12       		.uleb128 0x12
 465 01fe A1000000 		.4byte	0xa1
 466 0202 13       		.uleb128 0x13
 467 0203 8F000000 		.4byte	0x8f
 468 0207 12020000 		.4byte	0x212
 469 020b 14       		.uleb128 0x14
 470 020c 88000000 		.4byte	0x88
 471 0210 FF       		.byte	0xff
 472 0211 00       		.byte	0
 473 0212 15       		.uleb128 0x15
 474 0213 0D000000 		.4byte	.LASF24
 475 0217 01       		.byte	0x1
 476 0218 03       		.byte	0x3
 477 0219 02020000 		.4byte	0x202
 478 021d 05       		.uleb128 0x5
 479 021e 03       		.byte	0x3
 480 021f 00000000 		.4byte	uartBuffer
 481 0223 15       		.uleb128 0x15
 482 0224 03010000 		.4byte	.LASF25
 483 0228 01       		.byte	0x1
 484 0229 04       		.byte	0x4
 485 022a 73000000 		.4byte	0x73
 486 022e 05       		.uleb128 0x5
 487 022f 03       		.byte	0x3
 488 0230 00000000 		.4byte	measureBool
 489 0234 15       		.uleb128 0x15
 490 0235 F6000000 		.4byte	.LASF26
 491 0239 01       		.byte	0x1
 492 023a 05       		.byte	0x5
 493 023b 73000000 		.4byte	0x73
 494 023f 05       		.uleb128 0x5
 495 0240 03       		.byte	0x3
 496 0241 00000000 		.4byte	measureValue
 497 0245 16       		.uleb128 0x16
 498 0246 00000000 		.4byte	.LASF27
 499 024a 00000000 		.4byte	.LASF27
 500 024e 05       		.byte	0x5
 501 024f 54       		.byte	0x54
 502 0250 16       		.uleb128 0x16
 503 0251 61020000 		.4byte	.LASF28
 504 0255 61020000 		.4byte	.LASF28
 505 0259 06       		.byte	0x6
 506 025a 34       		.byte	0x34
 507 025b 16       		.uleb128 0x16
 508 025c 16020000 		.4byte	.LASF29
 509 0260 16020000 		.4byte	.LASF29
 510 0264 06       		.byte	0x6
 511 0265 D1       		.byte	0xd1
ARM GAS  C:\Users\Ali\AppData\Local\Temp\ccxbGELh.s 			page 11


 512 0266 16       		.uleb128 0x16
 513 0267 E6010000 		.4byte	.LASF30
 514 026b E6010000 		.4byte	.LASF30
 515 026f 06       		.byte	0x6
 516 0270 3B       		.byte	0x3b
 517 0271 16       		.uleb128 0x16
 518 0272 71020000 		.4byte	.LASF31
 519 0276 71020000 		.4byte	.LASF31
 520 027a 05       		.byte	0x5
 521 027b 8B       		.byte	0x8b
 522 027c 16       		.uleb128 0x16
 523 027d 22000000 		.4byte	.LASF32
 524 0281 22000000 		.4byte	.LASF32
 525 0285 07       		.byte	0x7
 526 0286 FD       		.byte	0xfd
 527 0287 00       		.byte	0
 528              		.section	.debug_abbrev,"",%progbits
 529              	.Ldebug_abbrev0:
 530 0000 01       		.uleb128 0x1
 531 0001 11       		.uleb128 0x11
 532 0002 01       		.byte	0x1
 533 0003 25       		.uleb128 0x25
 534 0004 0E       		.uleb128 0xe
 535 0005 13       		.uleb128 0x13
 536 0006 0B       		.uleb128 0xb
 537 0007 03       		.uleb128 0x3
 538 0008 0E       		.uleb128 0xe
 539 0009 1B       		.uleb128 0x1b
 540 000a 0E       		.uleb128 0xe
 541 000b 55       		.uleb128 0x55
 542 000c 17       		.uleb128 0x17
 543 000d 11       		.uleb128 0x11
 544 000e 01       		.uleb128 0x1
 545 000f 10       		.uleb128 0x10
 546 0010 17       		.uleb128 0x17
 547 0011 00       		.byte	0
 548 0012 00       		.byte	0
 549 0013 02       		.uleb128 0x2
 550 0014 24       		.uleb128 0x24
 551 0015 00       		.byte	0
 552 0016 0B       		.uleb128 0xb
 553 0017 0B       		.uleb128 0xb
 554 0018 3E       		.uleb128 0x3e
 555 0019 0B       		.uleb128 0xb
 556 001a 03       		.uleb128 0x3
 557 001b 0E       		.uleb128 0xe
 558 001c 00       		.byte	0
 559 001d 00       		.byte	0
 560 001e 03       		.uleb128 0x3
 561 001f 16       		.uleb128 0x16
 562 0020 00       		.byte	0
 563 0021 03       		.uleb128 0x3
 564 0022 0E       		.uleb128 0xe
 565 0023 3A       		.uleb128 0x3a
 566 0024 0B       		.uleb128 0xb
 567 0025 3B       		.uleb128 0x3b
 568 0026 0B       		.uleb128 0xb
ARM GAS  C:\Users\Ali\AppData\Local\Temp\ccxbGELh.s 			page 12


 569 0027 49       		.uleb128 0x49
 570 0028 13       		.uleb128 0x13
 571 0029 00       		.byte	0
 572 002a 00       		.byte	0
 573 002b 04       		.uleb128 0x4
 574 002c 24       		.uleb128 0x24
 575 002d 00       		.byte	0
 576 002e 0B       		.uleb128 0xb
 577 002f 0B       		.uleb128 0xb
 578 0030 3E       		.uleb128 0x3e
 579 0031 0B       		.uleb128 0xb
 580 0032 03       		.uleb128 0x3
 581 0033 08       		.uleb128 0x8
 582 0034 00       		.byte	0
 583 0035 00       		.byte	0
 584 0036 05       		.uleb128 0x5
 585 0037 2E       		.uleb128 0x2e
 586 0038 01       		.byte	0x1
 587 0039 3F       		.uleb128 0x3f
 588 003a 19       		.uleb128 0x19
 589 003b 03       		.uleb128 0x3
 590 003c 08       		.uleb128 0x8
 591 003d 3A       		.uleb128 0x3a
 592 003e 0B       		.uleb128 0xb
 593 003f 3B       		.uleb128 0x3b
 594 0040 0B       		.uleb128 0xb
 595 0041 27       		.uleb128 0x27
 596 0042 19       		.uleb128 0x19
 597 0043 11       		.uleb128 0x11
 598 0044 01       		.uleb128 0x1
 599 0045 12       		.uleb128 0x12
 600 0046 06       		.uleb128 0x6
 601 0047 40       		.uleb128 0x40
 602 0048 18       		.uleb128 0x18
 603 0049 9742     		.uleb128 0x2117
 604 004b 19       		.uleb128 0x19
 605 004c 01       		.uleb128 0x1
 606 004d 13       		.uleb128 0x13
 607 004e 00       		.byte	0
 608 004f 00       		.byte	0
 609 0050 06       		.uleb128 0x6
 610 0051 05       		.uleb128 0x5
 611 0052 00       		.byte	0
 612 0053 03       		.uleb128 0x3
 613 0054 08       		.uleb128 0x8
 614 0055 3A       		.uleb128 0x3a
 615 0056 0B       		.uleb128 0xb
 616 0057 3B       		.uleb128 0x3b
 617 0058 0B       		.uleb128 0xb
 618 0059 49       		.uleb128 0x49
 619 005a 13       		.uleb128 0x13
 620 005b 02       		.uleb128 0x2
 621 005c 18       		.uleb128 0x18
 622 005d 00       		.byte	0
 623 005e 00       		.byte	0
 624 005f 07       		.uleb128 0x7
 625 0060 2E       		.uleb128 0x2e
ARM GAS  C:\Users\Ali\AppData\Local\Temp\ccxbGELh.s 			page 13


 626 0061 01       		.byte	0x1
 627 0062 3F       		.uleb128 0x3f
 628 0063 19       		.uleb128 0x19
 629 0064 03       		.uleb128 0x3
 630 0065 0E       		.uleb128 0xe
 631 0066 3A       		.uleb128 0x3a
 632 0067 0B       		.uleb128 0xb
 633 0068 3B       		.uleb128 0x3b
 634 0069 0B       		.uleb128 0xb
 635 006a 11       		.uleb128 0x11
 636 006b 01       		.uleb128 0x1
 637 006c 12       		.uleb128 0x12
 638 006d 06       		.uleb128 0x6
 639 006e 40       		.uleb128 0x40
 640 006f 18       		.uleb128 0x18
 641 0070 9742     		.uleb128 0x2117
 642 0072 19       		.uleb128 0x19
 643 0073 01       		.uleb128 0x1
 644 0074 13       		.uleb128 0x13
 645 0075 00       		.byte	0
 646 0076 00       		.byte	0
 647 0077 08       		.uleb128 0x8
 648 0078 898201   		.uleb128 0x4109
 649 007b 00       		.byte	0
 650 007c 11       		.uleb128 0x11
 651 007d 01       		.uleb128 0x1
 652 007e 31       		.uleb128 0x31
 653 007f 13       		.uleb128 0x13
 654 0080 00       		.byte	0
 655 0081 00       		.byte	0
 656 0082 09       		.uleb128 0x9
 657 0083 2E       		.uleb128 0x2e
 658 0084 01       		.byte	0x1
 659 0085 3F       		.uleb128 0x3f
 660 0086 19       		.uleb128 0x19
 661 0087 03       		.uleb128 0x3
 662 0088 0E       		.uleb128 0xe
 663 0089 3A       		.uleb128 0x3a
 664 008a 0B       		.uleb128 0xb
 665 008b 3B       		.uleb128 0x3b
 666 008c 0B       		.uleb128 0xb
 667 008d 11       		.uleb128 0x11
 668 008e 01       		.uleb128 0x1
 669 008f 12       		.uleb128 0x12
 670 0090 06       		.uleb128 0x6
 671 0091 40       		.uleb128 0x40
 672 0092 18       		.uleb128 0x18
 673 0093 9642     		.uleb128 0x2116
 674 0095 19       		.uleb128 0x19
 675 0096 01       		.uleb128 0x1
 676 0097 13       		.uleb128 0x13
 677 0098 00       		.byte	0
 678 0099 00       		.byte	0
 679 009a 0A       		.uleb128 0xa
 680 009b 34       		.uleb128 0x34
 681 009c 00       		.byte	0
 682 009d 03       		.uleb128 0x3
ARM GAS  C:\Users\Ali\AppData\Local\Temp\ccxbGELh.s 			page 14


 683 009e 0E       		.uleb128 0xe
 684 009f 3A       		.uleb128 0x3a
 685 00a0 0B       		.uleb128 0xb
 686 00a1 3B       		.uleb128 0x3b
 687 00a2 0B       		.uleb128 0xb
 688 00a3 49       		.uleb128 0x49
 689 00a4 13       		.uleb128 0x13
 690 00a5 00       		.byte	0
 691 00a6 00       		.byte	0
 692 00a7 0B       		.uleb128 0xb
 693 00a8 34       		.uleb128 0x34
 694 00a9 00       		.byte	0
 695 00aa 03       		.uleb128 0x3
 696 00ab 0E       		.uleb128 0xe
 697 00ac 3A       		.uleb128 0x3a
 698 00ad 0B       		.uleb128 0xb
 699 00ae 3B       		.uleb128 0x3b
 700 00af 0B       		.uleb128 0xb
 701 00b0 49       		.uleb128 0x49
 702 00b1 13       		.uleb128 0x13
 703 00b2 1C       		.uleb128 0x1c
 704 00b3 0A       		.uleb128 0xa
 705 00b4 00       		.byte	0
 706 00b5 00       		.byte	0
 707 00b6 0C       		.uleb128 0xc
 708 00b7 34       		.uleb128 0x34
 709 00b8 00       		.byte	0
 710 00b9 03       		.uleb128 0x3
 711 00ba 0E       		.uleb128 0xe
 712 00bb 3A       		.uleb128 0x3a
 713 00bc 0B       		.uleb128 0xb
 714 00bd 3B       		.uleb128 0x3b
 715 00be 0B       		.uleb128 0xb
 716 00bf 49       		.uleb128 0x49
 717 00c0 13       		.uleb128 0x13
 718 00c1 1C       		.uleb128 0x1c
 719 00c2 0D       		.uleb128 0xd
 720 00c3 00       		.byte	0
 721 00c4 00       		.byte	0
 722 00c5 0D       		.uleb128 0xd
 723 00c6 34       		.uleb128 0x34
 724 00c7 00       		.byte	0
 725 00c8 03       		.uleb128 0x3
 726 00c9 0E       		.uleb128 0xe
 727 00ca 3A       		.uleb128 0x3a
 728 00cb 0B       		.uleb128 0xb
 729 00cc 3B       		.uleb128 0x3b
 730 00cd 0B       		.uleb128 0xb
 731 00ce 49       		.uleb128 0x49
 732 00cf 13       		.uleb128 0x13
 733 00d0 02       		.uleb128 0x2
 734 00d1 17       		.uleb128 0x17
 735 00d2 00       		.byte	0
 736 00d3 00       		.byte	0
 737 00d4 0E       		.uleb128 0xe
 738 00d5 898201   		.uleb128 0x4109
 739 00d8 01       		.byte	0x1
ARM GAS  C:\Users\Ali\AppData\Local\Temp\ccxbGELh.s 			page 15


 740 00d9 11       		.uleb128 0x11
 741 00da 01       		.uleb128 0x1
 742 00db 31       		.uleb128 0x31
 743 00dc 13       		.uleb128 0x13
 744 00dd 01       		.uleb128 0x1
 745 00de 13       		.uleb128 0x13
 746 00df 00       		.byte	0
 747 00e0 00       		.byte	0
 748 00e1 0F       		.uleb128 0xf
 749 00e2 8A8201   		.uleb128 0x410a
 750 00e5 00       		.byte	0
 751 00e6 02       		.uleb128 0x2
 752 00e7 18       		.uleb128 0x18
 753 00e8 9142     		.uleb128 0x2111
 754 00ea 18       		.uleb128 0x18
 755 00eb 00       		.byte	0
 756 00ec 00       		.byte	0
 757 00ed 10       		.uleb128 0x10
 758 00ee 898201   		.uleb128 0x4109
 759 00f1 01       		.byte	0x1
 760 00f2 11       		.uleb128 0x11
 761 00f3 01       		.uleb128 0x1
 762 00f4 31       		.uleb128 0x31
 763 00f5 13       		.uleb128 0x13
 764 00f6 00       		.byte	0
 765 00f7 00       		.byte	0
 766 00f8 11       		.uleb128 0x11
 767 00f9 34       		.uleb128 0x34
 768 00fa 00       		.byte	0
 769 00fb 03       		.uleb128 0x3
 770 00fc 0E       		.uleb128 0xe
 771 00fd 3A       		.uleb128 0x3a
 772 00fe 0B       		.uleb128 0xb
 773 00ff 3B       		.uleb128 0x3b
 774 0100 05       		.uleb128 0x5
 775 0101 49       		.uleb128 0x49
 776 0102 13       		.uleb128 0x13
 777 0103 3F       		.uleb128 0x3f
 778 0104 19       		.uleb128 0x19
 779 0105 3C       		.uleb128 0x3c
 780 0106 19       		.uleb128 0x19
 781 0107 00       		.byte	0
 782 0108 00       		.byte	0
 783 0109 12       		.uleb128 0x12
 784 010a 35       		.uleb128 0x35
 785 010b 00       		.byte	0
 786 010c 49       		.uleb128 0x49
 787 010d 13       		.uleb128 0x13
 788 010e 00       		.byte	0
 789 010f 00       		.byte	0
 790 0110 13       		.uleb128 0x13
 791 0111 01       		.uleb128 0x1
 792 0112 01       		.byte	0x1
 793 0113 49       		.uleb128 0x49
 794 0114 13       		.uleb128 0x13
 795 0115 01       		.uleb128 0x1
 796 0116 13       		.uleb128 0x13
ARM GAS  C:\Users\Ali\AppData\Local\Temp\ccxbGELh.s 			page 16


 797 0117 00       		.byte	0
 798 0118 00       		.byte	0
 799 0119 14       		.uleb128 0x14
 800 011a 21       		.uleb128 0x21
 801 011b 00       		.byte	0
 802 011c 49       		.uleb128 0x49
 803 011d 13       		.uleb128 0x13
 804 011e 2F       		.uleb128 0x2f
 805 011f 0B       		.uleb128 0xb
 806 0120 00       		.byte	0
 807 0121 00       		.byte	0
 808 0122 15       		.uleb128 0x15
 809 0123 34       		.uleb128 0x34
 810 0124 00       		.byte	0
 811 0125 03       		.uleb128 0x3
 812 0126 0E       		.uleb128 0xe
 813 0127 3A       		.uleb128 0x3a
 814 0128 0B       		.uleb128 0xb
 815 0129 3B       		.uleb128 0x3b
 816 012a 0B       		.uleb128 0xb
 817 012b 49       		.uleb128 0x49
 818 012c 13       		.uleb128 0x13
 819 012d 3F       		.uleb128 0x3f
 820 012e 19       		.uleb128 0x19
 821 012f 02       		.uleb128 0x2
 822 0130 18       		.uleb128 0x18
 823 0131 00       		.byte	0
 824 0132 00       		.byte	0
 825 0133 16       		.uleb128 0x16
 826 0134 2E       		.uleb128 0x2e
 827 0135 00       		.byte	0
 828 0136 3F       		.uleb128 0x3f
 829 0137 19       		.uleb128 0x19
 830 0138 3C       		.uleb128 0x3c
 831 0139 19       		.uleb128 0x19
 832 013a 6E       		.uleb128 0x6e
 833 013b 0E       		.uleb128 0xe
 834 013c 03       		.uleb128 0x3
 835 013d 0E       		.uleb128 0xe
 836 013e 3A       		.uleb128 0x3a
 837 013f 0B       		.uleb128 0xb
 838 0140 3B       		.uleb128 0x3b
 839 0141 0B       		.uleb128 0xb
 840 0142 00       		.byte	0
 841 0143 00       		.byte	0
 842 0144 00       		.byte	0
 843              		.section	.debug_loc,"",%progbits
 844              	.Ldebug_loc0:
 845              	.LLST0:
 846 0000 1C000000 		.4byte	.LVL9
 847 0004 2E000000 		.4byte	.LVL10
 848 0008 0100     		.2byte	0x1
 849 000a 50       		.byte	0x50
 850 000b 2E000000 		.4byte	.LVL10
 851 000f 38000000 		.4byte	.LVL12
 852 0013 0100     		.2byte	0x1
 853 0015 54       		.byte	0x54
ARM GAS  C:\Users\Ali\AppData\Local\Temp\ccxbGELh.s 			page 17


 854 0016 38000000 		.4byte	.LVL12
 855 001a 64000000 		.4byte	.LVL17
 856 001e 0100     		.2byte	0x1
 857 0020 55       		.byte	0x55
 858 0021 00000000 		.4byte	0
 859 0025 00000000 		.4byte	0
 860              		.section	.debug_aranges,"",%progbits
 861 0000 2C000000 		.4byte	0x2c
 862 0004 0200     		.2byte	0x2
 863 0006 00000000 		.4byte	.Ldebug_info0
 864 000a 04       		.byte	0x4
 865 000b 00       		.byte	0
 866 000c 0000     		.2byte	0
 867 000e 0000     		.2byte	0
 868 0010 00000000 		.4byte	.LFB64
 869 0014 0C000000 		.4byte	.LFE64-.LFB64
 870 0018 00000000 		.4byte	.LFB65
 871 001c 10000000 		.4byte	.LFE65-.LFB65
 872 0020 00000000 		.4byte	.LFB66
 873 0024 7C000000 		.4byte	.LFE66-.LFB66
 874 0028 00000000 		.4byte	0
 875 002c 00000000 		.4byte	0
 876              		.section	.debug_ranges,"",%progbits
 877              	.Ldebug_ranges0:
 878 0000 00000000 		.4byte	.LFB64
 879 0004 0C000000 		.4byte	.LFE64
 880 0008 00000000 		.4byte	.LFB65
 881 000c 10000000 		.4byte	.LFE65
 882 0010 00000000 		.4byte	.LFB66
 883 0014 7C000000 		.4byte	.LFE66
 884 0018 00000000 		.4byte	0
 885 001c 00000000 		.4byte	0
 886              		.section	.debug_line,"",%progbits
 887              	.Ldebug_line0:
 888 0000 10020000 		.section	.debug_str,"MS",%progbits,1
 888      0200D001 
 888      00000201 
 888      FB0E0D00 
 888      01010101 
 889              	.LASF27:
 890 0000 55415254 		.ascii	"UART_1_Start\000"
 890      5F315F53 
 890      74617274 
 890      00
 891              	.LASF24:
 892 000d 75617274 		.ascii	"uartBuffer\000"
 892      42756666 
 892      657200
 893              	.LASF5:
 894 0018 5F5F696E 		.ascii	"__int32_t\000"
 894      7433325F 
 894      7400
 895              	.LASF32:
 896 0022 736E7072 		.ascii	"snprintf\000"
 896      696E7466 
 896      00
 897              	.LASF3:
ARM GAS  C:\Users\Ali\AppData\Local\Temp\ccxbGELh.s 			page 18


 898 002b 73686F72 		.ascii	"short unsigned int\000"
 898      7420756E 
 898      7369676E 
 898      65642069 
 898      6E7400
 899              	.LASF22:
 900 003e 77656967 		.ascii	"weight\000"
 900      687400
 901              	.LASF17:
 902 0045 646F7562 		.ascii	"double\000"
 902      6C6500
 903              	.LASF16:
 904 004c 666C6F61 		.ascii	"float\000"
 904      7400
 905              	.LASF1:
 906 0052 756E7369 		.ascii	"unsigned char\000"
 906      676E6564 
 906      20636861 
 906      7200
 907              	.LASF33:
 908 0060 474E5520 		.ascii	"GNU C11 5.4.1 20160609 (release) [ARM/embedded-5-br"
 908      43313120 
 908      352E342E 
 908      31203230 
 908      31363036 
 909 0093 616E6368 		.ascii	"anch revision 237715] -mcpu=cortex-m3 -mthumb -g -O"
 909      20726576 
 909      6973696F 
 909      6E203233 
 909      37373135 
 910 00c6 67202D66 		.ascii	"g -ffunction-sections -ffat-lto-objects\000"
 910      66756E63 
 910      74696F6E 
 910      2D736563 
 910      74696F6E 
 911              	.LASF19:
 912 00ee 6D656173 		.ascii	"measure\000"
 912      75726500 
 913              	.LASF26:
 914 00f6 6D656173 		.ascii	"measureValue\000"
 914      75726556 
 914      616C7565 
 914      00
 915              	.LASF25:
 916 0103 6D656173 		.ascii	"measureBool\000"
 916      75726542 
 916      6F6F6C00 
 917              	.LASF23:
 918 010f 49544D5F 		.ascii	"ITM_RxBuffer\000"
 918      52784275 
 918      66666572 
 918      00
 919              	.LASF18:
 920 011c 75617274 		.ascii	"uartADCinit\000"
 920      41444369 
 920      6E697400 
 921              	.LASF4:
ARM GAS  C:\Users\Ali\AppData\Local\Temp\ccxbGELh.s 			page 19


 922 0128 5F5F7569 		.ascii	"__uint16_t\000"
 922      6E743136 
 922      5F7400
 923              	.LASF7:
 924 0133 6C6F6E67 		.ascii	"long unsigned int\000"
 924      20756E73 
 924      69676E65 
 924      6420696E 
 924      7400
 925              	.LASF35:
 926 0145 433A5C55 		.ascii	"C:\\Users\\Ali\\Documents\\developmentFolders\\GitH"
 926      73657273 
 926      5C416C69 
 926      5C446F63 
 926      756D656E 
 927 0173 75625C49 		.ascii	"ub\\I3GFV_AlestoMare\\Aflevering 4\\Scale.cydsn\000"
 927      33474656 
 927      5F416C65 
 927      73746F4D 
 927      6172655C 
 928              	.LASF34:
 929 01a0 6D656173 		.ascii	"measure.c\000"
 929      7572652E 
 929      6300
 930              	.LASF10:
 931 01aa 756E7369 		.ascii	"unsigned int\000"
 931      676E6564 
 931      20696E74 
 931      00
 932              	.LASF9:
 933 01b7 6C6F6E67 		.ascii	"long long unsigned int\000"
 933      206C6F6E 
 933      6720756E 
 933      7369676E 
 933      65642069 
 934              	.LASF36:
 935 01ce 72657375 		.ascii	"result\000"
 935      6C7400
 936              	.LASF15:
 937 01d5 696E7433 		.ascii	"int32_t\000"
 937      325F7400 
 938              	.LASF12:
 939 01dd 73697A65 		.ascii	"sizetype\000"
 939      74797065 
 939      00
 940              	.LASF30:
 941 01e6 4144435F 		.ascii	"ADC_SAR_1_GetResult16\000"
 941      5341525F 
 941      315F4765 
 941      74526573 
 941      756C7431 
 942              	.LASF8:
 943 01fc 6C6F6E67 		.ascii	"long long int\000"
 943      206C6F6E 
 943      6720696E 
 943      7400
 944              	.LASF13:
ARM GAS  C:\Users\Ali\AppData\Local\Temp\ccxbGELh.s 			page 20


 945 020a 63686172 		.ascii	"char\000"
 945      00
 946              	.LASF21:
 947 020f 6F666673 		.ascii	"offset\000"
 947      657400
 948              	.LASF29:
 949 0216 4144435F 		.ascii	"ADC_SAR_1_StartConvert\000"
 949      5341525F 
 949      315F5374 
 949      61727443 
 949      6F6E7665 
 950              	.LASF2:
 951 022d 73686F72 		.ascii	"short int\000"
 951      7420696E 
 951      7400
 952              	.LASF14:
 953 0237 75696E74 		.ascii	"uint16_t\000"
 953      31365F74 
 953      00
 954              	.LASF6:
 955 0240 6C6F6E67 		.ascii	"long int\000"
 955      20696E74 
 955      00
 956              	.LASF11:
 957 0249 6C6F6E67 		.ascii	"long double\000"
 957      20646F75 
 957      626C6500 
 958              	.LASF0:
 959 0255 7369676E 		.ascii	"signed char\000"
 959      65642063 
 959      68617200 
 960              	.LASF28:
 961 0261 4144435F 		.ascii	"ADC_SAR_1_Start\000"
 961      5341525F 
 961      315F5374 
 961      61727400 
 962              	.LASF31:
 963 0271 55415254 		.ascii	"UART_1_PutString\000"
 963      5F315F50 
 963      75745374 
 963      72696E67 
 963      00
 964              	.LASF20:
 965 0282 73746967 		.ascii	"stigning\000"
 965      6E696E67 
 965      00
 966              		.ident	"GCC: (GNU Tools for ARM Embedded Processors) 5.4.1 20160609 (release) [ARM/embedded-5-bran
